# JRE version: OpenJDK Runtime Environment (8.0_77-b03) (build 1.8.0_77-b03)
# Java VM: OpenJDK 64-Bit Server VM (25.77-b03 mixed mode linux-amd64 compressed oops)
Heap:
 PSYoungGen      total 560640K, used 281828K [0x00000000d9200000, 0x00000000ffb80000, 0x0000000100000000)
  eden space 496128K, 52% used [0x00000000d9200000,0x00000000e8e093e8,0x00000000f7680000)
  from space 64512K, 36% used [0x00000000f7680000,0x00000000f8db0000,0x00000000fb580000)
  to   space 60928K, 0% used [0x00000000fc000000,0x00000000fc000000,0x00000000ffb80000)
 ParOldGen       total 142336K, used 64893K [0x000000008b600000, 0x0000000094100000, 0x00000000d9200000)
  object space 142336K, 45% used [0x000000008b600000,0x000000008f55f6d8,0x0000000094100000)
 Metaspace       used 73915K, capacity 75614K, committed 75776K, reserved 1116160K
  class space    used 8956K, capacity 9349K, committed 9472K, reserved 1048576K
GC Heap History (10 events):
Event: 35,260 GC heap before
{Heap before GC invocations=18 (full 2):
 PSYoungGen      total 559104K, used 54924K [0x00000000d9200000, 0x00000000ffc80000, 0x0000000100000000)
  eden space 481280K, 6% used [0x00000000d9200000,0x00000000daee6710,0x00000000f6800000)
  from space 77824K, 32% used [0x00000000f6800000,0x00000000f80bc8f0,0x00000000fb400000)
  to   space 72704K, 0% used [0x00000000fb580000,0x00000000fb580000,0x00000000ffc80000)
 ParOldGen       total 174592K, used 133719K [0x000000008b600000, 0x0000000096080000, 0x00000000d9200000)
  object space 174592K, 76% used [0x000000008b600000,0x0000000093895e30,0x0000000096080000)
 Metaspace       used 45082K, capacity 45794K, committed 45868K, reserved 1089536K
  class space    used 5511K, capacity 5745K, committed 5760K, reserved 1048576K
Event: 35,291 GC heap after
Heap after GC invocations=18 (full 2):
 PSYoungGen      total 556544K, used 3132K [0x00000000d9200000, 0x00000000ffa00000, 0x0000000100000000)
  eden space 486400K, 0% used [0x00000000d9200000,0x00000000d9200000,0x00000000f6d00000)
  from space 70144K, 4% used [0x00000000fb580000,0x00000000fb88f140,0x00000000ffa00000)
  to   space 72192K, 0% used [0x00000000f6d00000,0x00000000f6d00000,0x00000000fb380000)
 ParOldGen       total 174592K, used 138346K [0x000000008b600000, 0x0000000096080000, 0x00000000d9200000)
  object space 174592K, 79% used [0x000000008b600000,0x0000000093d1abf0,0x0000000096080000)
 Metaspace       used 45082K, capacity 45794K, committed 45868K, reserved 1089536K
  class space    used 5511K, capacity 5745K, committed 5760K, reserved 1048576K
}
Event: 35,291 GC heap before
{Heap before GC invocations=19 (full 3):
 PSYoungGen      total 556544K, used 3132K [0x00000000d9200000, 0x00000000ffa00000, 0x0000000100000000)
  eden space 486400K, 0% used [0x00000000d9200000,0x00000000d9200000,0x00000000f6d00000)
  from space 70144K, 4% used [0x00000000fb580000,0x00000000fb88f140,0x00000000ffa00000)
  to   space 72192K, 0% used [0x00000000f6d00000,0x00000000f6d00000,0x00000000fb380000)
 ParOldGen       total 174592K, used 138346K [0x000000008b600000, 0x0000000096080000, 0x00000000d9200000)
  object space 174592K, 79% used [0x000000008b600000,0x0000000093d1abf0,0x0000000096080000)
 Metaspace       used 45082K, capacity 45794K, committed 45868K, reserved 1089536K
  class space    used 5511K, capacity 5745K, committed 5760K, reserved 1048576K
Event: 35,706 GC heap after
Heap after GC invocations=19 (full 3):
 PSYoungGen      total 556544K, used 0K [0x00000000d9200000, 0x00000000ffa00000, 0x0000000100000000)
  eden space 486400K, 0% used [0x00000000d9200000,0x00000000d9200000,0x00000000f6d00000)
  from space 70144K, 0% used [0x00000000fb580000,0x00000000fb580000,0x00000000ffa00000)
  to   space 72192K, 0% used [0x00000000f6d00000,0x00000000f6d00000,0x00000000fb380000)
 ParOldGen       total 142336K, used 44885K [0x000000008b600000, 0x0000000094100000, 0x00000000d9200000)
  object space 142336K, 31% used [0x000000008b600000,0x000000008e1d55b8,0x0000000094100000)
 Metaspace       used 45082K, capacity 45794K, committed 45868K, reserved 1089536K
  class space    used 5511K, capacity 5745K, committed 5760K, reserved 1048576K
}
Event: 42,131 GC heap before
{Heap before GC invocations=20 (full 3):
 PSYoungGen      total 556544K, used 486400K [0x00000000d9200000, 0x00000000ffa00000, 0x0000000100000000)
  eden space 486400K, 100% used [0x00000000d9200000,0x00000000f6d00000,0x00000000f6d00000)
  from space 70144K, 0% used [0x00000000fb580000,0x00000000fb580000,0x00000000ffa00000)
  to   space 72192K, 0% used [0x00000000f6d00000,0x00000000f6d00000,0x00000000fb380000)
 ParOldGen       total 142336K, used 44885K [0x000000008b600000, 0x0000000094100000, 0x00000000d9200000)
  object space 142336K, 31% used [0x000000008b600000,0x000000008e1d55b8,0x0000000094100000)
 Metaspace       used 60858K, capacity 61640K, committed 62080K, reserved 1103872K
  class space    used 7486K, capacity 7746K, committed 7808K, reserved 1048576K
Event: 42,203 GC heap after
Heap after GC invocations=20 (full 3):
 PSYoungGen      total 558592K, used 27826K [0x00000000d9200000, 0x00000000ffb00000, 0x0000000100000000)
  eden space 486400K, 0% used [0x00000000d9200000,0x00000000d9200000,0x00000000f6d00000)
  from space 72192K, 38% used [0x00000000f6d00000,0x00000000f882c8c0,0x00000000fb380000)
  to   space 68608K, 0% used [0x00000000fb800000,0x00000000fb800000,0x00000000ffb00000)
 ParOldGen       total 142336K, used 44893K [0x000000008b600000, 0x0000000094100000, 0x00000000d9200000)
  object space 142336K, 31% used [0x000000008b600000,0x000000008e1d75b8,0x0000000094100000)
 Metaspace       used 60858K, capacity 61640K, committed 62080K, reserved 1103872K
  class space    used 7486K, capacity 7746K, committed 7808K, reserved 1048576K
}
Event: 70,144 GC heap before
{Heap before GC invocations=21 (full 3):
 PSYoungGen      total 558592K, used 514226K [0x00000000d9200000, 0x00000000ffb00000, 0x0000000100000000)
  eden space 486400K, 100% used [0x00000000d9200000,0x00000000f6d00000,0x00000000f6d00000)
  from space 72192K, 38% used [0x00000000f6d00000,0x00000000f882c8c0,0x00000000fb380000)
  to   space 68608K, 0% used [0x00000000fb800000,0x00000000fb800000,0x00000000ffb00000)
 ParOldGen       total 142336K, used 44893K [0x000000008b600000, 0x0000000094100000, 0x00000000d9200000)
  object space 142336K, 31% used [0x000000008b600000,0x000000008e1d75b8,0x0000000094100000)
 Metaspace       used 71283K, capacity 72110K, committed 72576K, reserved 1112064K
  class space    used 8773K, capacity 9033K, committed 9088K, reserved 1048576K
Event: 70,267 GC heap after
Heap after GC invocations=21 (full 3):
 PSYoungGen      total 558080K, used 25061K [0x00000000d9200000, 0x00000000ff480000, 0x0000000100000000)
  eden space 496128K, 0% used [0x00000000d9200000,0x00000000d9200000,0x00000000f7680000)
  from space 61952K, 40% used [0x00000000fb800000,0x00000000fd0797c0,0x00000000ff480000)
  to   space 64512K, 0% used [0x00000000f7680000,0x00000000f7680000,0x00000000fb580000)
 ParOldGen       total 142336K, used 54834K [0x000000008b600000, 0x0000000094100000, 0x00000000d9200000)
  object space 142336K, 38% used [0x000000008b600000,0x000000008eb8c900,0x0000000094100000)
 Metaspace       used 71283K, capacity 72110K, committed 72576K, reserved 1112064K
  class space    used 8773K, capacity 9033K, committed 9088K, reserved 1048576K
}
Event: 3553,725 GC heap before
{Heap before GC invocations=22 (full 3):
 PSYoungGen      total 558080K, used 521189K [0x00000000d9200000, 0x00000000ff480000, 0x0000000100000000)
  eden space 496128K, 100% used [0x00000000d9200000,0x00000000f7680000,0x00000000f7680000)
  from space 61952K, 40% used [0x00000000fb800000,0x00000000fd0797c0,0x00000000ff480000)
  to   space 64512K, 0% used [0x00000000f7680000,0x00000000f7680000,0x00000000fb580000)
 ParOldGen       total 142336K, used 54834K [0x000000008b600000, 0x0000000094100000, 0x00000000d9200000)
  object space 142336K, 38% used [0x000000008b600000,0x000000008eb8c900,0x0000000094100000)
 Metaspace       used 73353K, capacity 74746K, committed 74880K, reserved 1114112K
  class space    used 8900K, capacity 9247K, committed 9344K, reserved 1048576K
Event: 3553,838 GC heap after
Heap after GC invocations=22 (full 3):
 PSYoungGen      total 560640K, used 23744K [0x00000000d9200000, 0x00000000ffb80000, 0x0000000100000000)
  eden space 496128K, 0% used [0x00000000d9200000,0x00000000d9200000,0x00000000f7680000)
  from space 64512K, 36% used [0x00000000f7680000,0x00000000f8db0000,0x00000000fb580000)
  to   space 60928K, 0% used [0x00000000fc000000,0x00000000fc000000,0x00000000ffb80000)
 ParOldGen       total 142336K, used 64893K [0x000000008b600000, 0x0000000094100000, 0x00000000d9200000)
  object space 142336K, 45% used [0x000000008b600000,0x000000008f55f6d8,0x0000000094100000)
 Metaspace       used 73353K, capacity 74746K, committed 74880K, reserved 1114112K
  class space    used 8900K, capacity 9247K, committed 9344K, reserved 1048576K
}

