# JRE version: Java(TM) SE Runtime Environment (8.0_131-b11) (build 1.8.0_131-b11)
# Java VM: Java HotSpot(TM) 64-Bit Server VM (25.131-b11 mixed mode linux-amd64 compressed oops)
Heap:
 PSYoungGen      total 905728K, used 550125K [0x0000000742900000, 0x000000077d200000, 0x00000007c0000000)
  eden space 874496K, 59% used [0x0000000742900000,0x00000007623c13f8,0x0000000777f00000)
  from space 31232K, 99% used [0x000000077a080000,0x000000077befa030,0x000000077bf00000)
  to   space 19456K, 0% used [0x000000077bf00000,0x000000077bf00000,0x000000077d200000)
 ParOldGen       total 340992K, used 45254K [0x0000000647a00000, 0x000000065c700000, 0x0000000742900000)
  object space 340992K, 13% used [0x0000000647a00000,0x000000064a631b08,0x000000065c700000)
 Metaspace       used 66938K, capacity 69712K, committed 70016K, reserved 1110016K
  class space    used 8457K, capacity 9011K, committed 9088K, reserved 1048576K
GC Heap History (10 events):
Event: 69,081 GC heap before
{Heap before GC invocations=12 (full 3):
 PSYoungGen      total 747008K, used 714752K [0x0000000742900000, 0x0000000779800000, 0x00000007c0000000)
  eden space 714752K, 100% used [0x0000000742900000,0x000000076e300000,0x000000076e300000)
  from space 32256K, 0% used [0x0000000770580000,0x0000000770580000,0x0000000772500000)
  to   space 35328K, 0% used [0x000000076e300000,0x000000076e300000,0x0000000770580000)
 ParOldGen       total 340992K, used 45214K [0x0000000647a00000, 0x000000065c700000, 0x0000000742900000)
  object space 340992K, 13% used [0x0000000647a00000,0x000000064a627b08,0x000000065c700000)
 Metaspace       used 61366K, capacity 63818K, committed 63872K, reserved 1105920K
  class space    used 7832K, capacity 8294K, committed 8320K, reserved 1048576K
Event: 69,148 GC heap after
Heap after GC invocations=12 (full 3):
 PSYoungGen      total 750080K, used 25208K [0x0000000742900000, 0x000000077a080000, 0x00000007c0000000)
  eden space 714752K, 0% used [0x0000000742900000,0x0000000742900000,0x000000076e300000)
  from space 35328K, 71% used [0x000000076e300000,0x000000076fb9e178,0x0000000770580000)
  to   space 35840K, 0% used [0x0000000777d80000,0x0000000777d80000,0x000000077a080000)
 ParOldGen       total 340992K, used 45222K [0x0000000647a00000, 0x000000065c700000, 0x0000000742900000)
  object space 340992K, 13% used [0x0000000647a00000,0x000000064a629b08,0x000000065c700000)
 Metaspace       used 61366K, capacity 63818K, committed 63872K, reserved 1105920K
  class space    used 7832K, capacity 8294K, committed 8320K, reserved 1048576K
}
Event: 91,634 GC heap before
{Heap before GC invocations=13 (full 3):
 PSYoungGen      total 750080K, used 739960K [0x0000000742900000, 0x000000077a080000, 0x00000007c0000000)
  eden space 714752K, 100% used [0x0000000742900000,0x000000076e300000,0x000000076e300000)
  from space 35328K, 71% used [0x000000076e300000,0x000000076fb9e178,0x0000000770580000)
  to   space 35840K, 0% used [0x0000000777d80000,0x0000000777d80000,0x000000077a080000)
 ParOldGen       total 340992K, used 45222K [0x0000000647a00000, 0x000000065c700000, 0x0000000742900000)
  object space 340992K, 13% used [0x0000000647a00000,0x000000064a629b08,0x000000065c700000)
 Metaspace       used 62163K, capacity 64774K, committed 65024K, reserved 1105920K
  class space    used 7875K, capacity 8368K, committed 8448K, reserved 1048576K
Event: 91,728 GC heap after
Heap after GC invocations=13 (full 3):
 PSYoungGen      total 849408K, used 28488K [0x0000000742900000, 0x0000000779980000, 0x00000007c0000000)
  eden space 820736K, 0% used [0x0000000742900000,0x0000000742900000,0x0000000774a80000)
  from space 28672K, 99% used [0x0000000777d80000,0x0000000779952010,0x0000000779980000)
  to   space 37376K, 0% used [0x0000000775080000,0x0000000775080000,0x0000000777500000)
 ParOldGen       total 340992K, used 45230K [0x0000000647a00000, 0x000000065c700000, 0x0000000742900000)
  object space 340992K, 13% used [0x0000000647a00000,0x000000064a62bb08,0x000000065c700000)
 Metaspace       used 62163K, capacity 64774K, committed 65024K, reserved 1105920K
  class space    used 7875K, capacity 8368K, committed 8448K, reserved 1048576K
}
Event: 161,357 GC heap before
{Heap before GC invocations=14 (full 3):
 PSYoungGen      total 849408K, used 849224K [0x0000000742900000, 0x0000000779980000, 0x00000007c0000000)
  eden space 820736K, 100% used [0x0000000742900000,0x0000000774a80000,0x0000000774a80000)
  from space 28672K, 99% used [0x0000000777d80000,0x0000000779952010,0x0000000779980000)
  to   space 37376K, 0% used [0x0000000775080000,0x0000000775080000,0x0000000777500000)
 ParOldGen       total 340992K, used 45230K [0x0000000647a00000, 0x000000065c700000, 0x0000000742900000)
  object space 340992K, 13% used [0x0000000647a00000,0x000000064a62bb08,0x000000065c700000)
 Metaspace       used 62446K, capacity 65038K, committed 65280K, reserved 1105920K
  class space    used 7876K, capacity 8368K, committed 8448K, reserved 1048576K
Event: 161,414 GC heap after
Heap after GC invocations=14 (full 3):
 PSYoungGen      total 864256K, used 28008K [0x0000000742900000, 0x000000077f780000, 0x00000007c0000000)
  eden space 826880K, 0% used [0x0000000742900000,0x0000000742900000,0x0000000775080000)
  from space 37376K, 74% used [0x0000000775080000,0x0000000776bda010,0x0000000777500000)
  to   space 38912K, 0% used [0x000000077d180000,0x000000077d180000,0x000000077f780000)
 ParOldGen       total 340992K, used 45238K [0x0000000647a00000, 0x000000065c700000, 0x0000000742900000)
  object space 340992K, 13% used [0x0000000647a00000,0x000000064a62db08,0x000000065c700000)
 Metaspace       used 62446K, capacity 65038K, committed 65280K, reserved 1105920K
  class space    used 7876K, capacity 8368K, committed 8448K, reserved 1048576K
}
Event: 268,148 GC heap before
{Heap before GC invocations=15 (full 3):
 PSYoungGen      total 864256K, used 854888K [0x0000000742900000, 0x000000077f780000, 0x00000007c0000000)
  eden space 826880K, 100% used [0x0000000742900000,0x0000000775080000,0x0000000775080000)
  from space 37376K, 74% used [0x0000000775080000,0x0000000776bda010,0x0000000777500000)
  to   space 38912K, 0% used [0x000000077d180000,0x000000077d180000,0x000000077f780000)
 ParOldGen       total 340992K, used 45238K [0x0000000647a00000, 0x000000065c700000, 0x0000000742900000)
  object space 340992K, 13% used [0x0000000647a00000,0x000000064a62db08,0x000000065c700000)
 Metaspace       used 62556K, capacity 65166K, committed 65280K, reserved 1105920K
  class space    used 7876K, capacity 8368K, committed 8448K, reserved 1048576K
Event: 268,263 GC heap after
Heap after GC invocations=15 (full 3):
 PSYoungGen      total 940544K, used 31304K [0x0000000742900000, 0x000000077f080000, 0x00000007c0000000)
  eden space 908800K, 0% used [0x0000000742900000,0x0000000742900000,0x000000077a080000)
  from space 31744K, 98% used [0x000000077d180000,0x000000077f012010,0x000000077f080000)
  to   space 40960K, 0% used [0x000000077a080000,0x000000077a080000,0x000000077c880000)
 ParOldGen       total 340992K, used 45246K [0x0000000647a00000, 0x000000065c700000, 0x0000000742900000)
  object space 340992K, 13% used [0x0000000647a00000,0x000000064a62fb08,0x000000065c700000)
 Metaspace       used 62556K, capacity 65166K, committed 65280K, reserved 1105920K
  class space    used 7876K, capacity 8368K, committed 8448K, reserved 1048576K
}
Event: 467,585 GC heap before
{Heap before GC invocations=16 (full 3):
 PSYoungGen      total 940544K, used 940104K [0x0000000742900000, 0x000000077f080000, 0x00000007c0000000)
  eden space 908800K, 100% used [0x0000000742900000,0x000000077a080000,0x000000077a080000)
  from space 31744K, 98% used [0x000000077d180000,0x000000077f012010,0x000000077f080000)
  to   space 40960K, 0% used [0x000000077a080000,0x000000077a080000,0x000000077c880000)
 ParOldGen       total 340992K, used 45246K [0x0000000647a00000, 0x000000065c700000, 0x0000000742900000)
  object space 340992K, 13% used [0x0000000647a00000,0x000000064a62fb08,0x000000065c700000)
 Metaspace       used 62708K, capacity 65274K, committed 65536K, reserved 1105920K
  class space    used 7880K, capacity 8402K, committed 8448K, reserved 1048576K
Event: 467,646 GC heap after
Heap after GC invocations=16 (full 3):
 PSYoungGen      total 905728K, used 31208K [0x0000000742900000, 0x000000077d200000, 0x00000007c0000000)
  eden space 874496K, 0% used [0x0000000742900000,0x0000000742900000,0x0000000777f00000)
  from space 31232K, 99% used [0x000000077a080000,0x000000077befa030,0x000000077bf00000)
  to   space 19456K, 0% used [0x000000077bf00000,0x000000077bf00000,0x000000077d200000)
 ParOldGen       total 340992K, used 45254K [0x0000000647a00000, 0x000000065c700000, 0x0000000742900000)
  object space 340992K, 13% used [0x0000000647a00000,0x000000064a631b08,0x000000065c700000)
 Metaspace       used 62708K, capacity 65274K, committed 65536K, reserved 1105920K
  class space    used 7880K, capacity 8402K, committed 8448K, reserved 1048576K
}

