# JRE version: Java(TM) SE Runtime Environment (8.0_102-b14) (build 1.8.0_102-b14)
# Java VM: Java HotSpot(TM) 64-Bit Server VM (25.102-b14 mixed mode linux-amd64 compressed oops)
Heap:
 PSYoungGen      total 927744K, used 766830K [0x0000000777f80000, 0x00000007c0000000, 0x00000007c0000000)
  eden space 733696K, 78% used [0x0000000777f80000,0x000000079b3de2c8,0x00000007a4c00000)
  from space 194048K, 97% used [0x00000007b3180000,0x00000007be9fd6f8,0x00000007bef00000)
  to   space 223232K, 0% used [0x00000007a4c00000,0x00000007a4c00000,0x00000007b2600000)
 ParOldGen       total 786944K, used 606176K [0x00000006e7e00000, 0x0000000717e80000, 0x0000000777f80000)
  object space 786944K, 77% used [0x00000006e7e00000,0x000000070cdf80e8,0x0000000717e80000)
 Metaspace       used 985983K, capacity 992338K, committed 994520K, reserved 1908736K
  class space    used 133647K, capacity 135130K, committed 135168K, reserved 1048576K
GC Heap History (10 events):
Event: 17496,565 GC heap before
{Heap before GC invocations=117 (full 9):
 PSYoungGen      total 813568K, used 813480K [0x0000000777f80000, 0x00000007be600000, 0x00000007c0000000)
  eden space 733696K, 100% used [0x0000000777f80000,0x00000007a4c00000,0x00000007a4c00000)
  from space 79872K, 99% used [0x00000007a4c00000,0x00000007a99ea2a0,0x00000007a9a00000)
  to   space 204800K, 0% used [0x00000007b1e00000,0x00000007b1e00000,0x00000007be600000)
 ParOldGen       total 786944K, used 586242K [0x00000006e7e00000, 0x0000000717e80000, 0x0000000777f80000)
  object space 786944K, 74% used [0x00000006e7e00000,0x000000070ba80bb8,0x0000000717e80000)
 Metaspace       used 946545K, capacity 952778K, committed 954968K, reserved 1873920K
  class space    used 128125K, capacity 129564K, committed 129664K, reserved 1048576K
Event: 17497,049 GC heap after
Heap after GC invocations=117 (full 9):
 PSYoungGen      total 936448K, used 146721K [0x0000000777f80000, 0x00000007c0000000, 0x00000007c0000000)
  eden space 731648K, 0% used [0x0000000777f80000,0x0000000777f80000,0x00000007a4a00000)
  from space 204800K, 71% used [0x00000007b1e00000,0x00000007bad486b8,0x00000007be600000)
  to   space 217088K, 0% used [0x00000007a4a00000,0x00000007a4a00000,0x00000007b1e00000)
 ParOldGen       total 786944K, used 590870K [0x00000006e7e00000, 0x0000000717e80000, 0x0000000777f80000)
  object space 786944K, 75% used [0x00000006e7e00000,0x000000070bf05a20,0x0000000717e80000)
 Metaspace       used 946545K, capacity 952778K, committed 954968K, reserved 1873920K
  class space    used 128125K, capacity 129564K, committed 129664K, reserved 1048576K
}
Event: 17512,136 GC heap before
{Heap before GC invocations=118 (full 9):
 PSYoungGen      total 936448K, used 878369K [0x0000000777f80000, 0x00000007c0000000, 0x00000007c0000000)
  eden space 731648K, 100% used [0x0000000777f80000,0x00000007a4a00000,0x00000007a4a00000)
  from space 204800K, 71% used [0x00000007b1e00000,0x00000007bad486b8,0x00000007be600000)
  to   space 217088K, 0% used [0x00000007a4a00000,0x00000007a4a00000,0x00000007b1e00000)
 ParOldGen       total 786944K, used 590872K [0x00000006e7e00000, 0x0000000717e80000, 0x0000000777f80000)
  object space 786944K, 75% used [0x00000006e7e00000,0x000000070bf06238,0x0000000717e80000)
 Metaspace       used 960924K, capacity 967136K, committed 969176K, reserved 1886208K
  class space    used 130337K, capacity 131781K, committed 131840K, reserved 1048576K
Event: 17512,281 GC heap after
Heap after GC invocations=118 (full 9):
 PSYoungGen      total 948736K, used 90954K [0x0000000777f80000, 0x00000007bf500000, 0x00000007c0000000)
  eden space 731648K, 0% used [0x0000000777f80000,0x0000000777f80000,0x00000007a4a00000)
  from space 217088K, 41% used [0x00000007a4a00000,0x00000007aa2d2bf8,0x00000007b1e00000)
  to   space 205312K, 0% used [0x00000007b2c80000,0x00000007b2c80000,0x00000007bf500000)
 ParOldGen       total 786944K, used 598916K [0x00000006e7e00000, 0x0000000717e80000, 0x0000000777f80000)
  object space 786944K, 76% used [0x00000006e7e00000,0x000000070c6e1038,0x0000000717e80000)
 Metaspace       used 960924K, capacity 967136K, committed 969176K, reserved 1886208K
  class space    used 130337K, capacity 131781K, committed 131840K, reserved 1048576K
}
Event: 17919,059 GC heap before
{Heap before GC invocations=119 (full 9):
 PSYoungGen      total 948736K, used 822602K [0x0000000777f80000, 0x00000007bf500000, 0x00000007c0000000)
  eden space 731648K, 100% used [0x0000000777f80000,0x00000007a4a00000,0x00000007a4a00000)
  from space 217088K, 41% used [0x00000007a4a00000,0x00000007aa2d2bf8,0x00000007b1e00000)
  to   space 205312K, 0% used [0x00000007b2c80000,0x00000007b2c80000,0x00000007bf500000)
 ParOldGen       total 786944K, used 598916K [0x00000006e7e00000, 0x0000000717e80000, 0x0000000777f80000)
  object space 786944K, 76% used [0x00000006e7e00000,0x000000070c6e1038,0x0000000717e80000)
 Metaspace       used 976840K, capacity 983172K, committed 985560K, reserved 1900544K
  class space    used 132393K, capacity 133871K, committed 133888K, reserved 1048576K
Event: 17919,150 GC heap after
Heap after GC invocations=119 (full 9):
 PSYoungGen      total 959488K, used 28995K [0x0000000777f80000, 0x00000007bf180000, 0x00000007c0000000)
  eden space 757760K, 0% used [0x0000000777f80000,0x0000000777f80000,0x00000007a6380000)
  from space 201728K, 14% used [0x00000007b2c80000,0x00000007b48d0f90,0x00000007bf180000)
  to   space 203776K, 0% used [0x00000007a6380000,0x00000007a6380000,0x00000007b2a80000)
 ParOldGen       total 786944K, used 606002K [0x00000006e7e00000, 0x0000000717e80000, 0x0000000777f80000)
  object space 786944K, 77% used [0x00000006e7e00000,0x000000070cdcc950,0x0000000717e80000)
 Metaspace       used 976840K, capacity 983172K, committed 985560K, reserved 1900544K
  class space    used 132393K, capacity 133871K, committed 133888K, reserved 1048576K
}
Event: 18328,521 GC heap before
{Heap before GC invocations=120 (full 9):
 PSYoungGen      total 959488K, used 786755K [0x0000000777f80000, 0x00000007bf180000, 0x00000007c0000000)
  eden space 757760K, 100% used [0x0000000777f80000,0x00000007a6380000,0x00000007a6380000)
  from space 201728K, 14% used [0x00000007b2c80000,0x00000007b48d0f90,0x00000007bf180000)
  to   space 203776K, 0% used [0x00000007a6380000,0x00000007a6380000,0x00000007b2a80000)
 ParOldGen       total 786944K, used 606026K [0x00000006e7e00000, 0x0000000717e80000, 0x0000000777f80000)
  object space 786944K, 77% used [0x00000006e7e00000,0x000000070cdd2a58,0x0000000717e80000)
 Metaspace       used 981176K, capacity 987538K, committed 989912K, reserved 1904640K
  class space    used 132872K, capacity 134362K, committed 134400K, reserved 1048576K
Event: 18328,819 GC heap after
Heap after GC invocations=120 (full 9):
 PSYoungGen      total 961536K, used 65253K [0x0000000777f80000, 0x00000007bef00000, 0x00000007c0000000)
  eden space 757760K, 0% used [0x0000000777f80000,0x0000000777f80000,0x00000007a6380000)
  from space 203776K, 32% used [0x00000007a6380000,0x00000007aa339778,0x00000007b2a80000)
  to   space 194048K, 0% used [0x00000007b3180000,0x00000007b3180000,0x00000007bef00000)
 ParOldGen       total 786944K, used 606042K [0x00000006e7e00000, 0x0000000717e80000, 0x0000000777f80000)
  object space 786944K, 77% used [0x00000006e7e00000,0x000000070cdd6a70,0x0000000717e80000)
 Metaspace       used 981176K, capacity 987538K, committed 989912K, reserved 1904640K
  class space    used 132872K, capacity 134362K, committed 134400K, reserved 1048576K
}
Event: 18334,498 GC heap before
{Heap before GC invocations=121 (full 9):
 PSYoungGen      total 961536K, used 823013K [0x0000000777f80000, 0x00000007bef00000, 0x00000007c0000000)
  eden space 757760K, 100% used [0x0000000777f80000,0x00000007a6380000,0x00000007a6380000)
  from space 203776K, 32% used [0x00000007a6380000,0x00000007aa339778,0x00000007b2a80000)
  to   space 194048K, 0% used [0x00000007b3180000,0x00000007b3180000,0x00000007bef00000)
 ParOldGen       total 786944K, used 606176K [0x00000006e7e00000, 0x0000000717e80000, 0x0000000777f80000)
  object space 786944K, 77% used [0x00000006e7e00000,0x000000070cdf80e8,0x0000000717e80000)
 Metaspace       used 981176K, capacity 987538K, committed 989912K, reserved 1904640K
  class space    used 132872K, capacity 134362K, committed 134400K, reserved 1048576K
Event: 18334,890 GC heap after
Heap after GC invocations=121 (full 9):
 PSYoungGen      total 927744K, used 188917K [0x0000000777f80000, 0x00000007c0000000, 0x00000007c0000000)
  eden space 733696K, 0% used [0x0000000777f80000,0x0000000777f80000,0x00000007a4c00000)
  from space 194048K, 97% used [0x00000007b3180000,0x00000007be9fd6f8,0x00000007bef00000)
  to   space 223232K, 0% used [0x00000007a4c00000,0x00000007a4c00000,0x00000007b2600000)
 ParOldGen       total 786944K, used 606176K [0x00000006e7e00000, 0x0000000717e80000, 0x0000000777f80000)
  object space 786944K, 77% used [0x00000006e7e00000,0x000000070cdf80e8,0x0000000717e80000)
 Metaspace       used 981176K, capacity 987538K, committed 989912K, reserved 1904640K
  class space    used 132872K, capacity 134362K, committed 134400K, reserved 1048576K
}

