# JRE version: OpenJDK Runtime Environment (8.0_201-b09) (build 1.8.0_201-b09)
# Java VM: OpenJDK 64-Bit Server VM (25.201-b09 mixed mode linux-amd64 compressed oops)
Heap:
 PSYoungGen      total 568320K, used 420883K [0x00000000d9300000, 0x0000000100000000, 0x0000000100000000)
  eden space 525312K, 71% used [0x00000000d9300000,0x00000000f0420b08,0x00000000f9400000)
  from space 43008K, 99% used [0x00000000f9400000,0x00000000fbde4140,0x00000000fbe00000)
  to   space 59904K, 0% used [0x00000000fc580000,0x00000000fc580000,0x0000000100000000)
 ParOldGen       total 229376K, used 134265K [0x000000008b800000, 0x0000000099800000, 0x00000000d9300000)
  object space 229376K, 58% used [0x000000008b800000,0x0000000093b1e4a0,0x0000000099800000)
 Metaspace       used 81302K, capacity 84956K, committed 85120K, reserved 1124352K
  class space    used 9839K, capacity 10497K, committed 10624K, reserved 1048576K
GC Heap History (166 events):
Event: 3,184 GC heap before
{Heap before GC invocations=1 (full 0):
 PSYoungGen      total 35328K, used 30720K [0x00000000d9300000, 0x00000000dba00000, 0x0000000100000000)
  eden space 30720K, 100% used [0x00000000d9300000,0x00000000db100000,0x00000000db100000)
  from space 4608K, 0% used [0x00000000db580000,0x00000000db580000,0x00000000dba00000)
  to   space 4608K, 0% used [0x00000000db100000,0x00000000db100000,0x00000000db580000)
 ParOldGen       total 80896K, used 0K [0x000000008b800000, 0x0000000090700000, 0x00000000d9300000)
  object space 80896K, 0% used [0x000000008b800000,0x000000008b800000,0x0000000090700000)
 Metaspace       used 7927K, capacity 8206K, committed 8448K, reserved 1056768K
  class space    used 904K, capacity 989K, committed 1024K, reserved 1048576K
Event: 3,201 GC heap after
Heap after GC invocations=1 (full 0):
 PSYoungGen      total 35328K, used 4290K [0x00000000d9300000, 0x00000000dba00000, 0x0000000100000000)
  eden space 30720K, 0% used [0x00000000d9300000,0x00000000d9300000,0x00000000db100000)
  from space 4608K, 93% used [0x00000000db100000,0x00000000db530b18,0x00000000db580000)
  to   space 4608K, 0% used [0x00000000db580000,0x00000000db580000,0x00000000dba00000)
 ParOldGen       total 80896K, used 8K [0x000000008b800000, 0x0000000090700000, 0x00000000d9300000)
  object space 80896K, 0% used [0x000000008b800000,0x000000008b802000,0x0000000090700000)
 Metaspace       used 7927K, capacity 8206K, committed 8448K, reserved 1056768K
  class space    used 904K, capacity 989K, committed 1024K, reserved 1048576K
}
Event: 4,680 GC heap before
{Heap before GC invocations=2 (full 0):
 PSYoungGen      total 35328K, used 35010K [0x00000000d9300000, 0x00000000dba00000, 0x0000000100000000)
  eden space 30720K, 100% used [0x00000000d9300000,0x00000000db100000,0x00000000db100000)
  from space 4608K, 93% used [0x00000000db100000,0x00000000db530b18,0x00000000db580000)
  to   space 4608K, 0% used [0x00000000db580000,0x00000000db580000,0x00000000dba00000)
 ParOldGen       total 80896K, used 8K [0x000000008b800000, 0x0000000090700000, 0x00000000d9300000)
  object space 80896K, 0% used [0x000000008b800000,0x000000008b802000,0x0000000090700000)
 Metaspace       used 13167K, capacity 13524K, committed 13696K, reserved 1060864K
  class space    used 1508K, capacity 1626K, committed 1664K, reserved 1048576K
Event: 4,706 GC heap after
Heap after GC invocations=2 (full 0):
 PSYoungGen      total 35328K, used 4602K [0x00000000d9300000, 0x00000000dd800000, 0x0000000100000000)
  eden space 30720K, 0% used [0x00000000d9300000,0x00000000d9300000,0x00000000db100000)
  from space 4608K, 99% used [0x00000000db580000,0x00000000db9febe0,0x00000000dba00000)
  to   space 4608K, 0% used [0x00000000db100000,0x00000000db100000,0x00000000db580000)
 ParOldGen       total 80896K, used 1987K [0x000000008b800000, 0x0000000090700000, 0x00000000d9300000)
  object space 80896K, 2% used [0x000000008b800000,0x000000008b9f0e20,0x0000000090700000)
 Metaspace       used 13167K, capacity 13524K, committed 13696K, reserved 1060864K
  class space    used 1508K, capacity 1626K, committed 1664K, reserved 1048576K
}
Event: 5,866 GC heap before
{Heap before GC invocations=3 (full 0):
 PSYoungGen      total 35328K, used 35322K [0x00000000d9300000, 0x00000000dd800000, 0x0000000100000000)
  eden space 30720K, 100% used [0x00000000d9300000,0x00000000db100000,0x00000000db100000)
  from space 4608K, 99% used [0x00000000db580000,0x00000000db9febe0,0x00000000dba00000)
  to   space 4608K, 0% used [0x00000000db100000,0x00000000db100000,0x00000000db580000)
 ParOldGen       total 80896K, used 1987K [0x000000008b800000, 0x0000000090700000, 0x00000000d9300000)
  object space 80896K, 2% used [0x000000008b800000,0x000000008b9f0e20,0x0000000090700000)
 Metaspace       used 14401K, capacity 14748K, committed 14848K, reserved 1062912K
  class space    used 1623K, capacity 1734K, committed 1792K, reserved 1048576K
Event: 5,902 GC heap after
Heap after GC invocations=3 (full 0):
 PSYoungGen      total 35328K, used 4576K [0x00000000d9300000, 0x00000000dd800000, 0x0000000100000000)
  eden space 30720K, 0% used [0x00000000d9300000,0x00000000d9300000,0x00000000db100000)
  from space 4608K, 99% used [0x00000000db100000,0x00000000db578020,0x00000000db580000)
  to   space 4608K, 0% used [0x00000000dd380000,0x00000000dd380000,0x00000000dd800000)
 ParOldGen       total 80896K, used 3469K [0x000000008b800000, 0x0000000090700000, 0x00000000d9300000)
  object space 80896K, 4% used [0x000000008b800000,0x000000008bb63490,0x0000000090700000)
 Metaspace       used 14401K, capacity 14748K, committed 14848K, reserved 1062912K
  class space    used 1623K, capacity 1734K, committed 1792K, reserved 1048576K
}
Event: 6,517 GC heap before
{Heap before GC invocations=4 (full 0):
 PSYoungGen      total 35328K, used 35296K [0x00000000d9300000, 0x00000000dd800000, 0x0000000100000000)
  eden space 30720K, 100% used [0x00000000d9300000,0x00000000db100000,0x00000000db100000)
  from space 4608K, 99% used [0x00000000db100000,0x00000000db578020,0x00000000db580000)
  to   space 4608K, 0% used [0x00000000dd380000,0x00000000dd380000,0x00000000dd800000)
 ParOldGen       total 80896K, used 3469K [0x000000008b800000, 0x0000000090700000, 0x00000000d9300000)
  object space 80896K, 4% used [0x000000008b800000,0x000000008bb63490,0x0000000090700000)
 Metaspace       used 14635K, capacity 14964K, committed 15104K, reserved 1062912K
  class space    used 1625K, capacity 1738K, committed 1792K, reserved 1048576K
Event: 6,559 GC heap after
Heap after GC invocations=4 (full 0):
 PSYoungGen      total 66048K, used 4592K [0x00000000d9300000, 0x00000000dd800000, 0x0000000100000000)
  eden space 61440K, 0% used [0x00000000d9300000,0x00000000d9300000,0x00000000dcf00000)
  from space 4608K, 99% used [0x00000000dd380000,0x00000000dd7fc030,0x00000000dd800000)
  to   space 4608K, 0% used [0x00000000dcf00000,0x00000000dcf00000,0x00000000dd380000)
 ParOldGen       total 80896K, used 4845K [0x000000008b800000, 0x0000000090700000, 0x00000000d9300000)
  object space 80896K, 5% used [0x000000008b800000,0x000000008bcbb490,0x0000000090700000)
 Metaspace       used 14635K, capacity 14964K, committed 15104K, reserved 1062912K
  class space    used 1625K, capacity 1738K, committed 1792K, reserved 1048576K
}
Event: 7,528 GC heap before
{Heap before GC invocations=5 (full 0):
 PSYoungGen      total 66048K, used 66032K [0x00000000d9300000, 0x00000000dd800000, 0x0000000100000000)
  eden space 61440K, 100% used [0x00000000d9300000,0x00000000dcf00000,0x00000000dcf00000)
  from space 4608K, 99% used [0x00000000dd380000,0x00000000dd7fc030,0x00000000dd800000)
  to   space 4608K, 0% used [0x00000000dcf00000,0x00000000dcf00000,0x00000000dd380000)
 ParOldGen       total 80896K, used 4845K [0x000000008b800000, 0x0000000090700000, 0x00000000d9300000)
  object space 80896K, 5% used [0x000000008b800000,0x000000008bcbb490,0x0000000090700000)
 Metaspace       used 14974K, capacity 15396K, committed 15616K, reserved 1062912K
  class space    used 1630K, capacity 1746K, committed 1792K, reserved 1048576K
Event: 7,590 GC heap after
Heap after GC invocations=5 (full 0):
 PSYoungGen      total 66048K, used 4592K [0x00000000d9300000, 0x00000000e1b00000, 0x0000000100000000)
  eden space 61440K, 0% used [0x00000000d9300000,0x00000000d9300000,0x00000000dcf00000)
  from space 4608K, 99% used [0x00000000dcf00000,0x00000000dd37c010,0x00000000dd380000)
  to   space 8192K, 0% used [0x00000000e1300000,0x00000000e1300000,0x00000000e1b00000)
 ParOldGen       total 80896K, used 7605K [0x000000008b800000, 0x0000000090700000, 0x00000000d9300000)
  object space 80896K, 9% used [0x000000008b800000,0x000000008bf6d490,0x0000000090700000)
 Metaspace       used 14974K, capacity 15396K, committed 15616K, reserved 1062912K
  class space    used 1630K, capacity 1746K, committed 1792K, reserved 1048576K
}
Event: 8,628 GC heap before
{Heap before GC invocations=6 (full 0):
 PSYoungGen      total 66048K, used 66032K [0x00000000d9300000, 0x00000000e1b00000, 0x0000000100000000)
  eden space 61440K, 100% used [0x00000000d9300000,0x00000000dcf00000,0x00000000dcf00000)
  from space 4608K, 99% used [0x00000000dcf00000,0x00000000dd37c010,0x00000000dd380000)
  to   space 8192K, 0% used [0x00000000e1300000,0x00000000e1300000,0x00000000e1b00000)
 ParOldGen       total 80896K, used 7605K [0x000000008b800000, 0x0000000090700000, 0x00000000d9300000)
  object space 80896K, 9% used [0x000000008b800000,0x000000008bf6d490,0x0000000090700000)
 Metaspace       used 15755K, capacity 16188K, committed 16512K, reserved 1064960K
  class space    used 1705K, capacity 1818K, committed 1920K, reserved 1048576K
Event: 8,668 GC heap after
Heap after GC invocations=6 (full 0):
 PSYoungGen      total 130560K, used 7404K [0x00000000d9300000, 0x00000000e1c00000, 0x0000000100000000)
  eden space 122368K, 0% used [0x00000000d9300000,0x00000000d9300000,0x00000000e0a80000)
  from space 8192K, 90% used [0x00000000e1300000,0x00000000e1a3b070,0x00000000e1b00000)
  to   space 8704K, 0% used [0x00000000e0a80000,0x00000000e0a80000,0x00000000e1300000)
 ParOldGen       total 80896K, used 7613K [0x000000008b800000, 0x0000000090700000, 0x00000000d9300000)
  object space 80896K, 9% used [0x000000008b800000,0x000000008bf6f490,0x0000000090700000)
 Metaspace       used 15755K, capacity 16188K, committed 16512K, reserved 1064960K
  class space    used 1705K, capacity 1818K, committed 1920K, reserved 1048576K
}
Event: 10,364 GC heap before
{Heap before GC invocations=7 (full 0):
 PSYoungGen      total 130560K, used 129772K [0x00000000d9300000, 0x00000000e1c00000, 0x0000000100000000)
  eden space 122368K, 100% used [0x00000000d9300000,0x00000000e0a80000,0x00000000e0a80000)
  from space 8192K, 90% used [0x00000000e1300000,0x00000000e1a3b070,0x00000000e1b00000)
  to   space 8704K, 0% used [0x00000000e0a80000,0x00000000e0a80000,0x00000000e1300000)
 ParOldGen       total 80896K, used 7613K [0x000000008b800000, 0x0000000090700000, 0x00000000d9300000)
  object space 80896K, 9% used [0x000000008b800000,0x000000008bf6f490,0x0000000090700000)
 Metaspace       used 18567K, capacity 19074K, committed 19328K, reserved 1067008K
  class space    used 1976K, capacity 2125K, committed 2176K, reserved 1048576K
Event: 10,408 GC heap after
Heap after GC invocations=7 (full 0):
 PSYoungGen      total 131072K, used 8692K [0x00000000d9300000, 0x00000000e9900000, 0x0000000100000000)
  eden space 122368K, 0% used [0x00000000d9300000,0x00000000d9300000,0x00000000e0a80000)
  from space 8704K, 99% used [0x00000000e0a80000,0x00000000e12fd3f8,0x00000000e1300000)
  to   space 11776K, 0% used [0x00000000e8d80000,0x00000000e8d80000,0x00000000e9900000)
 ParOldGen       total 80896K, used 11545K [0x000000008b800000, 0x0000000090700000, 0x00000000d9300000)
  object space 80896K, 14% used [0x000000008b800000,0x000000008c3467c0,0x0000000090700000)
 Metaspace       used 18567K, capacity 19074K, committed 19328K, reserved 1067008K
  class space    used 1976K, capacity 2125K, committed 2176K, reserved 1048576K
}
Event: 11,069 GC heap before
{Heap before GC invocations=8 (full 0):
 PSYoungGen      total 131072K, used 27069K [0x00000000d9300000, 0x00000000e9900000, 0x0000000100000000)
  eden space 122368K, 15% used [0x00000000d9300000,0x00000000da4f22b8,0x00000000e0a80000)
  from space 8704K, 99% used [0x00000000e0a80000,0x00000000e12fd3f8,0x00000000e1300000)
  to   space 11776K, 0% used [0x00000000e8d80000,0x00000000e8d80000,0x00000000e9900000)
 ParOldGen       total 80896K, used 11545K [0x000000008b800000, 0x0000000090700000, 0x00000000d9300000)
  object space 80896K, 14% used [0x000000008b800000,0x000000008c3467c0,0x0000000090700000)
 Metaspace       used 20603K, capacity 21132K, committed 21296K, reserved 1069056K
  class space    used 2203K, capacity 2360K, committed 2432K, reserved 1048576K
Event: 11,098 GC heap after
Heap after GC invocations=8 (full 0):
 PSYoungGen      total 256512K, used 9076K [0x00000000d9300000, 0x00000000e9900000, 0x0000000100000000)
  eden space 244736K, 0% used [0x00000000d9300000,0x00000000d9300000,0x00000000e8200000)
  from space 11776K, 77% used [0x00000000e8d80000,0x00000000e965d018,0x00000000e9900000)
  to   space 11776K, 0% used [0x00000000e8200000,0x00000000e8200000,0x00000000e8d80000)
 ParOldGen       total 80896K, used 12569K [0x000000008b800000, 0x0000000090700000, 0x00000000d9300000)
  object space 80896K, 15% used [0x000000008b800000,0x000000008c4467d0,0x0000000090700000)
 Metaspace       used 20603K, capacity 21132K, committed 21296K, reserved 1069056K
  class space    used 2203K, capacity 2360K, committed 2432K, reserved 1048576K
}
Event: 11,098 GC heap before
{Heap before GC invocations=9 (full 1):
 PSYoungGen      total 256512K, used 9076K [0x00000000d9300000, 0x00000000e9900000, 0x0000000100000000)
  eden space 244736K, 0% used [0x00000000d9300000,0x00000000d9300000,0x00000000e8200000)
  from space 11776K, 77% used [0x00000000e8d80000,0x00000000e965d018,0x00000000e9900000)
  to   space 11776K, 0% used [0x00000000e8200000,0x00000000e8200000,0x00000000e8d80000)
 ParOldGen       total 80896K, used 12569K [0x000000008b800000, 0x0000000090700000, 0x00000000d9300000)
  object space 80896K, 15% used [0x000000008b800000,0x000000008c4467d0,0x0000000090700000)
 Metaspace       used 20603K, capacity 21132K, committed 21296K, reserved 1069056K
  class space    used 2203K, capacity 2360K, committed 2432K, reserved 1048576K
Event: 11,271 GC heap after
Heap after GC invocations=9 (full 1):
 PSYoungGen      total 256512K, used 0K [0x00000000d9300000, 0x00000000e9900000, 0x0000000100000000)
  eden space 244736K, 0% used [0x00000000d9300000,0x00000000d9300000,0x00000000e8200000)
  from space 11776K, 0% used [0x00000000e8d80000,0x00000000e8d80000,0x00000000e9900000)
  to   space 11776K, 0% used [0x00000000e8200000,0x00000000e8200000,0x00000000e8d80000)
 ParOldGen       total 61440K, used 16507K [0x000000008b800000, 0x000000008f400000, 0x00000000d9300000)
  object space 61440K, 26% used [0x000000008b800000,0x000000008c81ee58,0x000000008f400000)
 Metaspace       used 20603K, capacity 21132K, committed 21296K, reserved 1069056K
  class space    used 2203K, capacity 2360K, committed 2432K, reserved 1048576K
}
Event: 15,410 GC heap before
{Heap before GC invocations=10 (full 1):
 PSYoungGen      total 256512K, used 244736K [0x00000000d9300000, 0x00000000e9900000, 0x0000000100000000)
  eden space 244736K, 100% used [0x00000000d9300000,0x00000000e8200000,0x00000000e8200000)
  from space 11776K, 0% used [0x00000000e8d80000,0x00000000e8d80000,0x00000000e9900000)
  to   space 11776K, 0% used [0x00000000e8200000,0x00000000e8200000,0x00000000e8d80000)
 ParOldGen       total 61440K, used 16507K [0x000000008b800000, 0x000000008f400000, 0x00000000d9300000)
  object space 61440K, 26% used [0x000000008b800000,0x000000008c81ee58,0x000000008f400000)
 Metaspace       used 28884K, capacity 29512K, committed 29824K, reserved 1075200K
  class space    used 3209K, capacity 3399K, committed 3456K, reserved 1048576K
Event: 15,492 GC heap after
Heap after GC invocations=10 (full 1):
 PSYoungGen      total 256512K, used 11754K [0x00000000d9300000, 0x00000000f0000000, 0x0000000100000000)
  eden space 244736K, 0% used [0x00000000d9300000,0x00000000d9300000,0x00000000e8200000)
  from space 11776K, 99% used [0x00000000e8200000,0x00000000e8d7ab80,0x00000000e8d80000)
  to   space 15360K, 0% used [0x00000000ef100000,0x00000000ef100000,0x00000000f0000000)
 ParOldGen       total 61440K, used 21350K [0x000000008b800000, 0x000000008f400000, 0x00000000d9300000)
  object space 61440K, 34% used [0x000000008b800000,0x000000008ccd9b08,0x000000008f400000)
 Metaspace       used 28884K, capacity 29512K, committed 29824K, reserved 1075200K
  class space    used 3209K, capacity 3399K, committed 3456K, reserved 1048576K
}
Event: 18,134 GC heap before
{Heap before GC invocations=11 (full 1):
 PSYoungGen      total 256512K, used 168992K [0x00000000d9300000, 0x00000000f0000000, 0x0000000100000000)
  eden space 244736K, 64% used [0x00000000d9300000,0x00000000e2c8d518,0x00000000e8200000)
  from space 11776K, 99% used [0x00000000e8200000,0x00000000e8d7ab80,0x00000000e8d80000)
  to   space 15360K, 0% used [0x00000000ef100000,0x00000000ef100000,0x00000000f0000000)
 ParOldGen       total 61440K, used 21350K [0x000000008b800000, 0x000000008f400000, 0x00000000d9300000)
  object space 61440K, 34% used [0x000000008b800000,0x000000008ccd9b08,0x000000008f400000)
 Metaspace       used 34642K, capacity 35258K, committed 35496K, reserved 1081344K
  class space    used 4082K, capacity 4266K, committed 4352K, reserved 1048576K
Event: 18,207 GC heap after
Heap after GC invocations=11 (full 1):
 PSYoungGen      total 357376K, used 12575K [0x00000000d9300000, 0x00000000f0000000, 0x0000000100000000)
  eden space 342016K, 0% used [0x00000000d9300000,0x00000000d9300000,0x00000000ee100000)
  from space 15360K, 81% used [0x00000000ef100000,0x00000000efd47cc8,0x00000000f0000000)
  to   space 15872K, 0% used [0x00000000ee100000,0x00000000ee100000,0x00000000ef080000)
 ParOldGen       total 61440K, used 21358K [0x000000008b800000, 0x000000008f400000, 0x00000000d9300000)
  object space 61440K, 34% used [0x000000008b800000,0x000000008ccdbb08,0x000000008f400000)
 Metaspace       used 34642K, capacity 35258K, committed 35496K, reserved 1081344K
  class space    used 4082K, capacity 4266K, committed 4352K, reserved 1048576K
}
Event: 18,207 GC heap before
{Heap before GC invocations=12 (full 2):
 PSYoungGen      total 357376K, used 12575K [0x00000000d9300000, 0x00000000f0000000, 0x0000000100000000)
  eden space 342016K, 0% used [0x00000000d9300000,0x00000000d9300000,0x00000000ee100000)
  from space 15360K, 81% used [0x00000000ef100000,0x00000000efd47cc8,0x00000000f0000000)
  to   space 15872K, 0% used [0x00000000ee100000,0x00000000ee100000,0x00000000ef080000)
 ParOldGen       total 61440K, used 21358K [0x000000008b800000, 0x000000008f400000, 0x00000000d9300000)
  object space 61440K, 34% used [0x000000008b800000,0x000000008ccdbb08,0x000000008f400000)
 Metaspace       used 34642K, capacity 35258K, committed 35496K, reserved 1081344K
  class space    used 4082K, capacity 4266K, committed 4352K, reserved 1048576K
Event: 18,472 GC heap after
Heap after GC invocations=12 (full 2):
 PSYoungGen      total 357376K, used 0K [0x00000000d9300000, 0x00000000f0000000, 0x0000000100000000)
  eden space 342016K, 0% used [0x00000000d9300000,0x00000000d9300000,0x00000000ee100000)
  from space 15360K, 0% used [0x00000000ef100000,0x00000000ef100000,0x00000000f0000000)
  to   space 15872K, 0% used [0x00000000ee100000,0x00000000ee100000,0x00000000ef080000)
 ParOldGen       total 92160K, used 27232K [0x000000008b800000, 0x0000000091200000, 0x00000000d9300000)
  object space 92160K, 29% used [0x000000008b800000,0x000000008d298300,0x0000000091200000)
 Metaspace       used 34642K, capacity 35258K, committed 35496K, reserved 1081344K
  class space    used 4082K, capacity 4266K, committed 4352K, reserved 1048576K
}
Event: 24,917 GC heap before
{Heap before GC invocations=13 (full 2):
 PSYoungGen      total 357376K, used 342016K [0x00000000d9300000, 0x00000000f0000000, 0x0000000100000000)
  eden space 342016K, 100% used [0x00000000d9300000,0x00000000ee100000,0x00000000ee100000)
  from space 15360K, 0% used [0x00000000ef100000,0x00000000ef100000,0x00000000f0000000)
  to   space 15872K, 0% used [0x00000000ee100000,0x00000000ee100000,0x00000000ef080000)
 ParOldGen       total 92160K, used 27232K [0x000000008b800000, 0x0000000091200000, 0x00000000d9300000)
  object space 92160K, 29% used [0x000000008b800000,0x000000008d298300,0x0000000091200000)
 Metaspace       used 42194K, capacity 42930K, committed 43264K, reserved 1087488K
  class space    used 5100K, capacity 5308K, committed 5376K, reserved 1048576K
Event: 24,964 GC heap after
Heap after GC invocations=13 (full 2):
 PSYoungGen      total 357888K, used 10421K [0x00000000d9300000, 0x00000000f6080000, 0x0000000100000000)
  eden space 342016K, 0% used [0x00000000d9300000,0x00000000d9300000,0x00000000ee100000)
  from space 15872K, 65% used [0x00000000ee100000,0x00000000eeb2d498,0x00000000ef080000)
  to   space 15872K, 0% used [0x00000000f5100000,0x00000000f5100000,0x00000000f6080000)
 ParOldGen       total 92160K, used 27240K [0x000000008b800000, 0x0000000091200000, 0x00000000d9300000)
  object space 92160K, 29% used [0x000000008b800000,0x000000008d29a300,0x0000000091200000)
 Metaspace       used 42194K, capacity 42930K, committed 43264K, reserved 1087488K
  class space    used 5100K, capacity 5308K, committed 5376K, reserved 1048576K
}
Event: 29,302 GC heap before
{Heap before GC invocations=14 (full 2):
 PSYoungGen      total 357888K, used 352437K [0x00000000d9300000, 0x00000000f6080000, 0x0000000100000000)
  eden space 342016K, 100% used [0x00000000d9300000,0x00000000ee100000,0x00000000ee100000)
  from space 15872K, 65% used [0x00000000ee100000,0x00000000eeb2d498,0x00000000ef080000)
  to   space 15872K, 0% used [0x00000000f5100000,0x00000000f5100000,0x00000000f6080000)
 ParOldGen       total 92160K, used 27240K [0x000000008b800000, 0x0000000091200000, 0x00000000d9300000)
  object space 92160K, 29% used [0x000000008b800000,0x000000008d29a300,0x0000000091200000)
 Metaspace       used 50660K, capacity 51446K, committed 51584K, reserved 1093632K
  class space    used 6274K, capacity 6498K, committed 6528K, reserved 1048576K
Event: 29,393 GC heap after
Heap after GC invocations=14 (full 2):
 PSYoungGen      total 451584K, used 15866K [0x00000000d9300000, 0x00000000f6880000, 0x0000000100000000)
  eden space 435712K, 0% used [0x00000000d9300000,0x00000000d9300000,0x00000000f3c80000)
  from space 15872K, 99% used [0x00000000f5100000,0x00000000f607ebb0,0x00000000f6080000)
  to   space 20992K, 0% used [0x00000000f3c80000,0x00000000f3c80000,0x00000000f5100000)
 ParOldGen       total 92160K, used 35521K [0x000000008b800000, 0x0000000091200000, 0x00000000d9300000)
  object space 92160K, 38% used [0x000000008b800000,0x000000008dab0480,0x0000000091200000)
 Metaspace       used 50660K, capacity 51446K, committed 51584K, reserved 1093632K
  class space    used 6274K, capacity 6498K, committed 6528K, reserved 1048576K
}
Event: 44,287 GC heap before
{Heap before GC invocations=15 (full 2):
 PSYoungGen      total 451584K, used 389222K [0x00000000d9300000, 0x00000000f6880000, 0x0000000100000000)
  eden space 435712K, 85% used [0x00000000d9300000,0x00000000eff9ac90,0x00000000f3c80000)
  from space 15872K, 99% used [0x00000000f5100000,0x00000000f607ebb0,0x00000000f6080000)
  to   space 20992K, 0% used [0x00000000f3c80000,0x00000000f3c80000,0x00000000f5100000)
 ParOldGen       total 92160K, used 35521K [0x000000008b800000, 0x0000000091200000, 0x00000000d9300000)
  object space 92160K, 38% used [0x000000008b800000,0x000000008dab0480,0x0000000091200000)
 Metaspace       used 58074K, capacity 59030K, committed 59160K, reserved 1101824K
  class space    used 7210K, capacity 7463K, committed 7552K, reserved 1048576K
Event: 44,400 GC heap after
Heap after GC invocations=15 (full 2):
 PSYoungGen      total 456704K, used 20962K [0x00000000d9300000, 0x00000000fda80000, 0x0000000100000000)
  eden space 435712K, 0% used [0x00000000d9300000,0x00000000d9300000,0x00000000f3c80000)
  from space 20992K, 99% used [0x00000000f3c80000,0x00000000f50f8a70,0x00000000f5100000)
  to   space 25088K, 0% used [0x00000000fc200000,0x00000000fc200000,0x00000000fda80000)
 ParOldGen       total 92160K, used 38874K [0x000000008b800000, 0x0000000091200000, 0x00000000d9300000)
  object space 92160K, 42% used [0x000000008b800000,0x000000008ddf68e0,0x0000000091200000)
 Metaspace       used 58074K, capacity 59030K, committed 59160K, reserved 1101824K
  class space    used 7210K, capacity 7463K, committed 7552K, reserved 1048576K
}
Event: 44,400 GC heap before
{Heap before GC invocations=16 (full 3):
 PSYoungGen      total 456704K, used 20962K [0x00000000d9300000, 0x00000000fda80000, 0x0000000100000000)
  eden space 435712K, 0% used [0x00000000d9300000,0x00000000d9300000,0x00000000f3c80000)
  from space 20992K, 99% used [0x00000000f3c80000,0x00000000f50f8a70,0x00000000f5100000)
  to   space 25088K, 0% used [0x00000000fc200000,0x00000000fc200000,0x00000000fda80000)
 ParOldGen       total 92160K, used 38874K [0x000000008b800000, 0x0000000091200000, 0x00000000d9300000)
  object space 92160K, 42% used [0x000000008b800000,0x000000008ddf68e0,0x0000000091200000)
 Metaspace       used 58074K, capacity 59030K, committed 59160K, reserved 1101824K
  class space    used 7210K, capacity 7463K, committed 7552K, reserved 1048576K
Event: 44,921 GC heap after
Heap after GC invocations=16 (full 3):
 PSYoungGen      total 456704K, used 0K [0x00000000d9300000, 0x00000000fda80000, 0x0000000100000000)
  eden space 435712K, 0% used [0x00000000d9300000,0x00000000d9300000,0x00000000f3c80000)
  from space 20992K, 0% used [0x00000000f3c80000,0x00000000f3c80000,0x00000000f5100000)
  to   space 25088K, 0% used [0x00000000fc200000,0x00000000fc200000,0x00000000fda80000)
 ParOldGen       total 134144K, used 47420K [0x000000008b800000, 0x0000000093b00000, 0x00000000d9300000)
  object space 134144K, 35% used [0x000000008b800000,0x000000008e64f1e8,0x0000000093b00000)
 Metaspace       used 58074K, capacity 59030K, committed 59160K, reserved 1101824K
  class space    used 7210K, capacity 7463K, committed 7552K, reserved 1048576K
}
Event: 83,691 GC heap before
{Heap before GC invocations=17 (full 3):
 PSYoungGen      total 456704K, used 435712K [0x00000000d9300000, 0x00000000fda80000, 0x0000000100000000)
  eden space 435712K, 100% used [0x00000000d9300000,0x00000000f3c80000,0x00000000f3c80000)
  from space 20992K, 0% used [0x00000000f3c80000,0x00000000f3c80000,0x00000000f5100000)
  to   space 25088K, 0% used [0x00000000fc200000,0x00000000fc200000,0x00000000fda80000)
 ParOldGen       total 134144K, used 47420K [0x000000008b800000, 0x0000000093b00000, 0x00000000d9300000)
  object space 134144K, 35% used [0x000000008b800000,0x000000008e64f1e8,0x0000000093b00000)
 Metaspace       used 61113K, capacity 63020K, committed 63232K, reserved 1103872K
  class space    used 7555K, capacity 7928K, committed 7936K, reserved 1048576K
Event: 83,861 GC heap after
Heap after GC invocations=17 (full 3):
 PSYoungGen      total 557056K, used 17995K [0x00000000d9300000, 0x00000000fd400000, 0x0000000100000000)
  eden space 538624K, 0% used [0x00000000d9300000,0x00000000d9300000,0x00000000fa100000)
  from space 18432K, 97% used [0x00000000fc200000,0x00000000fd392c90,0x00000000fd400000)
  to   space 26112K, 0% used [0x00000000fa100000,0x00000000fa100000,0x00000000fba80000)
 ParOldGen       total 134144K, used 47428K [0x000000008b800000, 0x0000000093b00000, 0x00000000d9300000)
  object space 134144K, 35% used [0x000000008b800000,0x000000008e6511e8,0x0000000093b00000)
 Metaspace       used 61113K, capacity 63020K, committed 63232K, reserved 1103872K
  class space    used 7555K, capacity 7928K, committed 7936K, reserved 1048576K
}
Event: 727,781 GC heap before
{Heap before GC invocations=18 (full 3):
 PSYoungGen      total 557056K, used 556619K [0x00000000d9300000, 0x00000000fd400000, 0x0000000100000000)
  eden space 538624K, 100% used [0x00000000d9300000,0x00000000fa100000,0x00000000fa100000)
  from space 18432K, 97% used [0x00000000fc200000,0x00000000fd392c90,0x00000000fd400000)
  to   space 26112K, 0% used [0x00000000fa100000,0x00000000fa100000,0x00000000fba80000)
 ParOldGen       total 134144K, used 47428K [0x000000008b800000, 0x0000000093b00000, 0x00000000d9300000)
  object space 134144K, 35% used [0x000000008b800000,0x000000008e6511e8,0x0000000093b00000)
 Metaspace       used 68980K, capacity 71346K, committed 71680K, reserved 1112064K
  class space    used 8367K, capacity 8834K, committed 8960K, reserved 1048576K
Event: 728,339 GC heap after
Heap after GC invocations=18 (full 3):
 PSYoungGen      total 564736K, used 23775K [0x00000000d9300000, 0x0000000100000000, 0x0000000100000000)
  eden space 538624K, 0% used [0x00000000d9300000,0x00000000d9300000,0x00000000fa100000)
  from space 26112K, 91% used [0x00000000fa100000,0x00000000fb837ea8,0x00000000fba80000)
  to   space 28672K, 0% used [0x00000000fe400000,0x00000000fe400000,0x0000000100000000)
 ParOldGen       total 134144K, used 47436K [0x000000008b800000, 0x0000000093b00000, 0x00000000d9300000)
  object space 134144K, 35% used [0x000000008b800000,0x000000008e6531e8,0x0000000093b00000)
 Metaspace       used 68980K, capacity 71346K, committed 71680K, reserved 1112064K
  class space    used 8367K, capacity 8834K, committed 8960K, reserved 1048576K
}
Event: 1265,513 GC heap before
{Heap before GC invocations=19 (full 3):
 PSYoungGen      total 564736K, used 562399K [0x00000000d9300000, 0x0000000100000000, 0x0000000100000000)
  eden space 538624K, 100% used [0x00000000d9300000,0x00000000fa100000,0x00000000fa100000)
  from space 26112K, 91% used [0x00000000fa100000,0x00000000fb837ea8,0x00000000fba80000)
  to   space 28672K, 0% used [0x00000000fe400000,0x00000000fe400000,0x0000000100000000)
 ParOldGen       total 134144K, used 47436K [0x000000008b800000, 0x0000000093b00000, 0x00000000d9300000)
  object space 134144K, 35% used [0x000000008b800000,0x000000008e6531e8,0x0000000093b00000)
 Metaspace       used 69381K, capacity 71880K, committed 71936K, reserved 1112064K
  class space    used 8392K, capacity 8907K, committed 8960K, reserved 1048576K
Event: 1265,605 GC heap after
Heap after GC invocations=19 (full 3):
 PSYoungGen      total 601088K, used 25068K [0x00000000d9300000, 0x0000000100000000, 0x0000000100000000)
  eden space 572416K, 0% used [0x00000000d9300000,0x00000000d9300000,0x00000000fc200000)
  from space 28672K, 87% used [0x00000000fe400000,0x00000000ffc7b0a0,0x0000000100000000)
  to   space 31744K, 0% used [0x00000000fc200000,0x00000000fc200000,0x00000000fe100000)
 ParOldGen       total 134144K, used 47436K [0x000000008b800000, 0x0000000093b00000, 0x00000000d9300000)
  object space 134144K, 35% used [0x000000008b800000,0x000000008e6531e8,0x0000000093b00000)
 Metaspace       used 69381K, capacity 71880K, committed 71936K, reserved 1112064K
  class space    used 8392K, capacity 8907K, committed 8960K, reserved 1048576K
}
Event: 1272,048 GC heap before
{Heap before GC invocations=20 (full 3):
 PSYoungGen      total 601088K, used 597484K [0x00000000d9300000, 0x0000000100000000, 0x0000000100000000)
  eden space 572416K, 100% used [0x00000000d9300000,0x00000000fc200000,0x00000000fc200000)
  from space 28672K, 87% used [0x00000000fe400000,0x00000000ffc7b0a0,0x0000000100000000)
  to   space 31744K, 0% used [0x00000000fc200000,0x00000000fc200000,0x00000000fe100000)
 ParOldGen       total 134144K, used 47436K [0x000000008b800000, 0x0000000093b00000, 0x00000000d9300000)
  object space 134144K, 35% used [0x000000008b800000,0x000000008e6531e8,0x0000000093b00000)
 Metaspace       used 69601K, capacity 72164K, committed 72192K, reserved 1112064K
  class space    used 8418K, capacity 8933K, committed 8960K, reserved 1048576K
Event: 1272,180 GC heap after
Heap after GC invocations=20 (full 3):
 PSYoungGen      total 604160K, used 31740K [0x00000000d9300000, 0x0000000100000000, 0x0000000100000000)
  eden space 572416K, 0% used [0x00000000d9300000,0x00000000d9300000,0x00000000fc200000)
  from space 31744K, 99% used [0x00000000fc200000,0x00000000fe0ff0b0,0x00000000fe100000)
  to   space 31744K, 0% used [0x00000000fe100000,0x00000000fe100000,0x0000000100000000)
 ParOldGen       total 134144K, used 50153K [0x000000008b800000, 0x0000000093b00000, 0x00000000d9300000)
  object space 134144K, 37% used [0x000000008b800000,0x000000008e8fa6d0,0x0000000093b00000)
 Metaspace       used 69601K, capacity 72164K, committed 72192K, reserved 1112064K
  class space    used 8418K, capacity 8933K, committed 8960K, reserved 1048576K
}
Event: 1299,431 GC heap before
{Heap before GC invocations=21 (full 3):
 PSYoungGen      total 604160K, used 604156K [0x00000000d9300000, 0x0000000100000000, 0x0000000100000000)
  eden space 572416K, 100% used [0x00000000d9300000,0x00000000fc200000,0x00000000fc200000)
  from space 31744K, 99% used [0x00000000fc200000,0x00000000fe0ff0b0,0x00000000fe100000)
  to   space 31744K, 0% used [0x00000000fe100000,0x00000000fe100000,0x0000000100000000)
 ParOldGen       total 134144K, used 50153K [0x000000008b800000, 0x0000000093b00000, 0x00000000d9300000)
  object space 134144K, 37% used [0x000000008b800000,0x000000008e8fa6d0,0x0000000093b00000)
 Metaspace       used 69892K, capacity 72614K, committed 72832K, reserved 1114112K
  class space    used 8447K, capacity 8976K, committed 9088K, reserved 1048576K
Event: 1299,636 GC heap after
Heap after GC invocations=21 (full 3):
 PSYoungGen      total 593920K, used 7376K [0x00000000d9300000, 0x0000000100000000, 0x0000000100000000)
  eden space 562176K, 0% used [0x00000000d9300000,0x00000000d9300000,0x00000000fb800000)
  from space 31744K, 23% used [0x00000000fe100000,0x00000000fe834030,0x0000000100000000)
  to   space 36864K, 0% used [0x00000000fb800000,0x00000000fb800000,0x00000000fdc00000)
 ParOldGen       total 134144K, used 64806K [0x000000008b800000, 0x0000000093b00000, 0x00000000d9300000)
  object space 134144K, 48% used [0x000000008b800000,0x000000008f749968,0x0000000093b00000)
 Metaspace       used 69892K, capacity 72614K, committed 72832K, reserved 1114112K
  class space    used 8447K, capacity 8976K, committed 9088K, reserved 1048576K
}
Event: 1315,815 GC heap before
{Heap before GC invocations=22 (full 3):
 PSYoungGen      total 593920K, used 569552K [0x00000000d9300000, 0x0000000100000000, 0x0000000100000000)
  eden space 562176K, 100% used [0x00000000d9300000,0x00000000fb800000,0x00000000fb800000)
  from space 31744K, 23% used [0x00000000fe100000,0x00000000fe834030,0x0000000100000000)
  to   space 36864K, 0% used [0x00000000fb800000,0x00000000fb800000,0x00000000fdc00000)
 ParOldGen       total 134144K, used 64806K [0x000000008b800000, 0x0000000093b00000, 0x00000000d9300000)
  object space 134144K, 48% used [0x000000008b800000,0x000000008f749968,0x0000000093b00000)
 Metaspace       used 70073K, capacity 72732K, committed 73088K, reserved 1114112K
  class space    used 8456K, capacity 8985K, committed 9088K, reserved 1048576K
Event: 1315,858 GC heap after
Heap after GC invocations=22 (full 3):
 PSYoungGen      total 599040K, used 11056K [0x00000000d9300000, 0x0000000100000000, 0x0000000100000000)
  eden space 562176K, 0% used [0x00000000d9300000,0x00000000d9300000,0x00000000fb800000)
  from space 36864K, 29% used [0x00000000fb800000,0x00000000fc2cc268,0x00000000fdc00000)
  to   space 35328K, 0% used [0x00000000fdd80000,0x00000000fdd80000,0x0000000100000000)
 ParOldGen       total 134144K, used 64814K [0x000000008b800000, 0x0000000093b00000, 0x00000000d9300000)
  object space 134144K, 48% used [0x000000008b800000,0x000000008f74b968,0x0000000093b00000)
 Metaspace       used 70073K, capacity 72732K, committed 73088K, reserved 1114112K
  class space    used 8456K, capacity 8985K, committed 9088K, reserved 1048576K
}
Event: 1324,318 GC heap before
{Heap before GC invocations=23 (full 3):
 PSYoungGen      total 599040K, used 573232K [0x00000000d9300000, 0x0000000100000000, 0x0000000100000000)
  eden space 562176K, 100% used [0x00000000d9300000,0x00000000fb800000,0x00000000fb800000)
  from space 36864K, 29% used [0x00000000fb800000,0x00000000fc2cc268,0x00000000fdc00000)
  to   space 35328K, 0% used [0x00000000fdd80000,0x00000000fdd80000,0x0000000100000000)
 ParOldGen       total 134144K, used 64814K [0x000000008b800000, 0x0000000093b00000, 0x00000000d9300000)
  object space 134144K, 48% used [0x000000008b800000,0x000000008f74b968,0x0000000093b00000)
 Metaspace       used 70200K, capacity 72918K, committed 73088K, reserved 1114112K
  class space    used 8468K, capacity 9006K, committed 9088K, reserved 1048576K
Event: 1324,381 GC heap after
Heap after GC invocations=23 (full 3):
 PSYoungGen      total 594432K, used 12544K [0x00000000d9300000, 0x00000000ffb80000, 0x0000000100000000)
  eden space 563712K, 0% used [0x00000000d9300000,0x00000000d9300000,0x00000000fb980000)
  from space 30720K, 40% used [0x00000000fdd80000,0x00000000fe9c0248,0x00000000ffb80000)
  to   space 33792K, 0% used [0x00000000fb980000,0x00000000fb980000,0x00000000fda80000)
 ParOldGen       total 134144K, used 64822K [0x000000008b800000, 0x0000000093b00000, 0x00000000d9300000)
  object space 134144K, 48% used [0x000000008b800000,0x000000008f74d968,0x0000000093b00000)
 Metaspace       used 70200K, capacity 72918K, committed 73088K, reserved 1114112K
  class space    used 8468K, capacity 9006K, committed 9088K, reserved 1048576K
}
Event: 1332,599 GC heap before
{Heap before GC invocations=24 (full 3):
 PSYoungGen      total 594432K, used 576256K [0x00000000d9300000, 0x00000000ffb80000, 0x0000000100000000)
  eden space 563712K, 100% used [0x00000000d9300000,0x00000000fb980000,0x00000000fb980000)
  from space 30720K, 40% used [0x00000000fdd80000,0x00000000fe9c0248,0x00000000ffb80000)
  to   space 33792K, 0% used [0x00000000fb980000,0x00000000fb980000,0x00000000fda80000)
 ParOldGen       total 134144K, used 64822K [0x000000008b800000, 0x0000000093b00000, 0x00000000d9300000)
  object space 134144K, 48% used [0x000000008b800000,0x000000008f74d968,0x0000000093b00000)
 Metaspace       used 70360K, capacity 73064K, committed 73344K, reserved 1114112K
  class space    used 8474K, capacity 9009K, committed 9088K, reserved 1048576K
Event: 1332,672 GC heap after
Heap after GC invocations=24 (full 3):
 PSYoungGen      total 597504K, used 12512K [0x00000000d9300000, 0x0000000100000000, 0x0000000100000000)
  eden space 563712K, 0% used [0x00000000d9300000,0x00000000d9300000,0x00000000fb980000)
  from space 33792K, 37% used [0x00000000fb980000,0x00000000fc5b8040,0x00000000fda80000)
  to   space 32768K, 0% used [0x00000000fe000000,0x00000000fe000000,0x0000000100000000)
 ParOldGen       total 134144K, used 64830K [0x000000008b800000, 0x0000000093b00000, 0x00000000d9300000)
  object space 134144K, 48% used [0x000000008b800000,0x000000008f74f968,0x0000000093b00000)
 Metaspace       used 70360K, capacity 73064K, committed 73344K, reserved 1114112K
  class space    used 8474K, capacity 9009K, committed 9088K, reserved 1048576K
}
Event: 1339,378 GC heap before
{Heap before GC invocations=25 (full 3):
 PSYoungGen      total 597504K, used 576224K [0x00000000d9300000, 0x0000000100000000, 0x0000000100000000)
  eden space 563712K, 100% used [0x00000000d9300000,0x00000000fb980000,0x00000000fb980000)
  from space 33792K, 37% used [0x00000000fb980000,0x00000000fc5b8040,0x00000000fda80000)
  to   space 32768K, 0% used [0x00000000fe000000,0x00000000fe000000,0x0000000100000000)
 ParOldGen       total 134144K, used 64830K [0x000000008b800000, 0x0000000093b00000, 0x00000000d9300000)
  object space 134144K, 48% used [0x000000008b800000,0x000000008f74f968,0x0000000093b00000)
 Metaspace       used 70410K, capacity 73152K, committed 73344K, reserved 1114112K
  class space    used 8478K, capacity 9013K, committed 9088K, reserved 1048576K
Event: 1339,448 GC heap after
Heap after GC invocations=25 (full 3):
 PSYoungGen      total 598016K, used 13120K [0x00000000d9300000, 0x00000000ffc00000, 0x0000000100000000)
  eden space 569344K, 0% used [0x00000000d9300000,0x00000000d9300000,0x00000000fbf00000)
  from space 28672K, 45% used [0x00000000fe000000,0x00000000fecd0268,0x00000000ffc00000)
  to   space 31232K, 0% used [0x00000000fbf00000,0x00000000fbf00000,0x00000000fdd80000)
 ParOldGen       total 134144K, used 64838K [0x000000008b800000, 0x0000000093b00000, 0x00000000d9300000)
  object space 134144K, 48% used [0x000000008b800000,0x000000008f751968,0x0000000093b00000)
 Metaspace       used 70410K, capacity 73152K, committed 73344K, reserved 1114112K
  class space    used 8478K, capacity 9013K, committed 9088K, reserved 1048576K
}
Event: 1343,413 GC heap before
{Heap before GC invocations=26 (full 3):
 PSYoungGen      total 598016K, used 582464K [0x00000000d9300000, 0x00000000ffc00000, 0x0000000100000000)
  eden space 569344K, 100% used [0x00000000d9300000,0x00000000fbf00000,0x00000000fbf00000)
  from space 28672K, 45% used [0x00000000fe000000,0x00000000fecd0268,0x00000000ffc00000)
  to   space 31232K, 0% used [0x00000000fbf00000,0x00000000fbf00000,0x00000000fdd80000)
 ParOldGen       total 134144K, used 64838K [0x000000008b800000, 0x0000000093b00000, 0x00000000d9300000)
  object space 134144K, 48% used [0x000000008b800000,0x000000008f751968,0x0000000093b00000)
 Metaspace       used 70465K, capacity 73194K, committed 73344K, reserved 1114112K
  class space    used 8482K, capacity 9020K, committed 9088K, reserved 1048576K
Event: 1343,480 GC heap after
Heap after GC invocations=26 (full 3):
 PSYoungGen      total 600576K, used 14592K [0x00000000d9300000, 0x00000000fff80000, 0x0000000100000000)
  eden space 569344K, 0% used [0x00000000d9300000,0x00000000d9300000,0x00000000fbf00000)
  from space 31232K, 46% used [0x00000000fbf00000,0x00000000fcd40040,0x00000000fdd80000)
  to   space 29696K, 0% used [0x00000000fe280000,0x00000000fe280000,0x00000000fff80000)
 ParOldGen       total 134144K, used 64838K [0x000000008b800000, 0x0000000093b00000, 0x00000000d9300000)
  object space 134144K, 48% used [0x000000008b800000,0x000000008f751968,0x0000000093b00000)
 Metaspace       used 70465K, capacity 73194K, committed 73344K, reserved 1114112K
  class space    used 8482K, capacity 9020K, committed 9088K, reserved 1048576K
}
Event: 1384,313 GC heap before
{Heap before GC invocations=27 (full 3):
 PSYoungGen      total 600576K, used 583936K [0x00000000d9300000, 0x00000000fff80000, 0x0000000100000000)
  eden space 569344K, 100% used [0x00000000d9300000,0x00000000fbf00000,0x00000000fbf00000)
  from space 31232K, 46% used [0x00000000fbf00000,0x00000000fcd40040,0x00000000fdd80000)
  to   space 29696K, 0% used [0x00000000fe280000,0x00000000fe280000,0x00000000fff80000)
 ParOldGen       total 134144K, used 64838K [0x000000008b800000, 0x0000000093b00000, 0x00000000d9300000)
  object space 134144K, 48% used [0x000000008b800000,0x000000008f751968,0x0000000093b00000)
 Metaspace       used 71203K, capacity 74280K, committed 74496K, reserved 1114112K
  class space    used 8583K, capacity 9153K, committed 9216K, reserved 1048576K
Event: 1384,433 GC heap after
Heap after GC invocations=27 (full 3):
 PSYoungGen      total 601088K, used 25554K [0x00000000d9300000, 0x0000000100000000, 0x0000000100000000)
  eden space 571392K, 0% used [0x00000000d9300000,0x00000000d9300000,0x00000000fc100000)
  from space 29696K, 86% used [0x00000000fe280000,0x00000000ffb74af8,0x00000000fff80000)
  to   space 32256K, 0% used [0x00000000fc100000,0x00000000fc100000,0x00000000fe080000)
 ParOldGen       total 134144K, used 64846K [0x000000008b800000, 0x0000000093b00000, 0x00000000d9300000)
  object space 134144K, 48% used [0x000000008b800000,0x000000008f753968,0x0000000093b00000)
 Metaspace       used 71203K, capacity 74280K, committed 74496K, reserved 1114112K
  class space    used 8583K, capacity 9153K, committed 9216K, reserved 1048576K
}
Event: 1493,980 GC heap before
{Heap before GC invocations=28 (full 3):
 PSYoungGen      total 601088K, used 596946K [0x00000000d9300000, 0x0000000100000000, 0x0000000100000000)
  eden space 571392K, 100% used [0x00000000d9300000,0x00000000fc100000,0x00000000fc100000)
  from space 29696K, 86% used [0x00000000fe280000,0x00000000ffb74af8,0x00000000fff80000)
  to   space 32256K, 0% used [0x00000000fc100000,0x00000000fc100000,0x00000000fe080000)
 ParOldGen       total 134144K, used 64846K [0x000000008b800000, 0x0000000093b00000, 0x00000000d9300000)
  object space 134144K, 48% used [0x000000008b800000,0x000000008f753968,0x0000000093b00000)
 Metaspace       used 72280K, capacity 75724K, committed 75904K, reserved 1116160K
  class space    used 8650K, capacity 9297K, committed 9344K, reserved 1048576K
Event: 1494,115 GC heap after
Heap after GC invocations=28 (full 3):
 PSYoungGen      total 578048K, used 31213K [0x00000000d9300000, 0x00000000ff000000, 0x0000000100000000)
  eden space 546816K, 0% used [0x00000000d9300000,0x00000000d9300000,0x00000000fa900000)
  from space 31232K, 99% used [0x00000000fc100000,0x00000000fdf7b790,0x00000000fdf80000)
  to   space 16896K, 0% used [0x00000000fdf80000,0x00000000fdf80000,0x00000000ff000000)
 ParOldGen       total 134144K, used 64854K [0x000000008b800000, 0x0000000093b00000, 0x00000000d9300000)
  object space 134144K, 48% used [0x000000008b800000,0x000000008f755968,0x0000000093b00000)
 Metaspace       used 72280K, capacity 75724K, committed 75904K, reserved 1116160K
  class space    used 8650K, capacity 9297K, committed 9344K, reserved 1048576K
}
Event: 1496,072 GC heap before
{Heap before GC invocations=29 (full 3):
 PSYoungGen      total 578048K, used 578029K [0x00000000d9300000, 0x00000000ff000000, 0x0000000100000000)
  eden space 546816K, 100% used [0x00000000d9300000,0x00000000fa900000,0x00000000fa900000)
  from space 31232K, 99% used [0x00000000fc100000,0x00000000fdf7b790,0x00000000fdf80000)
  to   space 16896K, 0% used [0x00000000fdf80000,0x00000000fdf80000,0x00000000ff000000)
 ParOldGen       total 134144K, used 64854K [0x000000008b800000, 0x0000000093b00000, 0x00000000d9300000)
  object space 134144K, 48% used [0x000000008b800000,0x000000008f755968,0x0000000093b00000)
 Metaspace       used 72284K, capacity 75724K, committed 75904K, reserved 1116160K
  class space    used 8650K, capacity 9297K, committed 9344K, reserved 1048576K
Event: 1496,199 GC heap after
Heap after GC invocations=29 (full 3):
 PSYoungGen      total 577024K, used 16880K [0x00000000d9300000, 0x0000000100000000, 0x0000000100000000)
  eden space 560128K, 0% used [0x00000000d9300000,0x00000000d9300000,0x00000000fb600000)
  from space 16896K, 99% used [0x00000000fdf80000,0x00000000feffc070,0x00000000ff000000)
  to   space 37888K, 0% used [0x00000000fb600000,0x00000000fb600000,0x00000000fdb00000)
 ParOldGen       total 134144K, used 74479K [0x000000008b800000, 0x0000000093b00000, 0x00000000d9300000)
  object space 134144K, 55% used [0x000000008b800000,0x00000000900bbf28,0x0000000093b00000)
 Metaspace       used 72284K, capacity 75724K, committed 75904K, reserved 1116160K
  class space    used 8650K, capacity 9297K, committed 9344K, reserved 1048576K
}
Event: 1498,213 GC heap before
{Heap before GC invocations=30 (full 3):
 PSYoungGen      total 577024K, used 577008K [0x00000000d9300000, 0x0000000100000000, 0x0000000100000000)
  eden space 560128K, 100% used [0x00000000d9300000,0x00000000fb600000,0x00000000fb600000)
  from space 16896K, 99% used [0x00000000fdf80000,0x00000000feffc070,0x00000000ff000000)
  to   space 37888K, 0% used [0x00000000fb600000,0x00000000fb600000,0x00000000fdb00000)
 ParOldGen       total 134144K, used 74479K [0x000000008b800000, 0x0000000093b00000, 0x00000000d9300000)
  object space 134144K, 55% used [0x000000008b800000,0x00000000900bbf28,0x0000000093b00000)
 Metaspace       used 72284K, capacity 75724K, committed 75904K, reserved 1116160K
  class space    used 8650K, capacity 9297K, committed 9344K, reserved 1048576K
Event: 1498,269 GC heap after
Heap after GC invocations=30 (full 3):
 PSYoungGen      total 598016K, used 16896K [0x00000000d9300000, 0x0000000100000000, 0x0000000100000000)
  eden space 560128K, 0% used [0x00000000d9300000,0x00000000d9300000,0x00000000fb600000)
  from space 37888K, 44% used [0x00000000fb600000,0x00000000fc6800b0,0x00000000fdb00000)
  to   space 35840K, 0% used [0x00000000fdd00000,0x00000000fdd00000,0x0000000100000000)
 ParOldGen       total 134144K, used 75603K [0x000000008b800000, 0x0000000093b00000, 0x00000000d9300000)
  object space 134144K, 56% used [0x000000008b800000,0x00000000901d4f68,0x0000000093b00000)
 Metaspace       used 72284K, capacity 75724K, committed 75904K, reserved 1116160K
  class space    used 8650K, capacity 9297K, committed 9344K, reserved 1048576K
}
Event: 1499,781 GC heap before
{Heap before GC invocations=31 (full 3):
 PSYoungGen      total 598016K, used 577024K [0x00000000d9300000, 0x0000000100000000, 0x0000000100000000)
  eden space 560128K, 100% used [0x00000000d9300000,0x00000000fb600000,0x00000000fb600000)
  from space 37888K, 44% used [0x00000000fb600000,0x00000000fc6800b0,0x00000000fdb00000)
  to   space 35840K, 0% used [0x00000000fdd00000,0x00000000fdd00000,0x0000000100000000)
 ParOldGen       total 134144K, used 75603K [0x000000008b800000, 0x0000000093b00000, 0x00000000d9300000)
  object space 134144K, 56% used [0x000000008b800000,0x00000000901d4f68,0x0000000093b00000)
 Metaspace       used 72284K, capacity 75724K, committed 75904K, reserved 1116160K
  class space    used 8650K, capacity 9297K, committed 9344K, reserved 1048576K
Event: 1499,839 GC heap after
Heap after GC invocations=31 (full 3):
 PSYoungGen      total 592896K, used 16752K [0x00000000d9300000, 0x00000000ffb00000, 0x0000000100000000)
  eden space 562176K, 0% used [0x00000000d9300000,0x00000000d9300000,0x00000000fb800000)
  from space 30720K, 54% used [0x00000000fdd00000,0x00000000fed5c0a0,0x00000000ffb00000)
  to   space 34304K, 0% used [0x00000000fb800000,0x00000000fb800000,0x00000000fd980000)
 ParOldGen       total 134144K, used 75691K [0x000000008b800000, 0x0000000093b00000, 0x00000000d9300000)
  object space 134144K, 56% used [0x000000008b800000,0x00000000901eaf68,0x0000000093b00000)
 Metaspace       used 72284K, capacity 75724K, committed 75904K, reserved 1116160K
  class space    used 8650K, capacity 9297K, committed 9344K, reserved 1048576K
}
Event: 1501,367 GC heap before
{Heap before GC invocations=32 (full 3):
 PSYoungGen      total 592896K, used 578928K [0x00000000d9300000, 0x00000000ffb00000, 0x0000000100000000)
  eden space 562176K, 100% used [0x00000000d9300000,0x00000000fb800000,0x00000000fb800000)
  from space 30720K, 54% used [0x00000000fdd00000,0x00000000fed5c0a0,0x00000000ffb00000)
  to   space 34304K, 0% used [0x00000000fb800000,0x00000000fb800000,0x00000000fd980000)
 ParOldGen       total 134144K, used 75691K [0x000000008b800000, 0x0000000093b00000, 0x00000000d9300000)
  object space 134144K, 56% used [0x000000008b800000,0x00000000901eaf68,0x0000000093b00000)
 Metaspace       used 72284K, capacity 75724K, committed 75904K, reserved 1116160K
  class space    used 8650K, capacity 9297K, committed 9344K, reserved 1048576K
Event: 1501,426 GC heap after
Heap after GC invocations=32 (full 3):
 PSYoungGen      total 596480K, used 14560K [0x00000000d9300000, 0x0000000100000000, 0x0000000100000000)
  eden space 562176K, 0% used [0x00000000d9300000,0x00000000d9300000,0x00000000fb800000)
  from space 34304K, 42% used [0x00000000fb800000,0x00000000fc6382b8,0x00000000fd980000)
  to   space 33280K, 0% used [0x00000000fdf80000,0x00000000fdf80000,0x0000000100000000)
 ParOldGen       total 134144K, used 78003K [0x000000008b800000, 0x0000000093b00000, 0x00000000d9300000)
  object space 134144K, 58% used [0x000000008b800000,0x000000009042cf88,0x0000000093b00000)
 Metaspace       used 72284K, capacity 75724K, committed 75904K, reserved 1116160K
  class space    used 8650K, capacity 9297K, committed 9344K, reserved 1048576K
}
Event: 1502,984 GC heap before
{Heap before GC invocations=33 (full 3):
 PSYoungGen      total 596480K, used 576736K [0x00000000d9300000, 0x0000000100000000, 0x0000000100000000)
  eden space 562176K, 100% used [0x00000000d9300000,0x00000000fb800000,0x00000000fb800000)
  from space 34304K, 42% used [0x00000000fb800000,0x00000000fc6382b8,0x00000000fd980000)
  to   space 33280K, 0% used [0x00000000fdf80000,0x00000000fdf80000,0x0000000100000000)
 ParOldGen       total 134144K, used 78003K [0x000000008b800000, 0x0000000093b00000, 0x00000000d9300000)
  object space 134144K, 58% used [0x000000008b800000,0x000000009042cf88,0x0000000093b00000)
 Metaspace       used 72288K, capacity 75730K, committed 75904K, reserved 1116160K
  class space    used 8651K, capacity 9298K, committed 9344K, reserved 1048576K
Event: 1503,034 GC heap after
Heap after GC invocations=33 (full 3):
 PSYoungGen      total 598528K, used 14368K [0x00000000d9300000, 0x00000000ffd00000, 0x0000000100000000)
  eden space 568320K, 0% used [0x00000000d9300000,0x00000000d9300000,0x00000000fbe00000)
  from space 30208K, 47% used [0x00000000fdf80000,0x00000000fed880b0,0x00000000ffd00000)
  to   space 32256K, 0% used [0x00000000fbe00000,0x00000000fbe00000,0x00000000fdd80000)
 ParOldGen       total 134144K, used 78219K [0x000000008b800000, 0x0000000093b00000, 0x00000000d9300000)
  object space 134144K, 58% used [0x000000008b800000,0x0000000090462f88,0x0000000093b00000)
 Metaspace       used 72288K, capacity 75730K, committed 75904K, reserved 1116160K
  class space    used 8651K, capacity 9298K, committed 9344K, reserved 1048576K
}
Event: 1504,559 GC heap before
{Heap before GC invocations=34 (full 3):
 PSYoungGen      total 598528K, used 582688K [0x00000000d9300000, 0x00000000ffd00000, 0x0000000100000000)
  eden space 568320K, 100% used [0x00000000d9300000,0x00000000fbe00000,0x00000000fbe00000)
  from space 30208K, 47% used [0x00000000fdf80000,0x00000000fed880b0,0x00000000ffd00000)
  to   space 32256K, 0% used [0x00000000fbe00000,0x00000000fbe00000,0x00000000fdd80000)
 ParOldGen       total 134144K, used 78219K [0x000000008b800000, 0x0000000093b00000, 0x00000000d9300000)
  object space 134144K, 58% used [0x000000008b800000,0x0000000090462f88,0x0000000093b00000)
 Metaspace       used 72288K, capacity 75730K, committed 75904K, reserved 1116160K
  class space    used 8651K, capacity 9298K, committed 9344K, reserved 1048576K
Event: 1504,608 GC heap after
Heap after GC invocations=34 (full 3):
 PSYoungGen      total 600576K, used 10912K [0x00000000d9300000, 0x0000000100000000, 0x0000000100000000)
  eden space 568320K, 0% used [0x00000000d9300000,0x00000000d9300000,0x00000000fbe00000)
  from space 32256K, 33% used [0x00000000fbe00000,0x00000000fc8a80b0,0x00000000fdd80000)
  to   space 31744K, 0% used [0x00000000fe100000,0x00000000fe100000,0x0000000100000000)
 ParOldGen       total 134144K, used 82028K [0x000000008b800000, 0x0000000093b00000, 0x00000000d9300000)
  object space 134144K, 61% used [0x000000008b800000,0x000000009081b1c0,0x0000000093b00000)
 Metaspace       used 72288K, capacity 75730K, committed 75904K, reserved 1116160K
  class space    used 8651K, capacity 9298K, committed 9344K, reserved 1048576K
}
Event: 1520,812 GC heap before
{Heap before GC invocations=35 (full 3):
 PSYoungGen      total 600576K, used 579232K [0x00000000d9300000, 0x0000000100000000, 0x0000000100000000)
  eden space 568320K, 100% used [0x00000000d9300000,0x00000000fbe00000,0x00000000fbe00000)
  from space 32256K, 33% used [0x00000000fbe00000,0x00000000fc8a80b0,0x00000000fdd80000)
  to   space 31744K, 0% used [0x00000000fe100000,0x00000000fe100000,0x0000000100000000)
 ParOldGen       total 134144K, used 82028K [0x000000008b800000, 0x0000000093b00000, 0x00000000d9300000)
  object space 134144K, 61% used [0x000000008b800000,0x000000009081b1c0,0x0000000093b00000)
 Metaspace       used 72368K, capacity 75802K, committed 75904K, reserved 1116160K
  class space    used 8657K, capacity 9310K, committed 9344K, reserved 1048576K
Event: 1520,875 GC heap after
Heap after GC invocations=35 (full 3):
 PSYoungGen      total 603136K, used 7808K [0x00000000d9300000, 0x00000000fff80000, 0x0000000100000000)
  eden space 571904K, 0% used [0x00000000d9300000,0x00000000d9300000,0x00000000fc180000)
  from space 31232K, 25% used [0x00000000fe100000,0x00000000fe8a0000,0x00000000fff80000)
  to   space 31744K, 0% used [0x00000000fc180000,0x00000000fc180000,0x00000000fe080000)
 ParOldGen       total 134144K, used 91357K [0x000000008b800000, 0x0000000093b00000, 0x00000000d9300000)
  object space 134144K, 68% used [0x000000008b800000,0x0000000091137708,0x0000000093b00000)
 Metaspace       used 72368K, capacity 75802K, committed 75904K, reserved 1116160K
  class space    used 8657K, capacity 9310K, committed 9344K, reserved 1048576K
}
Event: 1522,620 GC heap before
{Heap before GC invocations=36 (full 3):
 PSYoungGen      total 603136K, used 579712K [0x00000000d9300000, 0x00000000fff80000, 0x0000000100000000)
  eden space 571904K, 100% used [0x00000000d9300000,0x00000000fc180000,0x00000000fc180000)
  from space 31232K, 25% used [0x00000000fe100000,0x00000000fe8a0000,0x00000000fff80000)
  to   space 31744K, 0% used [0x00000000fc180000,0x00000000fc180000,0x00000000fe080000)
 ParOldGen       total 134144K, used 91357K [0x000000008b800000, 0x0000000093b00000, 0x00000000d9300000)
  object space 134144K, 68% used [0x000000008b800000,0x0000000091137708,0x0000000093b00000)
 Metaspace       used 72368K, capacity 75802K, committed 75904K, reserved 1116160K
  class space    used 8657K, capacity 9310K, committed 9344K, reserved 1048576K
Event: 1522,648 GC heap after
Heap after GC invocations=36 (full 3):
 PSYoungGen      total 603648K, used 6752K [0x00000000d9300000, 0x0000000100000000, 0x0000000100000000)
  eden space 571904K, 0% used [0x00000000d9300000,0x00000000d9300000,0x00000000fc180000)
  from space 31744K, 21% used [0x00000000fc180000,0x00000000fc818000,0x00000000fe080000)
  to   space 31744K, 0% used [0x00000000fe100000,0x00000000fe100000,0x0000000100000000)
 ParOldGen       total 134144K, used 91381K [0x000000008b800000, 0x0000000093b00000, 0x00000000d9300000)
  object space 134144K, 68% used [0x000000008b800000,0x000000009113d708,0x0000000093b00000)
 Metaspace       used 72368K, capacity 75802K, committed 75904K, reserved 1116160K
  class space    used 8657K, capacity 9310K, committed 9344K, reserved 1048576K
}
Event: 1524,704 GC heap before
{Heap before GC invocations=37 (full 3):
 PSYoungGen      total 603648K, used 578656K [0x00000000d9300000, 0x0000000100000000, 0x0000000100000000)
  eden space 571904K, 100% used [0x00000000d9300000,0x00000000fc180000,0x00000000fc180000)
  from space 31744K, 21% used [0x00000000fc180000,0x00000000fc818000,0x00000000fe080000)
  to   space 31744K, 0% used [0x00000000fe100000,0x00000000fe100000,0x0000000100000000)
 ParOldGen       total 134144K, used 91381K [0x000000008b800000, 0x0000000093b00000, 0x00000000d9300000)
  object space 134144K, 68% used [0x000000008b800000,0x000000009113d708,0x0000000093b00000)
 Metaspace       used 72370K, capacity 75802K, committed 75904K, reserved 1116160K
  class space    used 8657K, capacity 9310K, committed 9344K, reserved 1048576K
Event: 1524,739 GC heap after
Heap after GC invocations=37 (full 3):
 PSYoungGen      total 604160K, used 7072K [0x00000000d9300000, 0x0000000100000000, 0x0000000100000000)
  eden space 572416K, 0% used [0x00000000d9300000,0x00000000d9300000,0x00000000fc200000)
  from space 31744K, 22% used [0x00000000fe100000,0x00000000fe7e8000,0x0000000100000000)
  to   space 31744K, 0% used [0x00000000fc200000,0x00000000fc200000,0x00000000fe100000)
 ParOldGen       total 134144K, used 91389K [0x000000008b800000, 0x0000000093b00000, 0x00000000d9300000)
  object space 134144K, 68% used [0x000000008b800000,0x000000009113f708,0x0000000093b00000)
 Metaspace       used 72370K, capacity 75802K, committed 75904K, reserved 1116160K
  class space    used 8657K, capacity 9310K, committed 9344K, reserved 1048576K
}
Event: 1526,683 GC heap before
{Heap before GC invocations=38 (full 3):
 PSYoungGen      total 604160K, used 579488K [0x00000000d9300000, 0x0000000100000000, 0x0000000100000000)
  eden space 572416K, 100% used [0x00000000d9300000,0x00000000fc200000,0x00000000fc200000)
  from space 31744K, 22% used [0x00000000fe100000,0x00000000fe7e8000,0x0000000100000000)
  to   space 31744K, 0% used [0x00000000fc200000,0x00000000fc200000,0x00000000fe100000)
 ParOldGen       total 134144K, used 91389K [0x000000008b800000, 0x0000000093b00000, 0x00000000d9300000)
  object space 134144K, 68% used [0x000000008b800000,0x000000009113f708,0x0000000093b00000)
 Metaspace       used 72370K, capacity 75802K, committed 75904K, reserved 1116160K
  class space    used 8657K, capacity 9310K, committed 9344K, reserved 1048576K
Event: 1526,730 GC heap after
Heap after GC invocations=38 (full 3):
 PSYoungGen      total 580096K, used 7584K [0x00000000d9300000, 0x00000000ffe00000, 0x0000000100000000)
  eden space 572416K, 0% used [0x00000000d9300000,0x00000000d9300000,0x00000000fc200000)
  from space 7680K, 98% used [0x00000000fc200000,0x00000000fc968000,0x00000000fc980000)
  to   space 30720K, 0% used [0x00000000fe000000,0x00000000fe000000,0x00000000ffe00000)
 ParOldGen       total 134144K, used 91389K [0x000000008b800000, 0x0000000093b00000, 0x00000000d9300000)
  object space 134144K, 68% used [0x000000008b800000,0x000000009113f708,0x0000000093b00000)
 Metaspace       used 72370K, capacity 75802K, committed 75904K, reserved 1116160K
  class space    used 8657K, capacity 9310K, committed 9344K, reserved 1048576K
}
Event: 1528,678 GC heap before
{Heap before GC invocations=39 (full 3):
 PSYoungGen      total 580096K, used 580000K [0x00000000d9300000, 0x00000000ffe00000, 0x0000000100000000)
  eden space 572416K, 100% used [0x00000000d9300000,0x00000000fc200000,0x00000000fc200000)
  from space 7680K, 98% used [0x00000000fc200000,0x00000000fc968000,0x00000000fc980000)
  to   space 30720K, 0% used [0x00000000fe000000,0x00000000fe000000,0x00000000ffe00000)
 ParOldGen       total 134144K, used 91389K [0x000000008b800000, 0x0000000093b00000, 0x00000000d9300000)
  object space 134144K, 68% used [0x000000008b800000,0x000000009113f708,0x0000000093b00000)
 Metaspace       used 72370K, capacity 75802K, committed 75904K, reserved 1116160K
  class space    used 8657K, capacity 9310K, committed 9344K, reserved 1048576K
Event: 1528,702 GC heap after
Heap after GC invocations=39 (full 3):
 PSYoungGen      total 603648K, used 7040K [0x00000000d9300000, 0x0000000100000000, 0x0000000100000000)
  eden space 572928K, 0% used [0x00000000d9300000,0x00000000d9300000,0x00000000fc280000)
  from space 30720K, 22% used [0x00000000fe000000,0x00000000fe6e0000,0x00000000ffe00000)
  to   space 30208K, 0% used [0x00000000fc280000,0x00000000fc280000,0x00000000fe000000)
 ParOldGen       total 134144K, used 91389K [0x000000008b800000, 0x0000000093b00000, 0x00000000d9300000)
  object space 134144K, 68% used [0x000000008b800000,0x000000009113f708,0x0000000093b00000)
 Metaspace       used 72370K, capacity 75802K, committed 75904K, reserved 1116160K
  class space    used 8657K, capacity 9310K, committed 9344K, reserved 1048576K
}
Event: 1530,203 GC heap before
{Heap before GC invocations=40 (full 3):
 PSYoungGen      total 603648K, used 579968K [0x00000000d9300000, 0x0000000100000000, 0x0000000100000000)
  eden space 572928K, 100% used [0x00000000d9300000,0x00000000fc280000,0x00000000fc280000)
  from space 30720K, 22% used [0x00000000fe000000,0x00000000fe6e0000,0x00000000ffe00000)
  to   space 30208K, 0% used [0x00000000fc280000,0x00000000fc280000,0x00000000fe000000)
 ParOldGen       total 134144K, used 91389K [0x000000008b800000, 0x0000000093b00000, 0x00000000d9300000)
  object space 134144K, 68% used [0x000000008b800000,0x000000009113f708,0x0000000093b00000)
 Metaspace       used 72370K, capacity 75802K, committed 75904K, reserved 1116160K
  class space    used 8657K, capacity 9310K, committed 9344K, reserved 1048576K
Event: 1530,237 GC heap after
Heap after GC invocations=40 (full 3):
 PSYoungGen      total 603136K, used 7648K [0x00000000d9300000, 0x00000000ffe80000, 0x0000000100000000)
  eden space 572928K, 0% used [0x00000000d9300000,0x00000000d9300000,0x00000000fc280000)
  from space 30208K, 25% used [0x00000000fc280000,0x00000000fc9f8000,0x00000000fe000000)
  to   space 29696K, 0% used [0x00000000fe180000,0x00000000fe180000,0x00000000ffe80000)
 ParOldGen       total 134144K, used 91389K [0x000000008b800000, 0x0000000093b00000, 0x00000000d9300000)
  object space 134144K, 68% used [0x000000008b800000,0x000000009113f708,0x0000000093b00000)
 Metaspace       used 72370K, capacity 75802K, committed 75904K, reserved 1116160K
  class space    used 8657K, capacity 9310K, committed 9344K, reserved 1048576K
}
Event: 1531,941 GC heap before
{Heap before GC invocations=41 (full 3):
 PSYoungGen      total 603136K, used 580576K [0x00000000d9300000, 0x00000000ffe80000, 0x0000000100000000)
  eden space 572928K, 100% used [0x00000000d9300000,0x00000000fc280000,0x00000000fc280000)
  from space 30208K, 25% used [0x00000000fc280000,0x00000000fc9f8000,0x00000000fe000000)
  to   space 29696K, 0% used [0x00000000fe180000,0x00000000fe180000,0x00000000ffe80000)
 ParOldGen       total 134144K, used 91389K [0x000000008b800000, 0x0000000093b00000, 0x00000000d9300000)
  object space 134144K, 68% used [0x000000008b800000,0x000000009113f708,0x0000000093b00000)
 Metaspace       used 72370K, capacity 75802K, committed 75904K, reserved 1116160K
  class space    used 8657K, capacity 9310K, committed 9344K, reserved 1048576K
Event: 1531,976 GC heap after
Heap after GC invocations=41 (full 3):
 PSYoungGen      total 604672K, used 7232K [0x00000000d9300000, 0x00000000ffd80000, 0x0000000100000000)
  eden space 576000K, 0% used [0x00000000d9300000,0x00000000d9300000,0x00000000fc580000)
  from space 28672K, 25% used [0x00000000fe180000,0x00000000fe890000,0x00000000ffd80000)
  to   space 28672K, 0% used [0x00000000fc580000,0x00000000fc580000,0x00000000fe180000)
 ParOldGen       total 134144K, used 91389K [0x000000008b800000, 0x0000000093b00000, 0x00000000d9300000)
  object space 134144K, 68% used [0x000000008b800000,0x000000009113f708,0x0000000093b00000)
 Metaspace       used 72370K, capacity 75802K, committed 75904K, reserved 1116160K
  class space    used 8657K, capacity 9310K, committed 9344K, reserved 1048576K
}
Event: 1535,239 GC heap before
{Heap before GC invocations=42 (full 3):
 PSYoungGen      total 604672K, used 583232K [0x00000000d9300000, 0x00000000ffd80000, 0x0000000100000000)
  eden space 576000K, 100% used [0x00000000d9300000,0x00000000fc580000,0x00000000fc580000)
  from space 28672K, 25% used [0x00000000fe180000,0x00000000fe890000,0x00000000ffd80000)
  to   space 28672K, 0% used [0x00000000fc580000,0x00000000fc580000,0x00000000fe180000)
 ParOldGen       total 134144K, used 91389K [0x000000008b800000, 0x0000000093b00000, 0x00000000d9300000)
  object space 134144K, 68% used [0x000000008b800000,0x000000009113f708,0x0000000093b00000)
 Metaspace       used 72426K, capacity 75844K, committed 75904K, reserved 1116160K
  class space    used 8661K, capacity 9317K, committed 9344K, reserved 1048576K
Event: 1535,315 GC heap after
Heap after GC invocations=42 (full 3):
 PSYoungGen      total 604672K, used 6896K [0x00000000d9300000, 0x00000000ffe00000, 0x0000000100000000)
  eden space 576000K, 0% used [0x00000000d9300000,0x00000000d9300000,0x00000000fc580000)
  from space 28672K, 24% used [0x00000000fc580000,0x00000000fcc3c010,0x00000000fe180000)
  to   space 27648K, 0% used [0x00000000fe300000,0x00000000fe300000,0x00000000ffe00000)
 ParOldGen       total 134144K, used 91397K [0x000000008b800000, 0x0000000093b00000, 0x00000000d9300000)
  object space 134144K, 68% used [0x000000008b800000,0x0000000091141708,0x0000000093b00000)
 Metaspace       used 72426K, capacity 75844K, committed 75904K, reserved 1116160K
  class space    used 8661K, capacity 9317K, committed 9344K, reserved 1048576K
}
Event: 1537,224 GC heap before
{Heap before GC invocations=43 (full 3):
 PSYoungGen      total 604672K, used 582896K [0x00000000d9300000, 0x00000000ffe00000, 0x0000000100000000)
  eden space 576000K, 100% used [0x00000000d9300000,0x00000000fc580000,0x00000000fc580000)
  from space 28672K, 24% used [0x00000000fc580000,0x00000000fcc3c010,0x00000000fe180000)
  to   space 27648K, 0% used [0x00000000fe300000,0x00000000fe300000,0x00000000ffe00000)
 ParOldGen       total 134144K, used 91397K [0x000000008b800000, 0x0000000093b00000, 0x00000000d9300000)
  object space 134144K, 68% used [0x000000008b800000,0x0000000091141708,0x0000000093b00000)
 Metaspace       used 72426K, capacity 75844K, committed 75904K, reserved 1116160K
  class space    used 8661K, capacity 9317K, committed 9344K, reserved 1048576K
Event: 1537,260 GC heap after
Heap after GC invocations=43 (full 3):
 PSYoungGen      total 606720K, used 6896K [0x00000000d9300000, 0x00000000ffe00000, 0x0000000100000000)
  eden space 579072K, 0% used [0x00000000d9300000,0x00000000d9300000,0x00000000fc880000)
  from space 27648K, 24% used [0x00000000fe300000,0x00000000fe9bc010,0x00000000ffe00000)
  to   space 27136K, 0% used [0x00000000fc880000,0x00000000fc880000,0x00000000fe300000)
 ParOldGen       total 134144K, used 91397K [0x000000008b800000, 0x0000000093b00000, 0x00000000d9300000)
  object space 134144K, 68% used [0x000000008b800000,0x0000000091141708,0x0000000093b00000)
 Metaspace       used 72426K, capacity 75844K, committed 75904K, reserved 1116160K
  class space    used 8661K, capacity 9317K, committed 9344K, reserved 1048576K
}
Event: 1538,934 GC heap before
{Heap before GC invocations=44 (full 3):
 PSYoungGen      total 606720K, used 585968K [0x00000000d9300000, 0x00000000ffe00000, 0x0000000100000000)
  eden space 579072K, 100% used [0x00000000d9300000,0x00000000fc880000,0x00000000fc880000)
  from space 27648K, 24% used [0x00000000fe300000,0x00000000fe9bc010,0x00000000ffe00000)
  to   space 27136K, 0% used [0x00000000fc880000,0x00000000fc880000,0x00000000fe300000)
 ParOldGen       total 134144K, used 91397K [0x000000008b800000, 0x0000000093b00000, 0x00000000d9300000)
  object space 134144K, 68% used [0x000000008b800000,0x0000000091141708,0x0000000093b00000)
 Metaspace       used 72426K, capacity 75844K, committed 75904K, reserved 1116160K
  class space    used 8661K, capacity 9317K, committed 9344K, reserved 1048576K
Event: 1538,989 GC heap after
Heap after GC invocations=44 (full 3):
 PSYoungGen      total 606208K, used 6544K [0x00000000d9300000, 0x00000000ffd80000, 0x0000000100000000)
  eden space 579072K, 0% used [0x00000000d9300000,0x00000000d9300000,0x00000000fc880000)
  from space 27136K, 24% used [0x00000000fc880000,0x00000000fcee4010,0x00000000fe300000)
  to   space 26112K, 0% used [0x00000000fe400000,0x00000000fe400000,0x00000000ffd80000)
 ParOldGen       total 134144K, used 91397K [0x000000008b800000, 0x0000000093b00000, 0x00000000d9300000)
  object space 134144K, 68% used [0x000000008b800000,0x0000000091141708,0x0000000093b00000)
 Metaspace       used 72426K, capacity 75844K, committed 75904K, reserved 1116160K
  class space    used 8661K, capacity 9317K, committed 9344K, reserved 1048576K
}
Event: 1540,736 GC heap before
{Heap before GC invocations=45 (full 3):
 PSYoungGen      total 606208K, used 585616K [0x00000000d9300000, 0x00000000ffd80000, 0x0000000100000000)
  eden space 579072K, 100% used [0x00000000d9300000,0x00000000fc880000,0x00000000fc880000)
  from space 27136K, 24% used [0x00000000fc880000,0x00000000fcee4010,0x00000000fe300000)
  to   space 26112K, 0% used [0x00000000fe400000,0x00000000fe400000,0x00000000ffd80000)
 ParOldGen       total 134144K, used 91397K [0x000000008b800000, 0x0000000093b00000, 0x00000000d9300000)
  object space 134144K, 68% used [0x000000008b800000,0x0000000091141708,0x0000000093b00000)
 Metaspace       used 72426K, capacity 75844K, committed 75904K, reserved 1116160K
  class space    used 8661K, capacity 9317K, committed 9344K, reserved 1048576K
Event: 1540,761 GC heap after
Heap after GC invocations=45 (full 3):
 PSYoungGen      total 607744K, used 5584K [0x00000000d9300000, 0x00000000ffd00000, 0x0000000100000000)
  eden space 582144K, 0% used [0x00000000d9300000,0x00000000d9300000,0x00000000fcb80000)
  from space 25600K, 21% used [0x00000000fe400000,0x00000000fe974010,0x00000000ffd00000)
  to   space 25088K, 0% used [0x00000000fcb80000,0x00000000fcb80000,0x00000000fe400000)
 ParOldGen       total 134144K, used 92173K [0x000000008b800000, 0x0000000093b00000, 0x00000000d9300000)
  object space 134144K, 68% used [0x000000008b800000,0x0000000091203708,0x0000000093b00000)
 Metaspace       used 72426K, capacity 75844K, committed 75904K, reserved 1116160K
  class space    used 8661K, capacity 9317K, committed 9344K, reserved 1048576K
}
Event: 1542,422 GC heap before
{Heap before GC invocations=46 (full 3):
 PSYoungGen      total 607744K, used 587728K [0x00000000d9300000, 0x00000000ffd00000, 0x0000000100000000)
  eden space 582144K, 100% used [0x00000000d9300000,0x00000000fcb80000,0x00000000fcb80000)
  from space 25600K, 21% used [0x00000000fe400000,0x00000000fe974010,0x00000000ffd00000)
  to   space 25088K, 0% used [0x00000000fcb80000,0x00000000fcb80000,0x00000000fe400000)
 ParOldGen       total 134144K, used 92173K [0x000000008b800000, 0x0000000093b00000, 0x00000000d9300000)
  object space 134144K, 68% used [0x000000008b800000,0x0000000091203708,0x0000000093b00000)
 Metaspace       used 72426K, capacity 75844K, committed 75904K, reserved 1116160K
  class space    used 8661K, capacity 9317K, committed 9344K, reserved 1048576K
Event: 1542,457 GC heap after
Heap after GC invocations=46 (full 3):
 PSYoungGen      total 607232K, used 5520K [0x00000000d9300000, 0x00000000ffe80000, 0x0000000100000000)
  eden space 582144K, 0% used [0x00000000d9300000,0x00000000d9300000,0x00000000fcb80000)
  from space 25088K, 22% used [0x00000000fcb80000,0x00000000fd0e4010,0x00000000fe400000)
  to   space 24576K, 0% used [0x00000000fe680000,0x00000000fe680000,0x00000000ffe80000)
 ParOldGen       total 134144K, used 92189K [0x000000008b800000, 0x0000000093b00000, 0x00000000d9300000)
  object space 134144K, 68% used [0x000000008b800000,0x0000000091207708,0x0000000093b00000)
 Metaspace       used 72426K, capacity 75844K, committed 75904K, reserved 1116160K
  class space    used 8661K, capacity 9317K, committed 9344K, reserved 1048576K
}
Event: 1544,239 GC heap before
{Heap before GC invocations=47 (full 3):
 PSYoungGen      total 607232K, used 587664K [0x00000000d9300000, 0x00000000ffe80000, 0x0000000100000000)
  eden space 582144K, 100% used [0x00000000d9300000,0x00000000fcb80000,0x00000000fcb80000)
  from space 25088K, 22% used [0x00000000fcb80000,0x00000000fd0e4010,0x00000000fe400000)
  to   space 24576K, 0% used [0x00000000fe680000,0x00000000fe680000,0x00000000ffe80000)
 ParOldGen       total 134144K, used 92189K [0x000000008b800000, 0x0000000093b00000, 0x00000000d9300000)
  object space 134144K, 68% used [0x000000008b800000,0x0000000091207708,0x0000000093b00000)
 Metaspace       used 72427K, capacity 75844K, committed 75904K, reserved 1116160K
  class space    used 8661K, capacity 9317K, committed 9344K, reserved 1048576K
Event: 1544,261 GC heap after
Heap after GC invocations=47 (full 3):
 PSYoungGen      total 609792K, used 5360K [0x00000000d9300000, 0x00000000ffd80000, 0x0000000100000000)
  eden space 586240K, 0% used [0x00000000d9300000,0x00000000d9300000,0x00000000fcf80000)
  from space 23552K, 22% used [0x00000000fe680000,0x00000000febbc010,0x00000000ffd80000)
  to   space 23552K, 0% used [0x00000000fcf80000,0x00000000fcf80000,0x00000000fe680000)
 ParOldGen       total 134144K, used 92237K [0x000000008b800000, 0x0000000093b00000, 0x00000000d9300000)
  object space 134144K, 68% used [0x000000008b800000,0x0000000091213708,0x0000000093b00000)
 Metaspace       used 72427K, capacity 75844K, committed 75904K, reserved 1116160K
  class space    used 8661K, capacity 9317K, committed 9344K, reserved 1048576K
}
Event: 1545,855 GC heap before
{Heap before GC invocations=48 (full 3):
 PSYoungGen      total 609792K, used 591600K [0x00000000d9300000, 0x00000000ffd80000, 0x0000000100000000)
  eden space 586240K, 100% used [0x00000000d9300000,0x00000000fcf80000,0x00000000fcf80000)
  from space 23552K, 22% used [0x00000000fe680000,0x00000000febbc010,0x00000000ffd80000)
  to   space 23552K, 0% used [0x00000000fcf80000,0x00000000fcf80000,0x00000000fe680000)
 ParOldGen       total 134144K, used 92237K [0x000000008b800000, 0x0000000093b00000, 0x00000000d9300000)
  object space 134144K, 68% used [0x000000008b800000,0x0000000091213708,0x0000000093b00000)
 Metaspace       used 72427K, capacity 75844K, committed 75904K, reserved 1116160K
  class space    used 8661K, capacity 9317K, committed 9344K, reserved 1048576K
Event: 1545,883 GC heap after
Heap after GC invocations=48 (full 3):
 PSYoungGen      total 609792K, used 5552K [0x00000000d9300000, 0x00000000fff00000, 0x0000000100000000)
  eden space 586240K, 0% used [0x00000000d9300000,0x00000000d9300000,0x00000000fcf80000)
  from space 23552K, 23% used [0x00000000fcf80000,0x00000000fd4ec010,0x00000000fe680000)
  to   space 23040K, 0% used [0x00000000fe880000,0x00000000fe880000,0x00000000fff00000)
 ParOldGen       total 134144K, used 92253K [0x000000008b800000, 0x0000000093b00000, 0x00000000d9300000)
  object space 134144K, 68% used [0x000000008b800000,0x0000000091217708,0x0000000093b00000)
 Metaspace       used 72427K, capacity 75844K, committed 75904K, reserved 1116160K
  class space    used 8661K, capacity 9317K, committed 9344K, reserved 1048576K
}
Event: 1547,784 GC heap before
{Heap before GC invocations=49 (full 3):
 PSYoungGen      total 609792K, used 591792K [0x00000000d9300000, 0x00000000fff00000, 0x0000000100000000)
  eden space 586240K, 100% used [0x00000000d9300000,0x00000000fcf80000,0x00000000fcf80000)
  from space 23552K, 23% used [0x00000000fcf80000,0x00000000fd4ec010,0x00000000fe680000)
  to   space 23040K, 0% used [0x00000000fe880000,0x00000000fe880000,0x00000000fff00000)
 ParOldGen       total 134144K, used 92253K [0x000000008b800000, 0x0000000093b00000, 0x00000000d9300000)
  object space 134144K, 68% used [0x000000008b800000,0x0000000091217708,0x0000000093b00000)
 Metaspace       used 72427K, capacity 75844K, committed 75904K, reserved 1116160K
  class space    used 8661K, capacity 9317K, committed 9344K, reserved 1048576K
Event: 1547,848 GC heap after
Heap after GC invocations=49 (full 3):
 PSYoungGen      total 611840K, used 2592K [0x00000000d9300000, 0x00000000ffe80000, 0x0000000100000000)
  eden space 589312K, 0% used [0x00000000d9300000,0x00000000d9300000,0x00000000fd280000)
  from space 22528K, 11% used [0x00000000fe880000,0x00000000feb08000,0x00000000ffe80000)
  to   space 22528K, 0% used [0x00000000fd280000,0x00000000fd280000,0x00000000fe880000)
 ParOldGen       total 134144K, used 92253K [0x000000008b800000, 0x0000000093b00000, 0x00000000d9300000)
  object space 134144K, 68% used [0x000000008b800000,0x0000000091217708,0x0000000093b00000)
 Metaspace       used 72427K, capacity 75844K, committed 75904K, reserved 1116160K
  class space    used 8661K, capacity 9317K, committed 9344K, reserved 1048576K
}
Event: 1550,397 GC heap before
{Heap before GC invocations=50 (full 3):
 PSYoungGen      total 611840K, used 591904K [0x00000000d9300000, 0x00000000ffe80000, 0x0000000100000000)
  eden space 589312K, 100% used [0x00000000d9300000,0x00000000fd280000,0x00000000fd280000)
  from space 22528K, 11% used [0x00000000fe880000,0x00000000feb08000,0x00000000ffe80000)
  to   space 22528K, 0% used [0x00000000fd280000,0x00000000fd280000,0x00000000fe880000)
 ParOldGen       total 134144K, used 92253K [0x000000008b800000, 0x0000000093b00000, 0x00000000d9300000)
  object space 134144K, 68% used [0x000000008b800000,0x0000000091217708,0x0000000093b00000)
 Metaspace       used 72431K, capacity 75914K, committed 76160K, reserved 1116160K
  class space    used 8662K, capacity 9318K, committed 9344K, reserved 1048576K
Event: 1550,437 GC heap after
Heap after GC invocations=50 (full 3):
 PSYoungGen      total 611840K, used 5744K [0x00000000d9300000, 0x00000000ffe00000, 0x0000000100000000)
  eden space 589312K, 0% used [0x00000000d9300000,0x00000000d9300000,0x00000000fd280000)
  from space 22528K, 25% used [0x00000000fd280000,0x00000000fd81c010,0x00000000fe880000)
  to   space 21504K, 0% used [0x00000000fe900000,0x00000000fe900000,0x00000000ffe00000)
 ParOldGen       total 134144K, used 93333K [0x000000008b800000, 0x0000000093b00000, 0x00000000d9300000)
  object space 134144K, 69% used [0x000000008b800000,0x0000000091325748,0x0000000093b00000)
 Metaspace       used 72431K, capacity 75914K, committed 76160K, reserved 1116160K
  class space    used 8662K, capacity 9318K, committed 9344K, reserved 1048576K
}
Event: 1552,206 GC heap before
{Heap before GC invocations=51 (full 3):
 PSYoungGen      total 611840K, used 595056K [0x00000000d9300000, 0x00000000ffe00000, 0x0000000100000000)
  eden space 589312K, 100% used [0x00000000d9300000,0x00000000fd280000,0x00000000fd280000)
  from space 22528K, 25% used [0x00000000fd280000,0x00000000fd81c010,0x00000000fe880000)
  to   space 21504K, 0% used [0x00000000fe900000,0x00000000fe900000,0x00000000ffe00000)
 ParOldGen       total 134144K, used 93333K [0x000000008b800000, 0x0000000093b00000, 0x00000000d9300000)
  object space 134144K, 69% used [0x000000008b800000,0x0000000091325748,0x0000000093b00000)
 Metaspace       used 72431K, capacity 75914K, committed 76160K, reserved 1116160K
  class space    used 8662K, capacity 9318K, committed 9344K, reserved 1048576K
Event: 1552,232 GC heap after
Heap after GC invocations=51 (full 3):
 PSYoungGen      total 612864K, used 4096K [0x00000000d9300000, 0x00000000ffe00000, 0x0000000100000000)
  eden space 591360K, 0% used [0x00000000d9300000,0x00000000d9300000,0x00000000fd480000)
  from space 21504K, 19% used [0x00000000fe900000,0x00000000fed00000,0x00000000ffe00000)
  to   space 20992K, 0% used [0x00000000fd480000,0x00000000fd480000,0x00000000fe900000)
 ParOldGen       total 134144K, used 94389K [0x000000008b800000, 0x0000000093b00000, 0x00000000d9300000)
  object space 134144K, 70% used [0x000000008b800000,0x000000009142d748,0x0000000093b00000)
 Metaspace       used 72431K, capacity 75914K, committed 76160K, reserved 1116160K
  class space    used 8662K, capacity 9318K, committed 9344K, reserved 1048576K
}
Event: 1553,987 GC heap before
{Heap before GC invocations=52 (full 3):
 PSYoungGen      total 612864K, used 595456K [0x00000000d9300000, 0x00000000ffe00000, 0x0000000100000000)
  eden space 591360K, 100% used [0x00000000d9300000,0x00000000fd480000,0x00000000fd480000)
  from space 21504K, 19% used [0x00000000fe900000,0x00000000fed00000,0x00000000ffe00000)
  to   space 20992K, 0% used [0x00000000fd480000,0x00000000fd480000,0x00000000fe900000)
 ParOldGen       total 134144K, used 94389K [0x000000008b800000, 0x0000000093b00000, 0x00000000d9300000)
  object space 134144K, 70% used [0x000000008b800000,0x000000009142d748,0x0000000093b00000)
 Metaspace       used 72436K, capacity 75914K, committed 76160K, reserved 1116160K
  class space    used 8662K, capacity 9318K, committed 9344K, reserved 1048576K
Event: 1554,013 GC heap after
Heap after GC invocations=52 (full 3):
 PSYoungGen      total 612352K, used 3392K [0x00000000d9300000, 0x00000000ffe80000, 0x0000000100000000)
  eden space 591360K, 0% used [0x00000000d9300000,0x00000000d9300000,0x00000000fd480000)
  from space 20992K, 16% used [0x00000000fd480000,0x00000000fd7d0000,0x00000000fe900000)
  to   space 20480K, 0% used [0x00000000fea80000,0x00000000fea80000,0x00000000ffe80000)
 ParOldGen       total 134144K, used 94405K [0x000000008b800000, 0x0000000093b00000, 0x00000000d9300000)
  object space 134144K, 70% used [0x000000008b800000,0x0000000091431748,0x0000000093b00000)
 Metaspace       used 72436K, capacity 75914K, committed 76160K, reserved 1116160K
  class space    used 8662K, capacity 9318K, committed 9344K, reserved 1048576K
}
Event: 1555,720 GC heap before
{Heap before GC invocations=53 (full 3):
 PSYoungGen      total 612352K, used 594752K [0x00000000d9300000, 0x00000000ffe80000, 0x0000000100000000)
  eden space 591360K, 100% used [0x00000000d9300000,0x00000000fd480000,0x00000000fd480000)
  from space 20992K, 16% used [0x00000000fd480000,0x00000000fd7d0000,0x00000000fe900000)
  to   space 20480K, 0% used [0x00000000fea80000,0x00000000fea80000,0x00000000ffe80000)
 ParOldGen       total 134144K, used 94405K [0x000000008b800000, 0x0000000093b00000, 0x00000000d9300000)
  object space 134144K, 70% used [0x000000008b800000,0x0000000091431748,0x0000000093b00000)
 Metaspace       used 72436K, capacity 75914K, committed 76160K, reserved 1116160K
  class space    used 8662K, capacity 9318K, committed 9344K, reserved 1048576K
Event: 1555,739 GC heap after
Heap after GC invocations=53 (full 3):
 PSYoungGen      total 613888K, used 3776K [0x00000000d9300000, 0x00000000ffd80000, 0x0000000100000000)
  eden space 594432K, 0% used [0x00000000d9300000,0x00000000d9300000,0x00000000fd780000)
  from space 19456K, 19% used [0x00000000fea80000,0x00000000fee30000,0x00000000ffd80000)
  to   space 19456K, 0% used [0x00000000fd780000,0x00000000fd780000,0x00000000fea80000)
 ParOldGen       total 134144K, used 94405K [0x000000008b800000, 0x0000000093b00000, 0x00000000d9300000)
  object space 134144K, 70% used [0x000000008b800000,0x0000000091431748,0x0000000093b00000)
 Metaspace       used 72436K, capacity 75914K, committed 76160K, reserved 1116160K
  class space    used 8662K, capacity 9318K, committed 9344K, reserved 1048576K
}
Event: 1557,345 GC heap before
{Heap before GC invocations=54 (full 3):
 PSYoungGen      total 613888K, used 598208K [0x00000000d9300000, 0x00000000ffd80000, 0x0000000100000000)
  eden space 594432K, 100% used [0x00000000d9300000,0x00000000fd780000,0x00000000fd780000)
  from space 19456K, 19% used [0x00000000fea80000,0x00000000fee30000,0x00000000ffd80000)
  to   space 19456K, 0% used [0x00000000fd780000,0x00000000fd780000,0x00000000fea80000)
 ParOldGen       total 134144K, used 94405K [0x000000008b800000, 0x0000000093b00000, 0x00000000d9300000)
  object space 134144K, 70% used [0x000000008b800000,0x0000000091431748,0x0000000093b00000)
 Metaspace       used 72436K, capacity 75914K, committed 76160K, reserved 1116160K
  class space    used 8662K, capacity 9318K, committed 9344K, reserved 1048576K
Event: 1557,361 GC heap after
Heap after GC invocations=54 (full 3):
 PSYoungGen      total 613888K, used 3264K [0x00000000d9300000, 0x00000000fff00000, 0x0000000100000000)
  eden space 594432K, 0% used [0x00000000d9300000,0x00000000d9300000,0x00000000fd780000)
  from space 19456K, 16% used [0x00000000fd780000,0x00000000fdab0000,0x00000000fea80000)
  to   space 18944K, 0% used [0x00000000fec80000,0x00000000fec80000,0x00000000fff00000)
 ParOldGen       total 134144K, used 94405K [0x000000008b800000, 0x0000000093b00000, 0x00000000d9300000)
  object space 134144K, 70% used [0x000000008b800000,0x0000000091431748,0x0000000093b00000)
 Metaspace       used 72436K, capacity 75914K, committed 76160K, reserved 1116160K
  class space    used 8662K, capacity 9318K, committed 9344K, reserved 1048576K
}
Event: 1558,956 GC heap before
{Heap before GC invocations=55 (full 3):
 PSYoungGen      total 613888K, used 597696K [0x00000000d9300000, 0x00000000fff00000, 0x0000000100000000)
  eden space 594432K, 100% used [0x00000000d9300000,0x00000000fd780000,0x00000000fd780000)
  from space 19456K, 16% used [0x00000000fd780000,0x00000000fdab0000,0x00000000fea80000)
  to   space 18944K, 0% used [0x00000000fec80000,0x00000000fec80000,0x00000000fff00000)
 ParOldGen       total 134144K, used 94405K [0x000000008b800000, 0x0000000093b00000, 0x00000000d9300000)
  object space 134144K, 70% used [0x000000008b800000,0x0000000091431748,0x0000000093b00000)
 Metaspace       used 72436K, capacity 75914K, committed 76160K, reserved 1116160K
  class space    used 8662K, capacity 9318K, committed 9344K, reserved 1048576K
Event: 1558,985 GC heap after
Heap after GC invocations=55 (full 3):
 PSYoungGen      total 614912K, used 3808K [0x00000000d9300000, 0x00000000ffd80000, 0x0000000100000000)
  eden space 597504K, 0% used [0x00000000d9300000,0x00000000d9300000,0x00000000fda80000)
  from space 17408K, 21% used [0x00000000fec80000,0x00000000ff038000,0x00000000ffd80000)
  to   space 17920K, 0% used [0x00000000fda80000,0x00000000fda80000,0x00000000fec00000)
 ParOldGen       total 134144K, used 94405K [0x000000008b800000, 0x0000000093b00000, 0x00000000d9300000)
  object space 134144K, 70% used [0x000000008b800000,0x0000000091431748,0x0000000093b00000)
 Metaspace       used 72436K, capacity 75914K, committed 76160K, reserved 1116160K
  class space    used 8662K, capacity 9318K, committed 9344K, reserved 1048576K
}
Event: 1561,034 GC heap before
{Heap before GC invocations=56 (full 3):
 PSYoungGen      total 614912K, used 601312K [0x00000000d9300000, 0x00000000ffd80000, 0x0000000100000000)
  eden space 597504K, 100% used [0x00000000d9300000,0x00000000fda80000,0x00000000fda80000)
  from space 17408K, 21% used [0x00000000fec80000,0x00000000ff038000,0x00000000ffd80000)
  to   space 17920K, 0% used [0x00000000fda80000,0x00000000fda80000,0x00000000fec00000)
 ParOldGen       total 134144K, used 94405K [0x000000008b800000, 0x0000000093b00000, 0x00000000d9300000)
  object space 134144K, 70% used [0x000000008b800000,0x0000000091431748,0x0000000093b00000)
 Metaspace       used 72436K, capacity 75914K, committed 76160K, reserved 1116160K
  class space    used 8662K, capacity 9318K, committed 9344K, reserved 1048576K
Event: 1561,051 GC heap after
Heap after GC invocations=56 (full 3):
 PSYoungGen      total 615424K, used 3456K [0x00000000d9300000, 0x00000000fff80000, 0x0000000100000000)
  eden space 597504K, 0% used [0x00000000d9300000,0x00000000d9300000,0x00000000fda80000)
  from space 17920K, 19% used [0x00000000fda80000,0x00000000fdde0000,0x00000000fec00000)
  to   space 17408K, 0% used [0x00000000fee80000,0x00000000fee80000,0x00000000fff80000)
 ParOldGen       total 134144K, used 94405K [0x000000008b800000, 0x0000000093b00000, 0x00000000d9300000)
  object space 134144K, 70% used [0x000000008b800000,0x0000000091431748,0x0000000093b00000)
 Metaspace       used 72436K, capacity 75914K, committed 76160K, reserved 1116160K
  class space    used 8662K, capacity 9318K, committed 9344K, reserved 1048576K
}
Event: 1563,269 GC heap before
{Heap before GC invocations=57 (full 3):
 PSYoungGen      total 615424K, used 600960K [0x00000000d9300000, 0x00000000fff80000, 0x0000000100000000)
  eden space 597504K, 100% used [0x00000000d9300000,0x00000000fda80000,0x00000000fda80000)
  from space 17920K, 19% used [0x00000000fda80000,0x00000000fdde0000,0x00000000fec00000)
  to   space 17408K, 0% used [0x00000000fee80000,0x00000000fee80000,0x00000000fff80000)
 ParOldGen       total 134144K, used 94405K [0x000000008b800000, 0x0000000093b00000, 0x00000000d9300000)
  object space 134144K, 70% used [0x000000008b800000,0x0000000091431748,0x0000000093b00000)
 Metaspace       used 72449K, capacity 75932K, committed 76160K, reserved 1116160K
  class space    used 8663K, capacity 9321K, committed 9344K, reserved 1048576K
Event: 1563,291 GC heap after
Heap after GC invocations=57 (full 3):
 PSYoungGen      total 616960K, used 3488K [0x00000000d9300000, 0x00000000ffe80000, 0x0000000100000000)
  eden space 600576K, 0% used [0x00000000d9300000,0x00000000d9300000,0x00000000fdd80000)
  from space 16384K, 21% used [0x00000000fee80000,0x00000000ff1e8000,0x00000000ffe80000)
  to   space 16896K, 0% used [0x00000000fdd80000,0x00000000fdd80000,0x00000000fee00000)
 ParOldGen       total 134144K, used 94757K [0x000000008b800000, 0x0000000093b00000, 0x00000000d9300000)
  object space 134144K, 70% used [0x000000008b800000,0x0000000091489788,0x0000000093b00000)
 Metaspace       used 72449K, capacity 75932K, committed 76160K, reserved 1116160K
  class space    used 8663K, capacity 9321K, committed 9344K, reserved 1048576K
}
Event: 1564,947 GC heap before
{Heap before GC invocations=58 (full 3):
 PSYoungGen      total 616960K, used 604064K [0x00000000d9300000, 0x00000000ffe80000, 0x0000000100000000)
  eden space 600576K, 100% used [0x00000000d9300000,0x00000000fdd80000,0x00000000fdd80000)
  from space 16384K, 21% used [0x00000000fee80000,0x00000000ff1e8000,0x00000000ffe80000)
  to   space 16896K, 0% used [0x00000000fdd80000,0x00000000fdd80000,0x00000000fee00000)
 ParOldGen       total 134144K, used 94757K [0x000000008b800000, 0x0000000093b00000, 0x00000000d9300000)
  object space 134144K, 70% used [0x000000008b800000,0x0000000091489788,0x0000000093b00000)
 Metaspace       used 72449K, capacity 75932K, committed 76160K, reserved 1116160K
  class space    used 8663K, capacity 9321K, committed 9344K, reserved 1048576K
Event: 1564,964 GC heap after
Heap after GC invocations=58 (full 3):
 PSYoungGen      total 617472K, used 3360K [0x00000000d9300000, 0x00000000ffe80000, 0x0000000100000000)
  eden space 600576K, 0% used [0x00000000d9300000,0x00000000d9300000,0x00000000fdd80000)
  from space 16896K, 19% used [0x00000000fdd80000,0x00000000fe0c8000,0x00000000fee00000)
  to   space 15872K, 0% used [0x00000000fef00000,0x00000000fef00000,0x00000000ffe80000)
 ParOldGen       total 134144K, used 94757K [0x000000008b800000, 0x0000000093b00000, 0x00000000d9300000)
  object space 134144K, 70% used [0x000000008b800000,0x0000000091489788,0x0000000093b00000)
 Metaspace       used 72449K, capacity 75932K, committed 76160K, reserved 1116160K
  class space    used 8663K, capacity 9321K, committed 9344K, reserved 1048576K
}
Event: 1566,598 GC heap before
{Heap before GC invocations=59 (full 3):
 PSYoungGen      total 617472K, used 603936K [0x00000000d9300000, 0x00000000ffe80000, 0x0000000100000000)
  eden space 600576K, 100% used [0x00000000d9300000,0x00000000fdd80000,0x00000000fdd80000)
  from space 16896K, 19% used [0x00000000fdd80000,0x00000000fe0c8000,0x00000000fee00000)
  to   space 15872K, 0% used [0x00000000fef00000,0x00000000fef00000,0x00000000ffe80000)
 ParOldGen       total 134144K, used 94757K [0x000000008b800000, 0x0000000093b00000, 0x00000000d9300000)
  object space 134144K, 70% used [0x000000008b800000,0x0000000091489788,0x0000000093b00000)
 Metaspace       used 72450K, capacity 75932K, committed 76160K, reserved 1116160K
  class space    used 8663K, capacity 9321K, committed 9344K, reserved 1048576K
Event: 1566,615 GC heap after
Heap after GC invocations=59 (full 3):
 PSYoungGen      total 618496K, used 3072K [0x00000000d9300000, 0x00000000ffe00000, 0x0000000100000000)
  eden space 603136K, 0% used [0x00000000d9300000,0x00000000d9300000,0x00000000fe000000)
  from space 15360K, 20% used [0x00000000fef00000,0x00000000ff200000,0x00000000ffe00000)
  to   space 15360K, 0% used [0x00000000fe000000,0x00000000fe000000,0x00000000fef00000)
 ParOldGen       total 134144K, used 94757K [0x000000008b800000, 0x0000000093b00000, 0x00000000d9300000)
  object space 134144K, 70% used [0x000000008b800000,0x0000000091489788,0x0000000093b00000)
 Metaspace       used 72450K, capacity 75932K, committed 76160K, reserved 1116160K
  class space    used 8663K, capacity 9321K, committed 9344K, reserved 1048576K
}
Event: 1568,212 GC heap before
{Heap before GC invocations=60 (full 3):
 PSYoungGen      total 618496K, used 606208K [0x00000000d9300000, 0x00000000ffe00000, 0x0000000100000000)
  eden space 603136K, 100% used [0x00000000d9300000,0x00000000fe000000,0x00000000fe000000)
  from space 15360K, 20% used [0x00000000fef00000,0x00000000ff200000,0x00000000ffe00000)
  to   space 15360K, 0% used [0x00000000fe000000,0x00000000fe000000,0x00000000fef00000)
 ParOldGen       total 134144K, used 94757K [0x000000008b800000, 0x0000000093b00000, 0x00000000d9300000)
  object space 134144K, 70% used [0x000000008b800000,0x0000000091489788,0x0000000093b00000)
 Metaspace       used 72450K, capacity 75932K, committed 76160K, reserved 1116160K
  class space    used 8663K, capacity 9321K, committed 9344K, reserved 1048576K
Event: 1568,228 GC heap after
Heap after GC invocations=60 (full 3):
 PSYoungGen      total 618496K, used 2944K [0x00000000d9300000, 0x00000000fff00000, 0x0000000100000000)
  eden space 603136K, 0% used [0x00000000d9300000,0x00000000d9300000,0x00000000fe000000)
  from space 15360K, 19% used [0x00000000fe000000,0x00000000fe2e0000,0x00000000fef00000)
  to   space 14848K, 0% used [0x00000000ff080000,0x00000000ff080000,0x00000000fff00000)
 ParOldGen       total 134144K, used 94757K [0x000000008b800000, 0x0000000093b00000, 0x00000000d9300000)
  object space 134144K, 70% used [0x000000008b800000,0x0000000091489788,0x0000000093b00000)
 Metaspace       used 72450K, capacity 75932K, committed 76160K, reserved 1116160K
  class space    used 8663K, capacity 9321K, committed 9344K, reserved 1048576K
}
Event: 1569,858 GC heap before
{Heap before GC invocations=61 (full 3):
 PSYoungGen      total 618496K, used 606080K [0x00000000d9300000, 0x00000000fff00000, 0x0000000100000000)
  eden space 603136K, 100% used [0x00000000d9300000,0x00000000fe000000,0x00000000fe000000)
  from space 15360K, 19% used [0x00000000fe000000,0x00000000fe2e0000,0x00000000fef00000)
  to   space 14848K, 0% used [0x00000000ff080000,0x00000000ff080000,0x00000000fff00000)
 ParOldGen       total 134144K, used 94757K [0x000000008b800000, 0x0000000093b00000, 0x00000000d9300000)
  object space 134144K, 70% used [0x000000008b800000,0x0000000091489788,0x0000000093b00000)
 Metaspace       used 72450K, capacity 75932K, committed 76160K, reserved 1116160K
  class space    used 8663K, capacity 9321K, committed 9344K, reserved 1048576K
Event: 1569,878 GC heap after
Heap after GC invocations=61 (full 3):
 PSYoungGen      total 619008K, used 3904K [0x00000000d9300000, 0x00000000ffd80000, 0x0000000100000000)
  eden space 605696K, 0% used [0x00000000d9300000,0x00000000d9300000,0x00000000fe280000)
  from space 13312K, 29% used [0x00000000ff080000,0x00000000ff450000,0x00000000ffd80000)
  to   space 13824K, 0% used [0x00000000fe280000,0x00000000fe280000,0x00000000ff000000)
 ParOldGen       total 134144K, used 94757K [0x000000008b800000, 0x0000000093b00000, 0x00000000d9300000)
  object space 134144K, 70% used [0x000000008b800000,0x0000000091489788,0x0000000093b00000)
 Metaspace       used 72450K, capacity 75932K, committed 76160K, reserved 1116160K
  class space    used 8663K, capacity 9321K, committed 9344K, reserved 1048576K
}
Event: 1571,582 GC heap before
{Heap before GC invocations=62 (full 3):
 PSYoungGen      total 619008K, used 609600K [0x00000000d9300000, 0x00000000ffd80000, 0x0000000100000000)
  eden space 605696K, 100% used [0x00000000d9300000,0x00000000fe280000,0x00000000fe280000)
  from space 13312K, 29% used [0x00000000ff080000,0x00000000ff450000,0x00000000ffd80000)
  to   space 13824K, 0% used [0x00000000fe280000,0x00000000fe280000,0x00000000ff000000)
 ParOldGen       total 134144K, used 94757K [0x000000008b800000, 0x0000000093b00000, 0x00000000d9300000)
  object space 134144K, 70% used [0x000000008b800000,0x0000000091489788,0x0000000093b00000)
 Metaspace       used 72450K, capacity 75932K, committed 76160K, reserved 1116160K
  class space    used 8663K, capacity 9321K, committed 9344K, reserved 1048576K
Event: 1571,613 GC heap after
Heap after GC invocations=62 (full 3):
 PSYoungGen      total 619520K, used 3904K [0x00000000d9300000, 0x00000000fff80000, 0x0000000100000000)
  eden space 605696K, 0% used [0x00000000d9300000,0x00000000d9300000,0x00000000fe280000)
  from space 13824K, 28% used [0x00000000fe280000,0x00000000fe650000,0x00000000ff000000)
  to   space 13312K, 0% used [0x00000000ff280000,0x00000000ff280000,0x00000000fff80000)
 ParOldGen       total 134144K, used 94765K [0x000000008b800000, 0x0000000093b00000, 0x00000000d9300000)
  object space 134144K, 70% used [0x000000008b800000,0x000000009148b788,0x0000000093b00000)
 Metaspace       used 72450K, capacity 75932K, committed 76160K, reserved 1116160K
  class space    used 8663K, capacity 9321K, committed 9344K, reserved 1048576K
}
Event: 1573,428 GC heap before
{Heap before GC invocations=63 (full 3):
 PSYoungGen      total 619520K, used 609600K [0x00000000d9300000, 0x00000000fff80000, 0x0000000100000000)
  eden space 605696K, 100% used [0x00000000d9300000,0x00000000fe280000,0x00000000fe280000)
  from space 13824K, 28% used [0x00000000fe280000,0x00000000fe650000,0x00000000ff000000)
  to   space 13312K, 0% used [0x00000000ff280000,0x00000000ff280000,0x00000000fff80000)
 ParOldGen       total 134144K, used 94765K [0x000000008b800000, 0x0000000093b00000, 0x00000000d9300000)
  object space 134144K, 70% used [0x000000008b800000,0x000000009148b788,0x0000000093b00000)
 Metaspace       used 72450K, capacity 75932K, committed 76160K, reserved 1116160K
  class space    used 8663K, capacity 9321K, committed 9344K, reserved 1048576K
Event: 1573,449 GC heap after
Heap after GC invocations=63 (full 3):
 PSYoungGen      total 621056K, used 3936K [0x00000000d9300000, 0x00000000ffe80000, 0x0000000100000000)
  eden space 608768K, 0% used [0x00000000d9300000,0x00000000d9300000,0x00000000fe580000)
  from space 12288K, 32% used [0x00000000ff280000,0x00000000ff658000,0x00000000ffe80000)
  to   space 12800K, 0% used [0x00000000fe580000,0x00000000fe580000,0x00000000ff200000)
 ParOldGen       total 134144K, used 94765K [0x000000008b800000, 0x0000000093b00000, 0x00000000d9300000)
  object space 134144K, 70% used [0x000000008b800000,0x000000009148b788,0x0000000093b00000)
 Metaspace       used 72450K, capacity 75932K, committed 76160K, reserved 1116160K
  class space    used 8663K, capacity 9321K, committed 9344K, reserved 1048576K
}
Event: 1575,838 GC heap before
{Heap before GC invocations=64 (full 3):
 PSYoungGen      total 621056K, used 612704K [0x00000000d9300000, 0x00000000ffe80000, 0x0000000100000000)
  eden space 608768K, 100% used [0x00000000d9300000,0x00000000fe580000,0x00000000fe580000)
  from space 12288K, 32% used [0x00000000ff280000,0x00000000ff658000,0x00000000ffe80000)
  to   space 12800K, 0% used [0x00000000fe580000,0x00000000fe580000,0x00000000ff200000)
 ParOldGen       total 134144K, used 94765K [0x000000008b800000, 0x0000000093b00000, 0x00000000d9300000)
  object space 134144K, 70% used [0x000000008b800000,0x000000009148b788,0x0000000093b00000)
 Metaspace       used 72455K, capacity 75932K, committed 76160K, reserved 1116160K
  class space    used 8663K, capacity 9321K, committed 9344K, reserved 1048576K
Event: 1575,861 GC heap after
Heap after GC invocations=64 (full 3):
 PSYoungGen      total 621568K, used 4160K [0x00000000d9300000, 0x00000000ffe80000, 0x0000000100000000)
  eden space 608768K, 0% used [0x00000000d9300000,0x00000000d9300000,0x00000000fe580000)
  from space 12800K, 32% used [0x00000000fe580000,0x00000000fe990000,0x00000000ff200000)
  to   space 11776K, 0% used [0x00000000ff300000,0x00000000ff300000,0x00000000ffe80000)
 ParOldGen       total 134144K, used 94765K [0x000000008b800000, 0x0000000093b00000, 0x00000000d9300000)
  object space 134144K, 70% used [0x000000008b800000,0x000000009148b788,0x0000000093b00000)
 Metaspace       used 72455K, capacity 75932K, committed 76160K, reserved 1116160K
  class space    used 8663K, capacity 9321K, committed 9344K, reserved 1048576K
}
Event: 1577,539 GC heap before
{Heap before GC invocations=65 (full 3):
 PSYoungGen      total 621568K, used 612928K [0x00000000d9300000, 0x00000000ffe80000, 0x0000000100000000)
  eden space 608768K, 100% used [0x00000000d9300000,0x00000000fe580000,0x00000000fe580000)
  from space 12800K, 32% used [0x00000000fe580000,0x00000000fe990000,0x00000000ff200000)
  to   space 11776K, 0% used [0x00000000ff300000,0x00000000ff300000,0x00000000ffe80000)
 ParOldGen       total 134144K, used 94765K [0x000000008b800000, 0x0000000093b00000, 0x00000000d9300000)
  object space 134144K, 70% used [0x000000008b800000,0x000000009148b788,0x0000000093b00000)
 Metaspace       used 72455K, capacity 75932K, committed 76160K, reserved 1116160K
  class space    used 8663K, capacity 9321K, committed 9344K, reserved 1048576K
Event: 1577,560 GC heap after
Heap after GC invocations=65 (full 3):
 PSYoungGen      total 622592K, used 3488K [0x00000000d9300000, 0x00000000ffe00000, 0x0000000100000000)
  eden space 611328K, 0% used [0x00000000d9300000,0x00000000d9300000,0x00000000fe800000)
  from space 11264K, 30% used [0x00000000ff300000,0x00000000ff668000,0x00000000ffe00000)
  to   space 11264K, 0% used [0x00000000fe800000,0x00000000fe800000,0x00000000ff300000)
 ParOldGen       total 134144K, used 94797K [0x000000008b800000, 0x0000000093b00000, 0x00000000d9300000)
  object space 134144K, 70% used [0x000000008b800000,0x0000000091493788,0x0000000093b00000)
 Metaspace       used 72455K, capacity 75932K, committed 76160K, reserved 1116160K
  class space    used 8663K, capacity 9321K, committed 9344K, reserved 1048576K
}
Event: 1579,223 GC heap before
{Heap before GC invocations=66 (full 3):
 PSYoungGen      total 622592K, used 614816K [0x00000000d9300000, 0x00000000ffe00000, 0x0000000100000000)
  eden space 611328K, 100% used [0x00000000d9300000,0x00000000fe800000,0x00000000fe800000)
  from space 11264K, 30% used [0x00000000ff300000,0x00000000ff668000,0x00000000ffe00000)
  to   space 11264K, 0% used [0x00000000fe800000,0x00000000fe800000,0x00000000ff300000)
 ParOldGen       total 134144K, used 94797K [0x000000008b800000, 0x0000000093b00000, 0x00000000d9300000)
  object space 134144K, 70% used [0x000000008b800000,0x0000000091493788,0x0000000093b00000)
 Metaspace       used 72456K, capacity 75932K, committed 76160K, reserved 1116160K
  class space    used 8663K, capacity 9321K, committed 9344K, reserved 1048576K
Event: 1579,241 GC heap after
Heap after GC invocations=66 (full 3):
 PSYoungGen      total 622592K, used 3808K [0x00000000d9300000, 0x00000000fff00000, 0x0000000100000000)
  eden space 611328K, 0% used [0x00000000d9300000,0x00000000d9300000,0x00000000fe800000)
  from space 11264K, 33% used [0x00000000fe800000,0x00000000febb8000,0x00000000ff300000)
  to   space 10752K, 0% used [0x00000000ff480000,0x00000000ff480000,0x00000000fff00000)
 ParOldGen       total 134144K, used 94797K [0x000000008b800000, 0x0000000093b00000, 0x00000000d9300000)
  object space 134144K, 70% used [0x000000008b800000,0x0000000091493788,0x0000000093b00000)
 Metaspace       used 72456K, capacity 75932K, committed 76160K, reserved 1116160K
  class space    used 8663K, capacity 9321K, committed 9344K, reserved 1048576K
}
Event: 1580,883 GC heap before
{Heap before GC invocations=67 (full 3):
 PSYoungGen      total 622592K, used 615136K [0x00000000d9300000, 0x00000000fff00000, 0x0000000100000000)
  eden space 611328K, 100% used [0x00000000d9300000,0x00000000fe800000,0x00000000fe800000)
  from space 11264K, 33% used [0x00000000fe800000,0x00000000febb8000,0x00000000ff300000)
  to   space 10752K, 0% used [0x00000000ff480000,0x00000000ff480000,0x00000000fff00000)
 ParOldGen       total 134144K, used 94797K [0x000000008b800000, 0x0000000093b00000, 0x00000000d9300000)
  object space 134144K, 70% used [0x000000008b800000,0x0000000091493788,0x0000000093b00000)
 Metaspace       used 72456K, capacity 75932K, committed 76160K, reserved 1116160K
  class space    used 8663K, capacity 9321K, committed 9344K, reserved 1048576K
Event: 1580,906 GC heap after
Heap after GC invocations=67 (full 3):
 PSYoungGen      total 624128K, used 3072K [0x00000000d9300000, 0x00000000ffe80000, 0x0000000100000000)
  eden space 613888K, 0% used [0x00000000d9300000,0x00000000d9300000,0x00000000fea80000)
  from space 10240K, 30% used [0x00000000ff480000,0x00000000ff780000,0x00000000ffe80000)
  to   space 10240K, 0% used [0x00000000fea80000,0x00000000fea80000,0x00000000ff480000)
 ParOldGen       total 134144K, used 94805K [0x000000008b800000, 0x0000000093b00000, 0x00000000d9300000)
  object space 134144K, 70% used [0x000000008b800000,0x0000000091495788,0x0000000093b00000)
 Metaspace       used 72456K, capacity 75932K, committed 76160K, reserved 1116160K
  class space    used 8663K, capacity 9321K, committed 9344K, reserved 1048576K
}
Event: 1582,547 GC heap before
{Heap before GC invocations=68 (full 3):
 PSYoungGen      total 624128K, used 616960K [0x00000000d9300000, 0x00000000ffe80000, 0x0000000100000000)
  eden space 613888K, 100% used [0x00000000d9300000,0x00000000fea80000,0x00000000fea80000)
  from space 10240K, 30% used [0x00000000ff480000,0x00000000ff780000,0x00000000ffe80000)
  to   space 10240K, 0% used [0x00000000fea80000,0x00000000fea80000,0x00000000ff480000)
 ParOldGen       total 134144K, used 94805K [0x000000008b800000, 0x0000000093b00000, 0x00000000d9300000)
  object space 134144K, 70% used [0x000000008b800000,0x0000000091495788,0x0000000093b00000)
 Metaspace       used 72456K, capacity 75932K, committed 76160K, reserved 1116160K
  class space    used 8663K, capacity 9321K, committed 9344K, reserved 1048576K
Event: 1582,567 GC heap after
Heap after GC invocations=68 (full 3):
 PSYoungGen      total 624128K, used 3456K [0x00000000d9300000, 0x0000000100000000, 0x0000000100000000)
  eden space 613888K, 0% used [0x00000000d9300000,0x00000000d9300000,0x00000000fea80000)
  from space 10240K, 33% used [0x00000000fea80000,0x00000000fede0000,0x00000000ff480000)
  to   space 10240K, 0% used [0x00000000ff600000,0x00000000ff600000,0x0000000100000000)
 ParOldGen       total 134144K, used 94805K [0x000000008b800000, 0x0000000093b00000, 0x00000000d9300000)
  object space 134144K, 70% used [0x000000008b800000,0x0000000091495788,0x0000000093b00000)
 Metaspace       used 72456K, capacity 75932K, committed 76160K, reserved 1116160K
  class space    used 8663K, capacity 9321K, committed 9344K, reserved 1048576K
}
Event: 1585,288 GC heap before
{Heap before GC invocations=69 (full 3):
 PSYoungGen      total 624128K, used 617344K [0x00000000d9300000, 0x0000000100000000, 0x0000000100000000)
  eden space 613888K, 100% used [0x00000000d9300000,0x00000000fea80000,0x00000000fea80000)
  from space 10240K, 33% used [0x00000000fea80000,0x00000000fede0000,0x00000000ff480000)
  to   space 10240K, 0% used [0x00000000ff600000,0x00000000ff600000,0x0000000100000000)
 ParOldGen       total 134144K, used 94805K [0x000000008b800000, 0x0000000093b00000, 0x00000000d9300000)
  object space 134144K, 70% used [0x000000008b800000,0x0000000091495788,0x0000000093b00000)
 Metaspace       used 72517K, capacity 75944K, committed 76160K, reserved 1116160K
  class space    used 8671K, capacity 9323K, committed 9344K, reserved 1048576K
Event: 1585,326 GC heap after
Heap after GC invocations=69 (full 3):
 PSYoungGen      total 624640K, used 4416K [0x00000000d9300000, 0x00000000fff00000, 0x0000000100000000)
  eden space 615424K, 0% used [0x00000000d9300000,0x00000000d9300000,0x00000000fec00000)
  from space 9216K, 47% used [0x00000000ff600000,0x00000000ffa50000,0x00000000fff00000)
  to   space 9728K, 0% used [0x00000000fec00000,0x00000000fec00000,0x00000000ff580000)
 ParOldGen       total 134144K, used 94805K [0x000000008b800000, 0x0000000093b00000, 0x00000000d9300000)
  object space 134144K, 70% used [0x000000008b800000,0x0000000091495788,0x0000000093b00000)
 Metaspace       used 72517K, capacity 75944K, committed 76160K, reserved 1116160K
  class space    used 8671K, capacity 9323K, committed 9344K, reserved 1048576K
}
Event: 1587,446 GC heap before
{Heap before GC invocations=70 (full 3):
 PSYoungGen      total 624640K, used 619840K [0x00000000d9300000, 0x00000000fff00000, 0x0000000100000000)
  eden space 615424K, 100% used [0x00000000d9300000,0x00000000fec00000,0x00000000fec00000)
  from space 9216K, 47% used [0x00000000ff600000,0x00000000ffa50000,0x00000000fff00000)
  to   space 9728K, 0% used [0x00000000fec00000,0x00000000fec00000,0x00000000ff580000)
 ParOldGen       total 134144K, used 94805K [0x000000008b800000, 0x0000000093b00000, 0x00000000d9300000)
  object space 134144K, 70% used [0x000000008b800000,0x0000000091495788,0x0000000093b00000)
 Metaspace       used 72517K, capacity 75944K, committed 76160K, reserved 1116160K
  class space    used 8671K, capacity 9323K, committed 9344K, reserved 1048576K
Event: 1587,465 GC heap after
Heap after GC invocations=70 (full 3):
 PSYoungGen      total 625152K, used 3456K [0x00000000d9300000, 0x00000000fff80000, 0x0000000100000000)
  eden space 615424K, 0% used [0x00000000d9300000,0x00000000d9300000,0x00000000fec00000)
  from space 9728K, 35% used [0x00000000fec00000,0x00000000fef60000,0x00000000ff580000)
  to   space 9216K, 0% used [0x00000000ff680000,0x00000000ff680000,0x00000000fff80000)
 ParOldGen       total 134144K, used 94805K [0x000000008b800000, 0x0000000093b00000, 0x00000000d9300000)
  object space 134144K, 70% used [0x000000008b800000,0x0000000091495788,0x0000000093b00000)
 Metaspace       used 72517K, capacity 75944K, committed 76160K, reserved 1116160K
  class space    used 8671K, capacity 9323K, committed 9344K, reserved 1048576K
}
Event: 1589,201 GC heap before
{Heap before GC invocations=71 (full 3):
 PSYoungGen      total 625152K, used 618880K [0x00000000d9300000, 0x00000000fff80000, 0x0000000100000000)
  eden space 615424K, 100% used [0x00000000d9300000,0x00000000fec00000,0x00000000fec00000)
  from space 9728K, 35% used [0x00000000fec00000,0x00000000fef60000,0x00000000ff580000)
  to   space 9216K, 0% used [0x00000000ff680000,0x00000000ff680000,0x00000000fff80000)
 ParOldGen       total 134144K, used 94805K [0x000000008b800000, 0x0000000093b00000, 0x00000000d9300000)
  object space 134144K, 70% used [0x000000008b800000,0x0000000091495788,0x0000000093b00000)
 Metaspace       used 72517K, capacity 75944K, committed 76160K, reserved 1116160K
  class space    used 8671K, capacity 9323K, committed 9344K, reserved 1048576K
Event: 1589,224 GC heap after
Heap after GC invocations=71 (full 3):
 PSYoungGen      total 625152K, used 3968K [0x00000000d9300000, 0x00000000ffe80000, 0x0000000100000000)
  eden space 616960K, 0% used [0x00000000d9300000,0x00000000d9300000,0x00000000fed80000)
  from space 8192K, 48% used [0x00000000ff680000,0x00000000ffa60000,0x00000000ffe80000)
  to   space 8704K, 0% used [0x00000000fed80000,0x00000000fed80000,0x00000000ff600000)
 ParOldGen       total 134144K, used 94805K [0x000000008b800000, 0x0000000093b00000, 0x00000000d9300000)
  object space 134144K, 70% used [0x000000008b800000,0x0000000091495788,0x0000000093b00000)
 Metaspace       used 72517K, capacity 75944K, committed 76160K, reserved 1116160K
  class space    used 8671K, capacity 9323K, committed 9344K, reserved 1048576K
}
Event: 1590,992 GC heap before
{Heap before GC invocations=72 (full 3):
 PSYoungGen      total 625152K, used 620928K [0x00000000d9300000, 0x00000000ffe80000, 0x0000000100000000)
  eden space 616960K, 100% used [0x00000000d9300000,0x00000000fed80000,0x00000000fed80000)
  from space 8192K, 48% used [0x00000000ff680000,0x00000000ffa60000,0x00000000ffe80000)
  to   space 8704K, 0% used [0x00000000fed80000,0x00000000fed80000,0x00000000ff600000)
 ParOldGen       total 134144K, used 94805K [0x000000008b800000, 0x0000000093b00000, 0x00000000d9300000)
  object space 134144K, 70% used [0x000000008b800000,0x0000000091495788,0x0000000093b00000)
 Metaspace       used 72518K, capacity 75944K, committed 76160K, reserved 1116160K
  class space    used 8671K, capacity 9323K, committed 9344K, reserved 1048576K
Event: 1591,020 GC heap after
Heap after GC invocations=72 (full 3):
 PSYoungGen      total 625664K, used 3456K [0x00000000d9300000, 0x00000000fff80000, 0x0000000100000000)
  eden space 616960K, 0% used [0x00000000d9300000,0x00000000d9300000,0x00000000fed80000)
  from space 8704K, 39% used [0x00000000fed80000,0x00000000ff0e0000,0x00000000ff600000)
  to   space 8192K, 0% used [0x00000000ff780000,0x00000000ff780000,0x00000000fff80000)
 ParOldGen       total 134144K, used 94829K [0x000000008b800000, 0x0000000093b00000, 0x00000000d9300000)
  object space 134144K, 70% used [0x000000008b800000,0x000000009149b788,0x0000000093b00000)
 Metaspace       used 72518K, capacity 75944K, committed 76160K, reserved 1116160K
  class space    used 8671K, capacity 9323K, committed 9344K, reserved 1048576K
}
Event: 1592,790 GC heap before
{Heap before GC invocations=73 (full 3):
 PSYoungGen      total 625664K, used 620416K [0x00000000d9300000, 0x00000000fff80000, 0x0000000100000000)
  eden space 616960K, 100% used [0x00000000d9300000,0x00000000fed80000,0x00000000fed80000)
  from space 8704K, 39% used [0x00000000fed80000,0x00000000ff0e0000,0x00000000ff600000)
  to   space 8192K, 0% used [0x00000000ff780000,0x00000000ff780000,0x00000000fff80000)
 ParOldGen       total 134144K, used 94829K [0x000000008b800000, 0x0000000093b00000, 0x00000000d9300000)
  object space 134144K, 70% used [0x000000008b800000,0x000000009149b788,0x0000000093b00000)
 Metaspace       used 72518K, capacity 75944K, committed 76160K, reserved 1116160K
  class space    used 8671K, capacity 9323K, committed 9344K, reserved 1048576K
Event: 1592,813 GC heap after
Heap after GC invocations=73 (full 3):
 PSYoungGen      total 627200K, used 4000K [0x00000000d9300000, 0x00000000fff80000, 0x0000000100000000)
  eden space 619008K, 0% used [0x00000000d9300000,0x00000000d9300000,0x00000000fef80000)
  from space 8192K, 48% used [0x00000000ff780000,0x00000000ffb68000,0x00000000fff80000)
  to   space 8192K, 0% used [0x00000000fef80000,0x00000000fef80000,0x00000000ff780000)
 ParOldGen       total 134144K, used 94837K [0x000000008b800000, 0x0000000093b00000, 0x00000000d9300000)
  object space 134144K, 70% used [0x000000008b800000,0x000000009149d788,0x0000000093b00000)
 Metaspace       used 72518K, capacity 75944K, committed 76160K, reserved 1116160K
  class space    used 8671K, capacity 9323K, committed 9344K, reserved 1048576K
}
Event: 2086,003 GC heap before
{Heap before GC invocations=74 (full 3):
 PSYoungGen      total 627200K, used 623008K [0x00000000d9300000, 0x00000000fff80000, 0x0000000100000000)
  eden space 619008K, 100% used [0x00000000d9300000,0x00000000fef80000,0x00000000fef80000)
  from space 8192K, 48% used [0x00000000ff780000,0x00000000ffb68000,0x00000000fff80000)
  to   space 8192K, 0% used [0x00000000fef80000,0x00000000fef80000,0x00000000ff780000)
 ParOldGen       total 134144K, used 94837K [0x000000008b800000, 0x0000000093b00000, 0x00000000d9300000)
  object space 134144K, 70% used [0x000000008b800000,0x000000009149d788,0x0000000093b00000)
 Metaspace       used 72539K, capacity 76014K, committed 76160K, reserved 1116160K
  class space    used 8671K, capacity 9324K, committed 9344K, reserved 1048576K
Event: 2086,031 GC heap after
Heap after GC invocations=74 (full 3):
 PSYoungGen      total 627200K, used 6144K [0x00000000d9300000, 0x0000000100000000, 0x0000000100000000)
  eden space 619008K, 0% used [0x00000000d9300000,0x00000000d9300000,0x00000000fef80000)
  from space 8192K, 75% used [0x00000000fef80000,0x00000000ff580050,0x00000000ff780000)
  to   space 8192K, 0% used [0x00000000ff800000,0x00000000ff800000,0x0000000100000000)
 ParOldGen       total 134144K, used 94837K [0x000000008b800000, 0x0000000093b00000, 0x00000000d9300000)
  object space 134144K, 70% used [0x000000008b800000,0x000000009149d788,0x0000000093b00000)
 Metaspace       used 72539K, capacity 76014K, committed 76160K, reserved 1116160K
  class space    used 8671K, capacity 9324K, committed 9344K, reserved 1048576K
}
Event: 2194,165 GC heap before
{Heap before GC invocations=75 (full 3):
 PSYoungGen      total 627200K, used 625152K [0x00000000d9300000, 0x0000000100000000, 0x0000000100000000)
  eden space 619008K, 100% used [0x00000000d9300000,0x00000000fef80000,0x00000000fef80000)
  from space 8192K, 75% used [0x00000000fef80000,0x00000000ff580050,0x00000000ff780000)
  to   space 8192K, 0% used [0x00000000ff800000,0x00000000ff800000,0x0000000100000000)
 ParOldGen       total 134144K, used 94837K [0x000000008b800000, 0x0000000093b00000, 0x00000000d9300000)
  object space 134144K, 70% used [0x000000008b800000,0x000000009149d788,0x0000000093b00000)
 Metaspace       used 72722K, capacity 76280K, committed 76544K, reserved 1116160K
  class space    used 8689K, capacity 9357K, committed 9472K, reserved 1048576K
Event: 2194,241 GC heap after
Heap after GC invocations=75 (full 3):
 PSYoungGen      total 600064K, used 8160K [0x00000000d9300000, 0x0000000100000000, 0x0000000100000000)
  eden space 591872K, 0% used [0x00000000d9300000,0x00000000d9300000,0x00000000fd500000)
  from space 8192K, 99% used [0x00000000ff800000,0x00000000ffff8050,0x0000000100000000)
  to   space 14848K, 0% used [0x00000000fe300000,0x00000000fe300000,0x00000000ff180000)
 ParOldGen       total 134144K, used 108829K [0x000000008b800000, 0x0000000093b00000, 0x00000000d9300000)
  object space 134144K, 81% used [0x000000008b800000,0x00000000922477e8,0x0000000093b00000)
 Metaspace       used 72722K, capacity 76280K, committed 76544K, reserved 1116160K
  class space    used 8689K, capacity 9357K, committed 9472K, reserved 1048576K
}
Event: 2320,946 GC heap before
{Heap before GC invocations=76 (full 3):
 PSYoungGen      total 600064K, used 600032K [0x00000000d9300000, 0x0000000100000000, 0x0000000100000000)
  eden space 591872K, 100% used [0x00000000d9300000,0x00000000fd500000,0x00000000fd500000)
  from space 8192K, 99% used [0x00000000ff800000,0x00000000ffff8050,0x0000000100000000)
  to   space 14848K, 0% used [0x00000000fe300000,0x00000000fe300000,0x00000000ff180000)
 ParOldGen       total 134144K, used 108829K [0x000000008b800000, 0x0000000093b00000, 0x00000000d9300000)
  object space 134144K, 81% used [0x000000008b800000,0x00000000922477e8,0x0000000093b00000)
 Metaspace       used 72854K, capacity 76492K, committed 76800K, reserved 1116160K
  class space    used 8703K, capacity 9371K, committed 9472K, reserved 1048576K
Event: 2321,177 GC heap after
Heap after GC invocations=76 (full 3):
 PSYoungGen      total 581120K, used 14848K [0x00000000d9300000, 0x00000000ff880000, 0x0000000100000000)
  eden space 566272K, 0% used [0x00000000d9300000,0x00000000d9300000,0x00000000fbc00000)
  from space 14848K, 100% used [0x00000000fe300000,0x00000000ff180000,0x00000000ff180000)
  to   space 7168K, 0% used [0x00000000ff180000,0x00000000ff180000,0x00000000ff880000)
 ParOldGen       total 134144K, used 127048K [0x000000008b800000, 0x0000000093b00000, 0x00000000d9300000)
  object space 134144K, 94% used [0x000000008b800000,0x0000000093412190,0x0000000093b00000)
 Metaspace       used 72854K, capacity 76492K, committed 76800K, reserved 1116160K
  class space    used 8703K, capacity 9371K, committed 9472K, reserved 1048576K
}
Event: 2321,177 GC heap before
{Heap before GC invocations=77 (full 4):
 PSYoungGen      total 581120K, used 14848K [0x00000000d9300000, 0x00000000ff880000, 0x0000000100000000)
  eden space 566272K, 0% used [0x00000000d9300000,0x00000000d9300000,0x00000000fbc00000)
  from space 14848K, 100% used [0x00000000fe300000,0x00000000ff180000,0x00000000ff180000)
  to   space 7168K, 0% used [0x00000000ff180000,0x00000000ff180000,0x00000000ff880000)
 ParOldGen       total 134144K, used 127048K [0x000000008b800000, 0x0000000093b00000, 0x00000000d9300000)
  object space 134144K, 94% used [0x000000008b800000,0x0000000093412190,0x0000000093b00000)
 Metaspace       used 72854K, capacity 76492K, committed 76800K, reserved 1116160K
  class space    used 8703K, capacity 9371K, committed 9472K, reserved 1048576K
Event: 2323,724 GC heap after
Heap after GC invocations=77 (full 4):
 PSYoungGen      total 581120K, used 0K [0x00000000d9300000, 0x00000000ff880000, 0x0000000100000000)
  eden space 566272K, 0% used [0x00000000d9300000,0x00000000d9300000,0x00000000fbc00000)
  from space 14848K, 0% used [0x00000000fe300000,0x00000000fe300000,0x00000000ff180000)
  to   space 7168K, 0% used [0x00000000ff180000,0x00000000ff180000,0x00000000ff880000)
 ParOldGen       total 229376K, used 100203K [0x000000008b800000, 0x0000000099800000, 0x00000000d9300000)
  object space 229376K, 43% used [0x000000008b800000,0x00000000919dae80,0x0000000099800000)
 Metaspace       used 72740K, capacity 76306K, committed 76800K, reserved 1116160K
  class space    used 8685K, capacity 9336K, committed 9472K, reserved 1048576K
}
Event: 2343,577 GC heap before
{Heap before GC invocations=78 (full 4):
 PSYoungGen      total 581120K, used 566272K [0x00000000d9300000, 0x00000000ff880000, 0x0000000100000000)
  eden space 566272K, 100% used [0x00000000d9300000,0x00000000fbc00000,0x00000000fbc00000)
  from space 14848K, 0% used [0x00000000fe300000,0x00000000fe300000,0x00000000ff180000)
  to   space 7168K, 0% used [0x00000000ff180000,0x00000000ff180000,0x00000000ff880000)
 ParOldGen       total 229376K, used 100203K [0x000000008b800000, 0x0000000099800000, 0x00000000d9300000)
  object space 229376K, 43% used [0x000000008b800000,0x00000000919dae80,0x0000000099800000)
 Metaspace       used 72950K, capacity 76508K, committed 76800K, reserved 1116160K
  class space    used 8686K, capacity 9337K, committed 9472K, reserved 1048576K
Event: 2343,757 GC heap after
Heap after GC invocations=78 (full 4):
 PSYoungGen      total 587776K, used 7168K [0x00000000d9300000, 0x0000000100000000, 0x0000000100000000)
  eden space 580608K, 0% used [0x00000000d9300000,0x00000000d9300000,0x00000000fca00000)
  from space 7168K, 100% used [0x00000000ff180000,0x00000000ff880000,0x00000000ff880000)
  to   space 27648K, 0% used [0x00000000fca00000,0x00000000fca00000,0x00000000fe500000)
 ParOldGen       total 229376K, used 116854K [0x000000008b800000, 0x0000000099800000, 0x00000000d9300000)
  object space 229376K, 50% used [0x000000008b800000,0x0000000092a1da38,0x0000000099800000)
 Metaspace       used 72950K, capacity 76508K, committed 76800K, reserved 1116160K
  class space    used 8686K, capacity 9337K, committed 9472K, reserved 1048576K
}
Event: 2368,724 GC heap before
{Heap before GC invocations=79 (full 4):
 PSYoungGen      total 587776K, used 587776K [0x00000000d9300000, 0x0000000100000000, 0x0000000100000000)
  eden space 580608K, 100% used [0x00000000d9300000,0x00000000fca00000,0x00000000fca00000)
  from space 7168K, 100% used [0x00000000ff180000,0x00000000ff880000,0x00000000ff880000)
  to   space 27648K, 0% used [0x00000000fca00000,0x00000000fca00000,0x00000000fe500000)
 ParOldGen       total 229376K, used 116854K [0x000000008b800000, 0x0000000099800000, 0x00000000d9300000)
  object space 229376K, 50% used [0x000000008b800000,0x0000000092a1da38,0x0000000099800000)
 Metaspace       used 73491K, capacity 77050K, committed 77312K, reserved 1118208K
  class space    used 8750K, capacity 9406K, committed 9472K, reserved 1048576K
Event: 2368,837 GC heap after
Heap after GC invocations=79 (full 4):
 PSYoungGen      total 607232K, used 26227K [0x00000000d9300000, 0x0000000100000000, 0x0000000100000000)
  eden space 580608K, 0% used [0x00000000d9300000,0x00000000d9300000,0x00000000fca00000)
  from space 26624K, 98% used [0x00000000fca00000,0x00000000fe39cd70,0x00000000fe400000)
  to   space 28672K, 0% used [0x00000000fe400000,0x00000000fe400000,0x0000000100000000)
 ParOldGen       total 229376K, used 116862K [0x000000008b800000, 0x0000000099800000, 0x00000000d9300000)
  object space 229376K, 50% used [0x000000008b800000,0x0000000092a1fa38,0x0000000099800000)
 Metaspace       used 73491K, capacity 77050K, committed 77312K, reserved 1118208K
  class space    used 8750K, capacity 9406K, committed 9472K, reserved 1048576K
}
Event: 2432,294 GC heap before
{Heap before GC invocations=80 (full 4):
 PSYoungGen      total 607232K, used 606835K [0x00000000d9300000, 0x0000000100000000, 0x0000000100000000)
  eden space 580608K, 100% used [0x00000000d9300000,0x00000000fca00000,0x00000000fca00000)
  from space 26624K, 98% used [0x00000000fca00000,0x00000000fe39cd70,0x00000000fe400000)
  to   space 28672K, 0% used [0x00000000fe400000,0x00000000fe400000,0x0000000100000000)
 ParOldGen       total 229376K, used 116862K [0x000000008b800000, 0x0000000099800000, 0x00000000d9300000)
  object space 229376K, 50% used [0x000000008b800000,0x0000000092a1fa38,0x0000000099800000)
 Metaspace       used 73714K, capacity 77260K, committed 77568K, reserved 1118208K
  class space    used 8751K, capacity 9409K, committed 9472K, reserved 1048576K
Event: 2432,642 GC heap after
Heap after GC invocations=80 (full 4):
 PSYoungGen      total 582656K, used 28640K [0x00000000d9300000, 0x0000000100000000, 0x0000000100000000)
  eden space 553984K, 0% used [0x00000000d9300000,0x00000000d9300000,0x00000000fb000000)
  from space 28672K, 99% used [0x00000000fe400000,0x00000000ffff8160,0x0000000100000000)
  to   space 40960K, 0% used [0x00000000fb000000,0x00000000fb000000,0x00000000fd800000)
 ParOldGen       total 229376K, used 129306K [0x000000008b800000, 0x0000000099800000, 0x00000000d9300000)
  object space 229376K, 56% used [0x000000008b800000,0x00000000936469d8,0x0000000099800000)
 Metaspace       used 73714K, capacity 77260K, committed 77568K, reserved 1118208K
  class space    used 8751K, capacity 9409K, committed 9472K, reserved 1048576K
}
Event: 2459,529 GC heap before
{Heap before GC invocations=81 (full 4):
 PSYoungGen      total 582656K, used 582624K [0x00000000d9300000, 0x0000000100000000, 0x0000000100000000)
  eden space 553984K, 100% used [0x00000000d9300000,0x00000000fb000000,0x00000000fb000000)
  from space 28672K, 99% used [0x00000000fe400000,0x00000000ffff8160,0x0000000100000000)
  to   space 40960K, 0% used [0x00000000fb000000,0x00000000fb000000,0x00000000fd800000)
 ParOldGen       total 229376K, used 129306K [0x000000008b800000, 0x0000000099800000, 0x00000000d9300000)
  object space 229376K, 56% used [0x000000008b800000,0x00000000936469d8,0x0000000099800000)
 Metaspace       used 73757K, capacity 77348K, committed 77568K, reserved 1118208K
  class space    used 8754K, capacity 9413K, committed 9472K, reserved 1048576K
Event: 2459,698 GC heap after
Heap after GC invocations=81 (full 4):
 PSYoungGen      total 594944K, used 40959K [0x00000000d9300000, 0x0000000100000000, 0x0000000100000000)
  eden space 553984K, 0% used [0x00000000d9300000,0x00000000d9300000,0x00000000fb000000)
  from space 40960K, 99% used [0x00000000fb000000,0x00000000fd7ffda0,0x00000000fd800000)
  to   space 40960K, 0% used [0x00000000fd800000,0x00000000fd800000,0x0000000100000000)
 ParOldGen       total 229376K, used 133505K [0x000000008b800000, 0x0000000099800000, 0x00000000d9300000)
  object space 229376K, 58% used [0x000000008b800000,0x0000000093a604a0,0x0000000099800000)
 Metaspace       used 73757K, capacity 77348K, committed 77568K, reserved 1118208K
  class space    used 8754K, capacity 9413K, committed 9472K, reserved 1048576K
}
Event: 2880,163 GC heap before
{Heap before GC invocations=82 (full 4):
 PSYoungGen      total 594944K, used 594943K [0x00000000d9300000, 0x0000000100000000, 0x0000000100000000)
  eden space 553984K, 100% used [0x00000000d9300000,0x00000000fb000000,0x00000000fb000000)
  from space 40960K, 99% used [0x00000000fb000000,0x00000000fd7ffda0,0x00000000fd800000)
  to   space 40960K, 0% used [0x00000000fd800000,0x00000000fd800000,0x0000000100000000)
 ParOldGen       total 229376K, used 133505K [0x000000008b800000, 0x0000000099800000, 0x00000000d9300000)
  object space 229376K, 58% used [0x000000008b800000,0x0000000093a604a0,0x0000000099800000)
 Metaspace       used 73813K, capacity 77366K, committed 77568K, reserved 1118208K
  class space    used 8755K, capacity 9416K, committed 9472K, reserved 1048576K
Event: 2880,277 GC heap after
Heap after GC invocations=82 (full 4):
 PSYoungGen      total 566272K, used 40928K [0x00000000d9300000, 0x0000000100000000, 0x0000000100000000)
  eden space 525312K, 0% used [0x00000000d9300000,0x00000000d9300000,0x00000000f9400000)
  from space 40960K, 99% used [0x00000000fd800000,0x00000000ffff8180,0x0000000100000000)
  to   space 55296K, 0% used [0x00000000f9400000,0x00000000f9400000,0x00000000fca00000)
 ParOldGen       total 229376K, used 134257K [0x000000008b800000, 0x0000000099800000, 0x00000000d9300000)
  object space 229376K, 58% used [0x000000008b800000,0x0000000093b1c4a0,0x0000000099800000)
 Metaspace       used 73813K, capacity 77366K, committed 77568K, reserved 1118208K
  class space    used 8755K, capacity 9416K, committed 9472K, reserved 1048576K
}
Event: 3020,424 GC heap before
{Heap before GC invocations=83 (full 4):
 PSYoungGen      total 566272K, used 566240K [0x00000000d9300000, 0x0000000100000000, 0x0000000100000000)
  eden space 525312K, 100% used [0x00000000d9300000,0x00000000f9400000,0x00000000f9400000)
  from space 40960K, 99% used [0x00000000fd800000,0x00000000ffff8180,0x0000000100000000)
  to   space 55296K, 0% used [0x00000000f9400000,0x00000000f9400000,0x00000000fca00000)
 ParOldGen       total 229376K, used 134257K [0x000000008b800000, 0x0000000099800000, 0x00000000d9300000)
  object space 229376K, 58% used [0x000000008b800000,0x0000000093b1c4a0,0x0000000099800000)
 Metaspace       used 73876K, capacity 77444K, committed 77568K, reserved 1118208K
  class space    used 8756K, capacity 9417K, committed 9472K, reserved 1048576K
Event: 3020,593 GC heap after
Heap after GC invocations=83 (full 4):
 PSYoungGen      total 568320K, used 42896K [0x00000000d9300000, 0x0000000100000000, 0x0000000100000000)
  eden space 525312K, 0% used [0x00000000d9300000,0x00000000d9300000,0x00000000f9400000)
  from space 43008K, 99% used [0x00000000f9400000,0x00000000fbde4140,0x00000000fbe00000)
  to   space 59904K, 0% used [0x00000000fc580000,0x00000000fc580000,0x0000000100000000)
 ParOldGen       total 229376K, used 134265K [0x000000008b800000, 0x0000000099800000, 0x00000000d9300000)
  object space 229376K, 58% used [0x000000008b800000,0x0000000093b1e4a0,0x0000000099800000)
 Metaspace       used 73876K, capacity 77444K, committed 77568K, reserved 1118208K
  class space    used 8756K, capacity 9417K, committed 9472K, reserved 1048576K
}

