# JRE version: Java(TM) SE Runtime Environment (8.0_102-b14) (build 1.8.0_102-b14)
# Java VM: Java HotSpot(TM) 64-Bit Server VM (25.102-b14 mixed mode linux-amd64 compressed oops)
Heap:
 PSYoungGen      total 949248K, used 830226K [0x0000000777f80000, 0x00000007c0000000, 0x00000007c0000000)
  eden space 817664K, 85% used [0x0000000777f80000,0x00000007a29c9858,0x00000007a9e00000)
  from space 131584K, 99% used [0x00000007b7f80000,0x00000007bfffb0c8,0x00000007c0000000)
  to   space 181248K, 0% used [0x00000007a9e00000,0x00000007a9e00000,0x00000007b4f00000)
 ParOldGen       total 360960K, used 187229K [0x00000006e7e00000, 0x00000006fde80000, 0x0000000777f80000)
  object space 360960K, 51% used [0x00000006e7e00000,0x00000006f34d74d0,0x00000006fde80000)
 Metaspace       used 184497K, capacity 192322K, committed 192600K, reserved 1216512K
  class space    used 24108K, capacity 25319K, committed 25432K, reserved 1048576K
GC Heap History (10 events):
Event: 4194,107 GC heap before
{Heap before GC invocations=35 (full 5):
 PSYoungGen      total 1009664K, used 919144K [0x0000000777f80000, 0x00000007bfe80000, 0x00000007c0000000)
  eden space 864256K, 100% used [0x0000000777f80000,0x00000007acb80000,0x00000007acb80000)
  from space 145408K, 37% used [0x00000007acb80000,0x00000007b011a1a0,0x00000007b5980000)
  to   space 138752K, 0% used [0x00000007b7700000,0x00000007b7700000,0x00000007bfe80000)
 ParOldGen       total 360960K, used 99237K [0x00000006e7e00000, 0x00000006fde80000, 0x0000000777f80000)
  object space 360960K, 27% used [0x00000006e7e00000,0x00000006edee9700,0x00000006fde80000)
 Metaspace       used 167888K, capacity 175606K, committed 175832K, reserved 1202176K
  class space    used 21744K, capacity 22913K, committed 23000K, reserved 1048576K
Event: 4194,337 GC heap after
Heap after GC invocations=35 (full 5):
 PSYoungGen      total 1014272K, used 62006K [0x0000000777f80000, 0x00000007bea80000, 0x00000007c0000000)
  eden space 896000K, 0% used [0x0000000777f80000,0x0000000777f80000,0x00000007aea80000)
  from space 118272K, 52% used [0x00000007b7700000,0x00000007bb38d9d0,0x00000007bea80000)
  to   space 131072K, 0% used [0x00000007aea80000,0x00000007aea80000,0x00000007b6a80000)
 ParOldGen       total 360960K, used 99245K [0x00000006e7e00000, 0x00000006fde80000, 0x0000000777f80000)
  object space 360960K, 27% used [0x00000006e7e00000,0x00000006edeeb700,0x00000006fde80000)
 Metaspace       used 167888K, capacity 175606K, committed 175832K, reserved 1202176K
  class space    used 21744K, capacity 22913K, committed 23000K, reserved 1048576K
}
Event: 8597,156 GC heap before
{Heap before GC invocations=36 (full 5):
 PSYoungGen      total 1014272K, used 958006K [0x0000000777f80000, 0x00000007bea80000, 0x00000007c0000000)
  eden space 896000K, 100% used [0x0000000777f80000,0x00000007aea80000,0x00000007aea80000)
  from space 118272K, 52% used [0x00000007b7700000,0x00000007bb38d9d0,0x00000007bea80000)
  to   space 131072K, 0% used [0x00000007aea80000,0x00000007aea80000,0x00000007b6a80000)
 ParOldGen       total 360960K, used 99245K [0x00000006e7e00000, 0x00000006fde80000, 0x0000000777f80000)
  object space 360960K, 27% used [0x00000006e7e00000,0x00000006edeeb700,0x00000006fde80000)
 Metaspace       used 168319K, capacity 176002K, committed 176088K, reserved 1202176K
  class space    used 21746K, capacity 22915K, committed 23000K, reserved 1048576K
Event: 8597,350 GC heap after
Heap after GC invocations=36 (full 5):
 PSYoungGen      total 1027072K, used 76627K [0x0000000777f80000, 0x00000007c0000000, 0x00000007c0000000)
  eden space 896000K, 0% used [0x0000000777f80000,0x0000000777f80000,0x00000007aea80000)
  from space 131072K, 58% used [0x00000007aea80000,0x00000007b3554f88,0x00000007b6a80000)
  to   space 129536K, 0% used [0x00000007b8180000,0x00000007b8180000,0x00000007c0000000)
 ParOldGen       total 360960K, used 99253K [0x00000006e7e00000, 0x00000006fde80000, 0x0000000777f80000)
  object space 360960K, 27% used [0x00000006e7e00000,0x00000006edeed700,0x00000006fde80000)
 Metaspace       used 168319K, capacity 176002K, committed 176088K, reserved 1202176K
  class space    used 21746K, capacity 22915K, committed 23000K, reserved 1048576K
}
Event: 15870,537 GC heap before
{Heap before GC invocations=37 (full 5):
 PSYoungGen      total 1027072K, used 972627K [0x0000000777f80000, 0x00000007c0000000, 0x00000007c0000000)
  eden space 896000K, 100% used [0x0000000777f80000,0x00000007aea80000,0x00000007aea80000)
  from space 131072K, 58% used [0x00000007aea80000,0x00000007b3554f88,0x00000007b6a80000)
  to   space 129536K, 0% used [0x00000007b8180000,0x00000007b8180000,0x00000007c0000000)
 ParOldGen       total 360960K, used 99253K [0x00000006e7e00000, 0x00000006fde80000, 0x0000000777f80000)
  object space 360960K, 27% used [0x00000006e7e00000,0x00000006edeed700,0x00000006fde80000)
 Metaspace       used 168860K, capacity 176550K, committed 176856K, reserved 1204224K
  class space    used 21750K, capacity 22921K, committed 23000K, reserved 1048576K
Event: 15870,779 GC heap after
Heap after GC invocations=37 (full 5):
 PSYoungGen      total 1043456K, used 90759K [0x0000000777f80000, 0x00000007c0000000, 0x00000007c0000000)
  eden space 913920K, 0% used [0x0000000777f80000,0x0000000777f80000,0x00000007afc00000)
  from space 129536K, 70% used [0x00000007b8180000,0x00000007bda21ef8,0x00000007c0000000)
  to   space 133120K, 0% used [0x00000007afc00000,0x00000007afc00000,0x00000007b7e00000)
 ParOldGen       total 360960K, used 99261K [0x00000006e7e00000, 0x00000006fde80000, 0x0000000777f80000)
  object space 360960K, 27% used [0x00000006e7e00000,0x00000006edeef700,0x00000006fde80000)
 Metaspace       used 168860K, capacity 176550K, committed 176856K, reserved 1204224K
  class space    used 21750K, capacity 22921K, committed 23000K, reserved 1048576K
}
Event: 16968,397 GC heap before
{Heap before GC invocations=38 (full 5):
 PSYoungGen      total 1043456K, used 1004679K [0x0000000777f80000, 0x00000007c0000000, 0x00000007c0000000)
  eden space 913920K, 100% used [0x0000000777f80000,0x00000007afc00000,0x00000007afc00000)
  from space 129536K, 70% used [0x00000007b8180000,0x00000007bda21ef8,0x00000007c0000000)
  to   space 133120K, 0% used [0x00000007afc00000,0x00000007afc00000,0x00000007b7e00000)
 ParOldGen       total 360960K, used 99338K [0x00000006e7e00000, 0x00000006fde80000, 0x0000000777f80000)
  object space 360960K, 27% used [0x00000006e7e00000,0x00000006edf02b58,0x00000006fde80000)
 Metaspace       used 169058K, capacity 176874K, committed 177112K, reserved 1204224K
  class space    used 21781K, capacity 22963K, committed 23000K, reserved 1048576K
Event: 16968,625 GC heap after
Heap after GC invocations=38 (full 5):
 PSYoungGen      total 1047040K, used 80538K [0x0000000777f80000, 0x00000007c0000000, 0x00000007c0000000)
  eden space 913920K, 0% used [0x0000000777f80000,0x0000000777f80000,0x00000007afc00000)
  from space 133120K, 60% used [0x00000007afc00000,0x00000007b4aa69d8,0x00000007b7e00000)
  to   space 131584K, 0% used [0x00000007b7f80000,0x00000007b7f80000,0x00000007c0000000)
 ParOldGen       total 360960K, used 99338K [0x00000006e7e00000, 0x00000006fde80000, 0x0000000777f80000)
  object space 360960K, 27% used [0x00000006e7e00000,0x00000006edf02b58,0x00000006fde80000)
 Metaspace       used 169058K, capacity 176874K, committed 177112K, reserved 1204224K
  class space    used 21781K, capacity 22963K, committed 23000K, reserved 1048576K
}
Event: 17013,762 GC heap before
{Heap before GC invocations=39 (full 5):
 PSYoungGen      total 1047040K, used 994458K [0x0000000777f80000, 0x00000007c0000000, 0x00000007c0000000)
  eden space 913920K, 100% used [0x0000000777f80000,0x00000007afc00000,0x00000007afc00000)
  from space 133120K, 60% used [0x00000007afc00000,0x00000007b4aa69d8,0x00000007b7e00000)
  to   space 131584K, 0% used [0x00000007b7f80000,0x00000007b7f80000,0x00000007c0000000)
 ParOldGen       total 360960K, used 99409K [0x00000006e7e00000, 0x00000006fde80000, 0x0000000777f80000)
  object space 360960K, 27% used [0x00000006e7e00000,0x00000006edf14678,0x00000006fde80000)
 Metaspace       used 169058K, capacity 176874K, committed 177112K, reserved 1204224K
  class space    used 21781K, capacity 22963K, committed 23000K, reserved 1048576K
Event: 17014,289 GC heap after
Heap after GC invocations=39 (full 5):
 PSYoungGen      total 949248K, used 131564K [0x0000000777f80000, 0x00000007c0000000, 0x00000007c0000000)
  eden space 817664K, 0% used [0x0000000777f80000,0x0000000777f80000,0x00000007a9e00000)
  from space 131584K, 99% used [0x00000007b7f80000,0x00000007bfffb0c8,0x00000007c0000000)
  to   space 181248K, 0% used [0x00000007a9e00000,0x00000007a9e00000,0x00000007b4f00000)
 ParOldGen       total 360960K, used 187229K [0x00000006e7e00000, 0x00000006fde80000, 0x0000000777f80000)
  object space 360960K, 51% used [0x00000006e7e00000,0x00000006f34d74d0,0x00000006fde80000)
 Metaspace       used 169058K, capacity 176874K, committed 177112K, reserved 1204224K
  class space    used 21781K, capacity 22963K, committed 23000K, reserved 1048576K
}

