# JRE version: Java(TM) SE Runtime Environment (8.0_131-b11) (build 1.8.0_131-b11)
# Java VM: Java HotSpot(TM) 64-Bit Server VM (25.131-b11 mixed mode linux-amd64 compressed oops)
Heap:
 PSYoungGen      total 561664K, used 288499K [0x00000000d9300000, 0x0000000100000000, 0x0000000100000000)
  eden space 493568K, 46% used [0x00000000d9300000,0x00000000e752cc38,0x00000000f7500000)
  from space 68096K, 83% used [0x00000000fbd80000,0x00000000ff510050,0x0000000100000000)
  to   space 71168K, 0% used [0x00000000f7500000,0x00000000f7500000,0x00000000fba80000)
 ParOldGen       total 254464K, used 130634K [0x000000008b800000, 0x000000009b080000, 0x00000000d9300000)
  object space 254464K, 51% used [0x000000008b800000,0x0000000093792860,0x000000009b080000)
 Metaspace       used 74450K, capacity 77356K, committed 78592K, reserved 1118208K
  class space    used 8921K, capacity 9476K, committed 9728K, reserved 1048576K
GC Heap History (10 events):
Event: 8526,074 GC heap before
{Heap before GC invocations=118 (full 4):
 PSYoungGen      total 574464K, used 557929K [0x00000000d9300000, 0x00000000ffd80000, 0x0000000100000000)
  eden space 520192K, 100% used [0x00000000d9300000,0x00000000f8f00000,0x00000000f8f00000)
  from space 54272K, 69% used [0x00000000f8f00000,0x00000000fb3da5b0,0x00000000fc400000)
  to   space 53760K, 0% used [0x00000000fc900000,0x00000000fc900000,0x00000000ffd80000)
 ParOldGen       total 254464K, used 128995K [0x000000008b800000, 0x000000009b080000, 0x00000000d9300000)
  object space 254464K, 50% used [0x000000008b800000,0x00000000935f8cb0,0x000000009b080000)
 Metaspace       used 74402K, capacity 77338K, committed 78592K, reserved 1118208K
  class space    used 8918K, capacity 9473K, committed 9728K, reserved 1048576K
Event: 8526,174 GC heap after
Heap after GC invocations=118 (full 4):
 PSYoungGen      total 577536K, used 45740K [0x00000000d9300000, 0x0000000100000000, 0x0000000100000000)
  eden space 523776K, 0% used [0x00000000d9300000,0x00000000d9300000,0x00000000f9280000)
  from space 53760K, 85% used [0x00000000fc900000,0x00000000ff5ab178,0x00000000ffd80000)
  to   space 55808K, 0% used [0x00000000f9280000,0x00000000f9280000,0x00000000fc900000)
 ParOldGen       total 254464K, used 129059K [0x000000008b800000, 0x000000009b080000, 0x00000000d9300000)
  object space 254464K, 50% used [0x000000008b800000,0x0000000093608cb0,0x000000009b080000)
 Metaspace       used 74402K, capacity 77338K, committed 78592K, reserved 1118208K
  class space    used 8918K, capacity 9473K, committed 9728K, reserved 1048576K
}
Event: 8551,355 GC heap before
{Heap before GC invocations=119 (full 4):
 PSYoungGen      total 577536K, used 569516K [0x00000000d9300000, 0x0000000100000000, 0x0000000100000000)
  eden space 523776K, 100% used [0x00000000d9300000,0x00000000f9280000,0x00000000f9280000)
  from space 53760K, 85% used [0x00000000fc900000,0x00000000ff5ab178,0x00000000ffd80000)
  to   space 55808K, 0% used [0x00000000f9280000,0x00000000f9280000,0x00000000fc900000)
 ParOldGen       total 254464K, used 129059K [0x000000008b800000, 0x000000009b080000, 0x00000000d9300000)
  object space 254464K, 50% used [0x000000008b800000,0x0000000093608cb0,0x000000009b080000)
 Metaspace       used 74404K, capacity 77338K, committed 78592K, reserved 1118208K
  class space    used 8918K, capacity 9473K, committed 9728K, reserved 1048576K
Event: 8551,531 GC heap after
Heap after GC invocations=119 (full 4):
 PSYoungGen      total 577536K, used 53490K [0x00000000d9300000, 0x0000000100000000, 0x0000000100000000)
  eden space 523776K, 0% used [0x00000000d9300000,0x00000000d9300000,0x00000000f9280000)
  from space 53760K, 99% used [0x00000000f9280000,0x00000000fc6bc8f8,0x00000000fc700000)
  to   space 58368K, 0% used [0x00000000fc700000,0x00000000fc700000,0x0000000100000000)
 ParOldGen       total 254464K, used 129403K [0x000000008b800000, 0x000000009b080000, 0x00000000d9300000)
  object space 254464K, 50% used [0x000000008b800000,0x000000009365ecd0,0x000000009b080000)
 Metaspace       used 74404K, capacity 77338K, committed 78592K, reserved 1118208K
  class space    used 8918K, capacity 9473K, committed 9728K, reserved 1048576K
}
Event: 8621,754 GC heap before
{Heap before GC invocations=120 (full 4):
 PSYoungGen      total 577536K, used 577266K [0x00000000d9300000, 0x0000000100000000, 0x0000000100000000)
  eden space 523776K, 100% used [0x00000000d9300000,0x00000000f9280000,0x00000000f9280000)
  from space 53760K, 99% used [0x00000000f9280000,0x00000000fc6bc8f8,0x00000000fc700000)
  to   space 58368K, 0% used [0x00000000fc700000,0x00000000fc700000,0x0000000100000000)
 ParOldGen       total 254464K, used 129403K [0x000000008b800000, 0x000000009b080000, 0x00000000d9300000)
  object space 254464K, 50% used [0x000000008b800000,0x000000009365ecd0,0x000000009b080000)
 Metaspace       used 74406K, capacity 77338K, committed 78592K, reserved 1118208K
  class space    used 8918K, capacity 9473K, committed 9728K, reserved 1048576K
Event: 8621,925 GC heap after
Heap after GC invocations=120 (full 4):
 PSYoungGen      total 563200K, used 57304K [0x00000000d9300000, 0x0000000100000000, 0x0000000100000000)
  eden space 504832K, 0% used [0x00000000d9300000,0x00000000d9300000,0x00000000f8000000)
  from space 58368K, 98% used [0x00000000fc700000,0x00000000ffef6308,0x0000000100000000)
  to   space 65536K, 0% used [0x00000000f8000000,0x00000000f8000000,0x00000000fc000000)
 ParOldGen       total 254464K, used 129555K [0x000000008b800000, 0x000000009b080000, 0x00000000d9300000)
  object space 254464K, 50% used [0x000000008b800000,0x0000000093684cd0,0x000000009b080000)
 Metaspace       used 74406K, capacity 77338K, committed 78592K, reserved 1118208K
  class space    used 8918K, capacity 9473K, committed 9728K, reserved 1048576K
}
Event: 8813,672 GC heap before
{Heap before GC invocations=121 (full 4):
 PSYoungGen      total 563200K, used 562136K [0x00000000d9300000, 0x0000000100000000, 0x0000000100000000)
  eden space 504832K, 100% used [0x00000000d9300000,0x00000000f8000000,0x00000000f8000000)
  from space 58368K, 98% used [0x00000000fc700000,0x00000000ffef6308,0x0000000100000000)
  to   space 65536K, 0% used [0x00000000f8000000,0x00000000f8000000,0x00000000fc000000)
 ParOldGen       total 254464K, used 129555K [0x000000008b800000, 0x000000009b080000, 0x00000000d9300000)
  object space 254464K, 50% used [0x000000008b800000,0x0000000093684cd0,0x000000009b080000)
 Metaspace       used 74424K, capacity 77356K, committed 78592K, reserved 1118208K
  class space    used 8920K, capacity 9476K, committed 9728K, reserved 1048576K
Event: 8813,958 GC heap after
Heap after GC invocations=121 (full 4):
 PSYoungGen      total 559616K, used 54530K [0x00000000d9300000, 0x0000000100000000, 0x0000000100000000)
  eden space 504832K, 0% used [0x00000000d9300000,0x00000000d9300000,0x00000000f8000000)
  from space 54784K, 99% used [0x00000000f8000000,0x00000000fb540888,0x00000000fb580000)
  to   space 68096K, 0% used [0x00000000fbd80000,0x00000000fbd80000,0x0000000100000000)
 ParOldGen       total 254464K, used 130393K [0x000000008b800000, 0x000000009b080000, 0x00000000d9300000)
  object space 254464K, 51% used [0x000000008b800000,0x0000000093756428,0x000000009b080000)
 Metaspace       used 74424K, capacity 77356K, committed 78592K, reserved 1118208K
  class space    used 8920K, capacity 9476K, committed 9728K, reserved 1048576K
}
Event: 9264,482 GC heap before
{Heap before GC invocations=122 (full 4):
 PSYoungGen      total 559616K, used 559362K [0x00000000d9300000, 0x0000000100000000, 0x0000000100000000)
  eden space 504832K, 100% used [0x00000000d9300000,0x00000000f8000000,0x00000000f8000000)
  from space 54784K, 99% used [0x00000000f8000000,0x00000000fb540888,0x00000000fb580000)
  to   space 68096K, 0% used [0x00000000fbd80000,0x00000000fbd80000,0x0000000100000000)
 ParOldGen       total 254464K, used 130393K [0x000000008b800000, 0x000000009b080000, 0x00000000d9300000)
  object space 254464K, 51% used [0x000000008b800000,0x0000000093756428,0x000000009b080000)
 Metaspace       used 74429K, capacity 77356K, committed 78592K, reserved 1118208K
  class space    used 8920K, capacity 9476K, committed 9728K, reserved 1048576K
Event: 9265,348 GC heap after
Heap after GC invocations=122 (full 4):
 PSYoungGen      total 561664K, used 56896K [0x00000000d9300000, 0x0000000100000000, 0x0000000100000000)
  eden space 493568K, 0% used [0x00000000d9300000,0x00000000d9300000,0x00000000f7500000)
  from space 68096K, 83% used [0x00000000fbd80000,0x00000000ff510050,0x0000000100000000)
  to   space 71168K, 0% used [0x00000000f7500000,0x00000000f7500000,0x00000000fba80000)
 ParOldGen       total 254464K, used 130634K [0x000000008b800000, 0x000000009b080000, 0x00000000d9300000)
  object space 254464K, 51% used [0x000000008b800000,0x0000000093792860,0x000000009b080000)
 Metaspace       used 74429K, capacity 77356K, committed 78592K, reserved 1118208K
  class space    used 8920K, capacity 9476K, committed 9728K, reserved 1048576K
}

