# JRE version: Java(TM) SE Runtime Environment (8.0_102-b14) (build 1.8.0_102-b14)
# Java VM: Java HotSpot(TM) 64-Bit Server VM (25.102-b14 mixed mode linux-amd64 compressed oops)
Heap:
 PSYoungGen      total 1007104K, used 455785K [0x0000000777f80000, 0x00000007c0000000, 0x00000007c0000000)
  eden space 834048K, 33% used [0x0000000777f80000,0x00000007893a1c00,0x00000007aae00000)
  from space 173056K, 99% used [0x00000007aae00000,0x00000007b56f8860,0x00000007b5700000)
  to   space 173056K, 0% used [0x00000007b5700000,0x00000007b5700000,0x00000007c0000000)
 ParOldGen       total 423424K, used 227818K [0x00000006e7e00000, 0x0000000701b80000, 0x0000000777f80000)
  object space 423424K, 53% used [0x00000006e7e00000,0x00000006f5c7aac8,0x0000000701b80000)
 Metaspace       used 92298K, capacity 95726K, committed 95960K, reserved 1132544K
  class space    used 12157K, capacity 12755K, committed 12760K, reserved 1048576K
GC Heap History (10 events):
Event: 116,206 GC heap before
{Heap before GC invocations=19 (full 4):
 PSYoungGen      total 1083392K, used 91130K [0x0000000777f80000, 0x00000007c0000000, 0x00000007c0000000)
  eden space 992256K, 0% used [0x0000000777f80000,0x0000000777f80000,0x00000007b4880000)
  from space 91136K, 99% used [0x00000007b4880000,0x00000007ba17eb18,0x00000007ba180000)
  to   space 96768K, 0% used [0x00000007ba180000,0x00000007ba180000,0x00000007c0000000)
 ParOldGen       total 209408K, used 194593K [0x00000006e7e00000, 0x00000006f4a80000, 0x0000000777f80000)
  object space 209408K, 92% used [0x00000006e7e00000,0x00000006f3c085d0,0x00000006f4a80000)
 Metaspace       used 59921K, capacity 61482K, committed 61784K, reserved 1103872K
  class space    used 7603K, capacity 7941K, committed 8024K, reserved 1048576K
Event: 125,093 GC heap after
Heap after GC invocations=19 (full 4):
 PSYoungGen      total 1083392K, used 34733K [0x0000000777f80000, 0x00000007c0000000, 0x00000007c0000000)
  eden space 992256K, 0% used [0x0000000777f80000,0x0000000777f80000,0x00000007b4880000)
  from space 91136K, 38% used [0x00000007b4880000,0x00000007b6a6b418,0x00000007ba180000)
  to   space 96768K, 0% used [0x00000007ba180000,0x00000007ba180000,0x00000007c0000000)
 ParOldGen       total 423424K, used 209333K [0x00000006e7e00000, 0x0000000701b80000, 0x0000000777f80000)
  object space 423424K, 49% used [0x00000006e7e00000,0x00000006f4a6d470,0x0000000701b80000)
 Metaspace       used 59921K, capacity 61482K, committed 61784K, reserved 1103872K
  class space    used 7603K, capacity 7941K, committed 8024K, reserved 1048576K
}
Event: 132,031 GC heap before
{Heap before GC invocations=20 (full 4):
 PSYoungGen      total 1083392K, used 1026989K [0x0000000777f80000, 0x00000007c0000000, 0x00000007c0000000)
  eden space 992256K, 100% used [0x0000000777f80000,0x00000007b4880000,0x00000007b4880000)
  from space 91136K, 38% used [0x00000007b4880000,0x00000007b6a6b418,0x00000007ba180000)
  to   space 96768K, 0% used [0x00000007ba180000,0x00000007ba180000,0x00000007c0000000)
 ParOldGen       total 423424K, used 209339K [0x00000006e7e00000, 0x0000000701b80000, 0x0000000777f80000)
  object space 423424K, 49% used [0x00000006e7e00000,0x00000006f4a6ec90,0x0000000701b80000)
 Metaspace       used 75976K, capacity 77698K, committed 78040K, reserved 1116160K
  class space    used 10002K, capacity 10373K, committed 10456K, reserved 1048576K
Event: 132,259 GC heap after
Heap after GC invocations=20 (full 4):
 PSYoungGen      total 964608K, used 84993K [0x0000000777f80000, 0x00000007c0000000, 0x00000007c0000000)
  eden space 867840K, 0% used [0x0000000777f80000,0x0000000777f80000,0x00000007acf00000)
  from space 96768K, 87% used [0x00000007ba180000,0x00000007bf4806c0,0x00000007c0000000)
  to   space 156160K, 0% used [0x00000007acf00000,0x00000007acf00000,0x00000007b6780000)
 ParOldGen       total 423424K, used 214001K [0x00000006e7e00000, 0x0000000701b80000, 0x0000000777f80000)
  object space 423424K, 50% used [0x00000006e7e00000,0x00000006f4efc6b0,0x0000000701b80000)
 Metaspace       used 75976K, capacity 77698K, committed 78040K, reserved 1116160K
  class space    used 10002K, capacity 10373K, committed 10456K, reserved 1048576K
}
Event: 389,500 GC heap before
{Heap before GC invocations=21 (full 4):
 PSYoungGen      total 964608K, used 952833K [0x0000000777f80000, 0x00000007c0000000, 0x00000007c0000000)
  eden space 867840K, 100% used [0x0000000777f80000,0x00000007acf00000,0x00000007acf00000)
  from space 96768K, 87% used [0x00000007ba180000,0x00000007bf4806c0,0x00000007c0000000)
  to   space 156160K, 0% used [0x00000007acf00000,0x00000007acf00000,0x00000007b6780000)
 ParOldGen       total 423424K, used 214001K [0x00000006e7e00000, 0x0000000701b80000, 0x0000000777f80000)
  object space 423424K, 50% used [0x00000006e7e00000,0x00000006f4efc6b0,0x0000000701b80000)
 Metaspace       used 85050K, capacity 87708K, committed 87896K, reserved 1126400K
  class space    used 11103K, capacity 11576K, committed 11608K, reserved 1048576K
Event: 389,782 GC heap after
Heap after GC invocations=21 (full 4):
 PSYoungGen      total 1024000K, used 78078K [0x0000000777f80000, 0x00000007c0000000, 0x00000007c0000000)
  eden space 867840K, 0% used [0x0000000777f80000,0x0000000777f80000,0x00000007acf00000)
  from space 156160K, 49% used [0x00000007acf00000,0x00000007b1b3fa30,0x00000007b6780000)
  to   space 154112K, 0% used [0x00000007b6980000,0x00000007b6980000,0x00000007c0000000)
 ParOldGen       total 423424K, used 221450K [0x00000006e7e00000, 0x0000000701b80000, 0x0000000777f80000)
  object space 423424K, 52% used [0x00000006e7e00000,0x00000006f5642a28,0x0000000701b80000)
 Metaspace       used 85050K, capacity 87708K, committed 87896K, reserved 1126400K
  class space    used 11103K, capacity 11576K, committed 11608K, reserved 1048576K
}
Event: 582,293 GC heap before
{Heap before GC invocations=22 (full 4):
 PSYoungGen      total 1024000K, used 945918K [0x0000000777f80000, 0x00000007c0000000, 0x00000007c0000000)
  eden space 867840K, 100% used [0x0000000777f80000,0x00000007acf00000,0x00000007acf00000)
  from space 156160K, 49% used [0x00000007acf00000,0x00000007b1b3fa30,0x00000007b6780000)
  to   space 154112K, 0% used [0x00000007b6980000,0x00000007b6980000,0x00000007c0000000)
 ParOldGen       total 423424K, used 221461K [0x00000006e7e00000, 0x0000000701b80000, 0x0000000777f80000)
  object space 423424K, 52% used [0x00000006e7e00000,0x00000006f5645450,0x0000000701b80000)
 Metaspace       used 87334K, capacity 90824K, committed 91096K, reserved 1128448K
  class space    used 11370K, capacity 11954K, committed 11992K, reserved 1048576K
Event: 582,525 GC heap after
Heap after GC invocations=22 (full 4):
 PSYoungGen      total 988160K, used 134907K [0x0000000777f80000, 0x00000007c0000000, 0x00000007c0000000)
  eden space 834048K, 0% used [0x0000000777f80000,0x0000000777f80000,0x00000007aae00000)
  from space 154112K, 87% used [0x00000007b6980000,0x00000007bed3edf0,0x00000007c0000000)
  to   space 173056K, 0% used [0x00000007aae00000,0x00000007aae00000,0x00000007b5700000)
 ParOldGen       total 423424K, used 221469K [0x00000006e7e00000, 0x0000000701b80000, 0x0000000777f80000)
  object space 423424K, 52% used [0x00000006e7e00000,0x00000006f5647450,0x0000000701b80000)
 Metaspace       used 87334K, capacity 90824K, committed 91096K, reserved 1128448K
  class space    used 11370K, capacity 11954K, committed 11992K, reserved 1048576K
}
Event: 587,924 GC heap before
{Heap before GC invocations=23 (full 4):
 PSYoungGen      total 988160K, used 968955K [0x0000000777f80000, 0x00000007c0000000, 0x00000007c0000000)
  eden space 834048K, 100% used [0x0000000777f80000,0x00000007aae00000,0x00000007aae00000)
  from space 154112K, 87% used [0x00000007b6980000,0x00000007bed3edf0,0x00000007c0000000)
  to   space 173056K, 0% used [0x00000007aae00000,0x00000007aae00000,0x00000007b5700000)
 ParOldGen       total 423424K, used 221526K [0x00000006e7e00000, 0x0000000701b80000, 0x0000000777f80000)
  object space 423424K, 52% used [0x00000006e7e00000,0x00000006f5655868,0x0000000701b80000)
 Metaspace       used 87335K, capacity 90824K, committed 91096K, reserved 1128448K
  class space    used 11370K, capacity 11954K, committed 11992K, reserved 1048576K
Event: 588,190 GC heap after
Heap after GC invocations=23 (full 4):
 PSYoungGen      total 1007104K, used 173026K [0x0000000777f80000, 0x00000007c0000000, 0x00000007c0000000)
  eden space 834048K, 0% used [0x0000000777f80000,0x0000000777f80000,0x00000007aae00000)
  from space 173056K, 99% used [0x00000007aae00000,0x00000007b56f8860,0x00000007b5700000)
  to   space 173056K, 0% used [0x00000007b5700000,0x00000007b5700000,0x00000007c0000000)
 ParOldGen       total 423424K, used 227818K [0x00000006e7e00000, 0x0000000701b80000, 0x0000000777f80000)
  object space 423424K, 53% used [0x00000006e7e00000,0x00000006f5c7aac8,0x0000000701b80000)
 Metaspace       used 87335K, capacity 90824K, committed 91096K, reserved 1128448K
  class space    used 11370K, capacity 11954K, committed 11992K, reserved 1048576K
}

