# JRE version: Java(TM) SE Runtime Environment (8.0_102-b14) (build 1.8.0_102-b14)
# Java VM: Java HotSpot(TM) 64-Bit Server VM (25.102-b14 mixed mode linux-amd64 compressed oops)
Heap:
 PSYoungGen      total 1069568K, used 382053K [0x0000000777f80000, 0x00000007c0000000, 0x00000007c0000000)
  eden space 979968K, 38% used [0x0000000777f80000,0x000000078f4994b0,0x00000007b3c80000)
  from space 89600K, 0% used [0x00000007b3c80000,0x00000007b3c80000,0x00000007b9400000)
  to   space 96768K, 0% used [0x00000007ba180000,0x00000007ba180000,0x00000007c0000000)
 ParOldGen       total 212992K, used 85043K [0x00000006e7e00000, 0x00000006f4e00000, 0x0000000777f80000)
  object space 212992K, 39% used [0x00000006e7e00000,0x00000006ed10cf30,0x00000006f4e00000)
 Metaspace       used 61566K, capacity 63574K, committed 63832K, reserved 1105920K
  class space    used 7739K, capacity 8167K, committed 8280K, reserved 1048576K
GC Heap History (10 events):
Event: 17,189 GC heap before
{Heap before GC invocations=12 (full 1):
 PSYoungGen      total 742400K, used 9342K [0x0000000777f80000, 0x00000007c0000000, 0x00000007c0000000)
  eden space 648192K, 0% used [0x0000000777f80000,0x0000000777f80000,0x000000079f880000)
  from space 94208K, 9% used [0x000000079f880000,0x00000007a019fb08,0x00000007a5480000)
  to   space 93184K, 0% used [0x00000007ba500000,0x00000007ba500000,0x00000007c0000000)
 ParOldGen       total 148992K, used 113424K [0x00000006e7e00000, 0x00000006f0f80000, 0x0000000777f80000)
  object space 148992K, 76% used [0x00000006e7e00000,0x00000006eecc4290,0x00000006f0f80000)
 Metaspace       used 20579K, capacity 21096K, committed 21248K, reserved 1069056K
  class space    used 2370K, capacity 2547K, committed 2560K, reserved 1048576K
Event: 17,330 GC heap after
Heap after GC invocations=12 (full 1):
 PSYoungGen      total 742400K, used 0K [0x0000000777f80000, 0x00000007c0000000, 0x00000007c0000000)
  eden space 648192K, 0% used [0x0000000777f80000,0x0000000777f80000,0x000000079f880000)
  from space 94208K, 0% used [0x000000079f880000,0x000000079f880000,0x00000007a5480000)
  to   space 93184K, 0% used [0x00000007ba500000,0x00000007ba500000,0x00000007c0000000)
 ParOldGen       total 130048K, used 34744K [0x00000006e7e00000, 0x00000006efd00000, 0x0000000777f80000)
  object space 130048K, 26% used [0x00000006e7e00000,0x00000006e9fee2f8,0x00000006efd00000)
 Metaspace       used 20579K, capacity 21096K, committed 21248K, reserved 1069056K
  class space    used 2370K, capacity 2547K, committed 2560K, reserved 1048576K
}
Event: 21,331 GC heap before
{Heap before GC invocations=13 (full 1):
 PSYoungGen      total 742400K, used 275843K [0x0000000777f80000, 0x00000007c0000000, 0x00000007c0000000)
  eden space 648192K, 42% used [0x0000000777f80000,0x0000000788ce0d70,0x000000079f880000)
  from space 94208K, 0% used [0x000000079f880000,0x000000079f880000,0x00000007a5480000)
  to   space 93184K, 0% used [0x00000007ba500000,0x00000007ba500000,0x00000007c0000000)
 ParOldGen       total 130048K, used 34744K [0x00000006e7e00000, 0x00000006efd00000, 0x0000000777f80000)
  object space 130048K, 26% used [0x00000006e7e00000,0x00000006e9fee2f8,0x00000006efd00000)
 Metaspace       used 34603K, capacity 35206K, committed 35416K, reserved 1079296K
  class space    used 4442K, capacity 4632K, committed 4696K, reserved 1048576K
Event: 21,362 GC heap after
Heap after GC invocations=13 (full 1):
 PSYoungGen      total 1052160K, used 19169K [0x0000000777f80000, 0x00000007beb80000, 0x00000007c0000000)
  eden space 979968K, 0% used [0x0000000777f80000,0x0000000777f80000,0x00000007b3c80000)
  from space 72192K, 26% used [0x00000007ba500000,0x00000007bb7b86d8,0x00000007beb80000)
  to   space 89600K, 0% used [0x00000007b3c80000,0x00000007b3c80000,0x00000007b9400000)
 ParOldGen       total 130048K, used 34816K [0x00000006e7e00000, 0x00000006efd00000, 0x0000000777f80000)
  object space 130048K, 26% used [0x00000006e7e00000,0x00000006ea000308,0x00000006efd00000)
 Metaspace       used 34603K, capacity 35206K, committed 35416K, reserved 1079296K
  class space    used 4442K, capacity 4632K, committed 4696K, reserved 1048576K
}
Event: 21,362 GC heap before
{Heap before GC invocations=14 (full 2):
 PSYoungGen      total 1052160K, used 19169K [0x0000000777f80000, 0x00000007beb80000, 0x00000007c0000000)
  eden space 979968K, 0% used [0x0000000777f80000,0x0000000777f80000,0x00000007b3c80000)
  from space 72192K, 26% used [0x00000007ba500000,0x00000007bb7b86d8,0x00000007beb80000)
  to   space 89600K, 0% used [0x00000007b3c80000,0x00000007b3c80000,0x00000007b9400000)
 ParOldGen       total 130048K, used 34816K [0x00000006e7e00000, 0x00000006efd00000, 0x0000000777f80000)
  object space 130048K, 26% used [0x00000006e7e00000,0x00000006ea000308,0x00000006efd00000)
 Metaspace       used 34603K, capacity 35206K, committed 35416K, reserved 1079296K
  class space    used 4442K, capacity 4632K, committed 4696K, reserved 1048576K
Event: 21,497 GC heap after
Heap after GC invocations=14 (full 2):
 PSYoungGen      total 1052160K, used 0K [0x0000000777f80000, 0x00000007beb80000, 0x00000007c0000000)
  eden space 979968K, 0% used [0x0000000777f80000,0x0000000777f80000,0x00000007b3c80000)
  from space 72192K, 0% used [0x00000007ba500000,0x00000007ba500000,0x00000007beb80000)
  to   space 89600K, 0% used [0x00000007b3c80000,0x00000007b3c80000,0x00000007b9400000)
 ParOldGen       total 158720K, used 44283K [0x00000006e7e00000, 0x00000006f1900000, 0x0000000777f80000)
  object space 158720K, 27% used [0x00000006e7e00000,0x00000006ea93ee90,0x00000006f1900000)
 Metaspace       used 34595K, capacity 35188K, committed 35416K, reserved 1079296K
  class space    used 4441K, capacity 4629K, committed 4696K, reserved 1048576K
}
Event: 304,617 GC heap before
{Heap before GC invocations=15 (full 2):
 PSYoungGen      total 1052160K, used 951661K [0x0000000777f80000, 0x00000007beb80000, 0x00000007c0000000)
  eden space 979968K, 97% used [0x0000000777f80000,0x00000007b20db5f0,0x00000007b3c80000)
  from space 72192K, 0% used [0x00000007ba500000,0x00000007ba500000,0x00000007beb80000)
  to   space 89600K, 0% used [0x00000007b3c80000,0x00000007b3c80000,0x00000007b9400000)
 ParOldGen       total 158720K, used 44283K [0x00000006e7e00000, 0x00000006f1900000, 0x0000000777f80000)
  object space 158720K, 27% used [0x00000006e7e00000,0x00000006ea93ee90,0x00000006f1900000)
 Metaspace       used 57483K, capacity 58792K, committed 59028K, reserved 1101824K
  class space    used 7308K, capacity 7610K, committed 7640K, reserved 1048576K
Event: 304,792 GC heap after
Heap after GC invocations=15 (full 2):
 PSYoungGen      total 1069568K, used 67387K [0x0000000777f80000, 0x00000007c0000000, 0x00000007c0000000)
  eden space 979968K, 0% used [0x0000000777f80000,0x0000000777f80000,0x00000007b3c80000)
  from space 89600K, 75% used [0x00000007b3c80000,0x00000007b7e4ecf8,0x00000007b9400000)
  to   space 96768K, 0% used [0x00000007ba180000,0x00000007ba180000,0x00000007c0000000)
 ParOldGen       total 158720K, used 44299K [0x00000006e7e00000, 0x00000006f1900000, 0x0000000777f80000)
  object space 158720K, 27% used [0x00000006e7e00000,0x00000006ea942e90,0x00000006f1900000)
 Metaspace       used 57483K, capacity 58792K, committed 59028K, reserved 1101824K
  class space    used 7308K, capacity 7610K, committed 7640K, reserved 1048576K
}
Event: 304,792 GC heap before
{Heap before GC invocations=16 (full 3):
 PSYoungGen      total 1069568K, used 67387K [0x0000000777f80000, 0x00000007c0000000, 0x00000007c0000000)
  eden space 979968K, 0% used [0x0000000777f80000,0x0000000777f80000,0x00000007b3c80000)
  from space 89600K, 75% used [0x00000007b3c80000,0x00000007b7e4ecf8,0x00000007b9400000)
  to   space 96768K, 0% used [0x00000007ba180000,0x00000007ba180000,0x00000007c0000000)
 ParOldGen       total 158720K, used 44299K [0x00000006e7e00000, 0x00000006f1900000, 0x0000000777f80000)
  object space 158720K, 27% used [0x00000006e7e00000,0x00000006ea942e90,0x00000006f1900000)
 Metaspace       used 57483K, capacity 58792K, committed 59028K, reserved 1101824K
  class space    used 7308K, capacity 7610K, committed 7640K, reserved 1048576K
Event: 305,255 GC heap after
Heap after GC invocations=16 (full 3):
 PSYoungGen      total 1069568K, used 0K [0x0000000777f80000, 0x00000007c0000000, 0x00000007c0000000)
  eden space 979968K, 0% used [0x0000000777f80000,0x0000000777f80000,0x00000007b3c80000)
  from space 89600K, 0% used [0x00000007b3c80000,0x00000007b3c80000,0x00000007b9400000)
  to   space 96768K, 0% used [0x00000007ba180000,0x00000007ba180000,0x00000007c0000000)
 ParOldGen       total 212992K, used 85043K [0x00000006e7e00000, 0x00000006f4e00000, 0x0000000777f80000)
  object space 212992K, 39% used [0x00000006e7e00000,0x00000006ed10cf30,0x00000006f4e00000)
 Metaspace       used 57483K, capacity 58792K, committed 59028K, reserved 1101824K
  class space    used 7308K, capacity 7610K, committed 7640K, reserved 1048576K
}

