# JRE version: Java(TM) SE Runtime Environment (8.0_102-b14) (build 1.8.0_102-b14)
# Java VM: Java HotSpot(TM) 64-Bit Server VM (25.102-b14 mixed mode linux-amd64 compressed oops)
Heap:
 PSYoungGen      total 990208K, used 765891K [0x0000000777f80000, 0x00000007c0000000, 0x00000007c0000000)
  eden space 829952K, 72% used [0x0000000777f80000,0x000000079cef6348,0x00000007aaa00000)
  from space 160256K, 99% used [0x00000007aaa00000,0x00000007b467ac18,0x00000007b4680000)
  to   space 189952K, 0% used [0x00000007b4680000,0x00000007b4680000,0x00000007c0000000)
 ParOldGen       total 306176K, used 122651K [0x00000006e7e00000, 0x00000006fa900000, 0x0000000777f80000)
  object space 306176K, 40% used [0x00000006e7e00000,0x00000006ef5c6ec0,0x00000006fa900000)
 Metaspace       used 144639K, capacity 146494K, committed 146792K, reserved 1177600K
  class space    used 19249K, capacity 19610K, committed 19660K, reserved 1048576K
GC Heap History (10 events):
Event: 2117,107 GC heap before
{Heap before GC invocations=22 (full 4):
 PSYoungGen      total 1038848K, used 938764K [0x0000000777f80000, 0x00000007c0000000, 0x00000007c0000000)
  eden space 897536K, 100% used [0x0000000777f80000,0x00000007aec00000,0x00000007aec00000)
  from space 141312K, 29% used [0x00000007aec00000,0x00000007b14430d8,0x00000007b7600000)
  to   space 132608K, 0% used [0x00000007b7e80000,0x00000007b7e80000,0x00000007c0000000)
 ParOldGen       total 377856K, used 225811K [0x00000006e7e00000, 0x00000006fef00000, 0x0000000777f80000)
  object space 377856K, 59% used [0x00000006e7e00000,0x00000006f5a84df8,0x00000006fef00000)
 Metaspace       used 104414K, capacity 106234K, committed 106344K, reserved 1142784K
  class space    used 13646K, capacity 13988K, committed 14028K, reserved 1048576K
Event: 2117,611 GC heap after
Heap after GC invocations=22 (full 4):
 PSYoungGen      total 954368K, used 132604K [0x0000000777f80000, 0x00000007c0000000, 0x00000007c0000000)
  eden space 821760K, 0% used [0x0000000777f80000,0x0000000777f80000,0x00000007aa200000)
  from space 132608K, 99% used [0x00000007b7e80000,0x00000007bffff388,0x00000007c0000000)
  to   space 179200K, 0% used [0x00000007aa200000,0x00000007aa200000,0x00000007b5100000)
 ParOldGen       total 377856K, used 288703K [0x00000006e7e00000, 0x00000006fef00000, 0x0000000777f80000)
  object space 377856K, 76% used [0x00000006e7e00000,0x00000006f97efc98,0x00000006fef00000)
 Metaspace       used 104414K, capacity 106234K, committed 106344K, reserved 1142784K
  class space    used 13646K, capacity 13988K, committed 14028K, reserved 1048576K
}
Event: 2119,725 GC heap before
{Heap before GC invocations=23 (full 4):
 PSYoungGen      total 954368K, used 544145K [0x0000000777f80000, 0x00000007c0000000, 0x00000007c0000000)
  eden space 821760K, 50% used [0x0000000777f80000,0x00000007911653a0,0x00000007aa200000)
  from space 132608K, 99% used [0x00000007b7e80000,0x00000007bffff388,0x00000007c0000000)
  to   space 179200K, 0% used [0x00000007aa200000,0x00000007aa200000,0x00000007b5100000)
 ParOldGen       total 377856K, used 288703K [0x00000006e7e00000, 0x00000006fef00000, 0x0000000777f80000)
  object space 377856K, 76% used [0x00000006e7e00000,0x00000006f97efc98,0x00000006fef00000)
 Metaspace       used 111116K, capacity 112876K, committed 113000K, reserved 1146880K
  class space    used 14691K, capacity 15047K, committed 15052K, reserved 1048576K
Event: 2119,798 GC heap after
Heap after GC invocations=23 (full 4):
 PSYoungGen      total 1000960K, used 41129K [0x0000000777f80000, 0x00000007c0000000, 0x00000007c0000000)
  eden space 821760K, 0% used [0x0000000777f80000,0x0000000777f80000,0x00000007aa200000)
  from space 179200K, 22% used [0x00000007aa200000,0x00000007aca2a6f8,0x00000007b5100000)
  to   space 171008K, 0% used [0x00000007b5900000,0x00000007b5900000,0x00000007c0000000)
 ParOldGen       total 377856K, used 297667K [0x00000006e7e00000, 0x00000006fef00000, 0x0000000777f80000)
  object space 377856K, 78% used [0x00000006e7e00000,0x00000006fa0b0cc0,0x00000006fef00000)
 Metaspace       used 111116K, capacity 112876K, committed 113000K, reserved 1146880K
  class space    used 14691K, capacity 15047K, committed 15052K, reserved 1048576K
}
Event: 2119,798 GC heap before
{Heap before GC invocations=24 (full 5):
 PSYoungGen      total 1000960K, used 41129K [0x0000000777f80000, 0x00000007c0000000, 0x00000007c0000000)
  eden space 821760K, 0% used [0x0000000777f80000,0x0000000777f80000,0x00000007aa200000)
  from space 179200K, 22% used [0x00000007aa200000,0x00000007aca2a6f8,0x00000007b5100000)
  to   space 171008K, 0% used [0x00000007b5900000,0x00000007b5900000,0x00000007c0000000)
 ParOldGen       total 377856K, used 297667K [0x00000006e7e00000, 0x00000006fef00000, 0x0000000777f80000)
  object space 377856K, 78% used [0x00000006e7e00000,0x00000006fa0b0cc0,0x00000006fef00000)
 Metaspace       used 111116K, capacity 112876K, committed 113000K, reserved 1146880K
  class space    used 14691K, capacity 15047K, committed 15052K, reserved 1048576K
Event: 2120,081 GC heap after
Heap after GC invocations=24 (full 5):
 PSYoungGen      total 1000960K, used 0K [0x0000000777f80000, 0x00000007c0000000, 0x00000007c0000000)
  eden space 821760K, 0% used [0x0000000777f80000,0x0000000777f80000,0x00000007aa200000)
  from space 179200K, 0% used [0x00000007aa200000,0x00000007aa200000,0x00000007b5100000)
  to   space 171008K, 0% used [0x00000007b5900000,0x00000007b5900000,0x00000007c0000000)
 ParOldGen       total 306176K, used 98558K [0x00000006e7e00000, 0x00000006fa900000, 0x0000000777f80000)
  object space 306176K, 32% used [0x00000006e7e00000,0x00000006ede3f9e0,0x00000006fa900000)
 Metaspace       used 111066K, capacity 112726K, committed 113000K, reserved 1146880K
  class space    used 14677K, capacity 15022K, committed 15052K, reserved 1048576K
}
Event: 2131,495 GC heap before
{Heap before GC invocations=25 (full 5):
 PSYoungGen      total 1000960K, used 821760K [0x0000000777f80000, 0x00000007c0000000, 0x00000007c0000000)
  eden space 821760K, 100% used [0x0000000777f80000,0x00000007aa200000,0x00000007aa200000)
  from space 179200K, 0% used [0x00000007aa200000,0x00000007aa200000,0x00000007b5100000)
  to   space 171008K, 0% used [0x00000007b5900000,0x00000007b5900000,0x00000007c0000000)
 ParOldGen       total 306176K, used 98564K [0x00000006e7e00000, 0x00000006fa900000, 0x0000000777f80000)
  object space 306176K, 32% used [0x00000006e7e00000,0x00000006ede41228,0x00000006fa900000)
 Metaspace       used 136324K, capacity 138108K, committed 138344K, reserved 1169408K
  class space    used 18019K, capacity 18379K, committed 18380K, reserved 1048576K
Event: 2131,971 GC heap after
Heap after GC invocations=25 (full 5):
 PSYoungGen      total 971264K, used 57142K [0x0000000777f80000, 0x00000007be300000, 0x00000007c0000000)
  eden space 829952K, 0% used [0x0000000777f80000,0x0000000777f80000,0x00000007aaa00000)
  from space 141312K, 40% used [0x00000007b5900000,0x00000007b90cda40,0x00000007be300000)
  to   space 160256K, 0% used [0x00000007aaa00000,0x00000007aaa00000,0x00000007b4680000)
 ParOldGen       total 306176K, used 98588K [0x00000006e7e00000, 0x00000006fa900000, 0x0000000777f80000)
  object space 306176K, 32% used [0x00000006e7e00000,0x00000006ede47240,0x00000006fa900000)
 Metaspace       used 136324K, capacity 138108K, committed 138344K, reserved 1169408K
  class space    used 18019K, capacity 18379K, committed 18380K, reserved 1048576K
}
Event: 2150,030 GC heap before
{Heap before GC invocations=26 (full 5):
 PSYoungGen      total 971264K, used 887094K [0x0000000777f80000, 0x00000007be300000, 0x00000007c0000000)
  eden space 829952K, 100% used [0x0000000777f80000,0x00000007aaa00000,0x00000007aaa00000)
  from space 141312K, 40% used [0x00000007b5900000,0x00000007b90cda40,0x00000007be300000)
  to   space 160256K, 0% used [0x00000007aaa00000,0x00000007aaa00000,0x00000007b4680000)
 ParOldGen       total 306176K, used 98589K [0x00000006e7e00000, 0x00000006fa900000, 0x0000000777f80000)
  object space 306176K, 32% used [0x00000006e7e00000,0x00000006ede47548,0x00000006fa900000)
 Metaspace       used 137667K, capacity 139558K, committed 139880K, reserved 1171456K
  class space    used 18228K, capacity 18582K, committed 18636K, reserved 1048576K
Event: 2150,600 GC heap after
Heap after GC invocations=26 (full 5):
 PSYoungGen      total 990208K, used 160235K [0x0000000777f80000, 0x00000007c0000000, 0x00000007c0000000)
  eden space 829952K, 0% used [0x0000000777f80000,0x0000000777f80000,0x00000007aaa00000)
  from space 160256K, 99% used [0x00000007aaa00000,0x00000007b467ac18,0x00000007b4680000)
  to   space 189952K, 0% used [0x00000007b4680000,0x00000007b4680000,0x00000007c0000000)
 ParOldGen       total 306176K, used 122651K [0x00000006e7e00000, 0x00000006fa900000, 0x0000000777f80000)
  object space 306176K, 40% used [0x00000006e7e00000,0x00000006ef5c6ec0,0x00000006fa900000)
 Metaspace       used 137667K, capacity 139558K, committed 139880K, reserved 1171456K
  class space    used 18228K, capacity 18582K, committed 18636K, reserved 1048576K
}

