# JRE version: Java(TM) SE Runtime Environment (8.0_131-b11) (build 1.8.0_131-b11)
# Java VM: Java HotSpot(TM) 64-Bit Server VM (25.131-b11 mixed mode linux-amd64 compressed oops)
Heap:
 PSYoungGen      total 499712K, used 162674K [0x00000000d9200000, 0x0000000100000000, 0x0000000100000000)
  eden space 358912K, 37% used [0x00000000d9200000,0x00000000e1633b88,0x00000000ef080000)
  from space 140800K, 19% used [0x00000000f7680000,0x00000000f9128e28,0x0000000100000000)
  to   space 137216K, 0% used [0x00000000ef080000,0x00000000ef080000,0x00000000f7680000)
 ParOldGen       total 230400K, used 107591K [0x000000008b600000, 0x0000000099700000, 0x00000000d9200000)
  object space 230400K, 46% used [0x000000008b600000,0x0000000091f11ed8,0x0000000099700000)
 Metaspace       used 178029K, capacity 181708K, committed 182616K, reserved 1206272K
  class space    used 24656K, capacity 25358K, committed 25432K, reserved 1048576K
GC Heap History (10 events):
Event: 486,728 GC heap before
{Heap before GC invocations=54 (full 6):
 PSYoungGen      total 504832K, used 15032K [0x00000000d9200000, 0x00000000ff980000, 0x0000000100000000)
  eden space 378368K, 0% used [0x00000000d9200000,0x00000000d9200000,0x00000000f0380000)
  from space 126464K, 11% used [0x00000000f7e00000,0x00000000f8cae0d0,0x00000000ff980000)
  to   space 125440K, 0% used [0x00000000f0380000,0x00000000f0380000,0x00000000f7e00000)
 ParOldGen       total 222720K, used 140572K [0x000000008b600000, 0x0000000098f80000, 0x00000000d9200000)
  object space 222720K, 63% used [0x000000008b600000,0x0000000093f473d0,0x0000000098f80000)
 Metaspace       used 170885K, capacity 174434K, committed 175064K, reserved 1200128K
  class space    used 23567K, capacity 24259K, committed 24280K, reserved 1048576K
Event: 487,370 GC heap after
Heap after GC invocations=54 (full 6):
 PSYoungGen      total 504832K, used 0K [0x00000000d9200000, 0x00000000ff980000, 0x0000000100000000)
  eden space 378368K, 0% used [0x00000000d9200000,0x00000000d9200000,0x00000000f0380000)
  from space 126464K, 0% used [0x00000000f7e00000,0x00000000f7e00000,0x00000000ff980000)
  to   space 125440K, 0% used [0x00000000f0380000,0x00000000f0380000,0x00000000f7e00000)
 ParOldGen       total 230400K, used 95177K [0x000000008b600000, 0x0000000099700000, 0x00000000d9200000)
  object space 230400K, 41% used [0x000000008b600000,0x00000000912f2468,0x0000000099700000)
 Metaspace       used 170885K, capacity 174434K, committed 175064K, reserved 1200128K
  class space    used 23567K, capacity 24259K, committed 24280K, reserved 1048576K
}
Event: 536,213 GC heap before
{Heap before GC invocations=55 (full 6):
 PSYoungGen      total 504832K, used 378368K [0x00000000d9200000, 0x00000000ff980000, 0x0000000100000000)
  eden space 378368K, 100% used [0x00000000d9200000,0x00000000f0380000,0x00000000f0380000)
  from space 126464K, 0% used [0x00000000f7e00000,0x00000000f7e00000,0x00000000ff980000)
  to   space 125440K, 0% used [0x00000000f0380000,0x00000000f0380000,0x00000000f7e00000)
 ParOldGen       total 230400K, used 95177K [0x000000008b600000, 0x0000000099700000, 0x00000000d9200000)
  object space 230400K, 41% used [0x000000008b600000,0x00000000912f2468,0x0000000099700000)
 Metaspace       used 172796K, capacity 176422K, committed 177112K, reserved 1202176K
  class space    used 23804K, capacity 24493K, committed 24536K, reserved 1048576K
Event: 536,377 GC heap after
Heap after GC invocations=55 (full 6):
 PSYoungGen      total 503808K, used 68444K [0x00000000d9200000, 0x0000000100000000, 0x0000000100000000)
  eden space 378368K, 0% used [0x00000000d9200000,0x00000000d9200000,0x00000000f0380000)
  from space 125440K, 54% used [0x00000000f0380000,0x00000000f4657350,0x00000000f7e00000)
  to   space 125952K, 0% used [0x00000000f8500000,0x00000000f8500000,0x0000000100000000)
 ParOldGen       total 230400K, used 95177K [0x000000008b600000, 0x0000000099700000, 0x00000000d9200000)
  object space 230400K, 41% used [0x000000008b600000,0x00000000912f2468,0x0000000099700000)
 Metaspace       used 172796K, capacity 176422K, committed 177112K, reserved 1202176K
  class space    used 23804K, capacity 24493K, committed 24536K, reserved 1048576K
}
Event: 539,279 GC heap before
{Heap before GC invocations=56 (full 6):
 PSYoungGen      total 503808K, used 446812K [0x00000000d9200000, 0x0000000100000000, 0x0000000100000000)
  eden space 378368K, 100% used [0x00000000d9200000,0x00000000f0380000,0x00000000f0380000)
  from space 125440K, 54% used [0x00000000f0380000,0x00000000f4657350,0x00000000f7e00000)
  to   space 125952K, 0% used [0x00000000f8500000,0x00000000f8500000,0x0000000100000000)
 ParOldGen       total 230400K, used 95177K [0x000000008b600000, 0x0000000099700000, 0x00000000d9200000)
  object space 230400K, 41% used [0x000000008b600000,0x00000000912f25d0,0x0000000099700000)
 Metaspace       used 172796K, capacity 176422K, committed 177112K, reserved 1202176K
  class space    used 23804K, capacity 24493K, committed 24536K, reserved 1048576K
Event: 539,553 GC heap after
Heap after GC invocations=56 (full 6):
 PSYoungGen      total 482304K, used 106348K [0x00000000d9200000, 0x0000000100000000, 0x0000000100000000)
  eden space 356352K, 0% used [0x00000000d9200000,0x00000000d9200000,0x00000000eee00000)
  from space 125952K, 84% used [0x00000000f8500000,0x00000000fecdb198,0x0000000100000000)
  to   space 140288K, 0% used [0x00000000eee00000,0x00000000eee00000,0x00000000f7700000)
 ParOldGen       total 230400K, used 99396K [0x000000008b600000, 0x0000000099700000, 0x00000000d9200000)
  object space 230400K, 43% used [0x000000008b600000,0x00000000917110e8,0x0000000099700000)
 Metaspace       used 172796K, capacity 176422K, committed 177112K, reserved 1202176K
  class space    used 23804K, capacity 24493K, committed 24536K, reserved 1048576K
}
Event: 543,146 GC heap before
{Heap before GC invocations=57 (full 6):
 PSYoungGen      total 482304K, used 462700K [0x00000000d9200000, 0x0000000100000000, 0x0000000100000000)
  eden space 356352K, 100% used [0x00000000d9200000,0x00000000eee00000,0x00000000eee00000)
  from space 125952K, 84% used [0x00000000f8500000,0x00000000fecdb198,0x0000000100000000)
  to   space 140288K, 0% used [0x00000000eee00000,0x00000000eee00000,0x00000000f7700000)
 ParOldGen       total 230400K, used 99410K [0x000000008b600000, 0x0000000099700000, 0x00000000d9200000)
  object space 230400K, 43% used [0x000000008b600000,0x0000000091714808,0x0000000099700000)
 Metaspace       used 172796K, capacity 176422K, committed 177112K, reserved 1202176K
  class space    used 23804K, capacity 24493K, committed 24536K, reserved 1048576K
Event: 543,353 GC heap after
Heap after GC invocations=57 (full 6):
 PSYoungGen      total 434688K, used 78110K [0x00000000d9200000, 0x0000000100000000, 0x0000000100000000)
  eden space 356352K, 0% used [0x00000000d9200000,0x00000000d9200000,0x00000000eee00000)
  from space 78336K, 99% used [0x00000000eee00000,0x00000000f3a47b88,0x00000000f3a80000)
  to   space 140800K, 0% used [0x00000000f7680000,0x00000000f7680000,0x0000000100000000)
 ParOldGen       total 230400K, used 103722K [0x000000008b600000, 0x0000000099700000, 0x00000000d9200000)
  object space 230400K, 45% used [0x000000008b600000,0x0000000091b4a818,0x0000000099700000)
 Metaspace       used 172796K, capacity 176422K, committed 177112K, reserved 1202176K
  class space    used 23804K, capacity 24493K, committed 24536K, reserved 1048576K
}
Event: 544,983 GC heap before
{Heap before GC invocations=58 (full 6):
 PSYoungGen      total 434688K, used 434462K [0x00000000d9200000, 0x0000000100000000, 0x0000000100000000)
  eden space 356352K, 100% used [0x00000000d9200000,0x00000000eee00000,0x00000000eee00000)
  from space 78336K, 99% used [0x00000000eee00000,0x00000000f3a47b88,0x00000000f3a80000)
  to   space 140800K, 0% used [0x00000000f7680000,0x00000000f7680000,0x0000000100000000)
 ParOldGen       total 230400K, used 103727K [0x000000008b600000, 0x0000000099700000, 0x00000000d9200000)
  object space 230400K, 45% used [0x000000008b600000,0x0000000091b4bea8,0x0000000099700000)
 Metaspace       used 172796K, capacity 176422K, committed 177112K, reserved 1202176K
  class space    used 23804K, capacity 24493K, committed 24536K, reserved 1048576K
Event: 545,066 GC heap after
Heap after GC invocations=58 (full 6):
 PSYoungGen      total 499712K, used 27299K [0x00000000d9200000, 0x0000000100000000, 0x0000000100000000)
  eden space 358912K, 0% used [0x00000000d9200000,0x00000000d9200000,0x00000000ef080000)
  from space 140800K, 19% used [0x00000000f7680000,0x00000000f9128e28,0x0000000100000000)
  to   space 137216K, 0% used [0x00000000ef080000,0x00000000ef080000,0x00000000f7680000)
 ParOldGen       total 230400K, used 107591K [0x000000008b600000, 0x0000000099700000, 0x00000000d9200000)
  object space 230400K, 46% used [0x000000008b600000,0x0000000091f11ed8,0x0000000099700000)
 Metaspace       used 172796K, capacity 176422K, committed 177112K, reserved 1202176K
  class space    used 23804K, capacity 24493K, committed 24536K, reserved 1048576K
}

