# JRE version: Java(TM) SE Runtime Environment (8.0_131-b11) (build 1.8.0_131-b11)
# Java VM: Java HotSpot(TM) 64-Bit Server VM (25.131-b11 mixed mode linux-amd64 compressed oops)
Heap:
 PSYoungGen      total 499200K, used 347821K [0x00000000d9200000, 0x0000000100000000, 0x0000000100000000)
  eden space 356864K, 87% used [0x00000000d9200000,0x00000000ec14d8e8,0x00000000eee80000)
  from space 142336K, 26% used [0x00000000f7500000,0x00000000f995dd78,0x0000000100000000)
  to   space 137728K, 0% used [0x00000000eee80000,0x00000000eee80000,0x00000000f7500000)
 ParOldGen       total 236544K, used 158580K [0x000000008b600000, 0x0000000099d00000, 0x00000000d9200000)
  object space 236544K, 67% used [0x000000008b600000,0x00000000950dd3b8,0x0000000099d00000)
 Metaspace       used 212179K, capacity 214430K, committed 215896K, reserved 1234944K
  class space    used 29216K, capacity 29777K, committed 30080K, reserved 1048576K
GC Heap History (10 events):
Event: 3803,081 GC heap before
{Heap before GC invocations=83 (full 7):
 PSYoungGen      total 494080K, used 375394K [0x00000000d9200000, 0x00000000ff980000, 0x0000000100000000)
  eden space 359936K, 100% used [0x00000000d9200000,0x00000000ef180000,0x00000000ef180000)
  from space 134144K, 11% used [0x00000000ef180000,0x00000000f0098ad0,0x00000000f7480000)
  to   space 132096K, 0% used [0x00000000f7880000,0x00000000f7880000,0x00000000ff980000)
 ParOldGen       total 236544K, used 138452K [0x000000008b600000, 0x0000000099d00000, 0x00000000d9200000)
  object space 236544K, 58% used [0x000000008b600000,0x0000000093d35310,0x0000000099d00000)
 Metaspace       used 199884K, capacity 202178K, committed 203608K, reserved 1224704K
  class space    used 27476K, capacity 28029K, committed 28288K, reserved 1048576K
Event: 3803,167 GC heap after
Heap after GC invocations=83 (full 7):
 PSYoungGen      total 498176K, used 27971K [0x00000000d9200000, 0x00000000ff500000, 0x0000000100000000)
  eden space 370688K, 0% used [0x00000000d9200000,0x00000000d9200000,0x00000000efc00000)
  from space 127488K, 21% used [0x00000000f7880000,0x00000000f93d0f40,0x00000000ff500000)
  to   space 127488K, 0% used [0x00000000efc00000,0x00000000efc00000,0x00000000f7880000)
 ParOldGen       total 236544K, used 144036K [0x000000008b600000, 0x0000000099d00000, 0x00000000d9200000)
  object space 236544K, 60% used [0x000000008b600000,0x00000000942a9038,0x0000000099d00000)
 Metaspace       used 199884K, capacity 202178K, committed 203608K, reserved 1224704K
  class space    used 27476K, capacity 28029K, committed 28288K, reserved 1048576K
}
Event: 19850,121 GC heap before
{Heap before GC invocations=84 (full 7):
 PSYoungGen      total 498176K, used 398659K [0x00000000d9200000, 0x00000000ff500000, 0x0000000100000000)
  eden space 370688K, 100% used [0x00000000d9200000,0x00000000efc00000,0x00000000efc00000)
  from space 127488K, 21% used [0x00000000f7880000,0x00000000f93d0f40,0x00000000ff500000)
  to   space 127488K, 0% used [0x00000000efc00000,0x00000000efc00000,0x00000000f7880000)
 ParOldGen       total 236544K, used 144036K [0x000000008b600000, 0x0000000099d00000, 0x00000000d9200000)
  object space 236544K, 60% used [0x000000008b600000,0x00000000942a9038,0x0000000099d00000)
 Metaspace       used 201735K, capacity 204032K, committed 205656K, reserved 1226752K
  class space    used 27697K, capacity 28262K, committed 28544K, reserved 1048576K
Event: 19850,331 GC heap after
Heap after GC invocations=84 (full 7):
 PSYoungGen      total 498176K, used 77366K [0x00000000d9200000, 0x0000000100000000, 0x0000000100000000)
  eden space 370688K, 0% used [0x00000000d9200000,0x00000000d9200000,0x00000000efc00000)
  from space 127488K, 60% used [0x00000000efc00000,0x00000000f478d828,0x00000000f7880000)
  to   space 130560K, 0% used [0x00000000f8080000,0x00000000f8080000,0x0000000100000000)
 ParOldGen       total 236544K, used 145608K [0x000000008b600000, 0x0000000099d00000, 0x00000000d9200000)
  object space 236544K, 61% used [0x000000008b600000,0x0000000094432070,0x0000000099d00000)
 Metaspace       used 201735K, capacity 204032K, committed 205656K, reserved 1226752K
  class space    used 27697K, capacity 28262K, committed 28544K, reserved 1048576K
}
Event: 19853,077 GC heap before
{Heap before GC invocations=85 (full 7):
 PSYoungGen      total 498176K, used 448054K [0x00000000d9200000, 0x0000000100000000, 0x0000000100000000)
  eden space 370688K, 100% used [0x00000000d9200000,0x00000000efc00000,0x00000000efc00000)
  from space 127488K, 60% used [0x00000000efc00000,0x00000000f478d828,0x00000000f7880000)
  to   space 130560K, 0% used [0x00000000f8080000,0x00000000f8080000,0x0000000100000000)
 ParOldGen       total 236544K, used 145608K [0x000000008b600000, 0x0000000099d00000, 0x00000000d9200000)
  object space 236544K, 61% used [0x000000008b600000,0x0000000094432070,0x0000000099d00000)
 Metaspace       used 201735K, capacity 204032K, committed 205656K, reserved 1226752K
  class space    used 27697K, capacity 28262K, committed 28544K, reserved 1048576K
Event: 19853,373 GC heap after
Heap after GC invocations=85 (full 7):
 PSYoungGen      total 483840K, used 101989K [0x00000000d9200000, 0x0000000100000000, 0x0000000100000000)
  eden space 353280K, 0% used [0x00000000d9200000,0x00000000d9200000,0x00000000eeb00000)
  from space 130560K, 78% used [0x00000000f8080000,0x00000000fe419718,0x0000000100000000)
  to   space 141824K, 0% used [0x00000000eeb00000,0x00000000eeb00000,0x00000000f7580000)
 ParOldGen       total 236544K, used 150352K [0x000000008b600000, 0x0000000099d00000, 0x00000000d9200000)
  object space 236544K, 63% used [0x000000008b600000,0x00000000948d4270,0x0000000099d00000)
 Metaspace       used 201735K, capacity 204032K, committed 205656K, reserved 1226752K
  class space    used 27697K, capacity 28262K, committed 28544K, reserved 1048576K
}
Event: 19855,723 GC heap before
{Heap before GC invocations=86 (full 7):
 PSYoungGen      total 483840K, used 455269K [0x00000000d9200000, 0x0000000100000000, 0x0000000100000000)
  eden space 353280K, 100% used [0x00000000d9200000,0x00000000eeb00000,0x00000000eeb00000)
  from space 130560K, 78% used [0x00000000f8080000,0x00000000fe419718,0x0000000100000000)
  to   space 141824K, 0% used [0x00000000eeb00000,0x00000000eeb00000,0x00000000f7580000)
 ParOldGen       total 236544K, used 150352K [0x000000008b600000, 0x0000000099d00000, 0x00000000d9200000)
  object space 236544K, 63% used [0x000000008b600000,0x00000000948d4270,0x0000000099d00000)
 Metaspace       used 201735K, capacity 204032K, committed 205656K, reserved 1226752K
  class space    used 27697K, capacity 28262K, committed 28544K, reserved 1048576K
Event: 19855,931 GC heap after
Heap after GC invocations=86 (full 7):
 PSYoungGen      total 433664K, used 80339K [0x00000000d9200000, 0x0000000100000000, 0x0000000100000000)
  eden space 353280K, 0% used [0x00000000d9200000,0x00000000d9200000,0x00000000eeb00000)
  from space 80384K, 99% used [0x00000000eeb00000,0x00000000f3974de0,0x00000000f3980000)
  to   space 142336K, 0% used [0x00000000f7500000,0x00000000f7500000,0x0000000100000000)
 ParOldGen       total 236544K, used 154512K [0x000000008b600000, 0x0000000099d00000, 0x00000000d9200000)
  object space 236544K, 65% used [0x000000008b600000,0x0000000094ce4290,0x0000000099d00000)
 Metaspace       used 201735K, capacity 204032K, committed 205656K, reserved 1226752K
  class space    used 27697K, capacity 28262K, committed 28544K, reserved 1048576K
}
Event: 19857,793 GC heap before
{Heap before GC invocations=87 (full 7):
 PSYoungGen      total 433664K, used 433619K [0x00000000d9200000, 0x0000000100000000, 0x0000000100000000)
  eden space 353280K, 100% used [0x00000000d9200000,0x00000000eeb00000,0x00000000eeb00000)
  from space 80384K, 99% used [0x00000000eeb00000,0x00000000f3974de0,0x00000000f3980000)
  to   space 142336K, 0% used [0x00000000f7500000,0x00000000f7500000,0x0000000100000000)
 ParOldGen       total 236544K, used 154512K [0x000000008b600000, 0x0000000099d00000, 0x00000000d9200000)
  object space 236544K, 65% used [0x000000008b600000,0x0000000094ce4290,0x0000000099d00000)
 Metaspace       used 201735K, capacity 204032K, committed 205656K, reserved 1226752K
  class space    used 27697K, capacity 28262K, committed 28544K, reserved 1048576K
Event: 19857,971 GC heap after
Heap after GC invocations=87 (full 7):
 PSYoungGen      total 499200K, used 37239K [0x00000000d9200000, 0x0000000100000000, 0x0000000100000000)
  eden space 356864K, 0% used [0x00000000d9200000,0x00000000d9200000,0x00000000eee80000)
  from space 142336K, 26% used [0x00000000f7500000,0x00000000f995dd78,0x0000000100000000)
  to   space 137728K, 0% used [0x00000000eee80000,0x00000000eee80000,0x00000000f7500000)
 ParOldGen       total 236544K, used 158580K [0x000000008b600000, 0x0000000099d00000, 0x00000000d9200000)
  object space 236544K, 67% used [0x000000008b600000,0x00000000950dd3b8,0x0000000099d00000)
 Metaspace       used 201735K, capacity 204032K, committed 205656K, reserved 1226752K
  class space    used 27697K, capacity 28262K, committed 28544K, reserved 1048576K
}

