# JRE version: Java(TM) SE Runtime Environment (8.0_102-b14) (build 1.8.0_102-b14)
# Java VM: Java HotSpot(TM) 64-Bit Server VM (25.102-b14 mixed mode linux-amd64 compressed oops)
Heap:
 PSYoungGen      total 1166336K, used 690759K [0x000000076d400000, 0x00000007c0000000, 0x00000007c0000000)
  eden space 1049600K, 64% used [0x000000076d400000,0x0000000796996a78,0x00000007ad500000)
  from space 116736K, 11% used [0x00000007ad500000,0x00000007ae1fb330,0x00000007b4700000)
  to   space 182272K, 0% used [0x00000007b4e00000,0x00000007b4e00000,0x00000007c0000000)
 ParOldGen       total 501760K, used 237357K [0x00000006c7c00000, 0x00000006e6600000, 0x000000076d400000)
  object space 501760K, 47% used [0x00000006c7c00000,0x00000006d63cb588,0x00000006e6600000)
 Metaspace       used 65206K, capacity 66110K, committed 66648K, reserved 1107968K
  class space    used 8757K, capacity 9024K, committed 9088K, reserved 1048576K
GC Heap History (10 events):
Event: 23,438 GC heap before
{Heap before GC invocations=10 (full 1):
 PSYoungGen      total 857088K, used 327271K [0x000000076d400000, 0x00000007b4d80000, 0x00000007c0000000)
  eden space 785408K, 32% used [0x000000076d400000,0x000000077cde6140,0x000000079d300000)
  from space 71680K, 99% used [0x00000007b0780000,0x00000007b4d33c88,0x00000007b4d80000)
  to   space 121344K, 0% used [0x00000007a6080000,0x00000007a6080000,0x00000007ad700000)
 ParOldGen       total 310784K, used 166984K [0x00000006c7c00000, 0x00000006dab80000, 0x000000076d400000)
  object space 310784K, 53% used [0x00000006c7c00000,0x00000006d1f12198,0x00000006dab80000)
 Metaspace       used 34637K, capacity 35214K, committed 35416K, reserved 1079296K
  class space    used 4542K, capacity 4708K, committed 4736K, reserved 1048576K
Event: 23,499 GC heap after
Heap after GC invocations=10 (full 1):
 PSYoungGen      total 1051648K, used 22327K [0x000000076d400000, 0x00000007bba00000, 0x00000007c0000000)
  eden space 930304K, 0% used [0x000000076d400000,0x000000076d400000,0x00000007a6080000)
  from space 121344K, 18% used [0x00000007a6080000,0x00000007a764dff8,0x00000007ad700000)
  to   space 117760K, 0% used [0x00000007b4700000,0x00000007b4700000,0x00000007bba00000)
 ParOldGen       total 310784K, used 167056K [0x00000006c7c00000, 0x00000006dab80000, 0x000000076d400000)
  object space 310784K, 53% used [0x00000006c7c00000,0x00000006d1f241a8,0x00000006dab80000)
 Metaspace       used 34637K, capacity 35214K, committed 35416K, reserved 1079296K
  class space    used 4542K, capacity 4708K, committed 4736K, reserved 1048576K
}
Event: 23,499 GC heap before
{Heap before GC invocations=11 (full 2):
 PSYoungGen      total 1051648K, used 22327K [0x000000076d400000, 0x00000007bba00000, 0x00000007c0000000)
  eden space 930304K, 0% used [0x000000076d400000,0x000000076d400000,0x00000007a6080000)
  from space 121344K, 18% used [0x00000007a6080000,0x00000007a764dff8,0x00000007ad700000)
  to   space 117760K, 0% used [0x00000007b4700000,0x00000007b4700000,0x00000007bba00000)
 ParOldGen       total 310784K, used 167056K [0x00000006c7c00000, 0x00000006dab80000, 0x000000076d400000)
  object space 310784K, 53% used [0x00000006c7c00000,0x00000006d1f241a8,0x00000006dab80000)
 Metaspace       used 34637K, capacity 35214K, committed 35416K, reserved 1079296K
  class space    used 4542K, capacity 4708K, committed 4736K, reserved 1048576K
Event: 23,825 GC heap after
Heap after GC invocations=11 (full 2):
 PSYoungGen      total 1051648K, used 0K [0x000000076d400000, 0x00000007bba00000, 0x00000007c0000000)
  eden space 930304K, 0% used [0x000000076d400000,0x000000076d400000,0x00000007a6080000)
  from space 121344K, 0% used [0x00000007a6080000,0x00000007a6080000,0x00000007ad700000)
  to   space 117760K, 0% used [0x00000007b4700000,0x00000007b4700000,0x00000007bba00000)
 ParOldGen       total 237568K, used 46374K [0x00000006c7c00000, 0x00000006d6400000, 0x000000076d400000)
  object space 237568K, 19% used [0x00000006c7c00000,0x00000006ca949ba8,0x00000006d6400000)
 Metaspace       used 34637K, capacity 35214K, committed 35416K, reserved 1079296K
  class space    used 4542K, capacity 4708K, committed 4736K, reserved 1048576K
}
Event: 741,958 GC heap before
{Heap before GC invocations=12 (full 2):
 PSYoungGen      total 1051648K, used 930304K [0x000000076d400000, 0x00000007bba00000, 0x00000007c0000000)
  eden space 930304K, 100% used [0x000000076d400000,0x00000007a6080000,0x00000007a6080000)
  from space 121344K, 0% used [0x00000007a6080000,0x00000007a6080000,0x00000007ad700000)
  to   space 117760K, 0% used [0x00000007b4700000,0x00000007b4700000,0x00000007bba00000)
 ParOldGen       total 237568K, used 46381K [0x00000006c7c00000, 0x00000006d6400000, 0x000000076d400000)
  object space 237568K, 19% used [0x00000006c7c00000,0x00000006ca94b6b0,0x00000006d6400000)
 Metaspace       used 49105K, capacity 49942K, committed 50392K, reserved 1093632K
  class space    used 6351K, capacity 6602K, committed 6656K, reserved 1048576K
Event: 742,246 GC heap after
Heap after GC invocations=12 (full 2):
 PSYoungGen      total 1167360K, used 61456K [0x000000076d400000, 0x00000007bfa80000, 0x00000007c0000000)
  eden space 1049600K, 0% used [0x000000076d400000,0x000000076d400000,0x00000007ad500000)
  from space 117760K, 52% used [0x00000007b4700000,0x00000007b8304220,0x00000007bba00000)
  to   space 116736K, 0% used [0x00000007ad500000,0x00000007ad500000,0x00000007b4700000)
 ParOldGen       total 237568K, used 46397K [0x00000006c7c00000, 0x00000006d6400000, 0x000000076d400000)
  object space 237568K, 19% used [0x00000006c7c00000,0x00000006ca94f6b0,0x00000006d6400000)
 Metaspace       used 49105K, capacity 49942K, committed 50392K, reserved 1093632K
  class space    used 6351K, capacity 6602K, committed 6656K, reserved 1048576K
}
Event: 757,904 GC heap before
{Heap before GC invocations=13 (full 2):
 PSYoungGen      total 1167360K, used 1111056K [0x000000076d400000, 0x00000007bfa80000, 0x00000007c0000000)
  eden space 1049600K, 100% used [0x000000076d400000,0x00000007ad500000,0x00000007ad500000)
  from space 117760K, 52% used [0x00000007b4700000,0x00000007b8304220,0x00000007bba00000)
  to   space 116736K, 0% used [0x00000007ad500000,0x00000007ad500000,0x00000007b4700000)
 ParOldGen       total 237568K, used 46408K [0x00000006c7c00000, 0x00000006d6400000, 0x000000076d400000)
  object space 237568K, 19% used [0x00000006c7c00000,0x00000006ca9523c0,0x00000006d6400000)
 Metaspace       used 49120K, capacity 49942K, committed 50392K, reserved 1093632K
  class space    used 6351K, capacity 6602K, committed 6656K, reserved 1048576K
Event: 758,940 GC heap after
Heap after GC invocations=13 (full 2):
 PSYoungGen      total 1166336K, used 116727K [0x000000076d400000, 0x00000007c0000000, 0x00000007c0000000)
  eden space 1049600K, 0% used [0x000000076d400000,0x000000076d400000,0x00000007ad500000)
  from space 116736K, 99% used [0x00000007ad500000,0x00000007b46fdeb8,0x00000007b4700000)
  to   space 182272K, 0% used [0x00000007b4e00000,0x00000007b4e00000,0x00000007c0000000)
 ParOldGen       total 237568K, used 171654K [0x00000006c7c00000, 0x00000006d6400000, 0x000000076d400000)
  object space 237568K, 72% used [0x00000006c7c00000,0x00000006d23a1950,0x00000006d6400000)
 Metaspace       used 49120K, capacity 49942K, committed 50392K, reserved 1093632K
  class space    used 6351K, capacity 6602K, committed 6656K, reserved 1048576K
}
Event: 758,940 GC heap before
{Heap before GC invocations=14 (full 3):
 PSYoungGen      total 1166336K, used 116727K [0x000000076d400000, 0x00000007c0000000, 0x00000007c0000000)
  eden space 1049600K, 0% used [0x000000076d400000,0x000000076d400000,0x00000007ad500000)
  from space 116736K, 99% used [0x00000007ad500000,0x00000007b46fdeb8,0x00000007b4700000)
  to   space 182272K, 0% used [0x00000007b4e00000,0x00000007b4e00000,0x00000007c0000000)
 ParOldGen       total 237568K, used 171654K [0x00000006c7c00000, 0x00000006d6400000, 0x000000076d400000)
  object space 237568K, 72% used [0x00000006c7c00000,0x00000006d23a1950,0x00000006d6400000)
 Metaspace       used 49120K, capacity 49942K, committed 50392K, reserved 1093632K
  class space    used 6351K, capacity 6602K, committed 6656K, reserved 1048576K
Event: 760,494 GC heap after
Heap after GC invocations=14 (full 3):
 PSYoungGen      total 1166336K, used 13292K [0x000000076d400000, 0x00000007c0000000, 0x00000007c0000000)
  eden space 1049600K, 0% used [0x000000076d400000,0x000000076d400000,0x00000007ad500000)
  from space 116736K, 11% used [0x00000007ad500000,0x00000007ae1fb330,0x00000007b4700000)
  to   space 182272K, 0% used [0x00000007b4e00000,0x00000007b4e00000,0x00000007c0000000)
 ParOldGen       total 501760K, used 237357K [0x00000006c7c00000, 0x00000006e6600000, 0x000000076d400000)
  object space 501760K, 47% used [0x00000006c7c00000,0x00000006d63cb588,0x00000006e6600000)
 Metaspace       used 49116K, capacity 49936K, committed 50392K, reserved 1093632K
  class space    used 6350K, capacity 6601K, committed 6656K, reserved 1048576K
}

