# JRE version: Java(TM) SE Runtime Environment (8.0_102-b14) (build 1.8.0_102-b14)
# Java VM: Java HotSpot(TM) 64-Bit Server VM (25.102-b14 mixed mode linux-amd64 compressed oops)
Heap:
 PSYoungGen      total 1157120K, used 545863K [0x000000076d400000, 0x00000007c0000000, 0x00000007c0000000)
  eden space 1050624K, 41% used [0x000000076d400000,0x0000000788114f18,0x00000007ad600000)
  from space 106496K, 99% used [0x00000007ad600000,0x00000007b3dfcdb8,0x00000007b3e00000)
  to   space 177664K, 0% used [0x00000007b5280000,0x00000007b5280000,0x00000007c0000000)
 ParOldGen       total 305664K, used 215817K [0x00000006c7c00000, 0x00000006da680000, 0x000000076d400000)
  object space 305664K, 70% used [0x00000006c7c00000,0x00000006d4ec2468,0x00000006da680000)
 Metaspace       used 69221K, capacity 71028K, committed 71296K, reserved 1112064K
  class space    used 8992K, capacity 9322K, committed 9344K, reserved 1048576K
GC Heap History (10 events):
Event: 45,506 GC heap before
{Heap before GC invocations=12 (full 2):
 PSYoungGen      total 716800K, used 695700K [0x000000076d400000, 0x00000007a9880000, 0x00000007c0000000)
  eden space 607232K, 100% used [0x000000076d400000,0x0000000792500000,0x0000000792500000)
  from space 109568K, 80% used [0x0000000792500000,0x0000000797b65060,0x0000000799000000)
  to   space 121344K, 0% used [0x00000007a2200000,0x00000007a2200000,0x00000007a9880000)
 ParOldGen       total 336384K, used 128511K [0x00000006c7c00000, 0x00000006dc480000, 0x000000076d400000)
  object space 336384K, 38% used [0x00000006c7c00000,0x00000006cf97fcf8,0x00000006dc480000)
 Metaspace       used 50450K, capacity 51270K, committed 51584K, reserved 1093632K
  class space    used 6472K, capacity 6673K, committed 6784K, reserved 1048576K
Event: 52,818 GC heap after
Heap after GC invocations=12 (full 2):
 PSYoungGen      total 872448K, used 37144K [0x000000076d400000, 0x00000007af680000, 0x00000007c0000000)
  eden space 751104K, 0% used [0x000000076d400000,0x000000076d400000,0x000000079b180000)
  from space 121344K, 30% used [0x00000007a2200000,0x00000007a4646178,0x00000007a9880000)
  to   space 115200K, 0% used [0x000000079b180000,0x000000079b180000,0x00000007a2200000)
 ParOldGen       total 336384K, used 139689K [0x00000006c7c00000, 0x00000006dc480000, 0x000000076d400000)
  object space 336384K, 41% used [0x00000006c7c00000,0x00000006d046a5f0,0x00000006dc480000)
 Metaspace       used 50450K, capacity 51270K, committed 51584K, reserved 1093632K
  class space    used 6472K, capacity 6673K, committed 6784K, reserved 1048576K
}
Event: 54,001 GC heap before
{Heap before GC invocations=13 (full 2):
 PSYoungGen      total 872448K, used 206441K [0x000000076d400000, 0x00000007af680000, 0x00000007c0000000)
  eden space 751104K, 22% used [0x000000076d400000,0x00000007779544f0,0x000000079b180000)
  from space 121344K, 30% used [0x00000007a2200000,0x00000007a4646178,0x00000007a9880000)
  to   space 115200K, 0% used [0x000000079b180000,0x000000079b180000,0x00000007a2200000)
 ParOldGen       total 336384K, used 139689K [0x00000006c7c00000, 0x00000006dc480000, 0x000000076d400000)
  object space 336384K, 41% used [0x00000006c7c00000,0x00000006d046a5f0,0x00000006dc480000)
 Metaspace       used 51557K, capacity 52344K, committed 52480K, reserved 1095680K
  class space    used 6617K, capacity 6836K, committed 6912K, reserved 1048576K
Event: 56,531 GC heap after
Heap after GC invocations=13 (full 2):
 PSYoungGen      total 866304K, used 16649K [0x000000076d400000, 0x00000007bcf80000, 0x00000007c0000000)
  eden space 751104K, 0% used [0x000000076d400000,0x000000076d400000,0x000000079b180000)
  from space 115200K, 14% used [0x000000079b180000,0x000000079c1c2748,0x00000007a2200000)
  to   space 113152K, 0% used [0x00000007b6100000,0x00000007b6100000,0x00000007bcf80000)
 ParOldGen       total 336384K, used 151531K [0x00000006c7c00000, 0x00000006dc480000, 0x000000076d400000)
  object space 336384K, 45% used [0x00000006c7c00000,0x00000006d0ffad40,0x00000006dc480000)
 Metaspace       used 51557K, capacity 52344K, committed 52480K, reserved 1095680K
  class space    used 6617K, capacity 6836K, committed 6912K, reserved 1048576K
}
Event: 56,531 GC heap before
{Heap before GC invocations=14 (full 3):
 PSYoungGen      total 866304K, used 16649K [0x000000076d400000, 0x00000007bcf80000, 0x00000007c0000000)
  eden space 751104K, 0% used [0x000000076d400000,0x000000076d400000,0x000000079b180000)
  from space 115200K, 14% used [0x000000079b180000,0x000000079c1c2748,0x00000007a2200000)
  to   space 113152K, 0% used [0x00000007b6100000,0x00000007b6100000,0x00000007bcf80000)
 ParOldGen       total 336384K, used 151531K [0x00000006c7c00000, 0x00000006dc480000, 0x000000076d400000)
  object space 336384K, 45% used [0x00000006c7c00000,0x00000006d0ffad40,0x00000006dc480000)
 Metaspace       used 51557K, capacity 52344K, committed 52480K, reserved 1095680K
  class space    used 6617K, capacity 6836K, committed 6912K, reserved 1048576K
Event: 62,548 GC heap after
Heap after GC invocations=14 (full 3):
 PSYoungGen      total 866304K, used 0K [0x000000076d400000, 0x00000007bcf80000, 0x00000007c0000000)
  eden space 751104K, 0% used [0x000000076d400000,0x000000076d400000,0x000000079b180000)
  from space 115200K, 0% used [0x000000079b180000,0x000000079b180000,0x00000007a2200000)
  to   space 113152K, 0% used [0x00000007b6100000,0x00000007b6100000,0x00000007bcf80000)
 ParOldGen       total 305664K, used 70337K [0x00000006c7c00000, 0x00000006da680000, 0x000000076d400000)
  object space 305664K, 23% used [0x00000006c7c00000,0x00000006cc0b04c0,0x00000006da680000)
 Metaspace       used 51533K, capacity 52302K, committed 52480K, reserved 1095680K
  class space    used 6613K, capacity 6829K, committed 6912K, reserved 1048576K
}
Event: 401,752 GC heap before
{Heap before GC invocations=15 (full 3):
 PSYoungGen      total 866304K, used 751104K [0x000000076d400000, 0x00000007bcf80000, 0x00000007c0000000)
  eden space 751104K, 100% used [0x000000076d400000,0x000000079b180000,0x000000079b180000)
  from space 115200K, 0% used [0x000000079b180000,0x000000079b180000,0x00000007a2200000)
  to   space 113152K, 0% used [0x00000007b6100000,0x00000007b6100000,0x00000007bcf80000)
 ParOldGen       total 305664K, used 70351K [0x00000006c7c00000, 0x00000006da680000, 0x000000076d400000)
  object space 305664K, 23% used [0x00000006c7c00000,0x00000006cc0b3f50,0x00000006da680000)
 Metaspace       used 64024K, capacity 65912K, committed 66176K, reserved 1107968K
  class space    used 8160K, capacity 8480K, committed 8576K, reserved 1048576K
Event: 401,923 GC heap after
Heap after GC invocations=15 (full 3):
 PSYoungGen      total 1121280K, used 41804K [0x000000076d400000, 0x00000007ba600000, 0x00000007c0000000)
  eden space 1050624K, 0% used [0x000000076d400000,0x000000076d400000,0x00000007ad600000)
  from space 70656K, 59% used [0x00000007b6100000,0x00000007b89d33e0,0x00000007ba600000)
  to   space 106496K, 0% used [0x00000007ad600000,0x00000007ad600000,0x00000007b3e00000)
 ParOldGen       total 305664K, used 70359K [0x00000006c7c00000, 0x00000006da680000, 0x000000076d400000)
  object space 305664K, 23% used [0x00000006c7c00000,0x00000006cc0b5f50,0x00000006da680000)
 Metaspace       used 64024K, capacity 65912K, committed 66176K, reserved 1107968K
  class space    used 8160K, capacity 8480K, committed 8576K, reserved 1048576K
}
Event: 418,262 GC heap before
{Heap before GC invocations=16 (full 3):
 PSYoungGen      total 1121280K, used 1092428K [0x000000076d400000, 0x00000007ba600000, 0x00000007c0000000)
  eden space 1050624K, 100% used [0x000000076d400000,0x00000007ad600000,0x00000007ad600000)
  from space 70656K, 59% used [0x00000007b6100000,0x00000007b89d33e0,0x00000007ba600000)
  to   space 106496K, 0% used [0x00000007ad600000,0x00000007ad600000,0x00000007b3e00000)
 ParOldGen       total 305664K, used 70430K [0x00000006c7c00000, 0x00000006da680000, 0x000000076d400000)
  object space 305664K, 23% used [0x00000006c7c00000,0x00000006cc0c7bc8,0x00000006da680000)
 Metaspace       used 64042K, capacity 65912K, committed 66176K, reserved 1107968K
  class space    used 8160K, capacity 8480K, committed 8576K, reserved 1048576K
Event: 419,001 GC heap after
Heap after GC invocations=16 (full 3):
 PSYoungGen      total 1157120K, used 106483K [0x000000076d400000, 0x00000007c0000000, 0x00000007c0000000)
  eden space 1050624K, 0% used [0x000000076d400000,0x000000076d400000,0x00000007ad600000)
  from space 106496K, 99% used [0x00000007ad600000,0x00000007b3dfcdb8,0x00000007b3e00000)
  to   space 177664K, 0% used [0x00000007b5280000,0x00000007b5280000,0x00000007c0000000)
 ParOldGen       total 305664K, used 215817K [0x00000006c7c00000, 0x00000006da680000, 0x000000076d400000)
  object space 305664K, 70% used [0x00000006c7c00000,0x00000006d4ec2468,0x00000006da680000)
 Metaspace       used 64042K, capacity 65912K, committed 66176K, reserved 1107968K
  class space    used 8160K, capacity 8480K, committed 8576K, reserved 1048576K
}

