# JRE version: Java(TM) SE Runtime Environment (8.0_102-b14) (build 1.8.0_102-b14)
# Java VM: Java HotSpot(TM) 64-Bit Server VM (25.102-b14 mixed mode linux-amd64 compressed oops)
Heap:
 PSYoungGen      total 885248K, used 567299K [0x000000076d400000, 0x00000007b0b80000, 0x00000007c0000000)
  eden space 792064K, 59% used [0x000000076d400000,0x000000078a304e80,0x000000079d980000)
  from space 93184K, 99% used [0x00000007a5c00000,0x00000007ab6fbfa0,0x00000007ab700000)
  to   space 133632K, 0% used [0x000000079d980000,0x000000079d980000,0x00000007a5c00000)
 ParOldGen       total 220672K, used 168777K [0x00000006c7c00000, 0x00000006d5380000, 0x000000076d400000)
  object space 220672K, 76% used [0x00000006c7c00000,0x00000006d20d2750,0x00000006d5380000)
 Metaspace       used 61386K, capacity 62362K, committed 62680K, reserved 1103872K
  class space    used 7852K, capacity 8146K, committed 8152K, reserved 1048576K
GC Heap History (10 events):
Event: 105,157 GC heap before
{Heap before GC invocations=19 (full 2):
 PSYoungGen      total 564224K, used 523312K [0x000000076d400000, 0x0000000794a80000, 0x00000007c0000000)
  eden space 500224K, 100% used [0x000000076d400000,0x000000078bc80000,0x000000078bc80000)
  from space 64000K, 36% used [0x0000000790c00000,0x000000079228c058,0x0000000794a80000)
  to   space 72704K, 0% used [0x000000078bc80000,0x000000078bc80000,0x0000000790380000)
 ParOldGen       total 245248K, used 107808K [0x00000006c7c00000, 0x00000006d6b80000, 0x000000076d400000)
  object space 245248K, 43% used [0x00000006c7c00000,0x00000006ce548150,0x00000006d6b80000)
 Metaspace       used 50479K, capacity 51322K, committed 51840K, reserved 1093632K
  class space    used 6465K, capacity 6700K, committed 6784K, reserved 1048576K
Event: 105,262 GC heap after
Heap after GC invocations=19 (full 2):
 PSYoungGen      total 572928K, used 24399K [0x000000076d400000, 0x000000079da00000, 0x00000007c0000000)
  eden space 500224K, 0% used [0x000000076d400000,0x000000076d400000,0x000000078bc80000)
  from space 72704K, 33% used [0x000000078bc80000,0x000000078d453db8,0x0000000790380000)
  to   space 70144K, 0% used [0x0000000799580000,0x0000000799580000,0x000000079da00000)
 ParOldGen       total 245248K, used 111555K [0x00000006c7c00000, 0x00000006d6b80000, 0x000000076d400000)
  object space 245248K, 45% used [0x00000006c7c00000,0x00000006ce8f0dc0,0x00000006d6b80000)
 Metaspace       used 50479K, capacity 51322K, committed 51840K, reserved 1093632K
  class space    used 6465K, capacity 6700K, committed 6784K, reserved 1048576K
}
Event: 106,158 GC heap before
{Heap before GC invocations=20 (full 2):
 PSYoungGen      total 572928K, used 84380K [0x000000076d400000, 0x000000079da00000, 0x00000007c0000000)
  eden space 500224K, 11% used [0x000000076d400000,0x0000000770e93628,0x000000078bc80000)
  from space 72704K, 33% used [0x000000078bc80000,0x000000078d453db8,0x0000000790380000)
  to   space 70144K, 0% used [0x0000000799580000,0x0000000799580000,0x000000079da00000)
 ParOldGen       total 245248K, used 111555K [0x00000006c7c00000, 0x00000006d6b80000, 0x000000076d400000)
  object space 245248K, 45% used [0x00000006c7c00000,0x00000006ce8f0dc0,0x00000006d6b80000)
 Metaspace       used 52147K, capacity 53004K, committed 53336K, reserved 1095680K
  class space    used 6702K, capacity 6959K, committed 7000K, reserved 1048576K
Event: 106,229 GC heap after
Heap after GC invocations=20 (full 2):
 PSYoungGen      total 723456K, used 12905K [0x000000076d400000, 0x000000079db80000, 0x00000007c0000000)
  eden space 653312K, 0% used [0x000000076d400000,0x000000076d400000,0x0000000795200000)
  from space 70144K, 18% used [0x0000000799580000,0x000000079a21a748,0x000000079da00000)
  to   space 69120K, 0% used [0x0000000795200000,0x0000000795200000,0x0000000799580000)
 ParOldGen       total 245248K, used 116012K [0x00000006c7c00000, 0x00000006d6b80000, 0x000000076d400000)
  object space 245248K, 47% used [0x00000006c7c00000,0x00000006ced4b1a0,0x00000006d6b80000)
 Metaspace       used 52147K, capacity 53004K, committed 53336K, reserved 1095680K
  class space    used 6702K, capacity 6959K, committed 7000K, reserved 1048576K
}
Event: 106,229 GC heap before
{Heap before GC invocations=21 (full 3):
 PSYoungGen      total 723456K, used 12905K [0x000000076d400000, 0x000000079db80000, 0x00000007c0000000)
  eden space 653312K, 0% used [0x000000076d400000,0x000000076d400000,0x0000000795200000)
  from space 70144K, 18% used [0x0000000799580000,0x000000079a21a748,0x000000079da00000)
  to   space 69120K, 0% used [0x0000000795200000,0x0000000795200000,0x0000000799580000)
 ParOldGen       total 245248K, used 116012K [0x00000006c7c00000, 0x00000006d6b80000, 0x000000076d400000)
  object space 245248K, 47% used [0x00000006c7c00000,0x00000006ced4b1a0,0x00000006d6b80000)
 Metaspace       used 52147K, capacity 53004K, committed 53336K, reserved 1095680K
  class space    used 6702K, capacity 6959K, committed 7000K, reserved 1048576K
Event: 106,815 GC heap after
Heap after GC invocations=21 (full 3):
 PSYoungGen      total 723456K, used 0K [0x000000076d400000, 0x000000079db80000, 0x00000007c0000000)
  eden space 653312K, 0% used [0x000000076d400000,0x000000076d400000,0x0000000795200000)
  from space 70144K, 0% used [0x0000000799580000,0x0000000799580000,0x000000079da00000)
  to   space 69120K, 0% used [0x0000000795200000,0x0000000795200000,0x0000000799580000)
 ParOldGen       total 220672K, used 65658K [0x00000006c7c00000, 0x00000006d5380000, 0x000000076d400000)
  object space 220672K, 29% used [0x00000006c7c00000,0x00000006cbc1e9b0,0x00000006d5380000)
 Metaspace       used 52145K, capacity 52998K, committed 53336K, reserved 1095680K
  class space    used 6701K, capacity 6958K, committed 7000K, reserved 1048576K
}
Event: 725,716 GC heap before
{Heap before GC invocations=22 (full 3):
 PSYoungGen      total 723456K, used 653312K [0x000000076d400000, 0x000000079db80000, 0x00000007c0000000)
  eden space 653312K, 100% used [0x000000076d400000,0x0000000795200000,0x0000000795200000)
  from space 70144K, 0% used [0x0000000799580000,0x0000000799580000,0x000000079da00000)
  to   space 69120K, 0% used [0x0000000795200000,0x0000000795200000,0x0000000799580000)
 ParOldGen       total 220672K, used 65661K [0x00000006c7c00000, 0x00000006d5380000, 0x000000076d400000)
  object space 220672K, 29% used [0x00000006c7c00000,0x00000006cbc1f7e8,0x00000006d5380000)
 Metaspace       used 60759K, capacity 61672K, committed 62168K, reserved 1103872K
  class space    used 7775K, capacity 8047K, committed 8152K, reserved 1048576K
Event: 725,877 GC heap after
Heap after GC invocations=22 (full 3):
 PSYoungGen      total 722432K, used 69118K [0x000000076d400000, 0x00000007ab700000, 0x00000007c0000000)
  eden space 653312K, 0% used [0x000000076d400000,0x000000076d400000,0x0000000795200000)
  from space 69120K, 99% used [0x0000000795200000,0x000000079957f970,0x0000000799580000)
  to   space 93184K, 0% used [0x00000007a5c00000,0x00000007a5c00000,0x00000007ab700000)
 ParOldGen       total 220672K, used 101908K [0x00000006c7c00000, 0x00000006d5380000, 0x000000076d400000)
  object space 220672K, 46% used [0x00000006c7c00000,0x00000006cdf85310,0x00000006d5380000)
 Metaspace       used 60759K, capacity 61672K, committed 62168K, reserved 1103872K
  class space    used 7775K, capacity 8047K, committed 8152K, reserved 1048576K
}
Event: 730,054 GC heap before
{Heap before GC invocations=23 (full 3):
 PSYoungGen      total 722432K, used 722430K [0x000000076d400000, 0x00000007ab700000, 0x00000007c0000000)
  eden space 653312K, 100% used [0x000000076d400000,0x0000000795200000,0x0000000795200000)
  from space 69120K, 99% used [0x0000000795200000,0x000000079957f970,0x0000000799580000)
  to   space 93184K, 0% used [0x00000007a5c00000,0x00000007a5c00000,0x00000007ab700000)
 ParOldGen       total 220672K, used 101919K [0x00000006c7c00000, 0x00000006d5380000, 0x000000076d400000)
  object space 220672K, 46% used [0x00000006c7c00000,0x00000006cdf87f40,0x00000006d5380000)
 Metaspace       used 60792K, capacity 61736K, committed 62168K, reserved 1103872K
  class space    used 7775K, capacity 8047K, committed 8152K, reserved 1048576K
Event: 730,329 GC heap after
Heap after GC invocations=23 (full 3):
 PSYoungGen      total 885248K, used 93167K [0x000000076d400000, 0x00000007b0b80000, 0x00000007c0000000)
  eden space 792064K, 0% used [0x000000076d400000,0x000000076d400000,0x000000079d980000)
  from space 93184K, 99% used [0x00000007a5c00000,0x00000007ab6fbfa0,0x00000007ab700000)
  to   space 133632K, 0% used [0x000000079d980000,0x000000079d980000,0x00000007a5c00000)
 ParOldGen       total 220672K, used 168777K [0x00000006c7c00000, 0x00000006d5380000, 0x000000076d400000)
  object space 220672K, 76% used [0x00000006c7c00000,0x00000006d20d2750,0x00000006d5380000)
 Metaspace       used 60792K, capacity 61736K, committed 62168K, reserved 1103872K
  class space    used 7775K, capacity 8047K, committed 8152K, reserved 1048576K
}

