# JRE version: Java(TM) SE Runtime Environment (8.0_131-b11) (build 1.8.0_131-b11)
# Java VM: Java HotSpot(TM) 64-Bit Server VM (25.131-b11 mixed mode linux-amd64 compressed oops)
Heap:
 PSYoungGen      total 625152K, used 417696K [0x00000000d9300000, 0x0000000100000000, 0x0000000100000000)
  eden space 615424K, 67% used [0x00000000d9300000,0x00000000f29203b0,0x00000000fec00000)
  from space 9728K, 18% used [0x00000000ff680000,0x00000000ff848000,0x0000000100000000)
  to   space 10240K, 0% used [0x00000000fec00000,0x00000000fec00000,0x00000000ff600000)
 ParOldGen       total 226304K, used 184915K [0x000000008b800000, 0x0000000099500000, 0x00000000d9300000)
  object space 226304K, 81% used [0x000000008b800000,0x0000000096c94c90,0x0000000099500000)
 Metaspace       used 70264K, capacity 73387K, committed 73472K, reserved 1114112K
  class space    used 8829K, capacity 9408K, committed 9472K, reserved 1048576K
GC Heap History (10 events):
Event: 661,365 GC heap before
{Heap before GC invocations=210 (full 4):
 PSYoungGen      total 624640K, used 619233K [0x00000000d9300000, 0x00000000fff80000, 0x0000000100000000)
  eden space 613376K, 100% used [0x00000000d9300000,0x00000000fea00000,0x00000000fea00000)
  from space 11264K, 51% used [0x00000000fea00000,0x00000000fefb8410,0x00000000ff500000)
  to   space 10752K, 0% used [0x00000000ff500000,0x00000000ff500000,0x00000000fff80000)
 ParOldGen       total 226304K, used 183149K [0x000000008b800000, 0x0000000099500000, 0x00000000d9300000)
  object space 226304K, 80% used [0x000000008b800000,0x0000000096adb620,0x0000000099500000)
 Metaspace       used 70261K, capacity 73387K, committed 73472K, reserved 1114112K
  class space    used 8829K, capacity 9408K, committed 9472K, reserved 1048576K
Event: 661,542 GC heap after
Heap after GC invocations=210 (full 4):
 PSYoungGen      total 623616K, used 6048K [0x00000000d9300000, 0x00000000ffe80000, 0x0000000100000000)
  eden space 613888K, 0% used [0x00000000d9300000,0x00000000d9300000,0x00000000fea80000)
  from space 9728K, 62% used [0x00000000ff500000,0x00000000ffae8000,0x00000000ffe80000)
  to   space 10240K, 0% used [0x00000000fea80000,0x00000000fea80000,0x00000000ff480000)
 ParOldGen       total 226304K, used 184378K [0x000000008b800000, 0x0000000099500000, 0x00000000d9300000)
  object space 226304K, 81% used [0x000000008b800000,0x0000000096c0ea60,0x0000000099500000)
 Metaspace       used 70261K, capacity 73387K, committed 73472K, reserved 1114112K
  class space    used 8829K, capacity 9408K, committed 9472K, reserved 1048576K
}
Event: 665,365 GC heap before
{Heap before GC invocations=211 (full 4):
 PSYoungGen      total 623616K, used 619936K [0x00000000d9300000, 0x00000000ffe80000, 0x0000000100000000)
  eden space 613888K, 100% used [0x00000000d9300000,0x00000000fea80000,0x00000000fea80000)
  from space 9728K, 62% used [0x00000000ff500000,0x00000000ffae8000,0x00000000ffe80000)
  to   space 10240K, 0% used [0x00000000fea80000,0x00000000fea80000,0x00000000ff480000)
 ParOldGen       total 226304K, used 184378K [0x000000008b800000, 0x0000000099500000, 0x00000000d9300000)
  object space 226304K, 81% used [0x000000008b800000,0x0000000096c0ea60,0x0000000099500000)
 Metaspace       used 70261K, capacity 73387K, committed 73472K, reserved 1114112K
  class space    used 8829K, capacity 9408K, committed 9472K, reserved 1048576K
Event: 665,472 GC heap after
Heap after GC invocations=211 (full 4):
 PSYoungGen      total 624128K, used 5984K [0x00000000d9300000, 0x0000000100000000, 0x0000000100000000)
  eden space 613888K, 0% used [0x00000000d9300000,0x00000000d9300000,0x00000000fea80000)
  from space 10240K, 58% used [0x00000000fea80000,0x00000000ff058210,0x00000000ff480000)
  to   space 10240K, 0% used [0x00000000ff600000,0x00000000ff600000,0x0000000100000000)
 ParOldGen       total 226304K, used 184394K [0x000000008b800000, 0x0000000099500000, 0x00000000d9300000)
  object space 226304K, 81% used [0x000000008b800000,0x0000000096c12a60,0x0000000099500000)
 Metaspace       used 70261K, capacity 73387K, committed 73472K, reserved 1114112K
  class space    used 8829K, capacity 9408K, committed 9472K, reserved 1048576K
}
Event: 669,169 GC heap before
{Heap before GC invocations=212 (full 4):
 PSYoungGen      total 624128K, used 619872K [0x00000000d9300000, 0x0000000100000000, 0x0000000100000000)
  eden space 613888K, 100% used [0x00000000d9300000,0x00000000fea80000,0x00000000fea80000)
  from space 10240K, 58% used [0x00000000fea80000,0x00000000ff058210,0x00000000ff480000)
  to   space 10240K, 0% used [0x00000000ff600000,0x00000000ff600000,0x0000000100000000)
 ParOldGen       total 226304K, used 184394K [0x000000008b800000, 0x0000000099500000, 0x00000000d9300000)
  object space 226304K, 81% used [0x000000008b800000,0x0000000096c12a60,0x0000000099500000)
 Metaspace       used 70261K, capacity 73387K, committed 73472K, reserved 1114112K
  class space    used 8829K, capacity 9408K, committed 9472K, reserved 1048576K
Event: 669,262 GC heap after
Heap after GC invocations=212 (full 4):
 PSYoungGen      total 624640K, used 5248K [0x00000000d9300000, 0x00000000fff00000, 0x0000000100000000)
  eden space 615424K, 0% used [0x00000000d9300000,0x00000000d9300000,0x00000000fec00000)
  from space 9216K, 56% used [0x00000000ff600000,0x00000000ffb20000,0x00000000fff00000)
  to   space 9728K, 0% used [0x00000000fec00000,0x00000000fec00000,0x00000000ff580000)
 ParOldGen       total 226304K, used 184787K [0x000000008b800000, 0x0000000099500000, 0x00000000d9300000)
  object space 226304K, 81% used [0x000000008b800000,0x0000000096c74c90,0x0000000099500000)
 Metaspace       used 70261K, capacity 73387K, committed 73472K, reserved 1114112K
  class space    used 8829K, capacity 9408K, committed 9472K, reserved 1048576K
}
Event: 672,214 GC heap before
{Heap before GC invocations=213 (full 4):
 PSYoungGen      total 624640K, used 620672K [0x00000000d9300000, 0x00000000fff00000, 0x0000000100000000)
  eden space 615424K, 100% used [0x00000000d9300000,0x00000000fec00000,0x00000000fec00000)
  from space 9216K, 56% used [0x00000000ff600000,0x00000000ffb20000,0x00000000fff00000)
  to   space 9728K, 0% used [0x00000000fec00000,0x00000000fec00000,0x00000000ff580000)
 ParOldGen       total 226304K, used 184787K [0x000000008b800000, 0x0000000099500000, 0x00000000d9300000)
  object space 226304K, 81% used [0x000000008b800000,0x0000000096c74c90,0x0000000099500000)
 Metaspace       used 70261K, capacity 73387K, committed 73472K, reserved 1114112K
  class space    used 8829K, capacity 9408K, committed 9472K, reserved 1048576K
Event: 672,361 GC heap after
Heap after GC invocations=213 (full 4):
 PSYoungGen      total 625152K, used 5120K [0x00000000d9300000, 0x0000000100000000, 0x0000000100000000)
  eden space 615424K, 0% used [0x00000000d9300000,0x00000000d9300000,0x00000000fec00000)
  from space 9728K, 52% used [0x00000000fec00000,0x00000000ff100000,0x00000000ff580000)
  to   space 9728K, 0% used [0x00000000ff680000,0x00000000ff680000,0x0000000100000000)
 ParOldGen       total 226304K, used 184907K [0x000000008b800000, 0x0000000099500000, 0x00000000d9300000)
  object space 226304K, 81% used [0x000000008b800000,0x0000000096c92c90,0x0000000099500000)
 Metaspace       used 70261K, capacity 73387K, committed 73472K, reserved 1114112K
  class space    used 8829K, capacity 9408K, committed 9472K, reserved 1048576K
}
Event: 676,180 GC heap before
{Heap before GC invocations=214 (full 4):
 PSYoungGen      total 625152K, used 620544K [0x00000000d9300000, 0x0000000100000000, 0x0000000100000000)
  eden space 615424K, 100% used [0x00000000d9300000,0x00000000fec00000,0x00000000fec00000)
  from space 9728K, 52% used [0x00000000fec00000,0x00000000ff100000,0x00000000ff580000)
  to   space 9728K, 0% used [0x00000000ff680000,0x00000000ff680000,0x0000000100000000)
 ParOldGen       total 226304K, used 184907K [0x000000008b800000, 0x0000000099500000, 0x00000000d9300000)
  object space 226304K, 81% used [0x000000008b800000,0x0000000096c92c90,0x0000000099500000)
 Metaspace       used 70261K, capacity 73387K, committed 73472K, reserved 1114112K
  class space    used 8829K, capacity 9408K, committed 9472K, reserved 1048576K
Event: 676,228 GC heap after
Heap after GC invocations=214 (full 4):
 PSYoungGen      total 625152K, used 1824K [0x00000000d9300000, 0x0000000100000000, 0x0000000100000000)
  eden space 615424K, 0% used [0x00000000d9300000,0x00000000d9300000,0x00000000fec00000)
  from space 9728K, 18% used [0x00000000ff680000,0x00000000ff848000,0x0000000100000000)
  to   space 10240K, 0% used [0x00000000fec00000,0x00000000fec00000,0x00000000ff600000)
 ParOldGen       total 226304K, used 184915K [0x000000008b800000, 0x0000000099500000, 0x00000000d9300000)
  object space 226304K, 81% used [0x000000008b800000,0x0000000096c94c90,0x0000000099500000)
 Metaspace       used 70261K, capacity 73387K, committed 73472K, reserved 1114112K
  class space    used 8829K, capacity 9408K, committed 9472K, reserved 1048576K
}

