# JRE version: Java(TM) SE Runtime Environment (8.0_102-b14) (build 1.8.0_102-b14)
# Java VM: Java HotSpot(TM) 64-Bit Server VM (25.102-b14 mixed mode linux-amd64 compressed oops)
Heap:
 PSYoungGen      total 1252352K, used 729118K [0x000000076d400000, 0x00000007c0000000, 0x00000007c0000000)
  eden space 1159168K, 57% used [0x000000076d400000,0x0000000795d04b00,0x00000007b4000000)
  from space 93184K, 69% used [0x00000007b4000000,0x00000007b7f02e00,0x00000007b9b00000)
  to   space 97280K, 0% used [0x00000007ba100000,0x00000007ba100000,0x00000007c0000000)
 ParOldGen       total 248320K, used 68677K [0x00000006c7c00000, 0x00000006d6e80000, 0x000000076d400000)
  object space 248320K, 27% used [0x00000006c7c00000,0x00000006cbf116e0,0x00000006d6e80000)
 Metaspace       used 59090K, capacity 62734K, committed 62936K, reserved 1103872K
  class space    used 7524K, capacity 8136K, committed 8192K, reserved 1048576K
GC Heap History (10 events):
Event: 34,416 GC heap before
{Heap before GC invocations=14 (full 2):
 PSYoungGen      total 860160K, used 753664K [0x000000076d400000, 0x00000007bd280000, 0x00000007c0000000)
  eden space 753664K, 100% used [0x000000076d400000,0x000000079b400000,0x000000079b400000)
  from space 106496K, 0% used [0x000000079b400000,0x000000079b400000,0x00000007a1c00000)
  to   space 103424K, 0% used [0x00000007b6d80000,0x00000007b6d80000,0x00000007bd280000)
 ParOldGen       total 199680K, used 49581K [0x00000006c7c00000, 0x00000006d3f00000, 0x000000076d400000)
  object space 199680K, 24% used [0x00000006c7c00000,0x00000006cac6b520,0x00000006d3f00000)
 Metaspace       used 49519K, capacity 50196K, committed 50648K, reserved 1093632K
  class space    used 6403K, capacity 6625K, committed 6656K, reserved 1048576K
Event: 34,520 GC heap after
Heap after GC invocations=14 (full 2):
 PSYoungGen      total 1025536K, used 33586K [0x000000076d400000, 0x00000007b8e80000, 0x00000007c0000000)
  eden space 991744K, 0% used [0x000000076d400000,0x000000076d400000,0x00000007a9c80000)
  from space 33792K, 99% used [0x00000007b6d80000,0x00000007b8e4ca60,0x00000007b8e80000)
  to   space 97792K, 0% used [0x00000007acf80000,0x00000007acf80000,0x00000007b2f00000)
 ParOldGen       total 199680K, used 49597K [0x00000006c7c00000, 0x00000006d3f00000, 0x000000076d400000)
  object space 199680K, 24% used [0x00000006c7c00000,0x00000006cac6f520,0x00000006d3f00000)
 Metaspace       used 49519K, capacity 50196K, committed 50648K, reserved 1093632K
  class space    used 6403K, capacity 6625K, committed 6656K, reserved 1048576K
}
Event: 53,102 GC heap before
{Heap before GC invocations=15 (full 2):
 PSYoungGen      total 1025536K, used 1025330K [0x000000076d400000, 0x00000007b8e80000, 0x00000007c0000000)
  eden space 991744K, 100% used [0x000000076d400000,0x00000007a9c80000,0x00000007a9c80000)
  from space 33792K, 99% used [0x00000007b6d80000,0x00000007b8e4ca60,0x00000007b8e80000)
  to   space 97792K, 0% used [0x00000007acf80000,0x00000007acf80000,0x00000007b2f00000)
 ParOldGen       total 199680K, used 49597K [0x00000006c7c00000, 0x00000006d3f00000, 0x000000076d400000)
  object space 199680K, 24% used [0x00000006c7c00000,0x00000006cac6f520,0x00000006d3f00000)
 Metaspace       used 56212K, capacity 58104K, committed 58328K, reserved 1099776K
  class space    used 7191K, capacity 7559K, committed 7680K, reserved 1048576K
Event: 53,242 GC heap after
Heap after GC invocations=15 (full 2):
 PSYoungGen      total 1141760K, used 56655K [0x000000076d400000, 0x00000007c0000000, 0x00000007c0000000)
  eden space 1043968K, 0% used [0x000000076d400000,0x000000076d400000,0x00000007acf80000)
  from space 97792K, 57% used [0x00000007acf80000,0x00000007b06d3c98,0x00000007b2f00000)
  to   space 98816K, 0% used [0x00000007b9f80000,0x00000007b9f80000,0x00000007c0000000)
 ParOldGen       total 199680K, used 59456K [0x00000006c7c00000, 0x00000006d3f00000, 0x000000076d400000)
  object space 199680K, 29% used [0x00000006c7c00000,0x00000006cb610250,0x00000006d3f00000)
 Metaspace       used 56212K, capacity 58104K, committed 58328K, reserved 1099776K
  class space    used 7191K, capacity 7559K, committed 7680K, reserved 1048576K
}
Event: 66,168 GC heap before
{Heap before GC invocations=16 (full 2):
 PSYoungGen      total 1141760K, used 603604K [0x000000076d400000, 0x00000007c0000000, 0x00000007c0000000)
  eden space 1043968K, 52% used [0x000000076d400000,0x000000078ea21388,0x00000007acf80000)
  from space 97792K, 57% used [0x00000007acf80000,0x00000007b06d3c98,0x00000007b2f00000)
  to   space 98816K, 0% used [0x00000007b9f80000,0x00000007b9f80000,0x00000007c0000000)
 ParOldGen       total 199680K, used 59456K [0x00000006c7c00000, 0x00000006d3f00000, 0x000000076d400000)
  object space 199680K, 29% used [0x00000006c7c00000,0x00000006cb610250,0x00000006d3f00000)
 Metaspace       used 56914K, capacity 58968K, committed 59028K, reserved 1101824K
  class space    used 7245K, capacity 7663K, committed 7680K, reserved 1048576K
Event: 66,281 GC heap after
Heap after GC invocations=16 (full 2):
 PSYoungGen      total 1247744K, used 41829K [0x000000076d400000, 0x00000007bf600000, 0x00000007c0000000)
  eden space 1159168K, 0% used [0x000000076d400000,0x000000076d400000,0x00000007b4000000)
  from space 88576K, 47% used [0x00000007b9f80000,0x00000007bc859588,0x00000007bf600000)
  to   space 93184K, 0% used [0x00000007b4000000,0x00000007b4000000,0x00000007b9b00000)
 ParOldGen       total 199680K, used 59464K [0x00000006c7c00000, 0x00000006d3f00000, 0x000000076d400000)
  object space 199680K, 29% used [0x00000006c7c00000,0x00000006cb612250,0x00000006d3f00000)
 Metaspace       used 56914K, capacity 58968K, committed 59028K, reserved 1101824K
  class space    used 7245K, capacity 7663K, committed 7680K, reserved 1048576K
}
Event: 66,281 GC heap before
{Heap before GC invocations=17 (full 3):
 PSYoungGen      total 1247744K, used 41829K [0x000000076d400000, 0x00000007bf600000, 0x00000007c0000000)
  eden space 1159168K, 0% used [0x000000076d400000,0x000000076d400000,0x00000007b4000000)
  from space 88576K, 47% used [0x00000007b9f80000,0x00000007bc859588,0x00000007bf600000)
  to   space 93184K, 0% used [0x00000007b4000000,0x00000007b4000000,0x00000007b9b00000)
 ParOldGen       total 199680K, used 59464K [0x00000006c7c00000, 0x00000006d3f00000, 0x000000076d400000)
  object space 199680K, 29% used [0x00000006c7c00000,0x00000006cb612250,0x00000006d3f00000)
 Metaspace       used 56914K, capacity 58968K, committed 59028K, reserved 1101824K
  class space    used 7245K, capacity 7663K, committed 7680K, reserved 1048576K
Event: 66,760 GC heap after
Heap after GC invocations=17 (full 3):
 PSYoungGen      total 1247744K, used 0K [0x000000076d400000, 0x00000007bf600000, 0x00000007c0000000)
  eden space 1159168K, 0% used [0x000000076d400000,0x000000076d400000,0x00000007b4000000)
  from space 88576K, 0% used [0x00000007b9f80000,0x00000007b9f80000,0x00000007bf600000)
  to   space 93184K, 0% used [0x00000007b4000000,0x00000007b4000000,0x00000007b9b00000)
 ParOldGen       total 248320K, used 68669K [0x00000006c7c00000, 0x00000006d6e80000, 0x000000076d400000)
  object space 248320K, 27% used [0x00000006c7c00000,0x00000006cbf0f6e0,0x00000006d6e80000)
 Metaspace       used 56910K, capacity 58962K, committed 59028K, reserved 1101824K
  class space    used 7244K, capacity 7662K, committed 7680K, reserved 1048576K
}
Event: 331,614 GC heap before
{Heap before GC invocations=18 (full 3):
 PSYoungGen      total 1247744K, used 1159168K [0x000000076d400000, 0x00000007bf600000, 0x00000007c0000000)
  eden space 1159168K, 100% used [0x000000076d400000,0x00000007b4000000,0x00000007b4000000)
  from space 88576K, 0% used [0x00000007b9f80000,0x00000007b9f80000,0x00000007bf600000)
  to   space 93184K, 0% used [0x00000007b4000000,0x00000007b4000000,0x00000007b9b00000)
 ParOldGen       total 248320K, used 68669K [0x00000006c7c00000, 0x00000006d6e80000, 0x000000076d400000)
  object space 248320K, 27% used [0x00000006c7c00000,0x00000006cbf0f6e0,0x00000006d6e80000)
 Metaspace       used 58268K, capacity 61426K, committed 61528K, reserved 1103872K
  class space    used 7417K, capacity 7966K, committed 8064K, reserved 1048576K
Event: 331,809 GC heap after
Heap after GC invocations=18 (full 3):
 PSYoungGen      total 1252352K, used 64523K [0x000000076d400000, 0x00000007c0000000, 0x00000007c0000000)
  eden space 1159168K, 0% used [0x000000076d400000,0x000000076d400000,0x00000007b4000000)
  from space 93184K, 69% used [0x00000007b4000000,0x00000007b7f02e00,0x00000007b9b00000)
  to   space 97280K, 0% used [0x00000007ba100000,0x00000007ba100000,0x00000007c0000000)
 ParOldGen       total 248320K, used 68677K [0x00000006c7c00000, 0x00000006d6e80000, 0x000000076d400000)
  object space 248320K, 27% used [0x00000006c7c00000,0x00000006cbf116e0,0x00000006d6e80000)
 Metaspace       used 58268K, capacity 61426K, committed 61528K, reserved 1103872K
  class space    used 7417K, capacity 7966K, committed 8064K, reserved 1048576K
}

