# JRE version: Java(TM) SE Runtime Environment (8.0_131-b11) (build 1.8.0_131-b11)
# Java VM: Java HotSpot(TM) 64-Bit Server VM (25.131-b11 mixed mode linux-amd64 compressed oops)
Heap:
 PSYoungGen      total 502784K, used 173185K [0x00000000d9200000, 0x0000000100000000, 0x0000000100000000)
  eden space 363520K, 38% used [0x00000000d9200000,0x00000000e1acb1c0,0x00000000ef500000)
  from space 139264K, 23% used [0x00000000f7800000,0x00000000f9855370,0x0000000100000000)
  to   space 134144K, 0% used [0x00000000ef500000,0x00000000ef500000,0x00000000f7800000)
 ParOldGen       total 222720K, used 84150K [0x000000008b600000, 0x0000000098f80000, 0x00000000d9200000)
  object space 222720K, 37% used [0x000000008b600000,0x000000009082da78,0x0000000098f80000)
 Metaspace       used 108133K, capacity 109848K, committed 110464K, reserved 1144832K
  class space    used 14690K, capacity 15132K, committed 15232K, reserved 1048576K
GC Heap History (10 events):
Event: 862,434 GC heap before
{Heap before GC invocations=35 (full 7):
 PSYoungGen      total 493568K, used 360960K [0x00000000d9200000, 0x0000000100000000, 0x0000000100000000)
  eden space 360960K, 100% used [0x00000000d9200000,0x00000000ef280000,0x00000000ef280000)
  from space 132608K, 0% used [0x00000000ef280000,0x00000000ef280000,0x00000000f7400000)
  to   space 129536K, 0% used [0x00000000f8180000,0x00000000f8180000,0x0000000100000000)
 ParOldGen       total 222720K, used 69543K [0x000000008b600000, 0x0000000098f80000, 0x00000000d9200000)
  object space 222720K, 31% used [0x000000008b600000,0x000000008f9e9c30,0x0000000098f80000)
 Metaspace       used 100310K, capacity 101944K, committed 102272K, reserved 1138688K
  class space    used 13545K, capacity 13934K, committed 13952K, reserved 1048576K
Event: 862,538 GC heap after
Heap after GC invocations=35 (full 7):
 PSYoungGen      total 491008K, used 27136K [0x00000000d9200000, 0x00000000ff300000, 0x0000000100000000)
  eden space 374784K, 0% used [0x00000000d9200000,0x00000000d9200000,0x00000000f0000000)
  from space 116224K, 23% used [0x00000000f8180000,0x00000000f9c00310,0x00000000ff300000)
  to   space 124416K, 0% used [0x00000000f0000000,0x00000000f0000000,0x00000000f7980000)
 ParOldGen       total 222720K, used 69543K [0x000000008b600000, 0x0000000098f80000, 0x00000000d9200000)
  object space 222720K, 31% used [0x000000008b600000,0x000000008f9e9c30,0x0000000098f80000)
 Metaspace       used 100310K, capacity 101944K, committed 102272K, reserved 1138688K
  class space    used 13545K, capacity 13934K, committed 13952K, reserved 1048576K
}
Event: 1236,423 GC heap before
{Heap before GC invocations=36 (full 7):
 PSYoungGen      total 491008K, used 401920K [0x00000000d9200000, 0x00000000ff300000, 0x0000000100000000)
  eden space 374784K, 100% used [0x00000000d9200000,0x00000000f0000000,0x00000000f0000000)
  from space 116224K, 23% used [0x00000000f8180000,0x00000000f9c00310,0x00000000ff300000)
  to   space 124416K, 0% used [0x00000000f0000000,0x00000000f0000000,0x00000000f7980000)
 ParOldGen       total 222720K, used 69543K [0x000000008b600000, 0x0000000098f80000, 0x00000000d9200000)
  object space 222720K, 31% used [0x000000008b600000,0x000000008f9e9c30,0x0000000098f80000)
 Metaspace       used 102952K, capacity 104678K, committed 105216K, reserved 1140736K
  class space    used 13841K, capacity 14265K, committed 14336K, reserved 1048576K
Event: 1236,658 GC heap after
Heap after GC invocations=36 (full 7):
 PSYoungGen      total 499200K, used 62554K [0x00000000d9200000, 0x0000000100000000, 0x0000000100000000)
  eden space 374784K, 0% used [0x00000000d9200000,0x00000000d9200000,0x00000000f0000000)
  from space 124416K, 50% used [0x00000000f0000000,0x00000000f3d16bc8,0x00000000f7980000)
  to   space 123392K, 0% used [0x00000000f8780000,0x00000000f8780000,0x0000000100000000)
 ParOldGen       total 222720K, used 71507K [0x000000008b600000, 0x0000000098f80000, 0x00000000d9200000)
  object space 222720K, 32% used [0x000000008b600000,0x000000008fbd4c58,0x0000000098f80000)
 Metaspace       used 102952K, capacity 104678K, committed 105216K, reserved 1140736K
  class space    used 13841K, capacity 14265K, committed 14336K, reserved 1048576K
}
Event: 1239,839 GC heap before
{Heap before GC invocations=37 (full 7):
 PSYoungGen      total 499200K, used 437338K [0x00000000d9200000, 0x0000000100000000, 0x0000000100000000)
  eden space 374784K, 100% used [0x00000000d9200000,0x00000000f0000000,0x00000000f0000000)
  from space 124416K, 50% used [0x00000000f0000000,0x00000000f3d16bc8,0x00000000f7980000)
  to   space 123392K, 0% used [0x00000000f8780000,0x00000000f8780000,0x0000000100000000)
 ParOldGen       total 222720K, used 71507K [0x000000008b600000, 0x0000000098f80000, 0x00000000d9200000)
  object space 222720K, 32% used [0x000000008b600000,0x000000008fbd4d98,0x0000000098f80000)
 Metaspace       used 102952K, capacity 104678K, committed 105216K, reserved 1140736K
  class space    used 13841K, capacity 14265K, committed 14336K, reserved 1048576K
Event: 1240,056 GC heap after
Heap after GC invocations=37 (full 7):
 PSYoungGen      total 485888K, used 104269K [0x00000000d9200000, 0x0000000100000000, 0x0000000100000000)
  eden space 362496K, 0% used [0x00000000d9200000,0x00000000d9200000,0x00000000ef400000)
  from space 123392K, 84% used [0x00000000f8780000,0x00000000fed537a8,0x0000000100000000)
  to   space 137216K, 0% used [0x00000000ef400000,0x00000000ef400000,0x00000000f7a00000)
 ParOldGen       total 222720K, used 75868K [0x000000008b600000, 0x0000000098f80000, 0x00000000d9200000)
  object space 222720K, 34% used [0x000000008b600000,0x0000000090017000,0x0000000098f80000)
 Metaspace       used 102952K, capacity 104678K, committed 105216K, reserved 1140736K
  class space    used 13841K, capacity 14265K, committed 14336K, reserved 1048576K
}
Event: 1243,824 GC heap before
{Heap before GC invocations=38 (full 7):
 PSYoungGen      total 485888K, used 466765K [0x00000000d9200000, 0x0000000100000000, 0x0000000100000000)
  eden space 362496K, 100% used [0x00000000d9200000,0x00000000ef400000,0x00000000ef400000)
  from space 123392K, 84% used [0x00000000f8780000,0x00000000fed537a8,0x0000000100000000)
  to   space 137216K, 0% used [0x00000000ef400000,0x00000000ef400000,0x00000000f7a00000)
 ParOldGen       total 222720K, used 75892K [0x000000008b600000, 0x0000000098f80000, 0x00000000d9200000)
  object space 222720K, 34% used [0x000000008b600000,0x000000009001d0b0,0x0000000098f80000)
 Metaspace       used 102952K, capacity 104678K, committed 105216K, reserved 1140736K
  class space    used 13841K, capacity 14265K, committed 14336K, reserved 1048576K
Event: 1244,024 GC heap after
Heap after GC invocations=38 (full 7):
 PSYoungGen      total 443392K, used 80393K [0x00000000d9200000, 0x0000000100000000, 0x0000000100000000)
  eden space 362496K, 0% used [0x00000000d9200000,0x00000000d9200000,0x00000000ef400000)
  from space 80896K, 99% used [0x00000000ef400000,0x00000000f42824c8,0x00000000f4300000)
  to   space 139264K, 0% used [0x00000000f7800000,0x00000000f7800000,0x0000000100000000)
 ParOldGen       total 222720K, used 80111K [0x000000008b600000, 0x0000000098f80000, 0x00000000d9200000)
  object space 222720K, 35% used [0x000000008b600000,0x000000009043be28,0x0000000098f80000)
 Metaspace       used 102952K, capacity 104678K, committed 105216K, reserved 1140736K
  class space    used 13841K, capacity 14265K, committed 14336K, reserved 1048576K
}
Event: 1245,396 GC heap before
{Heap before GC invocations=39 (full 7):
 PSYoungGen      total 443392K, used 442889K [0x00000000d9200000, 0x0000000100000000, 0x0000000100000000)
  eden space 362496K, 100% used [0x00000000d9200000,0x00000000ef400000,0x00000000ef400000)
  from space 80896K, 99% used [0x00000000ef400000,0x00000000f42824c8,0x00000000f4300000)
  to   space 139264K, 0% used [0x00000000f7800000,0x00000000f7800000,0x0000000100000000)
 ParOldGen       total 222720K, used 80118K [0x000000008b600000, 0x0000000098f80000, 0x00000000d9200000)
  object space 222720K, 35% used [0x000000008b600000,0x000000009043da48,0x0000000098f80000)
 Metaspace       used 102952K, capacity 104678K, committed 105216K, reserved 1140736K
  class space    used 13841K, capacity 14265K, committed 14336K, reserved 1048576K
Event: 1245,485 GC heap after
Heap after GC invocations=39 (full 7):
 PSYoungGen      total 502784K, used 33108K [0x00000000d9200000, 0x0000000100000000, 0x0000000100000000)
  eden space 363520K, 0% used [0x00000000d9200000,0x00000000d9200000,0x00000000ef500000)
  from space 139264K, 23% used [0x00000000f7800000,0x00000000f9855370,0x0000000100000000)
  to   space 134144K, 0% used [0x00000000ef500000,0x00000000ef500000,0x00000000f7800000)
 ParOldGen       total 222720K, used 84150K [0x000000008b600000, 0x0000000098f80000, 0x00000000d9200000)
  object space 222720K, 37% used [0x000000008b600000,0x000000009082da78,0x0000000098f80000)
 Metaspace       used 102952K, capacity 104678K, committed 105216K, reserved 1140736K
  class space    used 13841K, capacity 14265K, committed 14336K, reserved 1048576K
}

