# JRE version: Java(TM) SE Runtime Environment (8.0_102-b14) (build 1.8.0_102-b14)
# Java VM: Java HotSpot(TM) 64-Bit Server VM (25.102-b14 mixed mode linux-amd64 compressed oops)
Heap:
 PSYoungGen      total 1077760K, used 599566K [0x000000076d400000, 0x00000007bdb00000, 0x00000007c0000000)
  eden space 844800K, 63% used [0x000000076d400000,0x000000078dbd2708,0x00000007a0d00000)
  from space 232960K, 28% used [0x00000007a0d00000,0x00000007a4eb11f8,0x00000007af080000)
  to   space 220672K, 0% used [0x00000007b0380000,0x00000007b0380000,0x00000007bdb00000)
 ParOldGen       total 463872K, used 63430K [0x00000006c7c00000, 0x00000006e4100000, 0x000000076d400000)
  object space 463872K, 13% used [0x00000006c7c00000,0x00000006cb9f1888,0x00000006e4100000)
 Metaspace       used 68435K, capacity 71606K, committed 71828K, reserved 1112064K
  class space    used 8573K, capacity 9147K, committed 9164K, reserved 1048576K
GC Heap History (10 events):
Event: 123,808 GC heap before
{Heap before GC invocations=24 (full 5):
 PSYoungGen      total 1065984K, used 787456K [0x000000076d400000, 0x00000007bf300000, 0x00000007c0000000)
  eden space 787456K, 100% used [0x000000076d400000,0x000000079d500000,0x000000079d500000)
  from space 278528K, 0% used [0x00000007ade80000,0x00000007ade80000,0x00000007bee80000)
  to   space 271872K, 0% used [0x000000079d500000,0x000000079d500000,0x00000007ade80000)
 ParOldGen       total 463872K, used 63390K [0x00000006c7c00000, 0x00000006e4100000, 0x000000076d400000)
  object space 463872K, 13% used [0x00000006c7c00000,0x00000006cb9e7888,0x00000006e4100000)
 Metaspace       used 65455K, capacity 67416K, committed 67604K, reserved 1107968K
  class space    used 8279K, capacity 8694K, committed 8780K, reserved 1048576K
Event: 123,881 GC heap after
Heap after GC invocations=24 (full 5):
 PSYoungGen      total 1059328K, used 38279K [0x000000076d400000, 0x00000007bec80000, 0x00000007c0000000)
  eden space 787456K, 0% used [0x000000076d400000,0x000000076d400000,0x000000079d500000)
  from space 271872K, 14% used [0x000000079d500000,0x000000079fa61c20,0x00000007ade80000)
  to   space 265216K, 0% used [0x00000007ae980000,0x00000007ae980000,0x00000007bec80000)
 ParOldGen       total 463872K, used 63398K [0x00000006c7c00000, 0x00000006e4100000, 0x000000076d400000)
  object space 463872K, 13% used [0x00000006c7c00000,0x00000006cb9e9888,0x00000006e4100000)
 Metaspace       used 65455K, capacity 67416K, committed 67604K, reserved 1107968K
  class space    used 8279K, capacity 8694K, committed 8780K, reserved 1048576K
}
Event: 178,367 GC heap before
{Heap before GC invocations=25 (full 5):
 PSYoungGen      total 1059328K, used 825735K [0x000000076d400000, 0x00000007bec80000, 0x00000007c0000000)
  eden space 787456K, 100% used [0x000000076d400000,0x000000079d500000,0x000000079d500000)
  from space 271872K, 14% used [0x000000079d500000,0x000000079fa61c20,0x00000007ade80000)
  to   space 265216K, 0% used [0x00000007ae980000,0x00000007ae980000,0x00000007bec80000)
 ParOldGen       total 463872K, used 63398K [0x00000006c7c00000, 0x00000006e4100000, 0x000000076d400000)
  object space 463872K, 13% used [0x00000006c7c00000,0x00000006cb9e9888,0x00000006e4100000)
 Metaspace       used 66504K, capacity 68806K, committed 69012K, reserved 1110016K
  class space    used 8367K, capacity 8835K, committed 8908K, reserved 1048576K
Event: 178,424 GC heap after
Heap after GC invocations=25 (full 5):
 PSYoungGen      total 1076736K, used 36147K [0x000000076d400000, 0x00000007beb80000, 0x00000007c0000000)
  eden space 812544K, 0% used [0x000000076d400000,0x000000076d400000,0x000000079ed80000)
  from space 264192K, 13% used [0x00000007ae980000,0x00000007b0cccc50,0x00000007beb80000)
  to   space 258048K, 0% used [0x000000079ed80000,0x000000079ed80000,0x00000007ae980000)
 ParOldGen       total 463872K, used 63406K [0x00000006c7c00000, 0x00000006e4100000, 0x000000076d400000)
  object space 463872K, 13% used [0x00000006c7c00000,0x00000006cb9eb888,0x00000006e4100000)
 Metaspace       used 66504K, capacity 68806K, committed 69012K, reserved 1110016K
  class space    used 8367K, capacity 8835K, committed 8908K, reserved 1048576K
}
Event: 208,724 GC heap before
{Heap before GC invocations=26 (full 5):
 PSYoungGen      total 1076736K, used 848691K [0x000000076d400000, 0x00000007beb80000, 0x00000007c0000000)
  eden space 812544K, 100% used [0x000000076d400000,0x000000079ed80000,0x000000079ed80000)
  from space 264192K, 13% used [0x00000007ae980000,0x00000007b0cccc50,0x00000007beb80000)
  to   space 258048K, 0% used [0x000000079ed80000,0x000000079ed80000,0x00000007ae980000)
 ParOldGen       total 463872K, used 63406K [0x00000006c7c00000, 0x00000006e4100000, 0x000000076d400000)
  object space 463872K, 13% used [0x00000006c7c00000,0x00000006cb9eb888,0x00000006e4100000)
 Metaspace       used 67721K, capacity 70808K, committed 71060K, reserved 1112064K
  class space    used 8538K, capacity 9110K, committed 9164K, reserved 1048576K
Event: 208,817 GC heap after
Heap after GC invocations=26 (full 5):
 PSYoungGen      total 1070592K, used 69021K [0x000000076d400000, 0x00000007bdf00000, 0x00000007c0000000)
  eden space 812544K, 0% used [0x000000076d400000,0x000000076d400000,0x000000079ed80000)
  from space 258048K, 26% used [0x000000079ed80000,0x00000007a30e7618,0x00000007ae980000)
  to   space 244224K, 0% used [0x00000007af080000,0x00000007af080000,0x00000007bdf00000)
 ParOldGen       total 463872K, used 63414K [0x00000006c7c00000, 0x00000006e4100000, 0x000000076d400000)
  object space 463872K, 13% used [0x00000006c7c00000,0x00000006cb9ed888,0x00000006e4100000)
 Metaspace       used 67721K, capacity 70808K, committed 71060K, reserved 1112064K
  class space    used 8538K, capacity 9110K, committed 9164K, reserved 1048576K
}
Event: 332,230 GC heap before
{Heap before GC invocations=27 (full 5):
 PSYoungGen      total 1070592K, used 881565K [0x000000076d400000, 0x00000007bdf00000, 0x00000007c0000000)
  eden space 812544K, 100% used [0x000000076d400000,0x000000079ed80000,0x000000079ed80000)
  from space 258048K, 26% used [0x000000079ed80000,0x00000007a30e7618,0x00000007ae980000)
  to   space 244224K, 0% used [0x00000007af080000,0x00000007af080000,0x00000007bdf00000)
 ParOldGen       total 463872K, used 63414K [0x00000006c7c00000, 0x00000006e4100000, 0x000000076d400000)
  object space 463872K, 13% used [0x00000006c7c00000,0x00000006cb9ed888,0x00000006e4100000)
 Metaspace       used 67915K, capacity 71078K, committed 71316K, reserved 1112064K
  class space    used 8545K, capacity 9123K, committed 9164K, reserved 1048576K
Event: 332,331 GC heap after
Heap after GC invocations=27 (full 5):
 PSYoungGen      total 1084928K, used 60330K [0x000000076d400000, 0x00000007bdb00000, 0x00000007c0000000)
  eden space 844800K, 0% used [0x000000076d400000,0x000000076d400000,0x00000007a0d00000)
  from space 240128K, 25% used [0x00000007af080000,0x00000007b2b6ab50,0x00000007bdb00000)
  to   space 232960K, 0% used [0x00000007a0d00000,0x00000007a0d00000,0x00000007af080000)
 ParOldGen       total 463872K, used 63422K [0x00000006c7c00000, 0x00000006e4100000, 0x000000076d400000)
  object space 463872K, 13% used [0x00000006c7c00000,0x00000006cb9ef888,0x00000006e4100000)
 Metaspace       used 67915K, capacity 71078K, committed 71316K, reserved 1112064K
  class space    used 8545K, capacity 9123K, committed 9164K, reserved 1048576K
}
Event: 623,985 GC heap before
{Heap before GC invocations=28 (full 5):
 PSYoungGen      total 1084928K, used 905130K [0x000000076d400000, 0x00000007bdb00000, 0x00000007c0000000)
  eden space 844800K, 100% used [0x000000076d400000,0x00000007a0d00000,0x00000007a0d00000)
  from space 240128K, 25% used [0x00000007af080000,0x00000007b2b6ab50,0x00000007bdb00000)
  to   space 232960K, 0% used [0x00000007a0d00000,0x00000007a0d00000,0x00000007af080000)
 ParOldGen       total 463872K, used 63422K [0x00000006c7c00000, 0x00000006e4100000, 0x000000076d400000)
  object space 463872K, 13% used [0x00000006c7c00000,0x00000006cb9ef888,0x00000006e4100000)
 Metaspace       used 68285K, capacity 71424K, committed 71572K, reserved 1112064K
  class space    used 8567K, capacity 9138K, committed 9164K, reserved 1048576K
Event: 624,049 GC heap after
Heap after GC invocations=28 (full 5):
 PSYoungGen      total 1077760K, used 67268K [0x000000076d400000, 0x00000007bdb00000, 0x00000007c0000000)
  eden space 844800K, 0% used [0x000000076d400000,0x000000076d400000,0x00000007a0d00000)
  from space 232960K, 28% used [0x00000007a0d00000,0x00000007a4eb11f8,0x00000007af080000)
  to   space 220672K, 0% used [0x00000007b0380000,0x00000007b0380000,0x00000007bdb00000)
 ParOldGen       total 463872K, used 63430K [0x00000006c7c00000, 0x00000006e4100000, 0x000000076d400000)
  object space 463872K, 13% used [0x00000006c7c00000,0x00000006cb9f1888,0x00000006e4100000)
 Metaspace       used 68285K, capacity 71424K, committed 71572K, reserved 1112064K
  class space    used 8567K, capacity 9138K, committed 9164K, reserved 1048576K
}

