# JRE version: Java(TM) SE Runtime Environment (8.0_131-b11) (build 1.8.0_131-b11)
# Java VM: Java HotSpot(TM) 64-Bit Server VM (25.131-b11 mixed mode linux-amd64 compressed oops)
Heap:
 PSYoungGen      total 196608K, used 72016K [0x00000000d9300000, 0x00000000e9280000, 0x0000000100000000)
  eden space 185344K, 32% used [0x00000000d9300000,0x00000000dcea5360,0x00000000e4800000)
  from space 11264K, 97% used [0x00000000e7600000,0x00000000e80aee08,0x00000000e8100000)
  to   space 17920K, 0% used [0x00000000e8100000,0x00000000e8100000,0x00000000e9280000)
 ParOldGen       total 118784K, used 74155K [0x000000008b800000, 0x0000000092c00000, 0x00000000d9300000)
  object space 118784K, 62% used [0x000000008b800000,0x000000009006af98,0x0000000092c00000)
 Metaspace       used 79735K, capacity 82904K, committed 82984K, reserved 1122304K
  class space    used 9982K, capacity 10542K, committed 10544K, reserved 1048576K
GC Heap History (10 events):
Event: 24103,642 GC heap before
{Heap before GC invocations=38 (full 3):
 PSYoungGen      total 236032K, used 236016K [0x00000000d9300000, 0x00000000eb880000, 0x0000000100000000)
  eden space 223744K, 100% used [0x00000000d9300000,0x00000000e6d80000,0x00000000e6d80000)
  from space 12288K, 99% used [0x00000000eac80000,0x00000000eb87c010,0x00000000eb880000)
  to   space 18944K, 0% used [0x00000000e9380000,0x00000000e9380000,0x00000000ea600000)
 ParOldGen       total 118784K, used 70931K [0x000000008b800000, 0x0000000092c00000, 0x00000000d9300000)
  object space 118784K, 59% used [0x000000008b800000,0x000000008fd44f58,0x0000000092c00000)
 Metaspace       used 78095K, capacity 80630K, committed 80680K, reserved 1120256K
  class space    used 9761K, capacity 10247K, committed 10288K, reserved 1048576K
Event: 24103,718 GC heap after
Heap after GC invocations=38 (full 3):
 PSYoungGen      total 222720K, used 7039K [0x00000000d9300000, 0x00000000ead00000, 0x0000000100000000)
  eden space 215552K, 0% used [0x00000000d9300000,0x00000000d9300000,0x00000000e6580000)
  from space 7168K, 98% used [0x00000000e9380000,0x00000000e9a5fe98,0x00000000e9a80000)
  to   space 18432K, 0% used [0x00000000e9b00000,0x00000000e9b00000,0x00000000ead00000)
 ParOldGen       total 118784K, used 74139K [0x000000008b800000, 0x0000000092c00000, 0x00000000d9300000)
  object space 118784K, 62% used [0x000000008b800000,0x0000000090066f98,0x0000000092c00000)
 Metaspace       used 78095K, capacity 80630K, committed 80680K, reserved 1120256K
  class space    used 9761K, capacity 10247K, committed 10288K, reserved 1048576K
}
Event: 24157,110 GC heap before
{Heap before GC invocations=39 (full 3):
 PSYoungGen      total 222720K, used 222591K [0x00000000d9300000, 0x00000000ead00000, 0x0000000100000000)
  eden space 215552K, 100% used [0x00000000d9300000,0x00000000e6580000,0x00000000e6580000)
  from space 7168K, 98% used [0x00000000e9380000,0x00000000e9a5fe98,0x00000000e9a80000)
  to   space 18432K, 0% used [0x00000000e9b00000,0x00000000e9b00000,0x00000000ead00000)
 ParOldGen       total 118784K, used 74139K [0x000000008b800000, 0x0000000092c00000, 0x00000000d9300000)
  object space 118784K, 62% used [0x000000008b800000,0x0000000090066f98,0x0000000092c00000)
 Metaspace       used 78390K, capacity 80930K, committed 81064K, reserved 1120256K
  class space    used 9809K, capacity 10291K, committed 10416K, reserved 1048576K
Event: 24157,265 GC heap after
Heap after GC invocations=39 (full 3):
 PSYoungGen      total 216576K, used 8770K [0x00000000d9300000, 0x00000000ea400000, 0x0000000100000000)
  eden space 207360K, 0% used [0x00000000d9300000,0x00000000d9300000,0x00000000e5d80000)
  from space 9216K, 95% used [0x00000000e9b00000,0x00000000ea390838,0x00000000ea400000)
  to   space 17408K, 0% used [0x00000000e8200000,0x00000000e8200000,0x00000000e9300000)
 ParOldGen       total 118784K, used 74147K [0x000000008b800000, 0x0000000092c00000, 0x00000000d9300000)
  object space 118784K, 62% used [0x000000008b800000,0x0000000090068f98,0x0000000092c00000)
 Metaspace       used 78390K, capacity 80930K, committed 81064K, reserved 1120256K
  class space    used 9809K, capacity 10291K, committed 10416K, reserved 1048576K
}
Event: 24178,956 GC heap before
{Heap before GC invocations=40 (full 3):
 PSYoungGen      total 216576K, used 216130K [0x00000000d9300000, 0x00000000ea400000, 0x0000000100000000)
  eden space 207360K, 100% used [0x00000000d9300000,0x00000000e5d80000,0x00000000e5d80000)
  from space 9216K, 95% used [0x00000000e9b00000,0x00000000ea390838,0x00000000ea400000)
  to   space 17408K, 0% used [0x00000000e8200000,0x00000000e8200000,0x00000000e9300000)
 ParOldGen       total 118784K, used 74147K [0x000000008b800000, 0x0000000092c00000, 0x00000000d9300000)
  object space 118784K, 62% used [0x000000008b800000,0x0000000090068f98,0x0000000092c00000)
 Metaspace       used 78979K, capacity 81942K, committed 82216K, reserved 1120256K
  class space    used 9906K, capacity 10435K, committed 10544K, reserved 1048576K
Event: 24179,035 GC heap after
Heap after GC invocations=40 (full 3):
 PSYoungGen      total 216064K, used 16347K [0x00000000d9300000, 0x00000000e9b80000, 0x0000000100000000)
  eden space 199680K, 0% used [0x00000000d9300000,0x00000000d9300000,0x00000000e5600000)
  from space 16384K, 99% used [0x00000000e8200000,0x00000000e91f6cc8,0x00000000e9200000)
  to   space 9728K, 0% used [0x00000000e9200000,0x00000000e9200000,0x00000000e9b80000)
 ParOldGen       total 118784K, used 74155K [0x000000008b800000, 0x0000000092c00000, 0x00000000d9300000)
  object space 118784K, 62% used [0x000000008b800000,0x000000009006af98,0x0000000092c00000)
 Metaspace       used 78979K, capacity 81942K, committed 82216K, reserved 1120256K
  class space    used 9906K, capacity 10435K, committed 10544K, reserved 1048576K
}
Event: 24200,599 GC heap before
{Heap before GC invocations=41 (full 3):
 PSYoungGen      total 216064K, used 216027K [0x00000000d9300000, 0x00000000e9b80000, 0x0000000100000000)
  eden space 199680K, 100% used [0x00000000d9300000,0x00000000e5600000,0x00000000e5600000)
  from space 16384K, 99% used [0x00000000e8200000,0x00000000e91f6cc8,0x00000000e9200000)
  to   space 9728K, 0% used [0x00000000e9200000,0x00000000e9200000,0x00000000e9b80000)
 ParOldGen       total 118784K, used 74155K [0x000000008b800000, 0x0000000092c00000, 0x00000000d9300000)
  object space 118784K, 62% used [0x000000008b800000,0x000000009006af98,0x0000000092c00000)
 Metaspace       used 79256K, capacity 82310K, committed 82472K, reserved 1122304K
  class space    used 9935K, capacity 10491K, committed 10544K, reserved 1048576K
Event: 24200,649 GC heap after
Heap after GC invocations=41 (full 3):
 PSYoungGen      total 200704K, used 8182K [0x00000000d9300000, 0x00000000e9a00000, 0x0000000100000000)
  eden space 192512K, 0% used [0x00000000d9300000,0x00000000d9300000,0x00000000e4f00000)
  from space 8192K, 99% used [0x00000000e9200000,0x00000000e99fd878,0x00000000e9a00000)
  to   space 18432K, 0% used [0x00000000e7600000,0x00000000e7600000,0x00000000e8800000)
 ParOldGen       total 118784K, used 74155K [0x000000008b800000, 0x0000000092c00000, 0x00000000d9300000)
  object space 118784K, 62% used [0x000000008b800000,0x000000009006af98,0x0000000092c00000)
 Metaspace       used 79256K, capacity 82310K, committed 82472K, reserved 1122304K
  class space    used 9935K, capacity 10491K, committed 10544K, reserved 1048576K
}
Event: 25174,764 GC heap before
{Heap before GC invocations=42 (full 3):
 PSYoungGen      total 200704K, used 200694K [0x00000000d9300000, 0x00000000e9a00000, 0x0000000100000000)
  eden space 192512K, 100% used [0x00000000d9300000,0x00000000e4f00000,0x00000000e4f00000)
  from space 8192K, 99% used [0x00000000e9200000,0x00000000e99fd878,0x00000000e9a00000)
  to   space 18432K, 0% used [0x00000000e7600000,0x00000000e7600000,0x00000000e8800000)
 ParOldGen       total 118784K, used 74155K [0x000000008b800000, 0x0000000092c00000, 0x00000000d9300000)
  object space 118784K, 62% used [0x000000008b800000,0x000000009006af98,0x0000000092c00000)
 Metaspace       used 79720K, capacity 82840K, committed 82984K, reserved 1122304K
  class space    used 9982K, capacity 10542K, committed 10544K, reserved 1048576K
Event: 25174,802 GC heap after
Heap after GC invocations=42 (full 3):
 PSYoungGen      total 196608K, used 10939K [0x00000000d9300000, 0x00000000e9280000, 0x0000000100000000)
  eden space 185344K, 0% used [0x00000000d9300000,0x00000000d9300000,0x00000000e4800000)
  from space 11264K, 97% used [0x00000000e7600000,0x00000000e80aee08,0x00000000e8100000)
  to   space 17920K, 0% used [0x00000000e8100000,0x00000000e8100000,0x00000000e9280000)
 ParOldGen       total 118784K, used 74155K [0x000000008b800000, 0x0000000092c00000, 0x00000000d9300000)
  object space 118784K, 62% used [0x000000008b800000,0x000000009006af98,0x0000000092c00000)
 Metaspace       used 79720K, capacity 82840K, committed 82984K, reserved 1122304K
  class space    used 9982K, capacity 10542K, committed 10544K, reserved 1048576K
}

