# JRE version: Java(TM) SE Runtime Environment (8.0_102-b14) (build 1.8.0_102-b14)
# Java VM: Java HotSpot(TM) 64-Bit Server VM (25.102-b14 mixed mode linux-amd64 compressed oops)
Heap:
 PSYoungGen      total 1087488K, used 87778K [0x000000076d400000, 0x00000007c0000000, 0x00000007c0000000)
  eden space 817664K, 10% used [0x000000076d400000,0x00000007729b8838,0x000000079f280000)
  from space 269824K, 0% used [0x00000007af880000,0x00000007af880000,0x00000007c0000000)
  to   space 268288K, 0% used [0x000000079f280000,0x000000079f280000,0x00000007af880000)
 ParOldGen       total 360448K, used 125371K [0x00000006c7c00000, 0x00000006ddc00000, 0x000000076d400000)
  object space 360448K, 34% used [0x00000006c7c00000,0x00000006cf66ed48,0x00000006ddc00000)
 Metaspace       used 184123K, capacity 186614K, committed 209740K, reserved 1222656K
  class space    used 25563K, capacity 26156K, committed 35700K, reserved 1048576K
GC Heap History (10 events):
Event: 720,245 GC heap before
{Heap before GC invocations=46 (full 5):
 PSYoungGen      total 1057280K, used 928350K [0x000000076d400000, 0x00000007be080000, 0x00000007c0000000)
  eden space 829952K, 100% used [0x000000076d400000,0x000000079fe80000,0x000000079fe80000)
  from space 227328K, 43% used [0x00000007b0280000,0x00000007b62979b8,0x00000007be080000)
  to   space 246784K, 0% used [0x000000079fe80000,0x000000079fe80000,0x00000007aef80000)
 ParOldGen       total 293888K, used 157655K [0x00000006c7c00000, 0x00000006d9b00000, 0x000000076d400000)
  object space 293888K, 53% used [0x00000006c7c00000,0x00000006d15f5e60,0x00000006d9b00000)
 Metaspace       used 237957K, capacity 240852K, committed 242252K, reserved 1257472K
  class space    used 33270K, capacity 33967K, committed 34164K, reserved 1048576K
Event: 720,641 GC heap after
Heap after GC invocations=46 (full 5):
 PSYoungGen      total 1076736K, used 193129K [0x000000076d400000, 0x00000007c0000000, 0x00000007c0000000)
  eden space 829952K, 0% used [0x000000076d400000,0x000000076d400000,0x000000079fe80000)
  from space 246784K, 78% used [0x000000079fe80000,0x00000007abb1a778,0x00000007aef80000)
  to   space 264192K, 0% used [0x00000007afe00000,0x00000007afe00000,0x00000007c0000000)
 ParOldGen       total 293888K, used 184317K [0x00000006c7c00000, 0x00000006d9b00000, 0x000000076d400000)
  object space 293888K, 62% used [0x00000006c7c00000,0x00000006d2fff578,0x00000006d9b00000)
 Metaspace       used 237957K, capacity 240852K, committed 242252K, reserved 1257472K
  class space    used 33270K, capacity 33967K, committed 34164K, reserved 1048576K
}
Event: 733,574 GC heap before
{Heap before GC invocations=47 (full 5):
 PSYoungGen      total 1076736K, used 1023068K [0x000000076d400000, 0x00000007c0000000, 0x00000007c0000000)
  eden space 829952K, 99% used [0x000000076d400000,0x000000079fe7cb00,0x000000079fe80000)
  from space 246784K, 78% used [0x000000079fe80000,0x00000007abb1a778,0x00000007aef80000)
  to   space 264192K, 0% used [0x00000007afe00000,0x00000007afe00000,0x00000007c0000000)
 ParOldGen       total 293888K, used 187055K [0x00000006c7c00000, 0x00000006d9b00000, 0x000000076d400000)
  object space 293888K, 63% used [0x00000006c7c00000,0x00000006d32abef8,0x00000006d9b00000)
 Metaspace       used 245835K, capacity 248786K, committed 250060K, reserved 1263616K
  class space    used 34443K, capacity 35160K, committed 35316K, reserved 1048576K
Event: 733,779 GC heap after
Heap after GC invocations=47 (full 5):
 PSYoungGen      total 1097216K, used 99186K [0x000000076d400000, 0x00000007bfa00000, 0x00000007c0000000)
  eden space 839168K, 0% used [0x000000076d400000,0x000000076d400000,0x00000007a0780000)
  from space 258048K, 38% used [0x00000007afe00000,0x00000007b5edc858,0x00000007bfa00000)
  to   space 252416K, 0% used [0x00000007a0780000,0x00000007a0780000,0x00000007afe00000)
 ParOldGen       total 293888K, used 195451K [0x00000006c7c00000, 0x00000006d9b00000, 0x000000076d400000)
  object space 293888K, 66% used [0x00000006c7c00000,0x00000006d3aded78,0x00000006d9b00000)
 Metaspace       used 245835K, capacity 248786K, committed 250060K, reserved 1263616K
  class space    used 34443K, capacity 35160K, committed 35316K, reserved 1048576K
}
Event: 739,047 GC heap before
{Heap before GC invocations=48 (full 5):
 PSYoungGen      total 1097216K, used 938354K [0x000000076d400000, 0x00000007bfa00000, 0x00000007c0000000)
  eden space 839168K, 100% used [0x000000076d400000,0x00000007a0780000,0x00000007a0780000)
  from space 258048K, 38% used [0x00000007afe00000,0x00000007b5edc858,0x00000007bfa00000)
  to   space 252416K, 0% used [0x00000007a0780000,0x00000007a0780000,0x00000007afe00000)
 ParOldGen       total 293888K, used 195540K [0x00000006c7c00000, 0x00000006d9b00000, 0x000000076d400000)
  object space 293888K, 66% used [0x00000006c7c00000,0x00000006d3af5120,0x00000006d9b00000)
 Metaspace       used 245835K, capacity 248786K, committed 250060K, reserved 1263616K
  class space    used 34443K, capacity 35160K, committed 35316K, reserved 1048576K
Event: 739,548 GC heap after
Heap after GC invocations=48 (full 5):
 PSYoungGen      total 1038336K, used 199059K [0x000000076d400000, 0x00000007c0000000, 0x00000007c0000000)
  eden space 839168K, 0% used [0x000000076d400000,0x000000076d400000,0x00000007a0780000)
  from space 199168K, 99% used [0x00000007a0780000,0x00000007ac9e4f38,0x00000007aca00000)
  to   space 269824K, 0% used [0x00000007af880000,0x00000007af880000,0x00000007c0000000)
 ParOldGen       total 293888K, used 237266K [0x00000006c7c00000, 0x00000006d9b00000, 0x000000076d400000)
  object space 293888K, 80% used [0x00000006c7c00000,0x00000006d63b4968,0x00000006d9b00000)
 Metaspace       used 245835K, capacity 248786K, committed 250060K, reserved 1263616K
  class space    used 34443K, capacity 35160K, committed 35316K, reserved 1048576K
}
Event: 741,393 GC heap before
{Heap before GC invocations=49 (full 5):
 PSYoungGen      total 1038336K, used 645813K [0x000000076d400000, 0x00000007c0000000, 0x00000007c0000000)
  eden space 839168K, 53% used [0x000000076d400000,0x00000007888484d0,0x00000007a0780000)
  from space 199168K, 99% used [0x00000007a0780000,0x00000007ac9e4f38,0x00000007aca00000)
  to   space 269824K, 0% used [0x00000007af880000,0x00000007af880000,0x00000007c0000000)
 ParOldGen       total 293888K, used 237266K [0x00000006c7c00000, 0x00000006d9b00000, 0x000000076d400000)
  object space 293888K, 80% used [0x00000006c7c00000,0x00000006d63b4968,0x00000006d9b00000)
 Metaspace       used 248706K, capacity 251608K, committed 252748K, reserved 1265664K
  class space    used 34824K, capacity 35545K, committed 35700K, reserved 1048576K
Event: 741,481 GC heap after
Heap after GC invocations=49 (full 5):
 PSYoungGen      total 1087488K, used 47512K [0x000000076d400000, 0x00000007c0000000, 0x00000007c0000000)
  eden space 817664K, 0% used [0x000000076d400000,0x000000076d400000,0x000000079f280000)
  from space 269824K, 17% used [0x00000007af880000,0x00000007b26e6100,0x00000007c0000000)
  to   space 268288K, 0% used [0x000000079f280000,0x000000079f280000,0x00000007af880000)
 ParOldGen       total 293888K, used 245854K [0x00000006c7c00000, 0x00000006d9b00000, 0x000000076d400000)
  object space 293888K, 83% used [0x00000006c7c00000,0x00000006d6c17b08,0x00000006d9b00000)
 Metaspace       used 248706K, capacity 251608K, committed 252748K, reserved 1265664K
  class space    used 34824K, capacity 35545K, committed 35700K, reserved 1048576K
}
Event: 741,481 GC heap before
{Heap before GC invocations=50 (full 6):
 PSYoungGen      total 1087488K, used 47512K [0x000000076d400000, 0x00000007c0000000, 0x00000007c0000000)
  eden space 817664K, 0% used [0x000000076d400000,0x000000076d400000,0x000000079f280000)
  from space 269824K, 17% used [0x00000007af880000,0x00000007b26e6100,0x00000007c0000000)
  to   space 268288K, 0% used [0x000000079f280000,0x000000079f280000,0x00000007af880000)
 ParOldGen       total 293888K, used 245854K [0x00000006c7c00000, 0x00000006d9b00000, 0x000000076d400000)
  object space 293888K, 83% used [0x00000006c7c00000,0x00000006d6c17b08,0x00000006d9b00000)
 Metaspace       used 248706K, capacity 251608K, committed 252748K, reserved 1265664K
  class space    used 34824K, capacity 35545K, committed 35700K, reserved 1048576K
Event: 742,325 GC heap after
Heap after GC invocations=50 (full 6):
 PSYoungGen      total 1087488K, used 0K [0x000000076d400000, 0x00000007c0000000, 0x00000007c0000000)
  eden space 817664K, 0% used [0x000000076d400000,0x000000076d400000,0x000000079f280000)
  from space 269824K, 0% used [0x00000007af880000,0x00000007af880000,0x00000007c0000000)
  to   space 268288K, 0% used [0x000000079f280000,0x000000079f280000,0x00000007af880000)
 ParOldGen       total 360448K, used 125371K [0x00000006c7c00000, 0x00000006ddc00000, 0x000000076d400000)
  object space 360448K, 34% used [0x00000006c7c00000,0x00000006cf66ed48,0x00000006ddc00000)
 Metaspace       used 180811K, capacity 183280K, committed 209740K, reserved 1222656K
  class space    used 25044K, capacity 25643K, committed 35700K, reserved 1048576K
}

