# JRE version: Java(TM) SE Runtime Environment (8.0_102-b14) (build 1.8.0_102-b14)
# Java VM: Java HotSpot(TM) 64-Bit Server VM (25.102-b14 mixed mode linux-amd64 compressed oops)
Heap:
 PSYoungGen      total 1133568K, used 671588K [0x000000076d400000, 0x00000007c0000000, 0x00000007c0000000)
  eden space 911360K, 73% used [0x000000076d400000,0x00000007963d9268,0x00000007a4e00000)
  from space 222208K, 0% used [0x00000007a4e00000,0x00000007a4e00000,0x00000007b2700000)
  to   space 216064K, 0% used [0x00000007b2d00000,0x00000007b2d00000,0x00000007c0000000)
 ParOldGen       total 316928K, used 83573K [0x00000006c7c00000, 0x00000006db180000, 0x000000076d400000)
  object space 316928K, 26% used [0x00000006c7c00000,0x00000006ccd9d658,0x00000006db180000)
 Metaspace       used 100783K, capacity 102178K, committed 102616K, reserved 1138688K
  class space    used 13638K, capacity 13954K, committed 14080K, reserved 1048576K
GC Heap History (10 events):
Event: 85,926 GC heap before
{Heap before GC invocations=17 (full 3):
 PSYoungGen      total 1169920K, used 1073664K [0x000000076d400000, 0x00000007c0000000, 0x00000007c0000000)
  eden space 1073664K, 100% used [0x000000076d400000,0x00000007aec80000,0x00000007aec80000)
  from space 96256K, 0% used [0x00000007aec80000,0x00000007aec80000,0x00000007b4a80000)
  to   space 145920K, 0% used [0x00000007b7180000,0x00000007b7180000,0x00000007c0000000)
 ParOldGen       total 406528K, used 197528K [0x00000006c7c00000, 0x00000006e0900000, 0x000000076d400000)
  object space 406528K, 48% used [0x00000006c7c00000,0x00000006d3ce61a0,0x00000006e0900000)
 Metaspace       used 69245K, capacity 70502K, committed 70744K, reserved 1110016K
  class space    used 9277K, capacity 9594K, committed 9600K, reserved 1048576K
Event: 86,251 GC heap after
Heap after GC invocations=17 (full 3):
 PSYoungGen      total 1154560K, used 145913K [0x000000076d400000, 0x00000007c0000000, 0x00000007c0000000)
  eden space 1008640K, 0% used [0x000000076d400000,0x000000076d400000,0x00000007aad00000)
  from space 145920K, 99% used [0x00000007b7180000,0x00000007bfffe5f8,0x00000007c0000000)
  to   space 173568K, 0% used [0x00000007aad00000,0x00000007aad00000,0x00000007b5680000)
 ParOldGen       total 406528K, used 204212K [0x00000006c7c00000, 0x00000006e0900000, 0x000000076d400000)
  object space 406528K, 50% used [0x00000006c7c00000,0x00000006d436d010,0x00000006e0900000)
 Metaspace       used 69245K, capacity 70502K, committed 70744K, reserved 1110016K
  class space    used 9277K, capacity 9594K, committed 9600K, reserved 1048576K
}
Event: 96,771 GC heap before
{Heap before GC invocations=18 (full 3):
 PSYoungGen      total 1154560K, used 1154553K [0x000000076d400000, 0x00000007c0000000, 0x00000007c0000000)
  eden space 1008640K, 100% used [0x000000076d400000,0x00000007aad00000,0x00000007aad00000)
  from space 145920K, 99% used [0x00000007b7180000,0x00000007bfffe5f8,0x00000007c0000000)
  to   space 173568K, 0% used [0x00000007aad00000,0x00000007aad00000,0x00000007b5680000)
 ParOldGen       total 406528K, used 204216K [0x00000006c7c00000, 0x00000006e0900000, 0x000000076d400000)
  object space 406528K, 50% used [0x00000006c7c00000,0x00000006d436e148,0x00000006e0900000)
 Metaspace       used 77497K, capacity 78850K, committed 78936K, reserved 1118208K
  class space    used 10313K, capacity 10622K, committed 10624K, reserved 1048576K
Event: 97,010 GC heap after
Heap after GC invocations=18 (full 3):
 PSYoungGen      total 1119232K, used 110575K [0x000000076d400000, 0x00000007c0000000, 0x00000007c0000000)
  eden space 1008640K, 0% used [0x000000076d400000,0x000000076d400000,0x00000007aad00000)
  from space 110592K, 99% used [0x00000007aad00000,0x00000007b18fbc10,0x00000007b1900000)
  to   space 180224K, 0% used [0x00000007b5000000,0x00000007b5000000,0x00000007c0000000)
 ParOldGen       total 406528K, used 211900K [0x00000006c7c00000, 0x00000006e0900000, 0x000000076d400000)
  object space 406528K, 52% used [0x00000006c7c00000,0x00000006d4aef098,0x00000006e0900000)
 Metaspace       used 77497K, capacity 78850K, committed 78936K, reserved 1118208K
  class space    used 10313K, capacity 10622K, committed 10624K, reserved 1048576K
}
Event: 100,181 GC heap before
{Heap before GC invocations=19 (full 3):
 PSYoungGen      total 1119232K, used 1119215K [0x000000076d400000, 0x00000007c0000000, 0x00000007c0000000)
  eden space 1008640K, 100% used [0x000000076d400000,0x00000007aad00000,0x00000007aad00000)
  from space 110592K, 99% used [0x00000007aad00000,0x00000007b18fbc10,0x00000007b1900000)
  to   space 180224K, 0% used [0x00000007b5000000,0x00000007b5000000,0x00000007c0000000)
 ParOldGen       total 406528K, used 211907K [0x00000006c7c00000, 0x00000006e0900000, 0x000000076d400000)
  object space 406528K, 52% used [0x00000006c7c00000,0x00000006d4af0d38,0x00000006e0900000)
 Metaspace       used 77500K, capacity 78850K, committed 78936K, reserved 1118208K
  class space    used 10313K, capacity 10622K, committed 10624K, reserved 1048576K
Event: 100,530 GC heap after
Heap after GC invocations=19 (full 3):
 PSYoungGen      total 1091584K, used 180206K [0x000000076d400000, 0x00000007c0000000, 0x00000007c0000000)
  eden space 911360K, 0% used [0x000000076d400000,0x000000076d400000,0x00000007a4e00000)
  from space 180224K, 99% used [0x00000007b5000000,0x00000007bfffb8a8,0x00000007c0000000)
  to   space 222208K, 0% used [0x00000007a4e00000,0x00000007a4e00000,0x00000007b2700000)
 ParOldGen       total 406528K, used 243372K [0x00000006c7c00000, 0x00000006e0900000, 0x000000076d400000)
  object space 406528K, 59% used [0x00000006c7c00000,0x00000006d69ab368,0x00000006e0900000)
 Metaspace       used 77500K, capacity 78850K, committed 78936K, reserved 1118208K
  class space    used 10313K, capacity 10622K, committed 10624K, reserved 1048576K
}
Event: 104,003 GC heap before
{Heap before GC invocations=20 (full 3):
 PSYoungGen      total 1091584K, used 573299K [0x000000076d400000, 0x00000007c0000000, 0x00000007c0000000)
  eden space 911360K, 43% used [0x000000076d400000,0x00000007853e1450,0x00000007a4e00000)
  from space 180224K, 99% used [0x00000007b5000000,0x00000007bfffb8a8,0x00000007c0000000)
  to   space 222208K, 0% used [0x00000007a4e00000,0x00000007a4e00000,0x00000007b2700000)
 ParOldGen       total 406528K, used 243372K [0x00000006c7c00000, 0x00000006e0900000, 0x000000076d400000)
  object space 406528K, 59% used [0x00000006c7c00000,0x00000006d69ab368,0x00000006e0900000)
 Metaspace       used 91701K, capacity 93112K, committed 93376K, reserved 1130496K
  class space    used 12513K, capacity 12845K, committed 12928K, reserved 1048576K
Event: 104,065 GC heap after
Heap after GC invocations=20 (full 3):
 PSYoungGen      total 1133568K, used 35157K [0x000000076d400000, 0x00000007c0000000, 0x00000007c0000000)
  eden space 911360K, 0% used [0x000000076d400000,0x000000076d400000,0x00000007a4e00000)
  from space 222208K, 15% used [0x00000007a4e00000,0x00000007a7055788,0x00000007b2700000)
  to   space 216064K, 0% used [0x00000007b2d00000,0x00000007b2d00000,0x00000007c0000000)
 ParOldGen       total 406528K, used 252580K [0x00000006c7c00000, 0x00000006e0900000, 0x000000076d400000)
  object space 406528K, 62% used [0x00000006c7c00000,0x00000006d72a93b8,0x00000006e0900000)
 Metaspace       used 91701K, capacity 93112K, committed 93376K, reserved 1130496K
  class space    used 12513K, capacity 12845K, committed 12928K, reserved 1048576K
}
Event: 104,065 GC heap before
{Heap before GC invocations=21 (full 4):
 PSYoungGen      total 1133568K, used 35157K [0x000000076d400000, 0x00000007c0000000, 0x00000007c0000000)
  eden space 911360K, 0% used [0x000000076d400000,0x000000076d400000,0x00000007a4e00000)
  from space 222208K, 15% used [0x00000007a4e00000,0x00000007a7055788,0x00000007b2700000)
  to   space 216064K, 0% used [0x00000007b2d00000,0x00000007b2d00000,0x00000007c0000000)
 ParOldGen       total 406528K, used 252580K [0x00000006c7c00000, 0x00000006e0900000, 0x000000076d400000)
  object space 406528K, 62% used [0x00000006c7c00000,0x00000006d72a93b8,0x00000006e0900000)
 Metaspace       used 91701K, capacity 93112K, committed 93376K, reserved 1130496K
  class space    used 12513K, capacity 12845K, committed 12928K, reserved 1048576K
Event: 104,403 GC heap after
Heap after GC invocations=21 (full 4):
 PSYoungGen      total 1133568K, used 0K [0x000000076d400000, 0x00000007c0000000, 0x00000007c0000000)
  eden space 911360K, 0% used [0x000000076d400000,0x000000076d400000,0x00000007a4e00000)
  from space 222208K, 0% used [0x00000007a4e00000,0x00000007a4e00000,0x00000007b2700000)
  to   space 216064K, 0% used [0x00000007b2d00000,0x00000007b2d00000,0x00000007c0000000)
 ParOldGen       total 316928K, used 83573K [0x00000006c7c00000, 0x00000006db180000, 0x000000076d400000)
  object space 316928K, 26% used [0x00000006c7c00000,0x00000006ccd9d658,0x00000006db180000)
 Metaspace       used 91697K, capacity 93106K, committed 93376K, reserved 1130496K
  class space    used 12512K, capacity 12844K, committed 12928K, reserved 1048576K
}

