# JRE version: Java(TM) SE Runtime Environment (8.0_102-b14) (build 1.8.0_102-b14)
# Java VM: Java HotSpot(TM) 64-Bit Server VM (25.102-b14 mixed mode linux-amd64 compressed oops)
Heap:
 PSYoungGen      total 935424K, used 415401K [0x0000000777f80000, 0x00000007c0000000, 0x00000007c0000000)
  eden space 810496K, 35% used [0x0000000777f80000,0x0000000789b2f410,0x00000007a9700000)
  from space 124928K, 99% used [0x00000007b8600000,0x00000007bfffb3d8,0x00000007c0000000)
  to   space 184832K, 0% used [0x00000007a9700000,0x00000007a9700000,0x00000007b4b80000)
 ParOldGen       total 203776K, used 130199K [0x00000006e7e00000, 0x00000006f4500000, 0x0000000777f80000)
  object space 203776K, 63% used [0x00000006e7e00000,0x00000006efd25dc0,0x00000006f4500000)
 Metaspace       used 63665K, capacity 68146K, committed 68440K, reserved 1107968K
  class space    used 8282K, capacity 9004K, committed 9088K, reserved 1048576K
GC Heap History (10 events):
Event: 466,714 GC heap before
{Heap before GC invocations=19 (full 3):
 PSYoungGen      total 1084928K, used 989696K [0x0000000777f80000, 0x00000007bfc80000, 0x00000007c0000000)
  eden space 989696K, 100% used [0x0000000777f80000,0x00000007b4600000,0x00000007b4600000)
  from space 95232K, 0% used [0x00000007b4600000,0x00000007b4600000,0x00000007ba300000)
  to   space 91648K, 0% used [0x00000007ba300000,0x00000007ba300000,0x00000007bfc80000)
 ParOldGen       total 203776K, used 62122K [0x00000006e7e00000, 0x00000006f4500000, 0x0000000777f80000)
  object space 203776K, 30% used [0x00000006e7e00000,0x00000006ebaaab28,0x00000006f4500000)
 Metaspace       used 57046K, capacity 60558K, committed 60692K, reserved 1101824K
  class space    used 7280K, capacity 7876K, committed 7936K, reserved 1048576K
Event: 466,952 GC heap after
Heap after GC invocations=19 (full 3):
 PSYoungGen      total 1067008K, used 80309K [0x0000000777f80000, 0x00000007c0000000, 0x00000007c0000000)
  eden space 975360K, 0% used [0x0000000777f80000,0x0000000777f80000,0x00000007b3800000)
  from space 91648K, 87% used [0x00000007ba300000,0x00000007bf16d690,0x00000007bfc80000)
  to   space 102400K, 0% used [0x00000007b3800000,0x00000007b3800000,0x00000007b9c00000)
 ParOldGen       total 203776K, used 62130K [0x00000006e7e00000, 0x00000006f4500000, 0x0000000777f80000)
  object space 203776K, 30% used [0x00000006e7e00000,0x00000006ebaacb28,0x00000006f4500000)
 Metaspace       used 57046K, capacity 60558K, committed 60692K, reserved 1101824K
  class space    used 7280K, capacity 7876K, committed 7936K, reserved 1048576K
}
Event: 529,806 GC heap before
{Heap before GC invocations=20 (full 3):
 PSYoungGen      total 1067008K, used 1055669K [0x0000000777f80000, 0x00000007c0000000, 0x00000007c0000000)
  eden space 975360K, 100% used [0x0000000777f80000,0x00000007b3800000,0x00000007b3800000)
  from space 91648K, 87% used [0x00000007ba300000,0x00000007bf16d690,0x00000007bfc80000)
  to   space 102400K, 0% used [0x00000007b3800000,0x00000007b3800000,0x00000007b9c00000)
 ParOldGen       total 203776K, used 62130K [0x00000006e7e00000, 0x00000006f4500000, 0x0000000777f80000)
  object space 203776K, 30% used [0x00000006e7e00000,0x00000006ebaacb28,0x00000006f4500000)
 Metaspace       used 57620K, capacity 61354K, committed 61528K, reserved 1103872K
  class space    used 7323K, capacity 7954K, committed 8064K, reserved 1048576K
Event: 530,078 GC heap after
Heap after GC invocations=20 (full 3):
 PSYoungGen      total 1063424K, used 87610K [0x0000000777f80000, 0x00000007c0000000, 0x00000007c0000000)
  eden space 975360K, 0% used [0x0000000777f80000,0x0000000777f80000,0x00000007b3800000)
  from space 88064K, 99% used [0x00000007b3800000,0x00000007b8d8e8f0,0x00000007b8e00000)
  to   space 113664K, 0% used [0x00000007b9100000,0x00000007b9100000,0x00000007c0000000)
 ParOldGen       total 203776K, used 62138K [0x00000006e7e00000, 0x00000006f4500000, 0x0000000777f80000)
  object space 203776K, 30% used [0x00000006e7e00000,0x00000006ebaaeb28,0x00000006f4500000)
 Metaspace       used 57620K, capacity 61354K, committed 61528K, reserved 1103872K
  class space    used 7323K, capacity 7954K, committed 8064K, reserved 1048576K
}
Event: 682,609 GC heap before
{Heap before GC invocations=21 (full 3):
 PSYoungGen      total 1063424K, used 1062970K [0x0000000777f80000, 0x00000007c0000000, 0x00000007c0000000)
  eden space 975360K, 100% used [0x0000000777f80000,0x00000007b3800000,0x00000007b3800000)
  from space 88064K, 99% used [0x00000007b3800000,0x00000007b8d8e8f0,0x00000007b8e00000)
  to   space 113664K, 0% used [0x00000007b9100000,0x00000007b9100000,0x00000007c0000000)
 ParOldGen       total 203776K, used 62138K [0x00000006e7e00000, 0x00000006f4500000, 0x0000000777f80000)
  object space 203776K, 30% used [0x00000006e7e00000,0x00000006ebaaeb28,0x00000006f4500000)
 Metaspace       used 57885K, capacity 61728K, committed 62040K, reserved 1103872K
  class space    used 7343K, capacity 7973K, committed 8064K, reserved 1048576K
Event: 682,926 GC heap after
Heap after GC invocations=21 (full 3):
 PSYoungGen      total 1046016K, used 90312K [0x0000000777f80000, 0x00000007c0000000, 0x00000007c0000000)
  eden space 932352K, 0% used [0x0000000777f80000,0x0000000777f80000,0x00000007b0e00000)
  from space 113664K, 79% used [0x00000007b9100000,0x00000007be932088,0x00000007c0000000)
  to   space 123904K, 0% used [0x00000007b0e00000,0x00000007b0e00000,0x00000007b8700000)
 ParOldGen       total 203776K, used 62146K [0x00000006e7e00000, 0x00000006f4500000, 0x0000000777f80000)
  object space 203776K, 30% used [0x00000006e7e00000,0x00000006ebab0b28,0x00000006f4500000)
 Metaspace       used 57885K, capacity 61728K, committed 62040K, reserved 1103872K
  class space    used 7343K, capacity 7973K, committed 8064K, reserved 1048576K
}
Event: 8000,748 GC heap before
{Heap before GC invocations=22 (full 3):
 PSYoungGen      total 1046016K, used 1022664K [0x0000000777f80000, 0x00000007c0000000, 0x00000007c0000000)
  eden space 932352K, 100% used [0x0000000777f80000,0x00000007b0e00000,0x00000007b0e00000)
  from space 113664K, 79% used [0x00000007b9100000,0x00000007be932088,0x00000007c0000000)
  to   space 123904K, 0% used [0x00000007b0e00000,0x00000007b0e00000,0x00000007b8700000)
 ParOldGen       total 203776K, used 62158K [0x00000006e7e00000, 0x00000006f4500000, 0x0000000777f80000)
  object space 203776K, 30% used [0x00000006e7e00000,0x00000006ebab3b38,0x00000006f4500000)
 Metaspace       used 58662K, capacity 63190K, committed 63320K, reserved 1103872K
  class space    used 7483K, capacity 8194K, committed 8320K, reserved 1048576K
Event: 8001,079 GC heap after
Heap after GC invocations=22 (full 3):
 PSYoungGen      total 1055232K, used 122476K [0x0000000777f80000, 0x00000007c0000000, 0x00000007c0000000)
  eden space 932352K, 0% used [0x0000000777f80000,0x0000000777f80000,0x00000007b0e00000)
  from space 122880K, 99% used [0x00000007b0e00000,0x00000007b859b0c0,0x00000007b8600000)
  to   space 124928K, 0% used [0x00000007b8600000,0x00000007b8600000,0x00000007c0000000)
 ParOldGen       total 203776K, used 62166K [0x00000006e7e00000, 0x00000006f4500000, 0x0000000777f80000)
  object space 203776K, 30% used [0x00000006e7e00000,0x00000006ebab5b38,0x00000006f4500000)
 Metaspace       used 58662K, capacity 63190K, committed 63320K, reserved 1103872K
  class space    used 7483K, capacity 8194K, committed 8320K, reserved 1048576K
}
Event: 8014,010 GC heap before
{Heap before GC invocations=23 (full 3):
 PSYoungGen      total 1055232K, used 1054828K [0x0000000777f80000, 0x00000007c0000000, 0x00000007c0000000)
  eden space 932352K, 100% used [0x0000000777f80000,0x00000007b0e00000,0x00000007b0e00000)
  from space 122880K, 99% used [0x00000007b0e00000,0x00000007b859b0c0,0x00000007b8600000)
  to   space 124928K, 0% used [0x00000007b8600000,0x00000007b8600000,0x00000007c0000000)
 ParOldGen       total 203776K, used 62173K [0x00000006e7e00000, 0x00000006f4500000, 0x0000000777f80000)
  object space 203776K, 30% used [0x00000006e7e00000,0x00000006ebab7588,0x00000006f4500000)
 Metaspace       used 58668K, capacity 63190K, committed 63320K, reserved 1103872K
  class space    used 7483K, capacity 8194K, committed 8320K, reserved 1048576K
Event: 8014,567 GC heap after
Heap after GC invocations=23 (full 3):
 PSYoungGen      total 935424K, used 124908K [0x0000000777f80000, 0x00000007c0000000, 0x00000007c0000000)
  eden space 810496K, 0% used [0x0000000777f80000,0x0000000777f80000,0x00000007a9700000)
  from space 124928K, 99% used [0x00000007b8600000,0x00000007bfffb3d8,0x00000007c0000000)
  to   space 184832K, 0% used [0x00000007a9700000,0x00000007a9700000,0x00000007b4b80000)
 ParOldGen       total 203776K, used 130199K [0x00000006e7e00000, 0x00000006f4500000, 0x0000000777f80000)
  object space 203776K, 63% used [0x00000006e7e00000,0x00000006efd25dc0,0x00000006f4500000)
 Metaspace       used 58668K, capacity 63190K, committed 63320K, reserved 1103872K
  class space    used 7483K, capacity 8194K, committed 8320K, reserved 1048576K
}

