# JRE version: OpenJDK Runtime Environment (8.0_201-b09) (build 1.8.0_201-b09)
# Java VM: OpenJDK 64-Bit Server VM (25.201-b09 mixed mode linux-amd64 compressed oops)
Heap:
 PSYoungGen      total 525824K, used 226247K [0x00000000d9300000, 0x00000000ff100000, 0x0000000100000000)
  eden space 475136K, 37% used [0x00000000d9300000,0x00000000e3edf3b8,0x00000000f6300000)
  from space 50688K, 99% used [0x00000000f7800000,0x00000000fa912860,0x00000000fa980000)
  to   space 72704K, 0% used [0x00000000faa00000,0x00000000faa00000,0x00000000ff100000)
 ParOldGen       total 129536K, used 76465K [0x000000008b800000, 0x0000000093680000, 0x00000000d9300000)
  object space 129536K, 59% used [0x000000008b800000,0x00000000902ac518,0x0000000093680000)
 Metaspace       used 78826K, capacity 81814K, committed 81920K, reserved 1120256K
  class space    used 9628K, capacity 10214K, committed 10240K, reserved 1048576K
GC Heap History (64 events):
Event: 2,248 GC heap before
{Heap before GC invocations=1 (full 0):
 PSYoungGen      total 35328K, used 30720K [0x00000000d9300000, 0x00000000dba00000, 0x0000000100000000)
  eden space 30720K, 100% used [0x00000000d9300000,0x00000000db100000,0x00000000db100000)
  from space 4608K, 0% used [0x00000000db580000,0x00000000db580000,0x00000000dba00000)
  to   space 4608K, 0% used [0x00000000db100000,0x00000000db100000,0x00000000db580000)
 ParOldGen       total 80896K, used 0K [0x000000008b800000, 0x0000000090700000, 0x00000000d9300000)
  object space 80896K, 0% used [0x000000008b800000,0x000000008b800000,0x0000000090700000)
 Metaspace       used 7930K, capacity 8110K, committed 8192K, reserved 1056768K
  class space    used 912K, capacity 957K, committed 1024K, reserved 1048576K
Event: 2,276 GC heap after
Heap after GC invocations=1 (full 0):
 PSYoungGen      total 35328K, used 4363K [0x00000000d9300000, 0x00000000dd800000, 0x0000000100000000)
  eden space 30720K, 0% used [0x00000000d9300000,0x00000000d9300000,0x00000000db100000)
  from space 4608K, 94% used [0x00000000db100000,0x00000000db542fa0,0x00000000db580000)
  to   space 4608K, 0% used [0x00000000dd380000,0x00000000dd380000,0x00000000dd800000)
 ParOldGen       total 80896K, used 8K [0x000000008b800000, 0x0000000090700000, 0x00000000d9300000)
  object space 80896K, 0% used [0x000000008b800000,0x000000008b802000,0x0000000090700000)
 Metaspace       used 7930K, capacity 8110K, committed 8192K, reserved 1056768K
  class space    used 912K, capacity 957K, committed 1024K, reserved 1048576K
}
Event: 3,647 GC heap before
{Heap before GC invocations=2 (full 0):
 PSYoungGen      total 35328K, used 35083K [0x00000000d9300000, 0x00000000dd800000, 0x0000000100000000)
  eden space 30720K, 100% used [0x00000000d9300000,0x00000000db100000,0x00000000db100000)
  from space 4608K, 94% used [0x00000000db100000,0x00000000db542fa0,0x00000000db580000)
  to   space 4608K, 0% used [0x00000000dd380000,0x00000000dd380000,0x00000000dd800000)
 ParOldGen       total 80896K, used 8K [0x000000008b800000, 0x0000000090700000, 0x00000000d9300000)
  object space 80896K, 0% used [0x000000008b800000,0x000000008b802000,0x0000000090700000)
 Metaspace       used 13286K, capacity 13616K, committed 13696K, reserved 1060864K
  class space    used 1536K, capacity 1658K, committed 1664K, reserved 1048576K
Event: 3,688 GC heap after
Heap after GC invocations=2 (full 0):
 PSYoungGen      total 66048K, used 4591K [0x00000000d9300000, 0x00000000dd800000, 0x0000000100000000)
  eden space 61440K, 0% used [0x00000000d9300000,0x00000000d9300000,0x00000000dcf00000)
  from space 4608K, 99% used [0x00000000dd380000,0x00000000dd7fbf98,0x00000000dd800000)
  to   space 4608K, 0% used [0x00000000dcf00000,0x00000000dcf00000,0x00000000dd380000)
 ParOldGen       total 80896K, used 2047K [0x000000008b800000, 0x0000000090700000, 0x00000000d9300000)
  object space 80896K, 2% used [0x000000008b800000,0x000000008b9ffe50,0x0000000090700000)
 Metaspace       used 13286K, capacity 13616K, committed 13696K, reserved 1060864K
  class space    used 1536K, capacity 1658K, committed 1664K, reserved 1048576K
}
Event: 5,540 GC heap before
{Heap before GC invocations=3 (full 0):
 PSYoungGen      total 66048K, used 66031K [0x00000000d9300000, 0x00000000dd800000, 0x0000000100000000)
  eden space 61440K, 100% used [0x00000000d9300000,0x00000000dcf00000,0x00000000dcf00000)
  from space 4608K, 99% used [0x00000000dd380000,0x00000000dd7fbf98,0x00000000dd800000)
  to   space 4608K, 0% used [0x00000000dcf00000,0x00000000dcf00000,0x00000000dd380000)
 ParOldGen       total 80896K, used 2047K [0x000000008b800000, 0x0000000090700000, 0x00000000d9300000)
  object space 80896K, 2% used [0x000000008b800000,0x000000008b9ffe50,0x0000000090700000)
 Metaspace       used 14472K, capacity 14832K, committed 15104K, reserved 1062912K
  class space    used 1625K, capacity 1738K, committed 1792K, reserved 1048576K
Event: 5,621 GC heap after
Heap after GC invocations=3 (full 0):
 PSYoungGen      total 66048K, used 4592K [0x00000000d9300000, 0x00000000e1400000, 0x0000000100000000)
  eden space 61440K, 0% used [0x00000000d9300000,0x00000000d9300000,0x00000000dcf00000)
  from space 4608K, 99% used [0x00000000dcf00000,0x00000000dd37c010,0x00000000dd380000)
  to   space 4608K, 0% used [0x00000000e0f80000,0x00000000e0f80000,0x00000000e1400000)
 ParOldGen       total 80896K, used 4860K [0x000000008b800000, 0x0000000090700000, 0x00000000d9300000)
  object space 80896K, 6% used [0x000000008b800000,0x000000008bcbf130,0x0000000090700000)
 Metaspace       used 14472K, capacity 14832K, committed 15104K, reserved 1062912K
  class space    used 1625K, capacity 1738K, committed 1792K, reserved 1048576K
}
Event: 6,877 GC heap before
{Heap before GC invocations=4 (full 0):
 PSYoungGen      total 66048K, used 66032K [0x00000000d9300000, 0x00000000e1400000, 0x0000000100000000)
  eden space 61440K, 100% used [0x00000000d9300000,0x00000000dcf00000,0x00000000dcf00000)
  from space 4608K, 99% used [0x00000000dcf00000,0x00000000dd37c010,0x00000000dd380000)
  to   space 4608K, 0% used [0x00000000e0f80000,0x00000000e0f80000,0x00000000e1400000)
 ParOldGen       total 80896K, used 4860K [0x000000008b800000, 0x0000000090700000, 0x00000000d9300000)
  object space 80896K, 6% used [0x000000008b800000,0x000000008bcbf130,0x0000000090700000)
 Metaspace       used 14822K, capacity 15200K, committed 15360K, reserved 1062912K
  class space    used 1630K, capacity 1746K, committed 1792K, reserved 1048576K
Event: 6,936 GC heap after
Heap after GC invocations=4 (full 0):
 PSYoungGen      total 127488K, used 4592K [0x00000000d9300000, 0x00000000e1400000, 0x0000000100000000)
  eden space 122880K, 0% used [0x00000000d9300000,0x00000000d9300000,0x00000000e0b00000)
  from space 4608K, 99% used [0x00000000e0f80000,0x00000000e13fc010,0x00000000e1400000)
  to   space 4608K, 0% used [0x00000000e0b00000,0x00000000e0b00000,0x00000000e0f80000)
 ParOldGen       total 80896K, used 7792K [0x000000008b800000, 0x0000000090700000, 0x00000000d9300000)
  object space 80896K, 9% used [0x000000008b800000,0x000000008bf9c140,0x0000000090700000)
 Metaspace       used 14822K, capacity 15200K, committed 15360K, reserved 1062912K
  class space    used 1630K, capacity 1746K, committed 1792K, reserved 1048576K
}
Event: 9,111 GC heap before
{Heap before GC invocations=5 (full 0):
 PSYoungGen      total 127488K, used 127472K [0x00000000d9300000, 0x00000000e1400000, 0x0000000100000000)
  eden space 122880K, 100% used [0x00000000d9300000,0x00000000e0b00000,0x00000000e0b00000)
  from space 4608K, 99% used [0x00000000e0f80000,0x00000000e13fc010,0x00000000e1400000)
  to   space 4608K, 0% used [0x00000000e0b00000,0x00000000e0b00000,0x00000000e0f80000)
 ParOldGen       total 80896K, used 7792K [0x000000008b800000, 0x0000000090700000, 0x00000000d9300000)
  object space 80896K, 9% used [0x000000008b800000,0x000000008bf9c140,0x0000000090700000)
 Metaspace       used 16051K, capacity 16552K, committed 16768K, reserved 1064960K
  class space    used 1733K, capacity 1858K, committed 1920K, reserved 1048576K
Event: 9,189 GC heap after
Heap after GC invocations=5 (full 0):
 PSYoungGen      total 127488K, used 4608K [0x00000000d9300000, 0x00000000e9800000, 0x0000000100000000)
  eden space 122880K, 0% used [0x00000000d9300000,0x00000000d9300000,0x00000000e0b00000)
  from space 4608K, 100% used [0x00000000e0b00000,0x00000000e0f80000,0x00000000e0f80000)
  to   space 10752K, 0% used [0x00000000e8d80000,0x00000000e8d80000,0x00000000e9800000)
 ParOldGen       total 80896K, used 12721K [0x000000008b800000, 0x0000000090700000, 0x00000000d9300000)
  object space 80896K, 15% used [0x000000008b800000,0x000000008c46c568,0x0000000090700000)
 Metaspace       used 16051K, capacity 16552K, committed 16768K, reserved 1064960K
  class space    used 1733K, capacity 1858K, committed 1920K, reserved 1048576K
}
Event: 10,893 GC heap before
{Heap before GC invocations=6 (full 0):
 PSYoungGen      total 127488K, used 84074K [0x00000000d9300000, 0x00000000e9800000, 0x0000000100000000)
  eden space 122880K, 64% used [0x00000000d9300000,0x00000000de09a870,0x00000000e0b00000)
  from space 4608K, 100% used [0x00000000e0b00000,0x00000000e0f80000,0x00000000e0f80000)
  to   space 10752K, 0% used [0x00000000e8d80000,0x00000000e8d80000,0x00000000e9800000)
 ParOldGen       total 80896K, used 12721K [0x000000008b800000, 0x0000000090700000, 0x00000000d9300000)
  object space 80896K, 15% used [0x000000008b800000,0x000000008c46c568,0x0000000090700000)
 Metaspace       used 20528K, capacity 21162K, committed 21296K, reserved 1069056K
  class space    used 2217K, capacity 2394K, committed 2432K, reserved 1048576K
Event: 10,955 GC heap after
Heap after GC invocations=6 (full 0):
 PSYoungGen      total 254464K, used 10737K [0x00000000d9300000, 0x00000000e9c00000, 0x0000000100000000)
  eden space 243712K, 0% used [0x00000000d9300000,0x00000000d9300000,0x00000000e8100000)
  from space 10752K, 99% used [0x00000000e8d80000,0x00000000e97fc618,0x00000000e9800000)
  to   space 12800K, 0% used [0x00000000e8100000,0x00000000e8100000,0x00000000e8d80000)
 ParOldGen       total 80896K, used 13316K [0x000000008b800000, 0x0000000090700000, 0x00000000d9300000)
  object space 80896K, 16% used [0x000000008b800000,0x000000008c501058,0x0000000090700000)
 Metaspace       used 20528K, capacity 21162K, committed 21296K, reserved 1069056K
  class space    used 2217K, capacity 2394K, committed 2432K, reserved 1048576K
}
Event: 10,955 GC heap before
{Heap before GC invocations=7 (full 1):
 PSYoungGen      total 254464K, used 10737K [0x00000000d9300000, 0x00000000e9c00000, 0x0000000100000000)
  eden space 243712K, 0% used [0x00000000d9300000,0x00000000d9300000,0x00000000e8100000)
  from space 10752K, 99% used [0x00000000e8d80000,0x00000000e97fc618,0x00000000e9800000)
  to   space 12800K, 0% used [0x00000000e8100000,0x00000000e8100000,0x00000000e8d80000)
 ParOldGen       total 80896K, used 13316K [0x000000008b800000, 0x0000000090700000, 0x00000000d9300000)
  object space 80896K, 16% used [0x000000008b800000,0x000000008c501058,0x0000000090700000)
 Metaspace       used 20528K, capacity 21162K, committed 21296K, reserved 1069056K
  class space    used 2217K, capacity 2394K, committed 2432K, reserved 1048576K
Event: 11,214 GC heap after
Heap after GC invocations=7 (full 1):
 PSYoungGen      total 254464K, used 0K [0x00000000d9300000, 0x00000000e9c00000, 0x0000000100000000)
  eden space 243712K, 0% used [0x00000000d9300000,0x00000000d9300000,0x00000000e8100000)
  from space 10752K, 0% used [0x00000000e8d80000,0x00000000e8d80000,0x00000000e9800000)
  to   space 12800K, 0% used [0x00000000e8100000,0x00000000e8100000,0x00000000e8d80000)
 ParOldGen       total 69120K, used 18844K [0x000000008b800000, 0x000000008fb80000, 0x00000000d9300000)
  object space 69120K, 27% used [0x000000008b800000,0x000000008ca67328,0x000000008fb80000)
 Metaspace       used 20528K, capacity 21162K, committed 21296K, reserved 1069056K
  class space    used 2217K, capacity 2394K, committed 2432K, reserved 1048576K
}
Event: 14,786 GC heap before
{Heap before GC invocations=8 (full 1):
 PSYoungGen      total 254464K, used 243712K [0x00000000d9300000, 0x00000000e9c00000, 0x0000000100000000)
  eden space 243712K, 100% used [0x00000000d9300000,0x00000000e8100000,0x00000000e8100000)
  from space 10752K, 0% used [0x00000000e8d80000,0x00000000e8d80000,0x00000000e9800000)
  to   space 12800K, 0% used [0x00000000e8100000,0x00000000e8100000,0x00000000e8d80000)
 ParOldGen       total 69120K, used 18844K [0x000000008b800000, 0x000000008fb80000, 0x00000000d9300000)
  object space 69120K, 27% used [0x000000008b800000,0x000000008ca67328,0x000000008fb80000)
 Metaspace       used 25842K, capacity 26462K, committed 26624K, reserved 1073152K
  class space    used 2894K, capacity 3046K, committed 3072K, reserved 1048576K
Event: 14,848 GC heap after
Heap after GC invocations=8 (full 1):
 PSYoungGen      total 256512K, used 12773K [0x00000000d9300000, 0x00000000f2200000, 0x0000000100000000)
  eden space 243712K, 0% used [0x00000000d9300000,0x00000000d9300000,0x00000000e8100000)
  from space 12800K, 99% used [0x00000000e8100000,0x00000000e8d796d0,0x00000000e8d80000)
  to   space 15360K, 0% used [0x00000000f1300000,0x00000000f1300000,0x00000000f2200000)
 ParOldGen       total 69120K, used 20881K [0x000000008b800000, 0x000000008fb80000, 0x00000000d9300000)
  object space 69120K, 30% used [0x000000008b800000,0x000000008cc64790,0x000000008fb80000)
 Metaspace       used 25842K, capacity 26462K, committed 26624K, reserved 1073152K
  class space    used 2894K, capacity 3046K, committed 3072K, reserved 1048576K
}
Event: 17,496 GC heap before
{Heap before GC invocations=9 (full 1):
 PSYoungGen      total 256512K, used 171680K [0x00000000d9300000, 0x00000000f2200000, 0x0000000100000000)
  eden space 243712K, 65% used [0x00000000d9300000,0x00000000e2e2eb30,0x00000000e8100000)
  from space 12800K, 99% used [0x00000000e8100000,0x00000000e8d796d0,0x00000000e8d80000)
  to   space 15360K, 0% used [0x00000000f1300000,0x00000000f1300000,0x00000000f2200000)
 ParOldGen       total 69120K, used 20881K [0x000000008b800000, 0x000000008fb80000, 0x00000000d9300000)
  object space 69120K, 30% used [0x000000008b800000,0x000000008cc64790,0x000000008fb80000)
 Metaspace       used 34760K, capacity 35414K, committed 35828K, reserved 1081344K
  class space    used 4178K, capacity 4362K, committed 4480K, reserved 1048576K
Event: 17,583 GC heap after
Heap after GC invocations=9 (full 1):
 PSYoungGen      total 391168K, used 14428K [0x00000000d9300000, 0x00000000f2780000, 0x0000000100000000)
  eden space 375808K, 0% used [0x00000000d9300000,0x00000000d9300000,0x00000000f0200000)
  from space 15360K, 93% used [0x00000000f1300000,0x00000000f2117088,0x00000000f2200000)
  to   space 17408K, 0% used [0x00000000f0200000,0x00000000f0200000,0x00000000f1300000)
 ParOldGen       total 69120K, used 20889K [0x000000008b800000, 0x000000008fb80000, 0x00000000d9300000)
  object space 69120K, 30% used [0x000000008b800000,0x000000008cc66790,0x000000008fb80000)
 Metaspace       used 34760K, capacity 35414K, committed 35828K, reserved 1081344K
  class space    used 4178K, capacity 4362K, committed 4480K, reserved 1048576K
}
Event: 17,683 GC heap before
{Heap before GC invocations=10 (full 1):
 PSYoungGen      total 391168K, used 21770K [0x00000000d9300000, 0x00000000f2780000, 0x0000000100000000)
  eden space 375808K, 1% used [0x00000000d9300000,0x00000000d9a2b848,0x00000000f0200000)
  from space 15360K, 93% used [0x00000000f1300000,0x00000000f2117088,0x00000000f2200000)
  to   space 17408K, 0% used [0x00000000f0200000,0x00000000f0200000,0x00000000f1300000)
 ParOldGen       total 69120K, used 20889K [0x000000008b800000, 0x000000008fb80000, 0x00000000d9300000)
  object space 69120K, 30% used [0x000000008b800000,0x000000008cc66790,0x000000008fb80000)
 Metaspace       used 34989K, capacity 35574K, committed 35828K, reserved 1081344K
  class space    used 4217K, capacity 4394K, committed 4480K, reserved 1048576K
Event: 17,729 GC heap after
Heap after GC invocations=10 (full 1):
 PSYoungGen      total 393216K, used 7992K [0x00000000d9300000, 0x00000000fd600000, 0x0000000100000000)
  eden space 375808K, 0% used [0x00000000d9300000,0x00000000d9300000,0x00000000f0200000)
  from space 17408K, 45% used [0x00000000f0200000,0x00000000f09ce078,0x00000000f1300000)
  to   space 16896K, 0% used [0x00000000fc580000,0x00000000fc580000,0x00000000fd600000)
 ParOldGen       total 69120K, used 20897K [0x000000008b800000, 0x000000008fb80000, 0x00000000d9300000)
  object space 69120K, 30% used [0x000000008b800000,0x000000008cc68790,0x000000008fb80000)
 Metaspace       used 34989K, capacity 35574K, committed 35828K, reserved 1081344K
  class space    used 4217K, capacity 4394K, committed 4480K, reserved 1048576K
}
Event: 17,729 GC heap before
{Heap before GC invocations=11 (full 2):
 PSYoungGen      total 393216K, used 7992K [0x00000000d9300000, 0x00000000fd600000, 0x0000000100000000)
  eden space 375808K, 0% used [0x00000000d9300000,0x00000000d9300000,0x00000000f0200000)
  from space 17408K, 45% used [0x00000000f0200000,0x00000000f09ce078,0x00000000f1300000)
  to   space 16896K, 0% used [0x00000000fc580000,0x00000000fc580000,0x00000000fd600000)
 ParOldGen       total 69120K, used 20897K [0x000000008b800000, 0x000000008fb80000, 0x00000000d9300000)
  object space 69120K, 30% used [0x000000008b800000,0x000000008cc68790,0x000000008fb80000)
 Metaspace       used 34989K, capacity 35574K, committed 35828K, reserved 1081344K
  class space    used 4217K, capacity 4394K, committed 4480K, reserved 1048576K
Event: 18,153 GC heap after
Heap after GC invocations=11 (full 2):
 PSYoungGen      total 393216K, used 0K [0x00000000d9300000, 0x00000000fd600000, 0x0000000100000000)
  eden space 375808K, 0% used [0x00000000d9300000,0x00000000d9300000,0x00000000f0200000)
  from space 17408K, 0% used [0x00000000f0200000,0x00000000f0200000,0x00000000f1300000)
  to   space 16896K, 0% used [0x00000000fc580000,0x00000000fc580000,0x00000000fd600000)
 ParOldGen       total 86016K, used 23175K [0x000000008b800000, 0x0000000090c00000, 0x00000000d9300000)
  object space 86016K, 26% used [0x000000008b800000,0x000000008cea1e50,0x0000000090c00000)
 Metaspace       used 34989K, capacity 35574K, committed 35828K, reserved 1081344K
  class space    used 4217K, capacity 4394K, committed 4480K, reserved 1048576K
}
Event: 25,778 GC heap before
{Heap before GC invocations=12 (full 2):
 PSYoungGen      total 393216K, used 375808K [0x00000000d9300000, 0x00000000fd600000, 0x0000000100000000)
  eden space 375808K, 100% used [0x00000000d9300000,0x00000000f0200000,0x00000000f0200000)
  from space 17408K, 0% used [0x00000000f0200000,0x00000000f0200000,0x00000000f1300000)
  to   space 16896K, 0% used [0x00000000fc580000,0x00000000fc580000,0x00000000fd600000)
 ParOldGen       total 86016K, used 23175K [0x000000008b800000, 0x0000000090c00000, 0x00000000d9300000)
  object space 86016K, 26% used [0x000000008b800000,0x000000008cea1e50,0x0000000090c00000)
 Metaspace       used 41814K, capacity 42554K, committed 42752K, reserved 1087488K
  class space    used 5101K, capacity 5310K, committed 5376K, reserved 1048576K
Event: 25,821 GC heap after
Heap after GC invocations=12 (full 2):
 PSYoungGen      total 530944K, used 9722K [0x00000000d9300000, 0x00000000fcf00000, 0x0000000100000000)
  eden space 521216K, 0% used [0x00000000d9300000,0x00000000d9300000,0x00000000f9000000)
  from space 9728K, 99% used [0x00000000fc580000,0x00000000fcefea38,0x00000000fcf00000)
  to   space 16384K, 0% used [0x00000000faf00000,0x00000000faf00000,0x00000000fbf00000)
 ParOldGen       total 86016K, used 23183K [0x000000008b800000, 0x0000000090c00000, 0x00000000d9300000)
  object space 86016K, 26% used [0x000000008b800000,0x000000008cea3e50,0x0000000090c00000)
 Metaspace       used 41814K, capacity 42554K, committed 42752K, reserved 1087488K
  class space    used 5101K, capacity 5310K, committed 5376K, reserved 1048576K
}
Event: 35,161 GC heap before
{Heap before GC invocations=13 (full 2):
 PSYoungGen      total 530944K, used 530938K [0x00000000d9300000, 0x00000000fcf00000, 0x0000000100000000)
  eden space 521216K, 100% used [0x00000000d9300000,0x00000000f9000000,0x00000000f9000000)
  from space 9728K, 99% used [0x00000000fc580000,0x00000000fcefea38,0x00000000fcf00000)
  to   space 16384K, 0% used [0x00000000faf00000,0x00000000faf00000,0x00000000fbf00000)
 ParOldGen       total 86016K, used 23183K [0x000000008b800000, 0x0000000090c00000, 0x00000000d9300000)
  object space 86016K, 26% used [0x000000008b800000,0x000000008cea3e50,0x0000000090c00000)
 Metaspace       used 53687K, capacity 54510K, committed 54912K, reserved 1097728K
  class space    used 6737K, capacity 6956K, committed 7040K, reserved 1048576K
Event: 35,268 GC heap after
Heap after GC invocations=13 (full 2):
 PSYoungGen      total 569344K, used 16369K [0x00000000d9300000, 0x0000000100000000, 0x0000000100000000)
  eden space 552960K, 0% used [0x00000000d9300000,0x00000000d9300000,0x00000000faf00000)
  from space 16384K, 99% used [0x00000000faf00000,0x00000000fbefc678,0x00000000fbf00000)
  to   space 20992K, 0% used [0x00000000feb80000,0x00000000feb80000,0x0000000100000000)
 ParOldGen       total 86016K, used 31254K [0x000000008b800000, 0x0000000090c00000, 0x00000000d9300000)
  object space 86016K, 36% used [0x000000008b800000,0x000000008d6859a8,0x0000000090c00000)
 Metaspace       used 53687K, capacity 54510K, committed 54912K, reserved 1097728K
  class space    used 6737K, capacity 6956K, committed 7040K, reserved 1048576K
}
Event: 41,814 GC heap before
{Heap before GC invocations=14 (full 2):
 PSYoungGen      total 569344K, used 247290K [0x00000000d9300000, 0x0000000100000000, 0x0000000100000000)
  eden space 552960K, 41% used [0x00000000d9300000,0x00000000e7482340,0x00000000faf00000)
  from space 16384K, 99% used [0x00000000faf00000,0x00000000fbefc678,0x00000000fbf00000)
  to   space 20992K, 0% used [0x00000000feb80000,0x00000000feb80000,0x0000000100000000)
 ParOldGen       total 86016K, used 31254K [0x000000008b800000, 0x0000000090c00000, 0x00000000d9300000)
  object space 86016K, 36% used [0x000000008b800000,0x000000008d6859a8,0x0000000090c00000)
 Metaspace       used 58462K, capacity 59574K, committed 59716K, reserved 1101824K
  class space    used 7312K, capacity 7587K, committed 7680K, reserved 1048576K
Event: 41,927 GC heap after
Heap after GC invocations=14 (full 2):
 PSYoungGen      total 610816K, used 18677K [0x00000000d9300000, 0x0000000100000000, 0x0000000100000000)
  eden space 589824K, 0% used [0x00000000d9300000,0x00000000d9300000,0x00000000fd300000)
  from space 20992K, 88% used [0x00000000feb80000,0x00000000ffdbd4a0,0x0000000100000000)
  to   space 23040K, 0% used [0x00000000fd300000,0x00000000fd300000,0x00000000fe980000)
 ParOldGen       total 86016K, used 37436K [0x000000008b800000, 0x0000000090c00000, 0x00000000d9300000)
  object space 86016K, 43% used [0x000000008b800000,0x000000008dc8f1d8,0x0000000090c00000)
 Metaspace       used 58462K, capacity 59574K, committed 59716K, reserved 1101824K
  class space    used 7312K, capacity 7587K, committed 7680K, reserved 1048576K
}
Event: 41,927 GC heap before
{Heap before GC invocations=15 (full 3):
 PSYoungGen      total 610816K, used 18677K [0x00000000d9300000, 0x0000000100000000, 0x0000000100000000)
  eden space 589824K, 0% used [0x00000000d9300000,0x00000000d9300000,0x00000000fd300000)
  from space 20992K, 88% used [0x00000000feb80000,0x00000000ffdbd4a0,0x0000000100000000)
  to   space 23040K, 0% used [0x00000000fd300000,0x00000000fd300000,0x00000000fe980000)
 ParOldGen       total 86016K, used 37436K [0x000000008b800000, 0x0000000090c00000, 0x00000000d9300000)
  object space 86016K, 43% used [0x000000008b800000,0x000000008dc8f1d8,0x0000000090c00000)
 Metaspace       used 58462K, capacity 59574K, committed 59716K, reserved 1101824K
  class space    used 7312K, capacity 7587K, committed 7680K, reserved 1048576K
Event: 42,662 GC heap after
Heap after GC invocations=15 (full 3):
 PSYoungGen      total 610816K, used 0K [0x00000000d9300000, 0x0000000100000000, 0x0000000100000000)
  eden space 589824K, 0% used [0x00000000d9300000,0x00000000d9300000,0x00000000fd300000)
  from space 20992K, 0% used [0x00000000feb80000,0x00000000feb80000,0x0000000100000000)
  to   space 23040K, 0% used [0x00000000fd300000,0x00000000fd300000,0x00000000fe980000)
 ParOldGen       total 129536K, used 48164K [0x000000008b800000, 0x0000000093680000, 0x00000000d9300000)
  object space 129536K, 37% used [0x000000008b800000,0x000000008e7091a8,0x0000000093680000)
 Metaspace       used 58462K, capacity 59574K, committed 59716K, reserved 1101824K
  class space    used 7312K, capacity 7587K, committed 7680K, reserved 1048576K
}
Event: 68,922 GC heap before
{Heap before GC invocations=16 (full 3):
 PSYoungGen      total 610816K, used 589824K [0x00000000d9300000, 0x0000000100000000, 0x0000000100000000)
  eden space 589824K, 100% used [0x00000000d9300000,0x00000000fd300000,0x00000000fd300000)
  from space 20992K, 0% used [0x00000000feb80000,0x00000000feb80000,0x0000000100000000)
  to   space 23040K, 0% used [0x00000000fd300000,0x00000000fd300000,0x00000000fe980000)
 ParOldGen       total 129536K, used 48164K [0x000000008b800000, 0x0000000093680000, 0x00000000d9300000)
  object space 129536K, 37% used [0x000000008b800000,0x000000008e7091a8,0x0000000093680000)
 Metaspace       used 68187K, capacity 70540K, committed 70784K, reserved 1112064K
  class space    used 8349K, capacity 8813K, committed 8832K, reserved 1048576K
Event: 69,378 GC heap after
Heap after GC invocations=16 (full 3):
 PSYoungGen      total 612864K, used 23009K [0x00000000d9300000, 0x0000000100000000, 0x0000000100000000)
  eden space 589824K, 0% used [0x00000000d9300000,0x00000000d9300000,0x00000000fd300000)
  from space 23040K, 99% used [0x00000000fd300000,0x00000000fe978560,0x00000000fe980000)
  to   space 23040K, 0% used [0x00000000fe980000,0x00000000fe980000,0x0000000100000000)
 ParOldGen       total 129536K, used 56124K [0x000000008b800000, 0x0000000093680000, 0x00000000d9300000)
  object space 129536K, 43% used [0x000000008b800000,0x000000008eecf2b8,0x0000000093680000)
 Metaspace       used 68187K, capacity 70540K, committed 70784K, reserved 1112064K
  class space    used 8349K, capacity 8813K, committed 8832K, reserved 1048576K
}
Event: 93,309 GC heap before
{Heap before GC invocations=17 (full 3):
 PSYoungGen      total 612864K, used 612833K [0x00000000d9300000, 0x0000000100000000, 0x0000000100000000)
  eden space 589824K, 100% used [0x00000000d9300000,0x00000000fd300000,0x00000000fd300000)
  from space 23040K, 99% used [0x00000000fd300000,0x00000000fe978560,0x00000000fe980000)
  to   space 23040K, 0% used [0x00000000fe980000,0x00000000fe980000,0x0000000100000000)
 ParOldGen       total 129536K, used 56124K [0x000000008b800000, 0x0000000093680000, 0x00000000d9300000)
  object space 129536K, 43% used [0x000000008b800000,0x000000008eecf2b8,0x0000000093680000)
 Metaspace       used 68766K, capacity 71396K, committed 71680K, reserved 1112064K
  class space    used 8398K, capacity 8881K, committed 8960K, reserved 1048576K
Event: 93,631 GC heap after
Heap after GC invocations=17 (full 3):
 PSYoungGen      total 603648K, used 12260K [0x00000000d9300000, 0x0000000100000000, 0x0000000100000000)
  eden space 580608K, 0% used [0x00000000d9300000,0x00000000d9300000,0x00000000fca00000)
  from space 23040K, 53% used [0x00000000fe980000,0x00000000ff5792a0,0x0000000100000000)
  to   space 27648K, 0% used [0x00000000fca00000,0x00000000fca00000,0x00000000fe500000)
 ParOldGen       total 129536K, used 64490K [0x000000008b800000, 0x0000000093680000, 0x00000000d9300000)
  object space 129536K, 49% used [0x000000008b800000,0x000000008f6faab8,0x0000000093680000)
 Metaspace       used 68766K, capacity 71396K, committed 71680K, reserved 1112064K
  class space    used 8398K, capacity 8881K, committed 8960K, reserved 1048576K
}
Event: 175,315 GC heap before
{Heap before GC invocations=18 (full 3):
 PSYoungGen      total 603648K, used 592868K [0x00000000d9300000, 0x0000000100000000, 0x0000000100000000)
  eden space 580608K, 100% used [0x00000000d9300000,0x00000000fca00000,0x00000000fca00000)
  from space 23040K, 53% used [0x00000000fe980000,0x00000000ff5792a0,0x0000000100000000)
  to   space 27648K, 0% used [0x00000000fca00000,0x00000000fca00000,0x00000000fe500000)
 ParOldGen       total 129536K, used 64490K [0x000000008b800000, 0x0000000093680000, 0x00000000d9300000)
  object space 129536K, 49% used [0x000000008b800000,0x000000008f6faab8,0x0000000093680000)
 Metaspace       used 69275K, capacity 71976K, committed 72192K, reserved 1112064K
  class space    used 8423K, capacity 8951K, committed 8960K, reserved 1048576K
Event: 175,387 GC heap after
Heap after GC invocations=18 (full 3):
 PSYoungGen      total 608256K, used 14408K [0x00000000d9300000, 0x0000000100000000, 0x0000000100000000)
  eden space 580608K, 0% used [0x00000000d9300000,0x00000000d9300000,0x00000000fca00000)
  from space 27648K, 52% used [0x00000000fca00000,0x00000000fd812030,0x00000000fe500000)
  to   space 26624K, 0% used [0x00000000fe600000,0x00000000fe600000,0x0000000100000000)
 ParOldGen       total 129536K, used 64498K [0x000000008b800000, 0x0000000093680000, 0x00000000d9300000)
  object space 129536K, 49% used [0x000000008b800000,0x000000008f6fcab8,0x0000000093680000)
 Metaspace       used 69275K, capacity 71976K, committed 72192K, reserved 1112064K
  class space    used 8423K, capacity 8951K, committed 8960K, reserved 1048576K
}
Event: 213,361 GC heap before
{Heap before GC invocations=19 (full 3):
 PSYoungGen      total 608256K, used 595016K [0x00000000d9300000, 0x0000000100000000, 0x0000000100000000)
  eden space 580608K, 100% used [0x00000000d9300000,0x00000000fca00000,0x00000000fca00000)
  from space 27648K, 52% used [0x00000000fca00000,0x00000000fd812030,0x00000000fe500000)
  to   space 26624K, 0% used [0x00000000fe600000,0x00000000fe600000,0x0000000100000000)
 ParOldGen       total 129536K, used 64498K [0x000000008b800000, 0x0000000093680000, 0x00000000d9300000)
  object space 129536K, 49% used [0x000000008b800000,0x000000008f6fcab8,0x0000000093680000)
 Metaspace       used 69668K, capacity 72448K, committed 72576K, reserved 1112064K
  class space    used 8452K, capacity 9003K, committed 9088K, reserved 1048576K
Event: 213,454 GC heap after
Heap after GC invocations=19 (full 3):
 PSYoungGen      total 607232K, used 19760K [0x00000000d9300000, 0x0000000100000000, 0x0000000100000000)
  eden space 580608K, 0% used [0x00000000d9300000,0x00000000d9300000,0x00000000fca00000)
  from space 26624K, 74% used [0x00000000fe600000,0x00000000ff94c050,0x0000000100000000)
  to   space 27648K, 0% used [0x00000000fca00000,0x00000000fca00000,0x00000000fe500000)
 ParOldGen       total 129536K, used 64498K [0x000000008b800000, 0x0000000093680000, 0x00000000d9300000)
  object space 129536K, 49% used [0x000000008b800000,0x000000008f6fcab8,0x0000000093680000)
 Metaspace       used 69668K, capacity 72448K, committed 72576K, reserved 1112064K
  class space    used 8452K, capacity 9003K, committed 9088K, reserved 1048576K
}
Event: 551,491 GC heap before
{Heap before GC invocations=20 (full 3):
 PSYoungGen      total 607232K, used 600368K [0x00000000d9300000, 0x0000000100000000, 0x0000000100000000)
  eden space 580608K, 100% used [0x00000000d9300000,0x00000000fca00000,0x00000000fca00000)
  from space 26624K, 74% used [0x00000000fe600000,0x00000000ff94c050,0x0000000100000000)
  to   space 27648K, 0% used [0x00000000fca00000,0x00000000fca00000,0x00000000fe500000)
 ParOldGen       total 129536K, used 64498K [0x000000008b800000, 0x0000000093680000, 0x00000000d9300000)
  object space 129536K, 49% used [0x000000008b800000,0x000000008f6fcab8,0x0000000093680000)
 Metaspace       used 69868K, capacity 72720K, committed 72832K, reserved 1114112K
  class space    used 8466K, capacity 9027K, committed 9088K, reserved 1048576K
Event: 551,548 GC heap after
Heap after GC invocations=20 (full 3):
 PSYoungGen      total 608256K, used 15536K [0x00000000d9300000, 0x0000000100000000, 0x0000000100000000)
  eden space 580608K, 0% used [0x00000000d9300000,0x00000000d9300000,0x00000000fca00000)
  from space 27648K, 56% used [0x00000000fca00000,0x00000000fd92c030,0x00000000fe500000)
  to   space 27136K, 0% used [0x00000000fe580000,0x00000000fe580000,0x0000000100000000)
 ParOldGen       total 129536K, used 64506K [0x000000008b800000, 0x0000000093680000, 0x00000000d9300000)
  object space 129536K, 49% used [0x000000008b800000,0x000000008f6feab8,0x0000000093680000)
 Metaspace       used 69868K, capacity 72720K, committed 72832K, reserved 1114112K
  class space    used 8466K, capacity 9027K, committed 9088K, reserved 1048576K
}
Event: 565,467 GC heap before
{Heap before GC invocations=21 (full 3):
 PSYoungGen      total 608256K, used 596144K [0x00000000d9300000, 0x0000000100000000, 0x0000000100000000)
  eden space 580608K, 100% used [0x00000000d9300000,0x00000000fca00000,0x00000000fca00000)
  from space 27648K, 56% used [0x00000000fca00000,0x00000000fd92c030,0x00000000fe500000)
  to   space 27136K, 0% used [0x00000000fe580000,0x00000000fe580000,0x0000000100000000)
 ParOldGen       total 129536K, used 64506K [0x000000008b800000, 0x0000000093680000, 0x00000000d9300000)
  object space 129536K, 49% used [0x000000008b800000,0x000000008f6feab8,0x0000000093680000)
 Metaspace       used 70183K, capacity 73040K, committed 73088K, reserved 1114112K
  class space    used 8483K, capacity 9059K, committed 9088K, reserved 1048576K
Event: 565,579 GC heap after
Heap after GC invocations=21 (full 3):
 PSYoungGen      total 602624K, used 26240K [0x00000000d9300000, 0x0000000100000000, 0x0000000100000000)
  eden space 575488K, 0% used [0x00000000d9300000,0x00000000d9300000,0x00000000fc500000)
  from space 27136K, 96% used [0x00000000fe580000,0x00000000fff20060,0x0000000100000000)
  to   space 30208K, 0% used [0x00000000fc500000,0x00000000fc500000,0x00000000fe280000)
 ParOldGen       total 129536K, used 64514K [0x000000008b800000, 0x0000000093680000, 0x00000000d9300000)
  object space 129536K, 49% used [0x000000008b800000,0x000000008f700ab8,0x0000000093680000)
 Metaspace       used 70183K, capacity 73040K, committed 73088K, reserved 1114112K
  class space    used 8483K, capacity 9059K, committed 9088K, reserved 1048576K
}
Event: 600,502 GC heap before
{Heap before GC invocations=22 (full 3):
 PSYoungGen      total 602624K, used 601728K [0x00000000d9300000, 0x0000000100000000, 0x0000000100000000)
  eden space 575488K, 100% used [0x00000000d9300000,0x00000000fc500000,0x00000000fc500000)
  from space 27136K, 96% used [0x00000000fe580000,0x00000000fff20060,0x0000000100000000)
  to   space 30208K, 0% used [0x00000000fc500000,0x00000000fc500000,0x00000000fe280000)
 ParOldGen       total 129536K, used 64514K [0x000000008b800000, 0x0000000093680000, 0x00000000d9300000)
  object space 129536K, 49% used [0x000000008b800000,0x000000008f700ab8,0x0000000093680000)
 Metaspace       used 70317K, capacity 73256K, committed 73344K, reserved 1114112K
  class space    used 8486K, capacity 9063K, committed 9088K, reserved 1048576K
Event: 600,716 GC heap after
Heap after GC invocations=22 (full 3):
 PSYoungGen      total 604160K, used 28640K [0x00000000d9300000, 0x0000000100000000, 0x0000000100000000)
  eden space 575488K, 0% used [0x00000000d9300000,0x00000000d9300000,0x00000000fc500000)
  from space 28672K, 99% used [0x00000000fc500000,0x00000000fe0f8060,0x00000000fe100000)
  to   space 31744K, 0% used [0x00000000fe100000,0x00000000fe100000,0x0000000100000000)
 ParOldGen       total 129536K, used 64522K [0x000000008b800000, 0x0000000093680000, 0x00000000d9300000)
  object space 129536K, 49% used [0x000000008b800000,0x000000008f702ab8,0x0000000093680000)
 Metaspace       used 70317K, capacity 73256K, committed 73344K, reserved 1114112K
  class space    used 8486K, capacity 9063K, committed 9088K, reserved 1048576K
}
Event: 656,470 GC heap before
{Heap before GC invocations=23 (full 3):
 PSYoungGen      total 604160K, used 604128K [0x00000000d9300000, 0x0000000100000000, 0x0000000100000000)
  eden space 575488K, 100% used [0x00000000d9300000,0x00000000fc500000,0x00000000fc500000)
  from space 28672K, 99% used [0x00000000fc500000,0x00000000fe0f8060,0x00000000fe100000)
  to   space 31744K, 0% used [0x00000000fe100000,0x00000000fe100000,0x0000000100000000)
 ParOldGen       total 129536K, used 64522K [0x000000008b800000, 0x0000000093680000, 0x00000000d9300000)
  object space 129536K, 49% used [0x000000008b800000,0x000000008f702ab8,0x0000000093680000)
 Metaspace       used 70604K, capacity 73574K, committed 73600K, reserved 1114112K
  class space    used 8498K, capacity 9084K, committed 9088K, reserved 1048576K
Event: 656,834 GC heap after
Heap after GC invocations=23 (full 3):
 PSYoungGen      total 589824K, used 31721K [0x00000000d9300000, 0x0000000100000000, 0x0000000100000000)
  eden space 558080K, 0% used [0x00000000d9300000,0x00000000d9300000,0x00000000fb400000)
  from space 31744K, 99% used [0x00000000fe100000,0x00000000ffffa6c8,0x0000000100000000)
  to   space 38912K, 0% used [0x00000000fb400000,0x00000000fb400000,0x00000000fda00000)
 ParOldGen       total 129536K, used 69065K [0x000000008b800000, 0x0000000093680000, 0x00000000d9300000)
  object space 129536K, 53% used [0x000000008b800000,0x000000008fb724d8,0x0000000093680000)
 Metaspace       used 70604K, capacity 73574K, committed 73600K, reserved 1114112K
  class space    used 8498K, capacity 9084K, committed 9088K, reserved 1048576K
}
Event: 1019,088 GC heap before
{Heap before GC invocations=24 (full 3):
 PSYoungGen      total 589824K, used 589801K [0x00000000d9300000, 0x0000000100000000, 0x0000000100000000)
  eden space 558080K, 100% used [0x00000000d9300000,0x00000000fb400000,0x00000000fb400000)
  from space 31744K, 99% used [0x00000000fe100000,0x00000000ffffa6c8,0x0000000100000000)
  to   space 38912K, 0% used [0x00000000fb400000,0x00000000fb400000,0x00000000fda00000)
 ParOldGen       total 129536K, used 69065K [0x000000008b800000, 0x0000000093680000, 0x00000000d9300000)
  object space 129536K, 53% used [0x000000008b800000,0x000000008fb724d8,0x0000000093680000)
 Metaspace       used 70653K, capacity 73598K, committed 73600K, reserved 1114112K
  class space    used 8500K, capacity 9088K, committed 9088K, reserved 1048576K
Event: 1019,485 GC heap after
Heap after GC invocations=24 (full 3):
 PSYoungGen      total 587264K, used 28816K [0x00000000d9300000, 0x0000000100000000, 0x0000000100000000)
  eden space 558080K, 0% used [0x00000000d9300000,0x00000000d9300000,0x00000000fb400000)
  from space 29184K, 98% used [0x00000000fb400000,0x00000000fd024010,0x00000000fd080000)
  to   space 40960K, 0% used [0x00000000fd800000,0x00000000fd800000,0x0000000100000000)
 ParOldGen       total 129536K, used 76409K [0x000000008b800000, 0x0000000093680000, 0x00000000d9300000)
  object space 129536K, 58% used [0x000000008b800000,0x000000009029e518,0x0000000093680000)
 Metaspace       used 70653K, capacity 73598K, committed 73600K, reserved 1114112K
  class space    used 8500K, capacity 9088K, committed 9088K, reserved 1048576K
}
Event: 1063,546 GC heap before
{Heap before GC invocations=25 (full 3):
 PSYoungGen      total 587264K, used 586896K [0x00000000d9300000, 0x0000000100000000, 0x0000000100000000)
  eden space 558080K, 100% used [0x00000000d9300000,0x00000000fb400000,0x00000000fb400000)
  from space 29184K, 98% used [0x00000000fb400000,0x00000000fd024010,0x00000000fd080000)
  to   space 40960K, 0% used [0x00000000fd800000,0x00000000fd800000,0x0000000100000000)
 ParOldGen       total 129536K, used 76409K [0x000000008b800000, 0x0000000093680000, 0x00000000d9300000)
  object space 129536K, 58% used [0x000000008b800000,0x000000009029e518,0x0000000093680000)
 Metaspace       used 70788K, capacity 73760K, committed 73984K, reserved 1114112K
  class space    used 8509K, capacity 9103K, committed 9216K, reserved 1048576K
Event: 1063,706 GC heap after
Heap after GC invocations=25 (full 3):
 PSYoungGen      total 589824K, used 33376K [0x00000000d9300000, 0x0000000100000000, 0x0000000100000000)
  eden space 548864K, 0% used [0x00000000d9300000,0x00000000d9300000,0x00000000fab00000)
  from space 40960K, 81% used [0x00000000fd800000,0x00000000ff898230,0x0000000100000000)
  to   space 43520K, 0% used [0x00000000fab00000,0x00000000fab00000,0x00000000fd580000)
 ParOldGen       total 129536K, used 76417K [0x000000008b800000, 0x0000000093680000, 0x00000000d9300000)
  object space 129536K, 58% used [0x000000008b800000,0x00000000902a0518,0x0000000093680000)
 Metaspace       used 70788K, capacity 73760K, committed 73984K, reserved 1114112K
  class space    used 8509K, capacity 9103K, committed 9216K, reserved 1048576K
}
Event: 1121,225 GC heap before
{Heap before GC invocations=26 (full 3):
 PSYoungGen      total 589824K, used 582240K [0x00000000d9300000, 0x0000000100000000, 0x0000000100000000)
  eden space 548864K, 100% used [0x00000000d9300000,0x00000000fab00000,0x00000000fab00000)
  from space 40960K, 81% used [0x00000000fd800000,0x00000000ff898230,0x0000000100000000)
  to   space 43520K, 0% used [0x00000000fab00000,0x00000000fab00000,0x00000000fd580000)
 ParOldGen       total 129536K, used 76417K [0x000000008b800000, 0x0000000093680000, 0x00000000d9300000)
  object space 129536K, 58% used [0x000000008b800000,0x00000000902a0518,0x0000000093680000)
 Metaspace       used 70955K, capacity 73888K, committed 74240K, reserved 1114112K
  class space    used 8509K, capacity 9103K, committed 9216K, reserved 1048576K
Event: 1121,387 GC heap after
Heap after GC invocations=26 (full 3):
 PSYoungGen      total 584704K, used 35776K [0x00000000d9300000, 0x0000000100000000, 0x0000000100000000)
  eden space 548864K, 0% used [0x00000000d9300000,0x00000000d9300000,0x00000000fab00000)
  from space 35840K, 99% used [0x00000000fab00000,0x00000000fcdf0020,0x00000000fce00000)
  to   space 47104K, 0% used [0x00000000fd200000,0x00000000fd200000,0x0000000100000000)
 ParOldGen       total 129536K, used 76425K [0x000000008b800000, 0x0000000093680000, 0x00000000d9300000)
  object space 129536K, 58% used [0x000000008b800000,0x00000000902a2518,0x0000000093680000)
 Metaspace       used 70955K, capacity 73888K, committed 74240K, reserved 1114112K
  class space    used 8509K, capacity 9103K, committed 9216K, reserved 1048576K
}
Event: 1134,151 GC heap before
{Heap before GC invocations=27 (full 3):
 PSYoungGen      total 584704K, used 584640K [0x00000000d9300000, 0x0000000100000000, 0x0000000100000000)
  eden space 548864K, 100% used [0x00000000d9300000,0x00000000fab00000,0x00000000fab00000)
  from space 35840K, 99% used [0x00000000fab00000,0x00000000fcdf0020,0x00000000fce00000)
  to   space 47104K, 0% used [0x00000000fd200000,0x00000000fd200000,0x0000000100000000)
 ParOldGen       total 129536K, used 76425K [0x000000008b800000, 0x0000000093680000, 0x00000000d9300000)
  object space 129536K, 58% used [0x000000008b800000,0x00000000902a2518,0x0000000093680000)
 Metaspace       used 70995K, capacity 73952K, committed 74240K, reserved 1114112K
  class space    used 8509K, capacity 9103K, committed 9216K, reserved 1048576K
Event: 1134,479 GC heap after
Heap after GC invocations=27 (full 3):
 PSYoungGen      total 578560K, used 43552K [0x00000000d9300000, 0x0000000100000000, 0x0000000100000000)
  eden space 531456K, 0% used [0x00000000d9300000,0x00000000d9300000,0x00000000f9a00000)
  from space 47104K, 92% used [0x00000000fd200000,0x00000000ffc88070,0x0000000100000000)
  to   space 52224K, 0% used [0x00000000f9a00000,0x00000000f9a00000,0x00000000fcd00000)
 ParOldGen       total 129536K, used 76433K [0x000000008b800000, 0x0000000093680000, 0x00000000d9300000)
  object space 129536K, 59% used [0x000000008b800000,0x00000000902a4518,0x0000000093680000)
 Metaspace       used 70995K, capacity 73952K, committed 74240K, reserved 1114112K
  class space    used 8509K, capacity 9103K, committed 9216K, reserved 1048576K
}
Event: 1212,374 GC heap before
{Heap before GC invocations=28 (full 3):
 PSYoungGen      total 578560K, used 575008K [0x00000000d9300000, 0x0000000100000000, 0x0000000100000000)
  eden space 531456K, 100% used [0x00000000d9300000,0x00000000f9a00000,0x00000000f9a00000)
  from space 47104K, 92% used [0x00000000fd200000,0x00000000ffc88070,0x0000000100000000)
  to   space 52224K, 0% used [0x00000000f9a00000,0x00000000f9a00000,0x00000000fcd00000)
 ParOldGen       total 129536K, used 76433K [0x000000008b800000, 0x0000000093680000, 0x00000000d9300000)
  object space 129536K, 59% used [0x000000008b800000,0x00000000902a4518,0x0000000093680000)
 Metaspace       used 71017K, capacity 74016K, committed 74240K, reserved 1114112K
  class space    used 8509K, capacity 9103K, committed 9216K, reserved 1048576K
Event: 1212,993 GC heap after
Heap after GC invocations=28 (full 3):
 PSYoungGen      total 575488K, used 43680K [0x00000000d9300000, 0x0000000100000000, 0x0000000100000000)
  eden space 531456K, 0% used [0x00000000d9300000,0x00000000d9300000,0x00000000f9a00000)
  from space 44032K, 99% used [0x00000000f9a00000,0x00000000fc4a8060,0x00000000fc500000)
  to   space 56832K, 0% used [0x00000000fc880000,0x00000000fc880000,0x0000000100000000)
 ParOldGen       total 129536K, used 76441K [0x000000008b800000, 0x0000000093680000, 0x00000000d9300000)
  object space 129536K, 59% used [0x000000008b800000,0x00000000902a6518,0x0000000093680000)
 Metaspace       used 71017K, capacity 74016K, committed 74240K, reserved 1114112K
  class space    used 8509K, capacity 9103K, committed 9216K, reserved 1048576K
}
Event: 1242,903 GC heap before
{Heap before GC invocations=29 (full 3):
 PSYoungGen      total 575488K, used 575136K [0x00000000d9300000, 0x0000000100000000, 0x0000000100000000)
  eden space 531456K, 100% used [0x00000000d9300000,0x00000000f9a00000,0x00000000f9a00000)
  from space 44032K, 99% used [0x00000000f9a00000,0x00000000fc4a8060,0x00000000fc500000)
  to   space 56832K, 0% used [0x00000000fc880000,0x00000000fc880000,0x0000000100000000)
 ParOldGen       total 129536K, used 76441K [0x000000008b800000, 0x0000000093680000, 0x00000000d9300000)
  object space 129536K, 59% used [0x000000008b800000,0x00000000902a6518,0x0000000093680000)
 Metaspace       used 71240K, capacity 74250K, committed 74496K, reserved 1114112K
  class space    used 8516K, capacity 9110K, committed 9216K, reserved 1048576K
Event: 1243,119 GC heap after
Heap after GC invocations=29 (full 3):
 PSYoungGen      total 570880K, used 46496K [0x00000000d9300000, 0x0000000100000000, 0x0000000100000000)
  eden space 514048K, 0% used [0x00000000d9300000,0x00000000d9300000,0x00000000f8900000)
  from space 56832K, 81% used [0x00000000fc880000,0x00000000ff5e8020,0x0000000100000000)
  to   space 60928K, 0% used [0x00000000f8900000,0x00000000f8900000,0x00000000fc480000)
 ParOldGen       total 129536K, used 76449K [0x000000008b800000, 0x0000000093680000, 0x00000000d9300000)
  object space 129536K, 59% used [0x000000008b800000,0x00000000902a8518,0x0000000093680000)
 Metaspace       used 71240K, capacity 74250K, committed 74496K, reserved 1114112K
  class space    used 8516K, capacity 9110K, committed 9216K, reserved 1048576K
}
Event: 1251,566 GC heap before
{Heap before GC invocations=30 (full 3):
 PSYoungGen      total 570880K, used 560544K [0x00000000d9300000, 0x0000000100000000, 0x0000000100000000)
  eden space 514048K, 100% used [0x00000000d9300000,0x00000000f8900000,0x00000000f8900000)
  from space 56832K, 81% used [0x00000000fc880000,0x00000000ff5e8020,0x0000000100000000)
  to   space 60928K, 0% used [0x00000000f8900000,0x00000000f8900000,0x00000000fc480000)
 ParOldGen       total 129536K, used 76449K [0x000000008b800000, 0x0000000093680000, 0x00000000d9300000)
  object space 129536K, 59% used [0x000000008b800000,0x00000000902a8518,0x0000000093680000)
 Metaspace       used 71263K, capacity 74318K, committed 74496K, reserved 1114112K
  class space    used 8516K, capacity 9110K, committed 9216K, reserved 1048576K
Event: 1251,732 GC heap after
Heap after GC invocations=30 (full 3):
 PSYoungGen      total 567296K, used 53232K [0x00000000d9300000, 0x0000000100000000, 0x0000000100000000)
  eden space 514048K, 0% used [0x00000000d9300000,0x00000000d9300000,0x00000000f8900000)
  from space 53248K, 99% used [0x00000000f8900000,0x00000000fbcfc060,0x00000000fbd00000)
  to   space 67072K, 0% used [0x00000000fbe80000,0x00000000fbe80000,0x0000000100000000)
 ParOldGen       total 129536K, used 76449K [0x000000008b800000, 0x0000000093680000, 0x00000000d9300000)
  object space 129536K, 59% used [0x000000008b800000,0x00000000902a8518,0x0000000093680000)
 Metaspace       used 71263K, capacity 74318K, committed 74496K, reserved 1114112K
  class space    used 8516K, capacity 9110K, committed 9216K, reserved 1048576K
}
Event: 1627,650 GC heap before
{Heap before GC invocations=31 (full 3):
 PSYoungGen      total 567296K, used 567280K [0x00000000d9300000, 0x0000000100000000, 0x0000000100000000)
  eden space 514048K, 100% used [0x00000000d9300000,0x00000000f8900000,0x00000000f8900000)
  from space 53248K, 99% used [0x00000000f8900000,0x00000000fbcfc060,0x00000000fbd00000)
  to   space 67072K, 0% used [0x00000000fbe80000,0x00000000fbe80000,0x0000000100000000)
 ParOldGen       total 129536K, used 76449K [0x000000008b800000, 0x0000000093680000, 0x00000000d9300000)
  object space 129536K, 59% used [0x000000008b800000,0x00000000902a8518,0x0000000093680000)
 Metaspace       used 71294K, capacity 74318K, committed 74496K, reserved 1114112K
  class space    used 8516K, capacity 9110K, committed 9216K, reserved 1048576K
Event: 1627,958 GC heap after
Heap after GC invocations=31 (full 3):
 PSYoungGen      total 563712K, used 48192K [0x00000000d9300000, 0x0000000100000000, 0x0000000100000000)
  eden space 496640K, 0% used [0x00000000d9300000,0x00000000d9300000,0x00000000f7800000)
  from space 67072K, 71% used [0x00000000fbe80000,0x00000000fed90020,0x0000000100000000)
  to   space 69632K, 0% used [0x00000000f7800000,0x00000000f7800000,0x00000000fbc00000)
 ParOldGen       total 129536K, used 76457K [0x000000008b800000, 0x0000000093680000, 0x00000000d9300000)
  object space 129536K, 59% used [0x000000008b800000,0x00000000902aa518,0x0000000093680000)
 Metaspace       used 71294K, capacity 74318K, committed 74496K, reserved 1114112K
  class space    used 8516K, capacity 9110K, committed 9216K, reserved 1048576K
}
Event: 2382,255 GC heap before
{Heap before GC invocations=32 (full 3):
 PSYoungGen      total 563712K, used 544832K [0x00000000d9300000, 0x0000000100000000, 0x0000000100000000)
  eden space 496640K, 100% used [0x00000000d9300000,0x00000000f7800000,0x00000000f7800000)
  from space 67072K, 71% used [0x00000000fbe80000,0x00000000fed90020,0x0000000100000000)
  to   space 69632K, 0% used [0x00000000f7800000,0x00000000f7800000,0x00000000fbc00000)
 ParOldGen       total 129536K, used 76457K [0x000000008b800000, 0x0000000093680000, 0x00000000d9300000)
  object space 129536K, 59% used [0x000000008b800000,0x00000000902aa518,0x0000000093680000)
 Metaspace       used 73247K, capacity 76196K, committed 76544K, reserved 1116160K
  class space    used 8761K, capacity 9347K, committed 9472K, reserved 1048576K
Event: 2382,467 GC heap after
Heap after GC invocations=32 (full 3):
 PSYoungGen      total 525824K, used 50250K [0x00000000d9300000, 0x00000000ff100000, 0x0000000100000000)
  eden space 475136K, 0% used [0x00000000d9300000,0x00000000d9300000,0x00000000f6300000)
  from space 50688K, 99% used [0x00000000f7800000,0x00000000fa912860,0x00000000fa980000)
  to   space 72704K, 0% used [0x00000000faa00000,0x00000000faa00000,0x00000000ff100000)
 ParOldGen       total 129536K, used 76465K [0x000000008b800000, 0x0000000093680000, 0x00000000d9300000)
  object space 129536K, 59% used [0x000000008b800000,0x00000000902ac518,0x0000000093680000)
 Metaspace       used 73247K, capacity 76196K, committed 76544K, reserved 1116160K
  class space    used 8761K, capacity 9347K, committed 9472K, reserved 1048576K
}

