# JRE version: Java(TM) SE Runtime Environment (8.0_102-b14) (build 1.8.0_102-b14)
# Java VM: Java HotSpot(TM) 64-Bit Server VM (25.102-b14 mixed mode linux-amd64 compressed oops)
Heap:
 PSYoungGen      total 1065984K, used 158270K [0x0000000777f80000, 0x00000007c0000000, 0x00000007c0000000)
  eden space 976896K, 9% used [0x0000000777f80000,0x000000077ddeacd0,0x00000007b3980000)
  from space 89088K, 69% used [0x00000007b3980000,0x00000007b75a4e18,0x00000007b9080000)
  to   space 94208K, 0% used [0x00000007ba400000,0x00000007ba400000,0x00000007c0000000)
 ParOldGen       total 164864K, used 47319K [0x00000006e7e00000, 0x00000006f1f00000, 0x0000000777f80000)
  object space 164864K, 28% used [0x00000006e7e00000,0x00000006eac35c10,0x00000006f1f00000)
 Metaspace       used 53622K, capacity 55070K, committed 55384K, reserved 1097728K
  class space    used 6846K, capacity 7190K, committed 7296K, reserved 1048576K
GC Heap History (10 events):
Event: 19,836 GC heap before
{Heap before GC invocations=11 (full 0):
 PSYoungGen      total 734720K, used 157576K [0x0000000777f80000, 0x00000007ab600000, 0x00000007c0000000)
  eden space 647168K, 14% used [0x0000000777f80000,0x000000077d99e970,0x000000079f780000)
  from space 87552K, 74% used [0x00000007a5380000,0x00000007a9343928,0x00000007aa900000)
  to   space 94208K, 0% used [0x000000079f780000,0x000000079f780000,0x00000007a5380000)
 ParOldGen       total 148992K, used 105172K [0x00000006e7e00000, 0x00000006f0f80000, 0x0000000777f80000)
  object space 148992K, 70% used [0x00000006e7e00000,0x00000006ee4b5350,0x00000006f0f80000)
 Metaspace       used 20536K, capacity 21116K, committed 21248K, reserved 1069056K
  class space    used 2367K, capacity 2555K, committed 2560K, reserved 1048576K
Event: 19,872 GC heap after
Heap after GC invocations=11 (full 0):
 PSYoungGen      total 741376K, used 9486K [0x0000000777f80000, 0x00000007c0000000, 0x00000007c0000000)
  eden space 647168K, 0% used [0x0000000777f80000,0x0000000777f80000,0x000000079f780000)
  from space 94208K, 10% used [0x000000079f780000,0x00000007a00c3b18,0x00000007a5380000)
  to   space 93184K, 0% used [0x00000007ba500000,0x00000007ba500000,0x00000007c0000000)
 ParOldGen       total 148992K, used 111428K [0x00000006e7e00000, 0x00000006f0f80000, 0x0000000777f80000)
  object space 148992K, 74% used [0x00000006e7e00000,0x00000006eead1390,0x00000006f0f80000)
 Metaspace       used 20536K, capacity 21116K, committed 21248K, reserved 1069056K
  class space    used 2367K, capacity 2555K, committed 2560K, reserved 1048576K
}
Event: 19,872 GC heap before
{Heap before GC invocations=12 (full 1):
 PSYoungGen      total 741376K, used 9486K [0x0000000777f80000, 0x00000007c0000000, 0x00000007c0000000)
  eden space 647168K, 0% used [0x0000000777f80000,0x0000000777f80000,0x000000079f780000)
  from space 94208K, 10% used [0x000000079f780000,0x00000007a00c3b18,0x00000007a5380000)
  to   space 93184K, 0% used [0x00000007ba500000,0x00000007ba500000,0x00000007c0000000)
 ParOldGen       total 148992K, used 111428K [0x00000006e7e00000, 0x00000006f0f80000, 0x0000000777f80000)
  object space 148992K, 74% used [0x00000006e7e00000,0x00000006eead1390,0x00000006f0f80000)
 Metaspace       used 20536K, capacity 21116K, committed 21248K, reserved 1069056K
  class space    used 2367K, capacity 2555K, committed 2560K, reserved 1048576K
Event: 20,039 GC heap after
Heap after GC invocations=12 (full 1):
 PSYoungGen      total 741376K, used 0K [0x0000000777f80000, 0x00000007c0000000, 0x00000007c0000000)
  eden space 647168K, 0% used [0x0000000777f80000,0x0000000777f80000,0x000000079f780000)
  from space 94208K, 0% used [0x000000079f780000,0x000000079f780000,0x00000007a5380000)
  to   space 93184K, 0% used [0x00000007ba500000,0x00000007ba500000,0x00000007c0000000)
 ParOldGen       total 129536K, used 34904K [0x00000006e7e00000, 0x00000006efc80000, 0x0000000777f80000)
  object space 129536K, 26% used [0x00000006e7e00000,0x00000006ea016240,0x00000006efc80000)
 Metaspace       used 20536K, capacity 21116K, committed 21248K, reserved 1069056K
  class space    used 2367K, capacity 2555K, committed 2560K, reserved 1048576K
}
Event: 23,070 GC heap before
{Heap before GC invocations=13 (full 1):
 PSYoungGen      total 741376K, used 238102K [0x0000000777f80000, 0x00000007c0000000, 0x00000007c0000000)
  eden space 647168K, 36% used [0x0000000777f80000,0x0000000786805b88,0x000000079f780000)
  from space 94208K, 0% used [0x000000079f780000,0x000000079f780000,0x00000007a5380000)
  to   space 93184K, 0% used [0x00000007ba500000,0x00000007ba500000,0x00000007c0000000)
 ParOldGen       total 129536K, used 34904K [0x00000006e7e00000, 0x00000006efc80000, 0x0000000777f80000)
  object space 129536K, 26% used [0x00000006e7e00000,0x00000006ea016240,0x00000006efc80000)
 Metaspace       used 34624K, capacity 35254K, committed 35416K, reserved 1079296K
  class space    used 4561K, capacity 4714K, committed 4736K, reserved 1048576K
Event: 23,105 GC heap after
Heap after GC invocations=13 (full 1):
 PSYoungGen      total 1044992K, used 22225K [0x0000000777f80000, 0x00000007be780000, 0x00000007c0000000)
  eden space 976896K, 0% used [0x0000000777f80000,0x0000000777f80000,0x00000007b3980000)
  from space 68096K, 32% used [0x00000007ba500000,0x00000007bbab4488,0x00000007be780000)
  to   space 89088K, 0% used [0x00000007b3980000,0x00000007b3980000,0x00000007b9080000)
 ParOldGen       total 129536K, used 34912K [0x00000006e7e00000, 0x00000006efc80000, 0x0000000777f80000)
  object space 129536K, 26% used [0x00000006e7e00000,0x00000006ea018240,0x00000006efc80000)
 Metaspace       used 34624K, capacity 35254K, committed 35416K, reserved 1079296K
  class space    used 4561K, capacity 4714K, committed 4736K, reserved 1048576K
}
Event: 23,106 GC heap before
{Heap before GC invocations=14 (full 2):
 PSYoungGen      total 1044992K, used 22225K [0x0000000777f80000, 0x00000007be780000, 0x00000007c0000000)
  eden space 976896K, 0% used [0x0000000777f80000,0x0000000777f80000,0x00000007b3980000)
  from space 68096K, 32% used [0x00000007ba500000,0x00000007bbab4488,0x00000007be780000)
  to   space 89088K, 0% used [0x00000007b3980000,0x00000007b3980000,0x00000007b9080000)
 ParOldGen       total 129536K, used 34912K [0x00000006e7e00000, 0x00000006efc80000, 0x0000000777f80000)
  object space 129536K, 26% used [0x00000006e7e00000,0x00000006ea018240,0x00000006efc80000)
 Metaspace       used 34624K, capacity 35254K, committed 35416K, reserved 1079296K
  class space    used 4561K, capacity 4714K, committed 4736K, reserved 1048576K
Event: 23,254 GC heap after
Heap after GC invocations=14 (full 2):
 PSYoungGen      total 1044992K, used 0K [0x0000000777f80000, 0x00000007be780000, 0x00000007c0000000)
  eden space 976896K, 0% used [0x0000000777f80000,0x0000000777f80000,0x00000007b3980000)
  from space 68096K, 0% used [0x00000007ba500000,0x00000007ba500000,0x00000007be780000)
  to   space 89088K, 0% used [0x00000007b3980000,0x00000007b3980000,0x00000007b9080000)
 ParOldGen       total 164864K, used 47303K [0x00000006e7e00000, 0x00000006f1f00000, 0x0000000777f80000)
  object space 164864K, 28% used [0x00000006e7e00000,0x00000006eac31c10,0x00000006f1f00000)
 Metaspace       used 34616K, capacity 35242K, committed 35416K, reserved 1079296K
  class space    used 4560K, capacity 4712K, committed 4736K, reserved 1048576K
}
Event: 1695,266 GC heap before
{Heap before GC invocations=15 (full 2):
 PSYoungGen      total 1044992K, used 976896K [0x0000000777f80000, 0x00000007be780000, 0x00000007c0000000)
  eden space 976896K, 100% used [0x0000000777f80000,0x00000007b3980000,0x00000007b3980000)
  from space 68096K, 0% used [0x00000007ba500000,0x00000007ba500000,0x00000007be780000)
  to   space 89088K, 0% used [0x00000007b3980000,0x00000007b3980000,0x00000007b9080000)
 ParOldGen       total 164864K, used 47303K [0x00000006e7e00000, 0x00000006f1f00000, 0x0000000777f80000)
  object space 164864K, 28% used [0x00000006e7e00000,0x00000006eac31c10,0x00000006f1f00000)
 Metaspace       used 53183K, capacity 54458K, committed 54744K, reserved 1097728K
  class space    used 6805K, capacity 7120K, committed 7168K, reserved 1048576K
Event: 1695,419 GC heap after
Heap after GC invocations=15 (full 2):
 PSYoungGen      total 1065984K, used 61587K [0x0000000777f80000, 0x00000007c0000000, 0x00000007c0000000)
  eden space 976896K, 0% used [0x0000000777f80000,0x0000000777f80000,0x00000007b3980000)
  from space 89088K, 69% used [0x00000007b3980000,0x00000007b75a4e18,0x00000007b9080000)
  to   space 94208K, 0% used [0x00000007ba400000,0x00000007ba400000,0x00000007c0000000)
 ParOldGen       total 164864K, used 47319K [0x00000006e7e00000, 0x00000006f1f00000, 0x0000000777f80000)
  object space 164864K, 28% used [0x00000006e7e00000,0x00000006eac35c10,0x00000006f1f00000)
 Metaspace       used 53183K, capacity 54458K, committed 54744K, reserved 1097728K
  class space    used 6805K, capacity 7120K, committed 7168K, reserved 1048576K
}

