# JRE version: Java(TM) SE Runtime Environment (8.0_131-b11) (build 1.8.0_131-b11)
# Java VM: Java HotSpot(TM) 64-Bit Server VM (25.131-b11 mixed mode linux-amd64 compressed oops)
Heap:
 PSYoungGen      total 828416K, used 214698K [0x0000000719580000, 0x0000000757480000, 0x00000007c0000000)
  eden space 714752K, 14% used [0x0000000719580000,0x000000071f89f0b8,0x0000000744f80000)
  from space 113664K, 99% used [0x0000000746600000,0x000000074d48b8f0,0x000000074d500000)
  to   space 150016K, 0% used [0x000000074e200000,0x000000074e200000,0x0000000757480000)
 ParOldGen       total 471040K, used 114396K [0x00000005cc000000, 0x00000005e8c00000, 0x0000000719580000)
  object space 471040K, 24% used [0x00000005cc000000,0x00000005d2fb7098,0x00000005e8c00000)
 Metaspace       used 79204K, capacity 83414K, committed 83672K, reserved 1122304K
  class space    used 9861K, capacity 10646K, committed 10752K, reserved 1048576K
GC Heap History (10 events):
Event: 526,530 GC heap before
{Heap before GC invocations=24 (full 3):
 PSYoungGen      total 899072K, used 899054K [0x0000000719580000, 0x0000000755c00000, 0x00000007c0000000)
  eden space 841216K, 100% used [0x0000000719580000,0x000000074cb00000,0x000000074cb00000)
  from space 57856K, 99% used [0x0000000751200000,0x0000000754a7b8a0,0x0000000754a80000)
  to   space 72704K, 0% used [0x000000074cb00000,0x000000074cb00000,0x0000000751200000)
 ParOldGen       total 471040K, used 73113K [0x00000005cc000000, 0x00000005e8c00000, 0x0000000719580000)
  object space 471040K, 15% used [0x00000005cc000000,0x00000005d0766680,0x00000005e8c00000)
 Metaspace       used 78277K, capacity 82412K, committed 82520K, reserved 1122304K
  class space    used 9818K, capacity 10543K, committed 10624K, reserved 1048576K
Event: 526,660 GC heap after
Heap after GC invocations=24 (full 3):
 PSYoungGen      total 886272K, used 72691K [0x0000000719580000, 0x0000000756200000, 0x00000007c0000000)
  eden space 813568K, 0% used [0x0000000719580000,0x0000000719580000,0x000000074b000000)
  from space 72704K, 99% used [0x000000074cb00000,0x00000007511fcda0,0x0000000751200000)
  to   space 81920K, 0% used [0x0000000751200000,0x0000000751200000,0x0000000756200000)
 ParOldGen       total 471040K, used 93904K [0x00000005cc000000, 0x00000005e8c00000, 0x0000000719580000)
  object space 471040K, 19% used [0x00000005cc000000,0x00000005d1bb4068,0x00000005e8c00000)
 Metaspace       used 78277K, capacity 82412K, committed 82520K, reserved 1122304K
  class space    used 9818K, capacity 10543K, committed 10624K, reserved 1048576K
}
Event: 670,491 GC heap before
{Heap before GC invocations=25 (full 3):
 PSYoungGen      total 886272K, used 886259K [0x0000000719580000, 0x0000000756200000, 0x00000007c0000000)
  eden space 813568K, 100% used [0x0000000719580000,0x000000074b000000,0x000000074b000000)
  from space 72704K, 99% used [0x000000074cb00000,0x00000007511fcda0,0x0000000751200000)
  to   space 81920K, 0% used [0x0000000751200000,0x0000000751200000,0x0000000756200000)
 ParOldGen       total 471040K, used 93904K [0x00000005cc000000, 0x00000005e8c00000, 0x0000000719580000)
  object space 471040K, 19% used [0x00000005cc000000,0x00000005d1bb4068,0x00000005e8c00000)
 Metaspace       used 78543K, capacity 82712K, committed 82776K, reserved 1122304K
  class space    used 9831K, capacity 10561K, committed 10624K, reserved 1048576K
Event: 670,642 GC heap after
Heap after GC invocations=25 (full 3):
 PSYoungGen      total 868864K, used 81918K [0x0000000719580000, 0x0000000756b00000, 0x00000007c0000000)
  eden space 786944K, 0% used [0x0000000719580000,0x0000000719580000,0x0000000749600000)
  from space 81920K, 99% used [0x0000000751200000,0x00000007561ff950,0x0000000756200000)
  to   space 109056K, 0% used [0x0000000749600000,0x0000000749600000,0x0000000750080000)
 ParOldGen       total 471040K, used 114084K [0x00000005cc000000, 0x00000005e8c00000, 0x0000000719580000)
  object space 471040K, 24% used [0x00000005cc000000,0x00000005d2f69098,0x00000005e8c00000)
 Metaspace       used 78543K, capacity 82712K, committed 82776K, reserved 1122304K
  class space    used 9831K, capacity 10561K, committed 10624K, reserved 1048576K
}
Event: 876,520 GC heap before
{Heap before GC invocations=26 (full 3):
 PSYoungGen      total 868864K, used 868862K [0x0000000719580000, 0x0000000756b00000, 0x00000007c0000000)
  eden space 786944K, 100% used [0x0000000719580000,0x0000000749600000,0x0000000749600000)
  from space 81920K, 99% used [0x0000000751200000,0x00000007561ff950,0x0000000756200000)
  to   space 109056K, 0% used [0x0000000749600000,0x0000000749600000,0x0000000750080000)
 ParOldGen       total 471040K, used 114084K [0x00000005cc000000, 0x00000005e8c00000, 0x0000000719580000)
  object space 471040K, 24% used [0x00000005cc000000,0x00000005d2f69098,0x00000005e8c00000)
 Metaspace       used 78843K, capacity 83134K, committed 83416K, reserved 1122304K
  class space    used 9845K, capacity 10642K, committed 10752K, reserved 1048576K
Event: 876,619 GC heap after
Heap after GC invocations=26 (full 3):
 PSYoungGen      total 859136K, used 97054K [0x0000000719580000, 0x0000000756b80000, 0x00000007c0000000)
  eden space 761856K, 0% used [0x0000000719580000,0x0000000719580000,0x0000000747d80000)
  from space 97280K, 99% used [0x0000000749600000,0x000000074f4c7900,0x000000074f500000)
  to   space 121344K, 0% used [0x000000074f500000,0x000000074f500000,0x0000000756b80000)
 ParOldGen       total 471040K, used 114380K [0x00000005cc000000, 0x00000005e8c00000, 0x0000000719580000)
  object space 471040K, 24% used [0x00000005cc000000,0x00000005d2fb3098,0x00000005e8c00000)
 Metaspace       used 78843K, capacity 83134K, committed 83416K, reserved 1122304K
  class space    used 9845K, capacity 10642K, committed 10752K, reserved 1048576K
}
Event: 988,988 GC heap before
{Heap before GC invocations=27 (full 3):
 PSYoungGen      total 859136K, used 858910K [0x0000000719580000, 0x0000000756b80000, 0x00000007c0000000)
  eden space 761856K, 100% used [0x0000000719580000,0x0000000747d80000,0x0000000747d80000)
  from space 97280K, 99% used [0x0000000749600000,0x000000074f4c7900,0x000000074f500000)
  to   space 121344K, 0% used [0x000000074f500000,0x000000074f500000,0x0000000756b80000)
 ParOldGen       total 471040K, used 114380K [0x00000005cc000000, 0x00000005e8c00000, 0x0000000719580000)
  object space 471040K, 24% used [0x00000005cc000000,0x00000005d2fb3098,0x00000005e8c00000)
 Metaspace       used 78991K, capacity 83216K, committed 83416K, reserved 1122304K
  class space    used 9847K, capacity 10645K, committed 10752K, reserved 1048576K
Event: 989,095 GC heap after
Heap after GC invocations=27 (full 3):
 PSYoungGen      total 859136K, used 112638K [0x0000000719580000, 0x0000000757300000, 0x00000007c0000000)
  eden space 737792K, 0% used [0x0000000719580000,0x0000000719580000,0x0000000746600000)
  from space 121344K, 92% used [0x000000074f500000,0x00000007562ffbd0,0x0000000756b80000)
  to   space 137728K, 0% used [0x0000000746600000,0x0000000746600000,0x000000074ec80000)
 ParOldGen       total 471040K, used 114388K [0x00000005cc000000, 0x00000005e8c00000, 0x0000000719580000)
  object space 471040K, 24% used [0x00000005cc000000,0x00000005d2fb5098,0x00000005e8c00000)
 Metaspace       used 78991K, capacity 83216K, committed 83416K, reserved 1122304K
  class space    used 9847K, capacity 10645K, committed 10752K, reserved 1048576K
}
Event: 2445,425 GC heap before
{Heap before GC invocations=28 (full 3):
 PSYoungGen      total 859136K, used 850430K [0x0000000719580000, 0x0000000757300000, 0x00000007c0000000)
  eden space 737792K, 100% used [0x0000000719580000,0x0000000746600000,0x0000000746600000)
  from space 121344K, 92% used [0x000000074f500000,0x00000007562ffbd0,0x0000000756b80000)
  to   space 137728K, 0% used [0x0000000746600000,0x0000000746600000,0x000000074ec80000)
 ParOldGen       total 471040K, used 114388K [0x00000005cc000000, 0x00000005e8c00000, 0x0000000719580000)
  object space 471040K, 24% used [0x00000005cc000000,0x00000005d2fb5098,0x00000005e8c00000)
 Metaspace       used 79160K, capacity 83350K, committed 83672K, reserved 1122304K
  class space    used 9856K, capacity 10646K, committed 10752K, reserved 1048576K
Event: 2445,535 GC heap after
Heap after GC invocations=28 (full 3):
 PSYoungGen      total 828416K, used 113198K [0x0000000719580000, 0x0000000757480000, 0x00000007c0000000)
  eden space 714752K, 0% used [0x0000000719580000,0x0000000719580000,0x0000000744f80000)
  from space 113664K, 99% used [0x0000000746600000,0x000000074d48b8f0,0x000000074d500000)
  to   space 150016K, 0% used [0x000000074e200000,0x000000074e200000,0x0000000757480000)
 ParOldGen       total 471040K, used 114396K [0x00000005cc000000, 0x00000005e8c00000, 0x0000000719580000)
  object space 471040K, 24% used [0x00000005cc000000,0x00000005d2fb7098,0x00000005e8c00000)
 Metaspace       used 79160K, capacity 83350K, committed 83672K, reserved 1122304K
  class space    used 9856K, capacity 10646K, committed 10752K, reserved 1048576K
}

