# JRE version: Java(TM) SE Runtime Environment (8.0_102-b14) (build 1.8.0_102-b14)
# Java VM: Java HotSpot(TM) 64-Bit Server VM (25.102-b14 mixed mode linux-amd64 compressed oops)
Heap:
 PSYoungGen      total 1046528K, used 1020435K [0x000000076d400000, 0x00000007c0000000, 0x00000007c0000000)
  eden space 837632K, 96% used [0x000000076d400000,0x000000079eccd9b8,0x00000007a0600000)
  from space 208896K, 99% used [0x00000007a0600000,0x00000007ad1b7380,0x00000007ad200000)
  to   space 283136K, 0% used [0x00000007aeb80000,0x00000007aeb80000,0x00000007c0000000)
 ParOldGen       total 384512K, used 77890K [0x00000006c7c00000, 0x00000006df380000, 0x000000076d400000)
  object space 384512K, 20% used [0x00000006c7c00000,0x00000006cc810ac0,0x00000006df380000)
 Metaspace       used 141724K, capacity 143286K, committed 145644K, reserved 1173504K
  class space    used 19719K, capacity 20092K, committed 21632K, reserved 1048576K
GC Heap History (10 events):
Event: 486,875 GC heap before
{Heap before GC invocations=26 (full 4):
 PSYoungGen      total 1099776K, used 892495K [0x000000076d400000, 0x00000007c0000000, 0x00000007c0000000)
  eden space 843776K, 100% used [0x000000076d400000,0x00000007a0c00000,0x00000007a0c00000)
  from space 256000K, 19% used [0x00000007a0c00000,0x00000007a3b93eb0,0x00000007b0600000)
  to   space 250880K, 0% used [0x00000007b0b00000,0x00000007b0b00000,0x00000007c0000000)
 ParOldGen       total 376320K, used 106954K [0x00000006c7c00000, 0x00000006deb80000, 0x000000076d400000)
  object space 376320K, 28% used [0x00000006c7c00000,0x00000006ce472958,0x00000006deb80000)
 Metaspace       used 145506K, capacity 147200K, committed 147928K, reserved 1177600K
  class space    used 20080K, capacity 20437K, committed 20480K, reserved 1048576K
Event: 487,323 GC heap after
Heap after GC invocations=26 (full 4):
 PSYoungGen      total 1089536K, used 161635K [0x000000076d400000, 0x00000007c0000000, 0x00000007c0000000)
  eden space 838656K, 0% used [0x000000076d400000,0x000000076d400000,0x00000007a0700000)
  from space 250880K, 64% used [0x00000007b0b00000,0x00000007ba8d8ef8,0x00000007c0000000)
  to   space 258560K, 0% used [0x00000007a0700000,0x00000007a0700000,0x00000007b0380000)
 ParOldGen       total 376320K, used 112065K [0x00000006c7c00000, 0x00000006deb80000, 0x000000076d400000)
  object space 376320K, 29% used [0x00000006c7c00000,0x00000006ce9706b0,0x00000006deb80000)
 Metaspace       used 145506K, capacity 147200K, committed 147928K, reserved 1177600K
  class space    used 20080K, capacity 20437K, committed 20480K, reserved 1048576K
}
Event: 490,733 GC heap before
{Heap before GC invocations=27 (full 4):
 PSYoungGen      total 1089536K, used 1000284K [0x000000076d400000, 0x00000007c0000000, 0x00000007c0000000)
  eden space 838656K, 99% used [0x000000076d400000,0x00000007a06fe4a0,0x00000007a0700000)
  from space 250880K, 64% used [0x00000007b0b00000,0x00000007ba8d8ef8,0x00000007c0000000)
  to   space 258560K, 0% used [0x00000007a0700000,0x00000007a0700000,0x00000007b0380000)
 ParOldGen       total 376320K, used 114528K [0x00000006c7c00000, 0x00000006deb80000, 0x000000076d400000)
  object space 376320K, 30% used [0x00000006c7c00000,0x00000006cebd8078,0x00000006deb80000)
 Metaspace       used 145587K, capacity 147264K, committed 147928K, reserved 1177600K
  class space    used 20088K, capacity 20437K, committed 20480K, reserved 1048576K
Event: 491,124 GC heap after
Heap after GC invocations=27 (full 4):
 PSYoungGen      total 1097216K, used 144644K [0x000000076d400000, 0x00000007c0000000, 0x00000007c0000000)
  eden space 838656K, 0% used [0x000000076d400000,0x000000076d400000,0x00000007a0700000)
  from space 258560K, 55% used [0x00000007a0700000,0x00000007a9441050,0x00000007b0380000)
  to   space 257536K, 0% used [0x00000007b0480000,0x00000007b0480000,0x00000007c0000000)
 ParOldGen       total 376320K, used 123322K [0x00000006c7c00000, 0x00000006deb80000, 0x000000076d400000)
  object space 376320K, 32% used [0x00000006c7c00000,0x00000006cf46e970,0x00000006deb80000)
 Metaspace       used 145587K, capacity 147264K, committed 147928K, reserved 1177600K
  class space    used 20088K, capacity 20437K, committed 20480K, reserved 1048576K
}
Event: 502,444 GC heap before
{Heap before GC invocations=28 (full 4):
 PSYoungGen      total 1097216K, used 382683K [0x000000076d400000, 0x00000007c0000000, 0x00000007c0000000)
  eden space 838656K, 28% used [0x000000076d400000,0x000000077bc75eb0,0x00000007a0700000)
  from space 258560K, 55% used [0x00000007a0700000,0x00000007a9441050,0x00000007b0380000)
  to   space 257536K, 0% used [0x00000007b0480000,0x00000007b0480000,0x00000007c0000000)
 ParOldGen       total 376320K, used 123322K [0x00000006c7c00000, 0x00000006deb80000, 0x000000076d400000)
  object space 376320K, 32% used [0x00000006c7c00000,0x00000006cf46e970,0x00000006deb80000)
 Metaspace       used 153387K, capacity 155078K, committed 155628K, reserved 1183744K
  class space    used 21250K, capacity 21628K, committed 21632K, reserved 1048576K
Event: 502,494 GC heap after
Heap after GC invocations=28 (full 4):
 PSYoungGen      total 1095168K, used 15271K [0x000000076d400000, 0x00000007c0000000, 0x00000007c0000000)
  eden space 837632K, 0% used [0x000000076d400000,0x000000076d400000,0x00000007a0600000)
  from space 257536K, 5% used [0x00000007b0480000,0x00000007b1369db8,0x00000007c0000000)
  to   space 259072K, 0% used [0x00000007a0600000,0x00000007a0600000,0x00000007b0300000)
 ParOldGen       total 376320K, used 130045K [0x00000006c7c00000, 0x00000006deb80000, 0x000000076d400000)
  object space 376320K, 34% used [0x00000006c7c00000,0x00000006cfaff640,0x00000006deb80000)
 Metaspace       used 153387K, capacity 155078K, committed 155628K, reserved 1183744K
  class space    used 21250K, capacity 21628K, committed 21632K, reserved 1048576K
}
Event: 502,494 GC heap before
{Heap before GC invocations=29 (full 5):
 PSYoungGen      total 1095168K, used 15271K [0x000000076d400000, 0x00000007c0000000, 0x00000007c0000000)
  eden space 837632K, 0% used [0x000000076d400000,0x000000076d400000,0x00000007a0600000)
  from space 257536K, 5% used [0x00000007b0480000,0x00000007b1369db8,0x00000007c0000000)
  to   space 259072K, 0% used [0x00000007a0600000,0x00000007a0600000,0x00000007b0300000)
 ParOldGen       total 376320K, used 130045K [0x00000006c7c00000, 0x00000006deb80000, 0x000000076d400000)
  object space 376320K, 34% used [0x00000006c7c00000,0x00000006cfaff640,0x00000006deb80000)
 Metaspace       used 153387K, capacity 155078K, committed 155628K, reserved 1183744K
  class space    used 21250K, capacity 21628K, committed 21632K, reserved 1048576K
Event: 503,076 GC heap after
Heap after GC invocations=29 (full 5):
 PSYoungGen      total 1095168K, used 0K [0x000000076d400000, 0x00000007c0000000, 0x00000007c0000000)
  eden space 837632K, 0% used [0x000000076d400000,0x000000076d400000,0x00000007a0600000)
  from space 257536K, 0% used [0x00000007b0480000,0x00000007b0480000,0x00000007c0000000)
  to   space 259072K, 0% used [0x00000007a0600000,0x00000007a0600000,0x00000007b0300000)
 ParOldGen       total 384512K, used 77861K [0x00000006c7c00000, 0x00000006df380000, 0x000000076d400000)
  object space 384512K, 20% used [0x00000006c7c00000,0x00000006cc809480,0x00000006df380000)
 Metaspace       used 130775K, capacity 132326K, committed 145388K, reserved 1173504K
  class space    used 17996K, capacity 18358K, committed 21632K, reserved 1048576K
}
Event: 509,844 GC heap before
{Heap before GC invocations=30 (full 5):
 PSYoungGen      total 1095168K, used 837632K [0x000000076d400000, 0x00000007c0000000, 0x00000007c0000000)
  eden space 837632K, 100% used [0x000000076d400000,0x00000007a0600000,0x00000007a0600000)
  from space 257536K, 0% used [0x00000007b0480000,0x00000007b0480000,0x00000007c0000000)
  to   space 259072K, 0% used [0x00000007a0600000,0x00000007a0600000,0x00000007b0300000)
 ParOldGen       total 384512K, used 77890K [0x00000006c7c00000, 0x00000006df380000, 0x000000076d400000)
  object space 384512K, 20% used [0x00000006c7c00000,0x00000006cc810ac0,0x00000006df380000)
 Metaspace       used 130880K, capacity 132490K, committed 145388K, reserved 1173504K
  class space    used 18023K, capacity 18394K, committed 21632K, reserved 1048576K
Event: 510,402 GC heap after
Heap after GC invocations=30 (full 5):
 PSYoungGen      total 1046528K, used 208604K [0x000000076d400000, 0x00000007c0000000, 0x00000007c0000000)
  eden space 837632K, 0% used [0x000000076d400000,0x000000076d400000,0x00000007a0600000)
  from space 208896K, 99% used [0x00000007a0600000,0x00000007ad1b7380,0x00000007ad200000)
  to   space 283136K, 0% used [0x00000007aeb80000,0x00000007aeb80000,0x00000007c0000000)
 ParOldGen       total 384512K, used 77890K [0x00000006c7c00000, 0x00000006df380000, 0x000000076d400000)
  object space 384512K, 20% used [0x00000006c7c00000,0x00000006cc810ac0,0x00000006df380000)
 Metaspace       used 130880K, capacity 132490K, committed 145388K, reserved 1173504K
  class space    used 18023K, capacity 18394K, committed 21632K, reserved 1048576K
}

