# JRE version: Java(TM) SE Runtime Environment (8.0_102-b14) (build 1.8.0_102-b14)
# Java VM: Java HotSpot(TM) 64-Bit Server VM (25.102-b14 mixed mode linux-amd64 compressed oops)
Heap:
 PSYoungGen      total 1079296K, used 333964K [0x000000076d400000, 0x00000007c0000000, 0x00000007c0000000)
  eden space 836608K, 19% used [0x000000076d400000,0x0000000777638110,0x00000007a0500000)
  from space 242688K, 69% used [0x00000007a0500000,0x00000007aa8eb130,0x00000007af200000)
  to   space 248832K, 0% used [0x00000007b0d00000,0x00000007b0d00000,0x00000007c0000000)
 ParOldGen       total 409600K, used 210271K [0x00000006c7c00000, 0x00000006e0c00000, 0x000000076d400000)
  object space 409600K, 51% used [0x00000006c7c00000,0x00000006d4957de0,0x00000006e0c00000)
 Metaspace       used 372404K, capacity 377044K, committed 378444K, reserved 1374208K
  class space    used 52508K, capacity 53292K, committed 53376K, reserved 1048576K
GC Heap History (10 events):
Event: 2768,423 GC heap before
{Heap before GC invocations=55 (full 6):
 PSYoungGen      total 1110528K, used 983741K [0x000000076d400000, 0x00000007c0000000, 0x00000007c0000000)
  eden space 855040K, 100% used [0x000000076d400000,0x00000007a1700000,0x00000007a1700000)
  from space 255488K, 50% used [0x00000007b0680000,0x00000007b842f558,0x00000007c0000000)
  to   space 245248K, 0% used [0x00000007a1700000,0x00000007a1700000,0x00000007b0680000)
 ParOldGen       total 409600K, used 176491K [0x00000006c7c00000, 0x00000006e0c00000, 0x000000076d400000)
  object space 409600K, 43% used [0x00000006c7c00000,0x00000006d285ac68,0x00000006e0c00000)
 Metaspace       used 349604K, capacity 354132K, committed 355404K, reserved 1355776K
  class space    used 49256K, capacity 50006K, committed 50048K, reserved 1048576K
Event: 2768,580 GC heap after
Heap after GC invocations=55 (full 6):
 PSYoungGen      total 911872K, used 56522K [0x000000076d400000, 0x00000007bf300000, 0x00000007c0000000)
  eden space 855040K, 0% used [0x000000076d400000,0x000000076d400000,0x00000007a1700000)
  from space 56832K, 99% used [0x00000007a1700000,0x00000007a4e32908,0x00000007a4e80000)
  to   space 243712K, 0% used [0x00000007b0500000,0x00000007b0500000,0x00000007bf300000)
 ParOldGen       total 409600K, used 182570K [0x00000006c7c00000, 0x00000006e0c00000, 0x000000076d400000)
  object space 409600K, 44% used [0x00000006c7c00000,0x00000006d2e4a900,0x00000006e0c00000)
 Metaspace       used 349604K, capacity 354132K, committed 355404K, reserved 1355776K
  class space    used 49256K, capacity 50006K, committed 50048K, reserved 1048576K
}
Event: 2776,973 GC heap before
{Heap before GC invocations=56 (full 6):
 PSYoungGen      total 911872K, used 911562K [0x000000076d400000, 0x00000007bf300000, 0x00000007c0000000)
  eden space 855040K, 100% used [0x000000076d400000,0x00000007a1700000,0x00000007a1700000)
  from space 56832K, 99% used [0x00000007a1700000,0x00000007a4e32908,0x00000007a4e80000)
  to   space 243712K, 0% used [0x00000007b0500000,0x00000007b0500000,0x00000007bf300000)
 ParOldGen       total 409600K, used 182583K [0x00000006c7c00000, 0x00000006e0c00000, 0x000000076d400000)
  object space 409600K, 44% used [0x00000006c7c00000,0x00000006d2e4dfa8,0x00000006e0c00000)
 Metaspace       used 349604K, capacity 354132K, committed 355404K, reserved 1355776K
  class space    used 49256K, capacity 50006K, committed 50048K, reserved 1048576K
Event: 2777,304 GC heap after
Heap after GC invocations=56 (full 6):
 PSYoungGen      total 1074176K, used 200342K [0x000000076d400000, 0x00000007c0000000, 0x00000007c0000000)
  eden space 830464K, 0% used [0x000000076d400000,0x000000076d400000,0x000000079ff00000)
  from space 243712K, 82% used [0x00000007b0500000,0x00000007bc8a5b50,0x00000007bf300000)
  to   space 262656K, 0% used [0x000000079ff00000,0x000000079ff00000,0x00000007aff80000)
 ParOldGen       total 409600K, used 188550K [0x00000006c7c00000, 0x00000006e0c00000, 0x000000076d400000)
  object space 409600K, 46% used [0x00000006c7c00000,0x00000006d3421970,0x00000006e0c00000)
 Metaspace       used 349604K, capacity 354132K, committed 355404K, reserved 1355776K
  class space    used 49256K, capacity 50006K, committed 50048K, reserved 1048576K
}
Event: 2783,892 GC heap before
{Heap before GC invocations=57 (full 6):
 PSYoungGen      total 1074176K, used 1030806K [0x000000076d400000, 0x00000007c0000000, 0x00000007c0000000)
  eden space 830464K, 100% used [0x000000076d400000,0x000000079ff00000,0x000000079ff00000)
  from space 243712K, 82% used [0x00000007b0500000,0x00000007bc8a5b50,0x00000007bf300000)
  to   space 262656K, 0% used [0x000000079ff00000,0x000000079ff00000,0x00000007aff80000)
 ParOldGen       total 409600K, used 188556K [0x00000006c7c00000, 0x00000006e0c00000, 0x000000076d400000)
  object space 409600K, 46% used [0x00000006c7c00000,0x00000006d34232d8,0x00000006e0c00000)
 Metaspace       used 366301K, capacity 370882K, committed 372300K, reserved 1370112K
  class space    used 51749K, capacity 52533K, committed 52608K, reserved 1048576K
Event: 2784,033 GC heap after
Heap after GC invocations=57 (full 6):
 PSYoungGen      total 1093120K, used 76973K [0x000000076d400000, 0x00000007c0000000, 0x00000007c0000000)
  eden space 830464K, 0% used [0x000000076d400000,0x000000076d400000,0x000000079ff00000)
  from space 262656K, 29% used [0x000000079ff00000,0x00000007a4a2b600,0x00000007aff80000)
  to   space 256512K, 0% used [0x00000007b0580000,0x00000007b0580000,0x00000007c0000000)
 ParOldGen       total 409600K, used 197383K [0x00000006c7c00000, 0x00000006e0c00000, 0x000000076d400000)
  object space 409600K, 48% used [0x00000006c7c00000,0x00000006d3cc1c08,0x00000006e0c00000)
 Metaspace       used 366301K, capacity 370882K, committed 372300K, reserved 1370112K
  class space    used 51749K, capacity 52533K, committed 52608K, reserved 1048576K
}
Event: 2885,895 GC heap before
{Heap before GC invocations=58 (full 6):
 PSYoungGen      total 1093120K, used 907437K [0x000000076d400000, 0x00000007c0000000, 0x00000007c0000000)
  eden space 830464K, 100% used [0x000000076d400000,0x000000079ff00000,0x000000079ff00000)
  from space 262656K, 29% used [0x000000079ff00000,0x00000007a4a2b600,0x00000007aff80000)
  to   space 256512K, 0% used [0x00000007b0580000,0x00000007b0580000,0x00000007c0000000)
 ParOldGen       total 409600K, used 197402K [0x00000006c7c00000, 0x00000006e0c00000, 0x000000076d400000)
  object space 409600K, 48% used [0x00000006c7c00000,0x00000006d3cc68e8,0x00000006e0c00000)
 Metaspace       used 371975K, capacity 376650K, committed 378188K, reserved 1374208K
  class space    used 52465K, capacity 53253K, committed 53376K, reserved 1048576K
Event: 2886,168 GC heap after
Heap after GC invocations=58 (full 6):
 PSYoungGen      total 1059328K, used 116622K [0x000000076d400000, 0x00000007bdf00000, 0x00000007c0000000)
  eden space 836608K, 0% used [0x000000076d400000,0x000000076d400000,0x00000007a0500000)
  from space 222720K, 52% used [0x00000007b0580000,0x00000007b77638a8,0x00000007bdf00000)
  to   space 242688K, 0% used [0x00000007a0500000,0x00000007a0500000,0x00000007af200000)
 ParOldGen       total 409600K, used 203421K [0x00000006c7c00000, 0x00000006e0c00000, 0x000000076d400000)
  object space 409600K, 49% used [0x00000006c7c00000,0x00000006d42a74a8,0x00000006e0c00000)
 Metaspace       used 371975K, capacity 376650K, committed 378188K, reserved 1374208K
  class space    used 52465K, capacity 53253K, committed 53376K, reserved 1048576K
}
Event: 2892,491 GC heap before
{Heap before GC invocations=59 (full 6):
 PSYoungGen      total 1059328K, used 953230K [0x000000076d400000, 0x00000007bdf00000, 0x00000007c0000000)
  eden space 836608K, 100% used [0x000000076d400000,0x00000007a0500000,0x00000007a0500000)
  from space 222720K, 52% used [0x00000007b0580000,0x00000007b77638a8,0x00000007bdf00000)
  to   space 242688K, 0% used [0x00000007a0500000,0x00000007a0500000,0x00000007af200000)
 ParOldGen       total 409600K, used 203434K [0x00000006c7c00000, 0x00000006e0c00000, 0x000000076d400000)
  object space 409600K, 49% used [0x00000006c7c00000,0x00000006d42aab00,0x00000006e0c00000)
 Metaspace       used 371975K, capacity 376650K, committed 378188K, reserved 1374208K
  class space    used 52465K, capacity 53253K, committed 53376K, reserved 1048576K
Event: 2892,833 GC heap after
Heap after GC invocations=59 (full 6):
 PSYoungGen      total 1079296K, used 167852K [0x000000076d400000, 0x00000007c0000000, 0x00000007c0000000)
  eden space 836608K, 0% used [0x000000076d400000,0x000000076d400000,0x00000007a0500000)
  from space 242688K, 69% used [0x00000007a0500000,0x00000007aa8eb130,0x00000007af200000)
  to   space 248832K, 0% used [0x00000007b0d00000,0x00000007b0d00000,0x00000007c0000000)
 ParOldGen       total 409600K, used 210271K [0x00000006c7c00000, 0x00000006e0c00000, 0x000000076d400000)
  object space 409600K, 51% used [0x00000006c7c00000,0x00000006d4957de0,0x00000006e0c00000)
 Metaspace       used 371975K, capacity 376650K, committed 378188K, reserved 1374208K
  class space    used 52465K, capacity 53253K, committed 53376K, reserved 1048576K
}

