# JRE version: Java(TM) SE Runtime Environment (8.0_102-b14) (build 1.8.0_102-b14)
# Java VM: Java HotSpot(TM) 64-Bit Server VM (25.102-b14 mixed mode linux-amd64 compressed oops)
Heap:
 PSYoungGen      total 960512K, used 254216K [0x0000000777f80000, 0x00000007c0000000, 0x00000007c0000000)
  eden space 754176K, 16% used [0x0000000777f80000,0x000000077f74f0c0,0x00000007a6000000)
  from space 206336K, 63% used [0x00000007b3680000,0x00000007bb6f3280,0x00000007c0000000)
  to   space 212992K, 0% used [0x00000007a6000000,0x00000007a6000000,0x00000007b3000000)
 ParOldGen       total 258560K, used 114227K [0x00000006e7e00000, 0x00000006f7a80000, 0x0000000777f80000)
  object space 258560K, 44% used [0x00000006e7e00000,0x00000006eed8cf68,0x00000006f7a80000)
 Metaspace       used 102567K, capacity 104840K, committed 105304K, reserved 1140736K
  class space    used 13939K, capacity 14357K, committed 14464K, reserved 1048576K
GC Heap History (10 events):
Event: 313,631 GC heap before
{Heap before GC invocations=20 (full 3):
 PSYoungGen      total 992768K, used 942648K [0x0000000777f80000, 0x00000007c0000000, 0x00000007c0000000)
  eden space 826880K, 100% used [0x0000000777f80000,0x00000007aa700000,0x00000007aa700000)
  from space 165888K, 69% used [0x00000007b5e00000,0x00000007bcf0e120,0x00000007c0000000)
  to   space 176640K, 0% used [0x00000007aa700000,0x00000007aa700000,0x00000007b5380000)
 ParOldGen       total 337920K, used 187915K [0x00000006e7e00000, 0x00000006fc800000, 0x0000000777f80000)
  object space 337920K, 55% used [0x00000006e7e00000,0x00000006f3582e38,0x00000006fc800000)
 Metaspace       used 75017K, capacity 77116K, committed 77400K, reserved 1116160K
  class space    used 9919K, capacity 10303K, committed 10368K, reserved 1048576K
Event: 313,968 GC heap after
Heap after GC invocations=20 (full 3):
 PSYoungGen      total 991744K, used 164381K [0x0000000777f80000, 0x00000007c0000000, 0x00000007c0000000)
  eden space 826880K, 0% used [0x0000000777f80000,0x0000000777f80000,0x00000007aa700000)
  from space 164864K, 99% used [0x00000007aa700000,0x00000007b47875f8,0x00000007b4800000)
  to   space 188416K, 0% used [0x00000007b4800000,0x00000007b4800000,0x00000007c0000000)
 ParOldGen       total 337920K, used 194863K [0x00000006e7e00000, 0x00000006fc800000, 0x0000000777f80000)
  object space 337920K, 57% used [0x00000006e7e00000,0x00000006f3c4bcd8,0x00000006fc800000)
 Metaspace       used 75017K, capacity 77116K, committed 77400K, reserved 1116160K
  class space    used 9919K, capacity 10303K, committed 10368K, reserved 1048576K
}
Event: 321,276 GC heap before
{Heap before GC invocations=21 (full 3):
 PSYoungGen      total 991744K, used 975874K [0x0000000777f80000, 0x00000007c0000000, 0x00000007c0000000)
  eden space 826880K, 98% used [0x0000000777f80000,0x00000007a97f95d8,0x00000007aa700000)
  from space 164864K, 99% used [0x00000007aa700000,0x00000007b47875f8,0x00000007b4800000)
  to   space 188416K, 0% used [0x00000007b4800000,0x00000007b4800000,0x00000007c0000000)
 ParOldGen       total 337920K, used 194863K [0x00000006e7e00000, 0x00000006fc800000, 0x0000000777f80000)
  object space 337920K, 57% used [0x00000006e7e00000,0x00000006f3c4bcd8,0x00000006fc800000)
 Metaspace       used 92314K, capacity 94422K, committed 94656K, reserved 1130496K
  class space    used 12479K, capacity 12890K, committed 12928K, reserved 1048576K
Event: 321,376 GC heap after
Heap after GC invocations=21 (full 3):
 PSYoungGen      total 984576K, used 59186K [0x0000000777f80000, 0x00000007c0000000, 0x00000007c0000000)
  eden space 796160K, 0% used [0x0000000777f80000,0x0000000777f80000,0x00000007a8900000)
  from space 188416K, 31% used [0x00000007b4800000,0x00000007b81cc9d0,0x00000007c0000000)
  to   space 192000K, 0% used [0x00000007a8900000,0x00000007a8900000,0x00000007b4480000)
 ParOldGen       total 337920K, used 202111K [0x00000006e7e00000, 0x00000006fc800000, 0x0000000777f80000)
  object space 337920K, 59% used [0x00000006e7e00000,0x00000006f435fd28,0x00000006fc800000)
 Metaspace       used 92314K, capacity 94422K, committed 94656K, reserved 1130496K
  class space    used 12479K, capacity 12890K, committed 12928K, reserved 1048576K
}
Event: 321,376 GC heap before
{Heap before GC invocations=22 (full 4):
 PSYoungGen      total 984576K, used 59186K [0x0000000777f80000, 0x00000007c0000000, 0x00000007c0000000)
  eden space 796160K, 0% used [0x0000000777f80000,0x0000000777f80000,0x00000007a8900000)
  from space 188416K, 31% used [0x00000007b4800000,0x00000007b81cc9d0,0x00000007c0000000)
  to   space 192000K, 0% used [0x00000007a8900000,0x00000007a8900000,0x00000007b4480000)
 ParOldGen       total 337920K, used 202111K [0x00000006e7e00000, 0x00000006fc800000, 0x0000000777f80000)
  object space 337920K, 59% used [0x00000006e7e00000,0x00000006f435fd28,0x00000006fc800000)
 Metaspace       used 92314K, capacity 94422K, committed 94656K, reserved 1130496K
  class space    used 12479K, capacity 12890K, committed 12928K, reserved 1048576K
Event: 321,766 GC heap after
Heap after GC invocations=22 (full 4):
 PSYoungGen      total 984576K, used 0K [0x0000000777f80000, 0x00000007c0000000, 0x00000007c0000000)
  eden space 796160K, 0% used [0x0000000777f80000,0x0000000777f80000,0x00000007a8900000)
  from space 188416K, 0% used [0x00000007b4800000,0x00000007b4800000,0x00000007c0000000)
  to   space 192000K, 0% used [0x00000007a8900000,0x00000007a8900000,0x00000007b4480000)
 ParOldGen       total 258560K, used 105332K [0x00000006e7e00000, 0x00000006f7a80000, 0x0000000777f80000)
  object space 258560K, 40% used [0x00000006e7e00000,0x00000006ee4dd360,0x00000006f7a80000)
 Metaspace       used 92307K, capacity 94410K, committed 94656K, reserved 1130496K
  class space    used 12478K, capacity 12888K, committed 12928K, reserved 1048576K
}
Event: 497,068 GC heap before
{Heap before GC invocations=23 (full 4):
 PSYoungGen      total 984576K, used 796160K [0x0000000777f80000, 0x00000007c0000000, 0x00000007c0000000)
  eden space 796160K, 100% used [0x0000000777f80000,0x00000007a8900000,0x00000007a8900000)
  from space 188416K, 0% used [0x00000007b4800000,0x00000007b4800000,0x00000007c0000000)
  to   space 192000K, 0% used [0x00000007a8900000,0x00000007a8900000,0x00000007b4480000)
 ParOldGen       total 258560K, used 105497K [0x00000006e7e00000, 0x00000006f7a80000, 0x0000000777f80000)
  object space 258560K, 40% used [0x00000006e7e00000,0x00000006ee5064c0,0x00000006f7a80000)
 Metaspace       used 97644K, capacity 99920K, committed 100312K, reserved 1136640K
  class space    used 13138K, capacity 13553K, committed 13568K, reserved 1048576K
Event: 497,402 GC heap after
Heap after GC invocations=23 (full 4):
 PSYoungGen      total 940032K, used 143524K [0x0000000777f80000, 0x00000007c0000000, 0x00000007c0000000)
  eden space 796160K, 0% used [0x0000000777f80000,0x0000000777f80000,0x00000007a8900000)
  from space 143872K, 99% used [0x00000007a8900000,0x00000007b1529050,0x00000007b1580000)
  to   space 206336K, 0% used [0x00000007b3680000,0x00000007b3680000,0x00000007c0000000)
 ParOldGen       total 258560K, used 105505K [0x00000006e7e00000, 0x00000006f7a80000, 0x0000000777f80000)
  object space 258560K, 40% used [0x00000006e7e00000,0x00000006ee5084c0,0x00000006f7a80000)
 Metaspace       used 97644K, capacity 99920K, committed 100312K, reserved 1136640K
  class space    used 13138K, capacity 13553K, committed 13568K, reserved 1048576K
}
Event: 502,645 GC heap before
{Heap before GC invocations=24 (full 4):
 PSYoungGen      total 940032K, used 939684K [0x0000000777f80000, 0x00000007c0000000, 0x00000007c0000000)
  eden space 796160K, 100% used [0x0000000777f80000,0x00000007a8900000,0x00000007a8900000)
  from space 143872K, 99% used [0x00000007a8900000,0x00000007b1529050,0x00000007b1580000)
  to   space 206336K, 0% used [0x00000007b3680000,0x00000007b3680000,0x00000007c0000000)
 ParOldGen       total 258560K, used 105512K [0x00000006e7e00000, 0x00000006f7a80000, 0x0000000777f80000)
  object space 258560K, 40% used [0x00000006e7e00000,0x00000006ee50a058,0x00000006f7a80000)
 Metaspace       used 97644K, capacity 99920K, committed 100312K, reserved 1136640K
  class space    used 13138K, capacity 13553K, committed 13568K, reserved 1048576K
Event: 502,984 GC heap after
Heap after GC invocations=24 (full 4):
 PSYoungGen      total 960512K, used 131532K [0x0000000777f80000, 0x00000007c0000000, 0x00000007c0000000)
  eden space 754176K, 0% used [0x0000000777f80000,0x0000000777f80000,0x00000007a6000000)
  from space 206336K, 63% used [0x00000007b3680000,0x00000007bb6f3280,0x00000007c0000000)
  to   space 212992K, 0% used [0x00000007a6000000,0x00000007a6000000,0x00000007b3000000)
 ParOldGen       total 258560K, used 114227K [0x00000006e7e00000, 0x00000006f7a80000, 0x0000000777f80000)
  object space 258560K, 44% used [0x00000006e7e00000,0x00000006eed8cf68,0x00000006f7a80000)
 Metaspace       used 97644K, capacity 99920K, committed 100312K, reserved 1136640K
  class space    used 13138K, capacity 13553K, committed 13568K, reserved 1048576K
}

