# JRE version: Java(TM) SE Runtime Environment (8.0_102-b14) (build 1.8.0_102-b14)
# Java VM: Java HotSpot(TM) 64-Bit Server VM (25.102-b14 mixed mode linux-amd64 compressed oops)
Heap:
 PSYoungGen      total 850432K, used 233309K [0x000000076d400000, 0x00000007a7a00000, 0x00000007c0000000)
  eden space 745984K, 31% used [0x000000076d400000,0x000000077b7d7578,0x000000079ac80000)
  from space 104448K, 0% used [0x00000007a1300000,0x00000007a1300000,0x00000007a7900000)
  to   space 104960K, 0% used [0x000000079ac80000,0x000000079ac80000,0x00000007a1300000)
 ParOldGen       total 193536K, used 78121K [0x00000006c7c00000, 0x00000006d3900000, 0x000000076d400000)
  object space 193536K, 40% used [0x00000006c7c00000,0x00000006cc84a580,0x00000006d3900000)
 Metaspace       used 32612K, capacity 33268K, committed 33664K, reserved 1079296K
  class space    used 4200K, capacity 4369K, committed 4480K, reserved 1048576K
GC Heap History (10 events):
Event: 37,895 GC heap before
{Heap before GC invocations=7 (full 0):
 PSYoungGen      total 259584K, used 259553K [0x000000076d400000, 0x0000000781500000, 0x00000007c0000000)
  eden space 241152K, 100% used [0x000000076d400000,0x000000077bf80000,0x000000077bf80000)
  from space 18432K, 99% used [0x000000077e200000,0x000000077f3f8548,0x000000077f400000)
  to   space 35328K, 0% used [0x000000077bf80000,0x000000077bf80000,0x000000077e200000)
 ParOldGen       total 171008K, used 35362K [0x00000006c7c00000, 0x00000006d2300000, 0x000000076d400000)
  object space 171008K, 20% used [0x00000006c7c00000,0x00000006c9e88b88,0x00000006d2300000)
 Metaspace       used 20280K, capacity 20848K, committed 21248K, reserved 1069056K
  class space    used 2329K, capacity 2491K, committed 2560K, reserved 1048576K
Event: 38,213 GC heap after
Heap after GC invocations=7 (full 0):
 PSYoungGen      total 276480K, used 35309K [0x000000076d400000, 0x0000000792100000, 0x00000007c0000000)
  eden space 241152K, 0% used [0x000000076d400000,0x000000076d400000,0x000000077bf80000)
  from space 35328K, 99% used [0x000000077bf80000,0x000000077e1fb7d0,0x000000077e200000)
  to   space 60416K, 0% used [0x000000078e600000,0x000000078e600000,0x0000000792100000)
 ParOldGen       total 171008K, used 71820K [0x00000006c7c00000, 0x00000006d2300000, 0x000000076d400000)
  object space 171008K, 41% used [0x00000006c7c00000,0x00000006cc2233d8,0x00000006d2300000)
 Metaspace       used 20280K, capacity 20848K, committed 21248K, reserved 1069056K
  class space    used 2329K, capacity 2491K, committed 2560K, reserved 1048576K
}
Event: 45,376 GC heap before
{Heap before GC invocations=8 (full 0):
 PSYoungGen      total 276480K, used 276461K [0x000000076d400000, 0x0000000792100000, 0x00000007c0000000)
  eden space 241152K, 100% used [0x000000076d400000,0x000000077bf80000,0x000000077bf80000)
  from space 35328K, 99% used [0x000000077bf80000,0x000000077e1fb7d0,0x000000077e200000)
  to   space 60416K, 0% used [0x000000078e600000,0x000000078e600000,0x0000000792100000)
 ParOldGen       total 171008K, used 71954K [0x00000006c7c00000, 0x00000006d2300000, 0x000000076d400000)
  object space 171008K, 42% used [0x00000006c7c00000,0x00000006cc244a70,0x00000006d2300000)
 Metaspace       used 20290K, capacity 20912K, committed 21248K, reserved 1069056K
  class space    used 2329K, capacity 2491K, committed 2560K, reserved 1048576K
Event: 45,605 GC heap after
Heap after GC invocations=8 (full 0):
 PSYoungGen      total 526848K, used 60397K [0x000000076d400000, 0x0000000794000000, 0x00000007c0000000)
  eden space 466432K, 0% used [0x000000076d400000,0x000000076d400000,0x0000000789b80000)
  from space 60416K, 99% used [0x000000078e600000,0x00000007920fb640,0x0000000792100000)
  to   space 76288K, 0% used [0x0000000789b80000,0x0000000789b80000,0x000000078e600000)
 ParOldGen       total 171008K, used 82722K [0x00000006c7c00000, 0x00000006d2300000, 0x000000076d400000)
  object space 171008K, 48% used [0x00000006c7c00000,0x00000006cccc88b8,0x00000006d2300000)
 Metaspace       used 20290K, capacity 20912K, committed 21248K, reserved 1069056K
  class space    used 2329K, capacity 2491K, committed 2560K, reserved 1048576K
}
Event: 54,560 GC heap before
{Heap before GC invocations=9 (full 0):
 PSYoungGen      total 526848K, used 526829K [0x000000076d400000, 0x0000000794000000, 0x00000007c0000000)
  eden space 466432K, 100% used [0x000000076d400000,0x0000000789b80000,0x0000000789b80000)
  from space 60416K, 99% used [0x000000078e600000,0x00000007920fb640,0x0000000792100000)
  to   space 76288K, 0% used [0x0000000789b80000,0x0000000789b80000,0x000000078e600000)
 ParOldGen       total 171008K, used 82738K [0x00000006c7c00000, 0x00000006d2300000, 0x000000076d400000)
  object space 171008K, 48% used [0x00000006c7c00000,0x00000006ccccc930,0x00000006d2300000)
 Metaspace       used 20323K, capacity 20912K, committed 21248K, reserved 1069056K
  class space    used 2329K, capacity 2491K, committed 2560K, reserved 1048576K
Event: 55,060 GC heap after
Heap after GC invocations=9 (full 0):
 PSYoungGen      total 542720K, used 76273K [0x000000076d400000, 0x00000007a7900000, 0x00000007c0000000)
  eden space 466432K, 0% used [0x000000076d400000,0x000000076d400000,0x0000000789b80000)
  from space 76288K, 99% used [0x0000000789b80000,0x000000078e5fc740,0x000000078e600000)
  to   space 104448K, 0% used [0x00000007a1300000,0x00000007a1300000,0x00000007a7900000)
 ParOldGen       total 171008K, used 117741K [0x00000006c7c00000, 0x00000006d2300000, 0x000000076d400000)
  object space 171008K, 68% used [0x00000006c7c00000,0x00000006ceefb4d0,0x00000006d2300000)
 Metaspace       used 20323K, capacity 20912K, committed 21248K, reserved 1069056K
  class space    used 2329K, capacity 2491K, committed 2560K, reserved 1048576K
}
Event: 59,978 GC heap before
{Heap before GC invocations=10 (full 0):
 PSYoungGen      total 542720K, used 451335K [0x000000076d400000, 0x00000007a7900000, 0x00000007c0000000)
  eden space 466432K, 80% used [0x000000076d400000,0x00000007842454f0,0x0000000789b80000)
  from space 76288K, 99% used [0x0000000789b80000,0x000000078e5fc740,0x000000078e600000)
  to   space 104448K, 0% used [0x00000007a1300000,0x00000007a1300000,0x00000007a7900000)
 ParOldGen       total 171008K, used 117741K [0x00000006c7c00000, 0x00000006d2300000, 0x000000076d400000)
  object space 171008K, 68% used [0x00000006c7c00000,0x00000006ceefb4d0,0x00000006d2300000)
 Metaspace       used 20565K, capacity 21104K, committed 21248K, reserved 1069056K
  class space    used 2363K, capacity 2555K, committed 2560K, reserved 1048576K
Event: 60,182 GC heap after
Heap after GC invocations=10 (full 0):
 PSYoungGen      total 850432K, used 58556K [0x000000076d400000, 0x00000007a7a00000, 0x00000007c0000000)
  eden space 745984K, 0% used [0x000000076d400000,0x000000076d400000,0x000000079ac80000)
  from space 104448K, 56% used [0x00000007a1300000,0x00000007a4c2f3f0,0x00000007a7900000)
  to   space 104960K, 0% used [0x000000079ac80000,0x000000079ac80000,0x00000007a1300000)
 ParOldGen       total 171008K, used 122788K [0x00000006c7c00000, 0x00000006d2300000, 0x000000076d400000)
  object space 171008K, 71% used [0x00000006c7c00000,0x00000006cf3e9088,0x00000006d2300000)
 Metaspace       used 20565K, capacity 21104K, committed 21248K, reserved 1069056K
  class space    used 2363K, capacity 2555K, committed 2560K, reserved 1048576K
}
Event: 60,182 GC heap before
{Heap before GC invocations=11 (full 1):
 PSYoungGen      total 850432K, used 58556K [0x000000076d400000, 0x00000007a7a00000, 0x00000007c0000000)
  eden space 745984K, 0% used [0x000000076d400000,0x000000076d400000,0x000000079ac80000)
  from space 104448K, 56% used [0x00000007a1300000,0x00000007a4c2f3f0,0x00000007a7900000)
  to   space 104960K, 0% used [0x000000079ac80000,0x000000079ac80000,0x00000007a1300000)
 ParOldGen       total 171008K, used 122788K [0x00000006c7c00000, 0x00000006d2300000, 0x000000076d400000)
  object space 171008K, 71% used [0x00000006c7c00000,0x00000006cf3e9088,0x00000006d2300000)
 Metaspace       used 20565K, capacity 21104K, committed 21248K, reserved 1069056K
  class space    used 2363K, capacity 2555K, committed 2560K, reserved 1048576K
Event: 60,757 GC heap after
Heap after GC invocations=11 (full 1):
 PSYoungGen      total 850432K, used 0K [0x000000076d400000, 0x00000007a7a00000, 0x00000007c0000000)
  eden space 745984K, 0% used [0x000000076d400000,0x000000076d400000,0x000000079ac80000)
  from space 104448K, 0% used [0x00000007a1300000,0x00000007a1300000,0x00000007a7900000)
  to   space 104960K, 0% used [0x000000079ac80000,0x000000079ac80000,0x00000007a1300000)
 ParOldGen       total 193536K, used 78121K [0x00000006c7c00000, 0x00000006d3900000, 0x000000076d400000)
  object space 193536K, 40% used [0x00000006c7c00000,0x00000006cc84a580,0x00000006d3900000)
 Metaspace       used 20565K, capacity 21104K, committed 21248K, reserved 1069056K
  class space    used 2363K, capacity 2555K, committed 2560K, reserved 1048576K
}

