# JRE version: Java(TM) SE Runtime Environment (8.0_131-b11) (build 1.8.0_131-b11)
# Java VM: Java HotSpot(TM) 64-Bit Server VM (25.131-b11 mixed mode linux-amd64 compressed oops)
Heap:
 PSYoungGen      total 340480K, used 62570K [0x0000000742900000, 0x000000075c900000, 0x00000007c0000000)
  eden space 324096K, 14% used [0x0000000742900000,0x0000000745681dd8,0x0000000756580000)
  from space 16384K, 97% used [0x000000075b900000,0x000000075c898dd0,0x000000075c900000)
  to   space 20480K, 0% used [0x000000075a100000,0x000000075a100000,0x000000075b500000)
 ParOldGen       total 142336K, used 16277K [0x0000000647a00000, 0x0000000650500000, 0x0000000742900000)
  object space 142336K, 11% used [0x0000000647a00000,0x00000006489e5508,0x0000000650500000)
 Metaspace       used 30111K, capacity 30824K, committed 31280K, reserved 1077248K
  class space    used 3553K, capacity 3777K, committed 3888K, reserved 1048576K
GC Heap History (10 events):
Event: 6,302 GC heap before
{Heap before GC invocations=3 (full 0):
 PSYoungGen      total 113152K, used 106896K [0x0000000742900000, 0x000000074a700000, 0x00000007c0000000)
  eden space 97280K, 100% used [0x0000000742900000,0x0000000748800000,0x0000000748800000)
  from space 15872K, 60% used [0x0000000749780000,0x000000074a0e4010,0x000000074a700000)
  to   space 15872K, 0% used [0x0000000748800000,0x0000000748800000,0x0000000749780000)
 ParOldGen       total 258048K, used 40K [0x0000000647a00000, 0x0000000657600000, 0x0000000742900000)
  object space 258048K, 0% used [0x0000000647a00000,0x0000000647a0a000,0x0000000657600000)
 Metaspace       used 18880K, capacity 19408K, committed 19584K, reserved 1067008K
  class space    used 2221K, capacity 2377K, committed 2432K, reserved 1048576K
Event: 6,340 GC heap after
Heap after GC invocations=3 (full 0):
 PSYoungGen      total 113152K, used 15600K [0x0000000742900000, 0x0000000750600000, 0x00000007c0000000)
  eden space 97280K, 0% used [0x0000000742900000,0x0000000742900000,0x0000000748800000)
  from space 15872K, 98% used [0x0000000748800000,0x000000074973c1b8,0x0000000749780000)
  to   space 15872K, 0% used [0x000000074f680000,0x000000074f680000,0x0000000750600000)
 ParOldGen       total 258048K, used 48K [0x0000000647a00000, 0x0000000657600000, 0x0000000742900000)
  object space 258048K, 0% used [0x0000000647a00000,0x0000000647a0c000,0x0000000657600000)
 Metaspace       used 18880K, capacity 19408K, committed 19584K, reserved 1067008K
  class space    used 2221K, capacity 2377K, committed 2432K, reserved 1048576K
}
Event: 7,498 GC heap before
{Heap before GC invocations=4 (full 0):
 PSYoungGen      total 113152K, used 112880K [0x0000000742900000, 0x0000000750600000, 0x00000007c0000000)
  eden space 97280K, 100% used [0x0000000742900000,0x0000000748800000,0x0000000748800000)
  from space 15872K, 98% used [0x0000000748800000,0x000000074973c1b8,0x0000000749780000)
  to   space 15872K, 0% used [0x000000074f680000,0x000000074f680000,0x0000000750600000)
 ParOldGen       total 258048K, used 48K [0x0000000647a00000, 0x0000000657600000, 0x0000000742900000)
  object space 258048K, 0% used [0x0000000647a00000,0x0000000647a0c000,0x0000000657600000)
 Metaspace       used 19651K, capacity 20272K, committed 20480K, reserved 1067008K
  class space    used 2280K, capacity 2457K, committed 2560K, reserved 1048576K
Event: 7,543 GC heap after
Heap after GC invocations=4 (full 0):
 PSYoungGen      total 210432K, used 15856K [0x0000000742900000, 0x0000000750600000, 0x00000007c0000000)
  eden space 194560K, 0% used [0x0000000742900000,0x0000000742900000,0x000000074e700000)
  from space 15872K, 99% used [0x000000074f680000,0x00000007505fc160,0x0000000750600000)
  to   space 15872K, 0% used [0x000000074e700000,0x000000074e700000,0x000000074f680000)
 ParOldGen       total 258048K, used 1283K [0x0000000647a00000, 0x0000000657600000, 0x0000000742900000)
  object space 258048K, 0% used [0x0000000647a00000,0x0000000647b40e98,0x0000000657600000)
 Metaspace       used 19651K, capacity 20272K, committed 20480K, reserved 1067008K
  class space    used 2280K, capacity 2457K, committed 2560K, reserved 1048576K
}
Event: 7,776 GC heap before
{Heap before GC invocations=5 (full 0):
 PSYoungGen      total 210432K, used 23521K [0x0000000742900000, 0x0000000750600000, 0x00000007c0000000)
  eden space 194560K, 3% used [0x0000000742900000,0x000000074307c578,0x000000074e700000)
  from space 15872K, 99% used [0x000000074f680000,0x00000007505fc160,0x0000000750600000)
  to   space 15872K, 0% used [0x000000074e700000,0x000000074e700000,0x000000074f680000)
 ParOldGen       total 258048K, used 1283K [0x0000000647a00000, 0x0000000657600000, 0x0000000742900000)
  object space 258048K, 0% used [0x0000000647a00000,0x0000000647b40e98,0x0000000657600000)
 Metaspace       used 20616K, capacity 21174K, committed 21296K, reserved 1069056K
  class space    used 2389K, capacity 2588K, committed 2608K, reserved 1048576K
Event: 7,843 GC heap after
Heap after GC invocations=5 (full 0):
 PSYoungGen      total 210432K, used 15856K [0x0000000742900000, 0x000000075cd00000, 0x00000007c0000000)
  eden space 194560K, 0% used [0x0000000742900000,0x0000000742900000,0x000000074e700000)
  from space 15872K, 99% used [0x000000074e700000,0x000000074f67c010,0x000000074f680000)
  to   space 20480K, 0% used [0x000000075b900000,0x000000075b900000,0x000000075cd00000)
 ParOldGen       total 258048K, used 1870K [0x0000000647a00000, 0x0000000657600000, 0x0000000742900000)
  object space 258048K, 0% used [0x0000000647a00000,0x0000000647bd3958,0x0000000657600000)
 Metaspace       used 20616K, capacity 21174K, committed 21296K, reserved 1069056K
  class space    used 2389K, capacity 2588K, committed 2608K, reserved 1048576K
}
Event: 7,843 GC heap before
{Heap before GC invocations=6 (full 1):
 PSYoungGen      total 210432K, used 15856K [0x0000000742900000, 0x000000075cd00000, 0x00000007c0000000)
  eden space 194560K, 0% used [0x0000000742900000,0x0000000742900000,0x000000074e700000)
  from space 15872K, 99% used [0x000000074e700000,0x000000074f67c010,0x000000074f680000)
  to   space 20480K, 0% used [0x000000075b900000,0x000000075b900000,0x000000075cd00000)
 ParOldGen       total 258048K, used 1870K [0x0000000647a00000, 0x0000000657600000, 0x0000000742900000)
  object space 258048K, 0% used [0x0000000647a00000,0x0000000647bd3958,0x0000000657600000)
 Metaspace       used 20616K, capacity 21174K, committed 21296K, reserved 1069056K
  class space    used 2389K, capacity 2588K, committed 2608K, reserved 1048576K
Event: 8,054 GC heap after
Heap after GC invocations=6 (full 1):
 PSYoungGen      total 210432K, used 0K [0x0000000742900000, 0x000000075cd00000, 0x00000007c0000000)
  eden space 194560K, 0% used [0x0000000742900000,0x0000000742900000,0x000000074e700000)
  from space 15872K, 0% used [0x000000074e700000,0x000000074e700000,0x000000074f680000)
  to   space 20480K, 0% used [0x000000075b900000,0x000000075b900000,0x000000075cd00000)
 ParOldGen       total 142336K, used 16205K [0x0000000647a00000, 0x0000000650500000, 0x0000000742900000)
  object space 142336K, 11% used [0x0000000647a00000,0x00000006489d34f8,0x0000000650500000)
 Metaspace       used 20616K, capacity 21174K, committed 21296K, reserved 1069056K
  class space    used 2389K, capacity 2588K, committed 2608K, reserved 1048576K
}
Event: 10,865 GC heap before
{Heap before GC invocations=7 (full 1):
 PSYoungGen      total 210432K, used 194560K [0x0000000742900000, 0x000000075cd00000, 0x00000007c0000000)
  eden space 194560K, 100% used [0x0000000742900000,0x000000074e700000,0x000000074e700000)
  from space 15872K, 0% used [0x000000074e700000,0x000000074e700000,0x000000074f680000)
  to   space 20480K, 0% used [0x000000075b900000,0x000000075b900000,0x000000075cd00000)
 ParOldGen       total 142336K, used 16205K [0x0000000647a00000, 0x0000000650500000, 0x0000000742900000)
  object space 142336K, 11% used [0x0000000647a00000,0x00000006489d34f8,0x0000000650500000)
 Metaspace       used 26943K, capacity 27672K, committed 27952K, reserved 1073152K
  class space    used 3129K, capacity 3353K, committed 3376K, reserved 1048576K
Event: 10,897 GC heap after
Heap after GC invocations=7 (full 1):
 PSYoungGen      total 340480K, used 15971K [0x0000000742900000, 0x000000075c900000, 0x00000007c0000000)
  eden space 324096K, 0% used [0x0000000742900000,0x0000000742900000,0x0000000756580000)
  from space 16384K, 97% used [0x000000075b900000,0x000000075c898dd0,0x000000075c900000)
  to   space 20480K, 0% used [0x000000075a100000,0x000000075a100000,0x000000075b500000)
 ParOldGen       total 142336K, used 16277K [0x0000000647a00000, 0x0000000650500000, 0x0000000742900000)
  object space 142336K, 11% used [0x0000000647a00000,0x00000006489e5508,0x0000000650500000)
 Metaspace       used 26943K, capacity 27672K, committed 27952K, reserved 1073152K
  class space    used 3129K, capacity 3353K, committed 3376K, reserved 1048576K
}

