# JRE version: Java(TM) SE Runtime Environment (8.0_102-b14) (build 1.8.0_102-b14)
# Java VM: Java HotSpot(TM) 64-Bit Server VM (25.102-b14 mixed mode linux-amd64 compressed oops)
Heap:
 PSYoungGen      total 989696K, used 374032K [0x0000000777f80000, 0x00000007beb80000, 0x00000007c0000000)
  eden space 827392K, 39% used [0x0000000777f80000,0x000000078bd78eb8,0x00000007aa780000)
  from space 162304K, 29% used [0x00000007aa780000,0x00000007ad6cb300,0x00000007b4600000)
  to   space 155136K, 0% used [0x00000007b5400000,0x00000007b5400000,0x00000007beb80000)
 ParOldGen       total 360448K, used 114732K [0x00000006e7e00000, 0x00000006fde00000, 0x0000000777f80000)
  object space 360448K, 31% used [0x00000006e7e00000,0x00000006eee0b1f0,0x00000006fde00000)
 Metaspace       used 158183K, capacity 161238K, committed 161368K, reserved 1189888K
  class space    used 20441K, capacity 21029K, committed 21080K, reserved 1048576K
GC Heap History (10 events):
Event: 919,975 GC heap before
{Heap before GC invocations=26 (full 5):
 PSYoungGen      total 988160K, used 804352K [0x0000000777f80000, 0x00000007c0000000, 0x00000007c0000000)
  eden space 804352K, 100% used [0x0000000777f80000,0x00000007a9100000,0x00000007a9100000)
  from space 183808K, 0% used [0x00000007b4c80000,0x00000007b4c80000,0x00000007c0000000)
  to   space 187904K, 0% used [0x00000007a9100000,0x00000007a9100000,0x00000007b4880000)
 ParOldGen       total 360448K, used 114692K [0x00000006e7e00000, 0x00000006fde00000, 0x0000000777f80000)
  object space 360448K, 31% used [0x00000006e7e00000,0x00000006eee011f0,0x00000006fde00000)
 Metaspace       used 153241K, capacity 155880K, committed 156120K, reserved 1185792K
  class space    used 20035K, capacity 20576K, committed 20696K, reserved 1048576K
Event: 920,068 GC heap after
Heap after GC invocations=26 (full 5):
 PSYoungGen      total 842240K, used 37578K [0x0000000777f80000, 0x00000007bfb00000, 0x00000007c0000000)
  eden space 804352K, 0% used [0x0000000777f80000,0x0000000777f80000,0x00000007a9100000)
  from space 37888K, 99% used [0x00000007a9100000,0x00000007ab5b2810,0x00000007ab600000)
  to   space 183296K, 0% used [0x00000007b4800000,0x00000007b4800000,0x00000007bfb00000)
 ParOldGen       total 360448K, used 114700K [0x00000006e7e00000, 0x00000006fde00000, 0x0000000777f80000)
  object space 360448K, 31% used [0x00000006e7e00000,0x00000006eee031f0,0x00000006fde00000)
 Metaspace       used 153241K, capacity 155880K, committed 156120K, reserved 1185792K
  class space    used 20035K, capacity 20576K, committed 20696K, reserved 1048576K
}
Event: 1283,965 GC heap before
{Heap before GC invocations=27 (full 5):
 PSYoungGen      total 842240K, used 841930K [0x0000000777f80000, 0x00000007bfb00000, 0x00000007c0000000)
  eden space 804352K, 100% used [0x0000000777f80000,0x00000007a9100000,0x00000007a9100000)
  from space 37888K, 99% used [0x00000007a9100000,0x00000007ab5b2810,0x00000007ab600000)
  to   space 183296K, 0% used [0x00000007b4800000,0x00000007b4800000,0x00000007bfb00000)
 ParOldGen       total 360448K, used 114700K [0x00000006e7e00000, 0x00000006fde00000, 0x0000000777f80000)
  object space 360448K, 31% used [0x00000006e7e00000,0x00000006eee031f0,0x00000006fde00000)
 Metaspace       used 154340K, capacity 157350K, committed 157400K, reserved 1185792K
  class space    used 20100K, capacity 20681K, committed 20696K, reserved 1048576K
Event: 1284,081 GC heap after
Heap after GC invocations=27 (full 5):
 PSYoungGen      total 998912K, used 47070K [0x0000000777f80000, 0x00000007c0000000, 0x00000007c0000000)
  eden space 815616K, 0% used [0x0000000777f80000,0x0000000777f80000,0x00000007a9c00000)
  from space 183296K, 25% used [0x00000007b4800000,0x00000007b75f7990,0x00000007bfb00000)
  to   space 176128K, 0% used [0x00000007a9c00000,0x00000007a9c00000,0x00000007b4800000)
 ParOldGen       total 360448K, used 114708K [0x00000006e7e00000, 0x00000006fde00000, 0x0000000777f80000)
  object space 360448K, 31% used [0x00000006e7e00000,0x00000006eee051f0,0x00000006fde00000)
 Metaspace       used 154340K, capacity 157350K, committed 157400K, reserved 1185792K
  class space    used 20100K, capacity 20681K, committed 20696K, reserved 1048576K
}
Event: 1472,620 GC heap before
{Heap before GC invocations=28 (full 5):
 PSYoungGen      total 998912K, used 862686K [0x0000000777f80000, 0x00000007c0000000, 0x00000007c0000000)
  eden space 815616K, 100% used [0x0000000777f80000,0x00000007a9c00000,0x00000007a9c00000)
  from space 183296K, 25% used [0x00000007b4800000,0x00000007b75f7990,0x00000007bfb00000)
  to   space 176128K, 0% used [0x00000007a9c00000,0x00000007a9c00000,0x00000007b4800000)
 ParOldGen       total 360448K, used 114708K [0x00000006e7e00000, 0x00000006fde00000, 0x0000000777f80000)
  object space 360448K, 31% used [0x00000006e7e00000,0x00000006eee051f0,0x00000006fde00000)
 Metaspace       used 154677K, capacity 157682K, committed 157912K, reserved 1185792K
  class space    used 20103K, capacity 20683K, committed 20696K, reserved 1048576K
Event: 1472,734 GC heap after
Heap after GC invocations=28 (full 5):
 PSYoungGen      total 863232K, used 47518K [0x0000000777f80000, 0x00000007beb00000, 0x00000007c0000000)
  eden space 815616K, 0% used [0x0000000777f80000,0x0000000777f80000,0x00000007a9c00000)
  from space 47616K, 99% used [0x00000007a9c00000,0x00000007aca67b10,0x00000007aca80000)
  to   space 168960K, 0% used [0x00000007b4600000,0x00000007b4600000,0x00000007beb00000)
 ParOldGen       total 360448K, used 114716K [0x00000006e7e00000, 0x00000006fde00000, 0x0000000777f80000)
  object space 360448K, 31% used [0x00000006e7e00000,0x00000006eee071f0,0x00000006fde00000)
 Metaspace       used 154677K, capacity 157682K, committed 157912K, reserved 1185792K
  class space    used 20103K, capacity 20683K, committed 20696K, reserved 1048576K
}
Event: 1613,472 GC heap before
{Heap before GC invocations=29 (full 5):
 PSYoungGen      total 863232K, used 863134K [0x0000000777f80000, 0x00000007beb00000, 0x00000007c0000000)
  eden space 815616K, 100% used [0x0000000777f80000,0x00000007a9c00000,0x00000007a9c00000)
  from space 47616K, 99% used [0x00000007a9c00000,0x00000007aca67b10,0x00000007aca80000)
  to   space 168960K, 0% used [0x00000007b4600000,0x00000007b4600000,0x00000007beb00000)
 ParOldGen       total 360448K, used 114716K [0x00000006e7e00000, 0x00000006fde00000, 0x0000000777f80000)
  object space 360448K, 31% used [0x00000006e7e00000,0x00000006eee071f0,0x00000006fde00000)
 Metaspace       used 154929K, capacity 157874K, committed 157912K, reserved 1185792K
  class space    used 20103K, capacity 20683K, committed 20696K, reserved 1048576K
Event: 1613,606 GC heap after
Heap after GC invocations=29 (full 5):
 PSYoungGen      total 996352K, used 47614K [0x0000000777f80000, 0x00000007c0000000, 0x00000007c0000000)
  eden space 827392K, 0% used [0x0000000777f80000,0x0000000777f80000,0x00000007aa780000)
  from space 168960K, 28% used [0x00000007b4600000,0x00000007b747fa70,0x00000007beb00000)
  to   space 162304K, 0% used [0x00000007aa780000,0x00000007aa780000,0x00000007b4600000)
 ParOldGen       total 360448K, used 114724K [0x00000006e7e00000, 0x00000006fde00000, 0x0000000777f80000)
  object space 360448K, 31% used [0x00000006e7e00000,0x00000006eee091f0,0x00000006fde00000)
 Metaspace       used 154929K, capacity 157874K, committed 157912K, reserved 1185792K
  class space    used 20103K, capacity 20683K, committed 20696K, reserved 1048576K
}
Event: 1931,997 GC heap before
{Heap before GC invocations=30 (full 5):
 PSYoungGen      total 996352K, used 875006K [0x0000000777f80000, 0x00000007c0000000, 0x00000007c0000000)
  eden space 827392K, 100% used [0x0000000777f80000,0x00000007aa780000,0x00000007aa780000)
  from space 168960K, 28% used [0x00000007b4600000,0x00000007b747fa70,0x00000007beb00000)
  to   space 162304K, 0% used [0x00000007aa780000,0x00000007aa780000,0x00000007b4600000)
 ParOldGen       total 360448K, used 114724K [0x00000006e7e00000, 0x00000006fde00000, 0x0000000777f80000)
  object space 360448K, 31% used [0x00000006e7e00000,0x00000006eee091f0,0x00000006fde00000)
 Metaspace       used 155951K, capacity 159002K, committed 159064K, reserved 1187840K
  class space    used 20204K, capacity 20801K, committed 20824K, reserved 1048576K
Event: 1932,099 GC heap after
Heap after GC invocations=30 (full 5):
 PSYoungGen      total 989696K, used 48428K [0x0000000777f80000, 0x00000007beb80000, 0x00000007c0000000)
  eden space 827392K, 0% used [0x0000000777f80000,0x0000000777f80000,0x00000007aa780000)
  from space 162304K, 29% used [0x00000007aa780000,0x00000007ad6cb300,0x00000007b4600000)
  to   space 155136K, 0% used [0x00000007b5400000,0x00000007b5400000,0x00000007beb80000)
 ParOldGen       total 360448K, used 114732K [0x00000006e7e00000, 0x00000006fde00000, 0x0000000777f80000)
  object space 360448K, 31% used [0x00000006e7e00000,0x00000006eee0b1f0,0x00000006fde00000)
 Metaspace       used 155951K, capacity 159002K, committed 159064K, reserved 1187840K
  class space    used 20204K, capacity 20801K, committed 20824K, reserved 1048576K
}

