# JRE version: Java(TM) SE Runtime Environment (8.0_102-b14) (build 1.8.0_102-b14)
# Java VM: Java HotSpot(TM) 64-Bit Server VM (25.102-b14 mixed mode linux-amd64 compressed oops)
Heap:
 PSYoungGen      total 1036288K, used 493238K [0x000000076d400000, 0x00000007c0000000, 0x00000007c0000000)
  eden space 881664K, 38% used [0x000000076d400000,0x0000000781eae0d0,0x00000007a3100000)
  from space 154624K, 99% used [0x00000007b6900000,0x00000007bffff7d8,0x00000007c0000000)
  to   space 237056K, 0% used [0x00000007a3100000,0x00000007a3100000,0x00000007b1880000)
 ParOldGen       total 342528K, used 207728K [0x00000006c7c00000, 0x00000006dca80000, 0x000000076d400000)
  object space 342528K, 60% used [0x00000006c7c00000,0x00000006d46dc150,0x00000006dca80000)
 Metaspace       used 71249K, capacity 73978K, committed 74200K, reserved 1114112K
  class space    used 8913K, capacity 9417K, committed 9432K, reserved 1048576K
GC Heap History (10 events):
Event: 363,474 GC heap before
{Heap before GC invocations=15 (full 3):
 PSYoungGen      total 1157632K, used 1006592K [0x000000076d400000, 0x00000007bec80000, 0x00000007c0000000)
  eden space 1006592K, 100% used [0x000000076d400000,0x00000007aab00000,0x00000007aab00000)
  from space 151040K, 0% used [0x00000007aab00000,0x00000007aab00000,0x00000007b3e80000)
  to   space 144384K, 0% used [0x00000007b5f80000,0x00000007b5f80000,0x00000007bec80000)
 ParOldGen       total 342528K, used 83011K [0x00000006c7c00000, 0x00000006dca80000, 0x000000076d400000)
  object space 342528K, 24% used [0x00000006c7c00000,0x00000006ccd10c70,0x00000006dca80000)
 Metaspace       used 59111K, capacity 61332K, committed 61528K, reserved 1103872K
  class space    used 7553K, capacity 7973K, committed 8024K, reserved 1048576K
Event: 363,650 GC heap after
Heap after GC invocations=15 (full 3):
 PSYoungGen      total 1192448K, used 78776K [0x000000076d400000, 0x00000007bf780000, 0x00000007c0000000)
  eden space 1048064K, 0% used [0x000000076d400000,0x000000076d400000,0x00000007ad380000)
  from space 144384K, 54% used [0x00000007b5f80000,0x00000007bac6e1b8,0x00000007bec80000)
  to   space 143360K, 0% used [0x00000007ad380000,0x00000007ad380000,0x00000007b5f80000)
 ParOldGen       total 342528K, used 83019K [0x00000006c7c00000, 0x00000006dca80000, 0x000000076d400000)
  object space 342528K, 24% used [0x00000006c7c00000,0x00000006ccd12c70,0x00000006dca80000)
 Metaspace       used 59111K, capacity 61332K, committed 61528K, reserved 1103872K
  class space    used 7553K, capacity 7973K, committed 8024K, reserved 1048576K
}
Event: 862,568 GC heap before
{Heap before GC invocations=16 (full 3):
 PSYoungGen      total 1192448K, used 1126840K [0x000000076d400000, 0x00000007bf780000, 0x00000007c0000000)
  eden space 1048064K, 100% used [0x000000076d400000,0x00000007ad380000,0x00000007ad380000)
  from space 144384K, 54% used [0x00000007b5f80000,0x00000007bac6e1b8,0x00000007bec80000)
  to   space 143360K, 0% used [0x00000007ad380000,0x00000007ad380000,0x00000007b5f80000)
 ParOldGen       total 342528K, used 83019K [0x00000006c7c00000, 0x00000006dca80000, 0x000000076d400000)
  object space 342528K, 24% used [0x00000006c7c00000,0x00000006ccd12c70,0x00000006dca80000)
 Metaspace       used 66504K, capacity 69114K, committed 69336K, reserved 1110016K
  class space    used 8392K, capacity 8887K, committed 8920K, reserved 1048576K
Event: 862,744 GC heap after
Heap after GC invocations=16 (full 3):
 PSYoungGen      total 1191424K, used 113287K [0x000000076d400000, 0x00000007c0000000, 0x00000007c0000000)
  eden space 1048064K, 0% used [0x000000076d400000,0x000000076d400000,0x00000007ad380000)
  from space 143360K, 79% used [0x00000007ad380000,0x00000007b4221e38,0x00000007b5f80000)
  to   space 154624K, 0% used [0x00000007b6900000,0x00000007b6900000,0x00000007c0000000)
 ParOldGen       total 342528K, used 83027K [0x00000006c7c00000, 0x00000006dca80000, 0x000000076d400000)
  object space 342528K, 24% used [0x00000006c7c00000,0x00000006ccd14c70,0x00000006dca80000)
 Metaspace       used 66504K, capacity 69114K, committed 69336K, reserved 1110016K
  class space    used 8392K, capacity 8887K, committed 8920K, reserved 1048576K
}
Event: 1765,979 GC heap before
{Heap before GC invocations=17 (full 3):
 PSYoungGen      total 1191424K, used 1161351K [0x000000076d400000, 0x00000007c0000000, 0x00000007c0000000)
  eden space 1048064K, 100% used [0x000000076d400000,0x00000007ad380000,0x00000007ad380000)
  from space 143360K, 79% used [0x00000007ad380000,0x00000007b4221e38,0x00000007b5f80000)
  to   space 154624K, 0% used [0x00000007b6900000,0x00000007b6900000,0x00000007c0000000)
 ParOldGen       total 342528K, used 83027K [0x00000006c7c00000, 0x00000006dca80000, 0x000000076d400000)
  object space 342528K, 24% used [0x00000006c7c00000,0x00000006ccd14c70,0x00000006dca80000)
 Metaspace       used 67416K, capacity 70042K, committed 70232K, reserved 1110016K
  class space    used 8429K, capacity 8923K, committed 9048K, reserved 1048576K
Event: 1766,234 GC heap after
Heap after GC invocations=17 (full 3):
 PSYoungGen      total 1205248K, used 79578K [0x000000076d400000, 0x00000007c0000000, 0x00000007c0000000)
  eden space 1050624K, 0% used [0x000000076d400000,0x000000076d400000,0x00000007ad600000)
  from space 154624K, 51% used [0x00000007b6900000,0x00000007bb6b68a8,0x00000007c0000000)
  to   space 150528K, 0% used [0x00000007ad600000,0x00000007ad600000,0x00000007b6900000)
 ParOldGen       total 342528K, used 83035K [0x00000006c7c00000, 0x00000006dca80000, 0x000000076d400000)
  object space 342528K, 24% used [0x00000006c7c00000,0x00000006ccd16c70,0x00000006dca80000)
 Metaspace       used 67416K, capacity 70042K, committed 70232K, reserved 1110016K
  class space    used 8429K, capacity 8923K, committed 9048K, reserved 1048576K
}
Event: 1886,817 GC heap before
{Heap before GC invocations=18 (full 3):
 PSYoungGen      total 1205248K, used 1130202K [0x000000076d400000, 0x00000007c0000000, 0x00000007c0000000)
  eden space 1050624K, 100% used [0x000000076d400000,0x00000007ad600000,0x00000007ad600000)
  from space 154624K, 51% used [0x00000007b6900000,0x00000007bb6b68a8,0x00000007c0000000)
  to   space 150528K, 0% used [0x00000007ad600000,0x00000007ad600000,0x00000007b6900000)
 ParOldGen       total 342528K, used 83051K [0x00000006c7c00000, 0x00000006dca80000, 0x000000076d400000)
  object space 342528K, 24% used [0x00000006c7c00000,0x00000006ccd1ac30,0x00000006dca80000)
 Metaspace       used 67826K, capacity 70504K, committed 70744K, reserved 1112064K
  class space    used 8471K, capacity 8966K, committed 9048K, reserved 1048576K
Event: 1887,166 GC heap after
Heap after GC invocations=18 (full 3):
 PSYoungGen      total 1201152K, used 150502K [0x000000076d400000, 0x00000007c0000000, 0x00000007c0000000)
  eden space 1050624K, 0% used [0x000000076d400000,0x000000076d400000,0x00000007ad600000)
  from space 150528K, 99% used [0x00000007ad600000,0x00000007b68f9830,0x00000007b6900000)
  to   space 154624K, 0% used [0x00000007b6900000,0x00000007b6900000,0x00000007c0000000)
 ParOldGen       total 342528K, used 106785K [0x00000006c7c00000, 0x00000006dca80000, 0x000000076d400000)
  object space 342528K, 31% used [0x00000006c7c00000,0x00000006ce448510,0x00000006dca80000)
 Metaspace       used 67826K, capacity 70504K, committed 70744K, reserved 1112064K
  class space    used 8471K, capacity 8966K, committed 9048K, reserved 1048576K
}
Event: 1895,959 GC heap before
{Heap before GC invocations=19 (full 3):
 PSYoungGen      total 1201152K, used 1201126K [0x000000076d400000, 0x00000007c0000000, 0x00000007c0000000)
  eden space 1050624K, 100% used [0x000000076d400000,0x00000007ad600000,0x00000007ad600000)
  from space 150528K, 99% used [0x00000007ad600000,0x00000007b68f9830,0x00000007b6900000)
  to   space 154624K, 0% used [0x00000007b6900000,0x00000007b6900000,0x00000007c0000000)
 ParOldGen       total 342528K, used 106788K [0x00000006c7c00000, 0x00000006dca80000, 0x000000076d400000)
  object space 342528K, 31% used [0x00000006c7c00000,0x00000006ce449290,0x00000006dca80000)
 Metaspace       used 67829K, capacity 70504K, committed 70744K, reserved 1112064K
  class space    used 8471K, capacity 8966K, committed 9048K, reserved 1048576K
Event: 1896,512 GC heap after
Heap after GC invocations=19 (full 3):
 PSYoungGen      total 1036288K, used 154621K [0x000000076d400000, 0x00000007c0000000, 0x00000007c0000000)
  eden space 881664K, 0% used [0x000000076d400000,0x000000076d400000,0x00000007a3100000)
  from space 154624K, 99% used [0x00000007b6900000,0x00000007bffff7d8,0x00000007c0000000)
  to   space 237056K, 0% used [0x00000007a3100000,0x00000007a3100000,0x00000007b1880000)
 ParOldGen       total 342528K, used 207728K [0x00000006c7c00000, 0x00000006dca80000, 0x000000076d400000)
  object space 342528K, 60% used [0x00000006c7c00000,0x00000006d46dc150,0x00000006dca80000)
 Metaspace       used 67829K, capacity 70504K, committed 70744K, reserved 1112064K
  class space    used 8471K, capacity 8966K, committed 9048K, reserved 1048576K
}

