# JRE version: Java(TM) SE Runtime Environment (8.0_131-b11) (build 1.8.0_131-b11)
# Java VM: Java HotSpot(TM) 64-Bit Server VM (25.131-b11 mixed mode linux-amd64 compressed oops)
Heap:
 PSYoungGen      total 571392K, used 238837K [0x00000000d9300000, 0x0000000100000000, 0x0000000100000000)
  eden space 508928K, 38% used [0x00000000d9300000,0x00000000e5102298,0x00000000f8400000)
  from space 62464K, 70% used [0x00000000fc300000,0x00000000fee3b2e8,0x0000000100000000)
  to   space 63488K, 0% used [0x00000000f8400000,0x00000000f8400000,0x00000000fc200000)
 ParOldGen       total 220672K, used 65430K [0x000000008b800000, 0x0000000098f80000, 0x00000000d9300000)
  object space 220672K, 29% used [0x000000008b800000,0x000000008f7e5ac8,0x0000000098f80000)
 Metaspace       used 227400K, capacity 232232K, committed 235264K, reserved 1251328K
  class space    used 31634K, capacity 32502K, committed 33024K, reserved 1048576K
GC Heap History (10 events):
Event: 2502,989 GC heap before
{Heap before GC invocations=35 (full 5):
 PSYoungGen      total 511488K, used 511278K [0x00000000d9300000, 0x00000000ffd00000, 0x0000000100000000)
  eden space 494592K, 100% used [0x00000000d9300000,0x00000000f7600000,0x00000000f7600000)
  from space 16896K, 98% used [0x00000000f7600000,0x00000000f864bbb8,0x00000000f8680000)
  to   space 69120K, 0% used [0x00000000fb980000,0x00000000fb980000,0x00000000ffd00000)
 ParOldGen       total 220672K, used 65406K [0x000000008b800000, 0x0000000098f80000, 0x00000000d9300000)
  object space 220672K, 29% used [0x000000008b800000,0x000000008f7dfac8,0x0000000098f80000)
 Metaspace       used 176985K, capacity 181474K, committed 184832K, reserved 1208320K
  class space    used 24270K, capacity 25061K, committed 25600K, reserved 1048576K
Event: 2503,121 GC heap after
Heap after GC invocations=35 (full 5):
 PSYoungGen      total 566784K, used 28779K [0x00000000d9300000, 0x0000000100000000, 0x0000000100000000)
  eden space 497664K, 0% used [0x00000000d9300000,0x00000000d9300000,0x00000000f7900000)
  from space 69120K, 41% used [0x00000000fb980000,0x00000000fd59ae78,0x00000000ffd00000)
  to   space 66048K, 0% used [0x00000000f7900000,0x00000000f7900000,0x00000000fb980000)
 ParOldGen       total 220672K, used 65414K [0x000000008b800000, 0x0000000098f80000, 0x00000000d9300000)
  object space 220672K, 29% used [0x000000008b800000,0x000000008f7e1ac8,0x0000000098f80000)
 Metaspace       used 176985K, capacity 181474K, committed 184832K, reserved 1208320K
  class space    used 24270K, capacity 25061K, committed 25600K, reserved 1048576K
}
Event: 2516,684 GC heap before
{Heap before GC invocations=36 (full 5):
 PSYoungGen      total 566784K, used 526443K [0x00000000d9300000, 0x0000000100000000, 0x0000000100000000)
  eden space 497664K, 100% used [0x00000000d9300000,0x00000000f7900000,0x00000000f7900000)
  from space 69120K, 41% used [0x00000000fb980000,0x00000000fd59ae78,0x00000000ffd00000)
  to   space 66048K, 0% used [0x00000000f7900000,0x00000000f7900000,0x00000000fb980000)
 ParOldGen       total 220672K, used 65414K [0x000000008b800000, 0x0000000098f80000, 0x00000000d9300000)
  object space 220672K, 29% used [0x000000008b800000,0x000000008f7e1ac8,0x0000000098f80000)
 Metaspace       used 192186K, capacity 196710K, committed 200192K, reserved 1222656K
  class space    used 26499K, capacity 27297K, committed 27904K, reserved 1048576K
Event: 2516,784 GC heap after
Heap after GC invocations=36 (full 5):
 PSYoungGen      total 563712K, used 32596K [0x00000000d9300000, 0x00000000ff700000, 0x0000000100000000)
  eden space 497664K, 0% used [0x00000000d9300000,0x00000000d9300000,0x00000000f7900000)
  from space 66048K, 49% used [0x00000000f7900000,0x00000000f98d5350,0x00000000fb980000)
  to   space 62976K, 0% used [0x00000000fb980000,0x00000000fb980000,0x00000000ff700000)
 ParOldGen       total 220672K, used 65414K [0x000000008b800000, 0x0000000098f80000, 0x00000000d9300000)
  object space 220672K, 29% used [0x000000008b800000,0x000000008f7e1ac8,0x0000000098f80000)
 Metaspace       used 192186K, capacity 196710K, committed 200192K, reserved 1222656K
  class space    used 26499K, capacity 27297K, committed 27904K, reserved 1048576K
}
Event: 2524,000 GC heap before
{Heap before GC invocations=37 (full 5):
 PSYoungGen      total 563712K, used 530260K [0x00000000d9300000, 0x00000000ff700000, 0x0000000100000000)
  eden space 497664K, 100% used [0x00000000d9300000,0x00000000f7900000,0x00000000f7900000)
  from space 66048K, 49% used [0x00000000f7900000,0x00000000f98d5350,0x00000000fb980000)
  to   space 62976K, 0% used [0x00000000fb980000,0x00000000fb980000,0x00000000ff700000)
 ParOldGen       total 220672K, used 65414K [0x000000008b800000, 0x0000000098f80000, 0x00000000d9300000)
  object space 220672K, 29% used [0x000000008b800000,0x000000008f7e1ac8,0x0000000098f80000)
 Metaspace       used 201945K, capacity 206534K, committed 209792K, reserved 1230848K
  class space    used 27901K, capacity 28723K, committed 29312K, reserved 1048576K
Event: 2524,078 GC heap after
Heap after GC invocations=37 (full 5):
 PSYoungGen      total 566784K, used 31569K [0x00000000d9300000, 0x00000000ff700000, 0x0000000100000000)
  eden space 503808K, 0% used [0x00000000d9300000,0x00000000d9300000,0x00000000f7f00000)
  from space 62976K, 50% used [0x00000000fb980000,0x00000000fd854580,0x00000000ff700000)
  to   space 59904K, 0% used [0x00000000f7f00000,0x00000000f7f00000,0x00000000fb980000)
 ParOldGen       total 220672K, used 65422K [0x000000008b800000, 0x0000000098f80000, 0x00000000d9300000)
  object space 220672K, 29% used [0x000000008b800000,0x000000008f7e3ac8,0x0000000098f80000)
 Metaspace       used 201945K, capacity 206534K, committed 209792K, reserved 1230848K
  class space    used 27901K, capacity 28723K, committed 29312K, reserved 1048576K
}
Event: 2595,001 GC heap before
{Heap before GC invocations=38 (full 5):
 PSYoungGen      total 566784K, used 535377K [0x00000000d9300000, 0x00000000ff700000, 0x0000000100000000)
  eden space 503808K, 100% used [0x00000000d9300000,0x00000000f7f00000,0x00000000f7f00000)
  from space 62976K, 50% used [0x00000000fb980000,0x00000000fd854580,0x00000000ff700000)
  to   space 59904K, 0% used [0x00000000f7f00000,0x00000000f7f00000,0x00000000fb980000)
 ParOldGen       total 220672K, used 65422K [0x000000008b800000, 0x0000000098f80000, 0x00000000d9300000)
  object space 220672K, 29% used [0x000000008b800000,0x000000008f7e3ac8,0x0000000098f80000)
 Metaspace       used 215948K, capacity 220720K, committed 223872K, reserved 1241088K
  class space    used 29980K, capacity 30842K, committed 31360K, reserved 1048576K
Event: 2595,206 GC heap after
Heap after GC invocations=38 (full 5):
 PSYoungGen      total 563712K, used 46458K [0x00000000d9300000, 0x0000000100000000, 0x0000000100000000)
  eden space 503808K, 0% used [0x00000000d9300000,0x00000000d9300000,0x00000000f7f00000)
  from space 59904K, 77% used [0x00000000f7f00000,0x00000000fac5e8d0,0x00000000fb980000)
  to   space 62464K, 0% used [0x00000000fc300000,0x00000000fc300000,0x0000000100000000)
 ParOldGen       total 220672K, used 65430K [0x000000008b800000, 0x0000000098f80000, 0x00000000d9300000)
  object space 220672K, 29% used [0x000000008b800000,0x000000008f7e5ac8,0x0000000098f80000)
 Metaspace       used 215948K, capacity 220720K, committed 223872K, reserved 1241088K
  class space    used 29980K, capacity 30842K, committed 31360K, reserved 1048576K
}
Event: 2601,523 GC heap before
{Heap before GC invocations=39 (full 5):
 PSYoungGen      total 563712K, used 550266K [0x00000000d9300000, 0x0000000100000000, 0x0000000100000000)
  eden space 503808K, 100% used [0x00000000d9300000,0x00000000f7f00000,0x00000000f7f00000)
  from space 59904K, 77% used [0x00000000f7f00000,0x00000000fac5e8d0,0x00000000fb980000)
  to   space 62464K, 0% used [0x00000000fc300000,0x00000000fc300000,0x0000000100000000)
 ParOldGen       total 220672K, used 65430K [0x000000008b800000, 0x0000000098f80000, 0x00000000d9300000)
  object space 220672K, 29% used [0x000000008b800000,0x000000008f7e5ac8,0x0000000098f80000)
 Metaspace       used 225838K, capacity 230638K, committed 233472K, reserved 1249280K
  class space    used 31413K, capacity 32273K, committed 32768K, reserved 1048576K
Event: 2601,686 GC heap after
Heap after GC invocations=39 (full 5):
 PSYoungGen      total 571392K, used 44268K [0x00000000d9300000, 0x0000000100000000, 0x0000000100000000)
  eden space 508928K, 0% used [0x00000000d9300000,0x00000000d9300000,0x00000000f8400000)
  from space 62464K, 70% used [0x00000000fc300000,0x00000000fee3b2e8,0x0000000100000000)
  to   space 63488K, 0% used [0x00000000f8400000,0x00000000f8400000,0x00000000fc200000)
 ParOldGen       total 220672K, used 65430K [0x000000008b800000, 0x0000000098f80000, 0x00000000d9300000)
  object space 220672K, 29% used [0x000000008b800000,0x000000008f7e5ac8,0x0000000098f80000)
 Metaspace       used 225838K, capacity 230638K, committed 233472K, reserved 1249280K
  class space    used 31413K, capacity 32273K, committed 32768K, reserved 1048576K
}

