# JRE version: Java(TM) SE Runtime Environment (8.0_131-b11) (build 1.8.0_131-b11)
# Java VM: Java HotSpot(TM) 64-Bit Server VM (25.131-b11 mixed mode linux-amd64 compressed oops)
Heap:
 PSYoungGen      total 509440K, used 218673K [0x00000000d9200000, 0x00000000fff00000, 0x0000000100000000)
  eden space 389632K, 52% used [0x00000000d9200000,0x00000000e5b46c30,0x00000000f0e80000)
  from space 119808K, 10% used [0x00000000f0e80000,0x00000000f1ac5ac0,0x00000000f8380000)
  to   space 117248K, 0% used [0x00000000f8c80000,0x00000000f8c80000,0x00000000fff00000)
 ParOldGen       total 217600K, used 128894K [0x000000008b600000, 0x0000000098a80000, 0x00000000d9200000)
  object space 217600K, 59% used [0x000000008b600000,0x00000000933df9c0,0x0000000098a80000)
 Metaspace       used 89247K, capacity 91142K, committed 91520K, reserved 1128448K
  class space    used 11684K, capacity 12069K, committed 12160K, reserved 1048576K
GC Heap History (10 events):
Event: 480,571 GC heap before
{Heap before GC invocations=23 (full 4):
 PSYoungGen      total 492032K, used 451731K [0x00000000d9200000, 0x0000000100000000, 0x0000000100000000)
  eden space 374784K, 100% used [0x00000000d9200000,0x00000000f0000000,0x00000000f0000000)
  from space 117248K, 65% used [0x00000000f8d80000,0x00000000fd8a4ea0,0x0000000100000000)
  to   space 131072K, 0% used [0x00000000f0000000,0x00000000f0000000,0x00000000f8000000)
 ParOldGen       total 217600K, used 103342K [0x000000008b600000, 0x0000000098a80000, 0x00000000d9200000)
  object space 217600K, 47% used [0x000000008b600000,0x0000000091aeb8b8,0x0000000098a80000)
 Metaspace       used 78265K, capacity 80030K, committed 80256K, reserved 1118208K
  class space    used 10175K, capacity 10567K, committed 10624K, reserved 1048576K
Event: 480,752 GC heap after
Heap after GC invocations=23 (full 4):
 PSYoungGen      total 505856K, used 32191K [0x00000000d9200000, 0x0000000100000000, 0x0000000100000000)
  eden space 374784K, 0% used [0x00000000d9200000,0x00000000d9200000,0x00000000f0000000)
  from space 131072K, 24% used [0x00000000f0000000,0x00000000f1f6fe50,0x00000000f8000000)
  to   space 126976K, 0% used [0x00000000f8400000,0x00000000f8400000,0x0000000100000000)
 ParOldGen       total 217600K, used 107561K [0x000000008b600000, 0x0000000098a80000, 0x00000000d9200000)
  object space 217600K, 49% used [0x000000008b600000,0x0000000091f0a7e8,0x0000000098a80000)
 Metaspace       used 78265K, capacity 80030K, committed 80256K, reserved 1118208K
  class space    used 10175K, capacity 10567K, committed 10624K, reserved 1048576K
}
Event: 488,332 GC heap before
{Heap before GC invocations=24 (full 4):
 PSYoungGen      total 505856K, used 406975K [0x00000000d9200000, 0x0000000100000000, 0x0000000100000000)
  eden space 374784K, 100% used [0x00000000d9200000,0x00000000f0000000,0x00000000f0000000)
  from space 131072K, 24% used [0x00000000f0000000,0x00000000f1f6fe50,0x00000000f8000000)
  to   space 126976K, 0% used [0x00000000f8400000,0x00000000f8400000,0x0000000100000000)
 ParOldGen       total 217600K, used 107561K [0x000000008b600000, 0x0000000098a80000, 0x00000000d9200000)
  object space 217600K, 49% used [0x000000008b600000,0x0000000091f0a7e8,0x0000000098a80000)
 Metaspace       used 83905K, capacity 85696K, committed 85888K, reserved 1124352K
  class space    used 10996K, capacity 11390K, committed 11392K, reserved 1048576K
Event: 488,611 GC heap after
Heap after GC invocations=24 (full 4):
 PSYoungGen      total 498688K, used 17598K [0x00000000d9200000, 0x00000000ff900000, 0x0000000100000000)
  eden space 378880K, 0% used [0x00000000d9200000,0x00000000d9200000,0x00000000f0400000)
  from space 119808K, 14% used [0x00000000f8400000,0x00000000f952f9a0,0x00000000ff900000)
  to   space 125440K, 0% used [0x00000000f0400000,0x00000000f0400000,0x00000000f7e80000)
 ParOldGen       total 217600K, used 118878K [0x000000008b600000, 0x0000000098a80000, 0x00000000d9200000)
  object space 217600K, 54% used [0x000000008b600000,0x0000000092a17828,0x0000000098a80000)
 Metaspace       used 83905K, capacity 85696K, committed 85888K, reserved 1124352K
  class space    used 10996K, capacity 11390K, committed 11392K, reserved 1048576K
}
Event: 498,471 GC heap before
{Heap before GC invocations=25 (full 4):
 PSYoungGen      total 498688K, used 396478K [0x00000000d9200000, 0x00000000ff900000, 0x0000000100000000)
  eden space 378880K, 100% used [0x00000000d9200000,0x00000000f0400000,0x00000000f0400000)
  from space 119808K, 14% used [0x00000000f8400000,0x00000000f952f9a0,0x00000000ff900000)
  to   space 125440K, 0% used [0x00000000f0400000,0x00000000f0400000,0x00000000f7e80000)
 ParOldGen       total 217600K, used 118878K [0x000000008b600000, 0x0000000098a80000, 0x00000000d9200000)
  object space 217600K, 54% used [0x000000008b600000,0x0000000092a17828,0x0000000098a80000)
 Metaspace       used 88977K, capacity 90820K, committed 91008K, reserved 1128448K
  class space    used 11659K, capacity 12068K, committed 12160K, reserved 1048576K
Event: 498,658 GC heap after
Heap after GC invocations=25 (full 4):
 PSYoungGen      total 504320K, used 22504K [0x00000000d9200000, 0x00000000ffe80000, 0x0000000100000000)
  eden space 378880K, 0% used [0x00000000d9200000,0x00000000d9200000,0x00000000f0400000)
  from space 125440K, 17% used [0x00000000f0400000,0x00000000f19fa270,0x00000000f7e80000)
  to   space 121856K, 0% used [0x00000000f8780000,0x00000000f8780000,0x00000000ffe80000)
 ParOldGen       total 217600K, used 124881K [0x000000008b600000, 0x0000000098a80000, 0x00000000d9200000)
  object space 217600K, 57% used [0x000000008b600000,0x0000000092ff44e8,0x0000000098a80000)
 Metaspace       used 88977K, capacity 90820K, committed 91008K, reserved 1128448K
  class space    used 11659K, capacity 12068K, committed 12160K, reserved 1048576K
}
Event: 23660,607 GC heap before
{Heap before GC invocations=26 (full 4):
 PSYoungGen      total 504320K, used 401377K [0x00000000d9200000, 0x00000000ffe80000, 0x0000000100000000)
  eden space 378880K, 99% used [0x00000000d9200000,0x00000000f03fe588,0x00000000f0400000)
  from space 125440K, 17% used [0x00000000f0400000,0x00000000f19fa270,0x00000000f7e80000)
  to   space 121856K, 0% used [0x00000000f8780000,0x00000000f8780000,0x00000000ffe80000)
 ParOldGen       total 217600K, used 124881K [0x000000008b600000, 0x0000000098a80000, 0x00000000d9200000)
  object space 217600K, 57% used [0x000000008b600000,0x0000000092ff44e8,0x0000000098a80000)
 Metaspace       used 89242K, capacity 91142K, committed 91520K, reserved 1128448K
  class space    used 11684K, capacity 12069K, committed 12160K, reserved 1048576K
Event: 23695,538 GC heap after
Heap after GC invocations=26 (full 4):
 PSYoungGen      total 505344K, used 14175K [0x00000000d9200000, 0x00000000ff880000, 0x0000000100000000)
  eden space 389632K, 0% used [0x00000000d9200000,0x00000000d9200000,0x00000000f0e80000)
  from space 115712K, 12% used [0x00000000f8780000,0x00000000f9557ed8,0x00000000ff880000)
  to   space 119808K, 0% used [0x00000000f0e80000,0x00000000f0e80000,0x00000000f8380000)
 ParOldGen       total 217600K, used 128894K [0x000000008b600000, 0x0000000098a80000, 0x00000000d9200000)
  object space 217600K, 59% used [0x000000008b600000,0x00000000933df9c0,0x0000000098a80000)
 Metaspace       used 89242K, capacity 91142K, committed 91520K, reserved 1128448K
  class space    used 11684K, capacity 12069K, committed 12160K, reserved 1048576K
}
Event: 50646,485 GC heap before
{Heap before GC invocations=27 (full 4):
 PSYoungGen      total 505344K, used 403807K [0x00000000d9200000, 0x00000000ff880000, 0x0000000100000000)
  eden space 389632K, 100% used [0x00000000d9200000,0x00000000f0e80000,0x00000000f0e80000)
  from space 115712K, 12% used [0x00000000f8780000,0x00000000f9557ed8,0x00000000ff880000)
  to   space 119808K, 0% used [0x00000000f0e80000,0x00000000f0e80000,0x00000000f8380000)
 ParOldGen       total 217600K, used 128894K [0x000000008b600000, 0x0000000098a80000, 0x00000000d9200000)
  object space 217600K, 59% used [0x000000008b600000,0x00000000933df9c0,0x0000000098a80000)
 Metaspace       used 89247K, capacity 91142K, committed 91520K, reserved 1128448K
  class space    used 11684K, capacity 12069K, committed 12160K, reserved 1048576K
Event: 50703,458 GC heap after
Heap after GC invocations=27 (full 4):
 PSYoungGen      total 509440K, used 12566K [0x00000000d9200000, 0x00000000fff00000, 0x0000000100000000)
  eden space 389632K, 0% used [0x00000000d9200000,0x00000000d9200000,0x00000000f0e80000)
  from space 119808K, 10% used [0x00000000f0e80000,0x00000000f1ac5ac0,0x00000000f8380000)
  to   space 117248K, 0% used [0x00000000f8c80000,0x00000000f8c80000,0x00000000fff00000)
 ParOldGen       total 217600K, used 128894K [0x000000008b600000, 0x0000000098a80000, 0x00000000d9200000)
  object space 217600K, 59% used [0x000000008b600000,0x00000000933df9c0,0x0000000098a80000)
 Metaspace       used 89247K, capacity 91142K, committed 91520K, reserved 1128448K
  class space    used 11684K, capacity 12069K, committed 12160K, reserved 1048576K
}

