# JRE version: Java(TM) SE Runtime Environment (8.0_131-b11) (build 1.8.0_131-b11)
# Java VM: Java HotSpot(TM) 64-Bit Server VM (25.131-b11 mixed mode linux-amd64 compressed oops)
Heap:
 PSYoungGen      total 724480K, used 394235K [0x0000000718900000, 0x000000074f980000, 0x00000007c0000000)
  eden space 696320K, 52% used [0x0000000718900000,0x000000072ee830b8,0x0000000743100000)
  from space 28160K, 99% used [0x0000000743100000,0x0000000744c7bd98,0x0000000744c80000)
  to   space 38912K, 0% used [0x000000074d380000,0x000000074d380000,0x000000074f980000)
 ParOldGen       total 430592K, used 70942K [0x00000005c9a00000, 0x00000005e3e80000, 0x0000000718900000)
  object space 430592K, 16% used [0x00000005c9a00000,0x00000005cdf47b70,0x00000005e3e80000)
 Metaspace       used 93250K, capacity 95252K, committed 95576K, reserved 1132544K
  class space    used 12131K, capacity 12558K, committed 12672K, reserved 1048576K
GC Heap History (10 events):
Event: 13,731 GC heap before
{Heap before GC invocations=10 (full 2):
 PSYoungGen      total 433152K, used 421491K [0x0000000718900000, 0x000000073f780000, 0x00000007c0000000)
  eden space 411136K, 100% used [0x0000000718900000,0x0000000731a80000,0x0000000731a80000)
  from space 22016K, 47% used [0x0000000731a80000,0x000000073249cec8,0x0000000733000000)
  to   space 22016K, 0% used [0x000000073e200000,0x000000073e200000,0x000000073f780000)
 ParOldGen       total 301568K, used 26854K [0x00000005c9a00000, 0x00000005dc080000, 0x0000000718900000)
  object space 301568K, 8% used [0x00000005c9a00000,0x00000005cb4399b8,0x00000005dc080000)
 Metaspace       used 50828K, capacity 51704K, committed 51800K, reserved 1093632K
  class space    used 6529K, capacity 6756K, committed 6784K, reserved 1048576K
Event: 13,752 GC heap after
Heap after GC invocations=10 (full 2):
 PSYoungGen      total 593920K, used 17743K [0x0000000718900000, 0x000000073f380000, 0x00000007c0000000)
  eden space 576000K, 0% used [0x0000000718900000,0x0000000718900000,0x000000073bb80000)
  from space 17920K, 99% used [0x000000073e200000,0x000000073f353f80,0x000000073f380000)
  to   space 22528K, 0% used [0x000000073c780000,0x000000073c780000,0x000000073dd80000)
 ParOldGen       total 301568K, used 26862K [0x00000005c9a00000, 0x00000005dc080000, 0x0000000718900000)
  object space 301568K, 8% used [0x00000005c9a00000,0x00000005cb43b9b8,0x00000005dc080000)
 Metaspace       used 50828K, capacity 51704K, committed 51800K, reserved 1093632K
  class space    used 6529K, capacity 6756K, committed 6784K, reserved 1048576K
}
Event: 28,824 GC heap before
{Heap before GC invocations=11 (full 2):
 PSYoungGen      total 593920K, used 395822K [0x0000000718900000, 0x000000073f380000, 0x00000007c0000000)
  eden space 576000K, 65% used [0x0000000718900000,0x000000072fa37a80,0x000000073bb80000)
  from space 17920K, 99% used [0x000000073e200000,0x000000073f353f80,0x000000073f380000)
  to   space 22528K, 0% used [0x000000073c780000,0x000000073c780000,0x000000073dd80000)
 ParOldGen       total 301568K, used 26862K [0x00000005c9a00000, 0x00000005dc080000, 0x0000000718900000)
  object space 301568K, 8% used [0x00000005c9a00000,0x00000005cb43b9b8,0x00000005dc080000)
 Metaspace       used 57976K, capacity 58828K, committed 58968K, reserved 1099776K
  class space    used 7564K, capacity 7772K, committed 7808K, reserved 1048576K
Event: 28,860 GC heap after
Heap after GC invocations=11 (full 2):
 PSYoungGen      total 610816K, used 22526K [0x0000000718900000, 0x0000000746900000, 0x00000007c0000000)
  eden space 588288K, 0% used [0x0000000718900000,0x0000000718900000,0x000000073c780000)
  from space 22528K, 99% used [0x000000073c780000,0x000000073dd7fac0,0x000000073dd80000)
  to   space 29184K, 0% used [0x0000000744c80000,0x0000000744c80000,0x0000000746900000)
 ParOldGen       total 301568K, used 37137K [0x00000005c9a00000, 0x00000005dc080000, 0x0000000718900000)
  object space 301568K, 12% used [0x00000005c9a00000,0x00000005cbe44440,0x00000005dc080000)
 Metaspace       used 57976K, capacity 58828K, committed 58968K, reserved 1099776K
  class space    used 7564K, capacity 7772K, committed 7808K, reserved 1048576K
}
Event: 28,860 GC heap before
{Heap before GC invocations=12 (full 3):
 PSYoungGen      total 610816K, used 22526K [0x0000000718900000, 0x0000000746900000, 0x00000007c0000000)
  eden space 588288K, 0% used [0x0000000718900000,0x0000000718900000,0x000000073c780000)
  from space 22528K, 99% used [0x000000073c780000,0x000000073dd7fac0,0x000000073dd80000)
  to   space 29184K, 0% used [0x0000000744c80000,0x0000000744c80000,0x0000000746900000)
 ParOldGen       total 301568K, used 37137K [0x00000005c9a00000, 0x00000005dc080000, 0x0000000718900000)
  object space 301568K, 12% used [0x00000005c9a00000,0x00000005cbe44440,0x00000005dc080000)
 Metaspace       used 57976K, capacity 58828K, committed 58968K, reserved 1099776K
  class space    used 7564K, capacity 7772K, committed 7808K, reserved 1048576K
Event: 29,166 GC heap after
Heap after GC invocations=12 (full 3):
 PSYoungGen      total 610816K, used 0K [0x0000000718900000, 0x0000000746900000, 0x00000007c0000000)
  eden space 588288K, 0% used [0x0000000718900000,0x0000000718900000,0x000000073c780000)
  from space 22528K, 0% used [0x000000073c780000,0x000000073c780000,0x000000073dd80000)
  to   space 29184K, 0% used [0x0000000744c80000,0x0000000744c80000,0x0000000746900000)
 ParOldGen       total 430592K, used 49526K [0x00000005c9a00000, 0x00000005e3e80000, 0x0000000718900000)
  object space 430592K, 11% used [0x00000005c9a00000,0x00000005cca5d930,0x00000005e3e80000)
 Metaspace       used 57976K, capacity 58828K, committed 58968K, reserved 1099776K
  class space    used 7564K, capacity 7772K, committed 7808K, reserved 1048576K
}
Event: 32,097 GC heap before
{Heap before GC invocations=13 (full 3):
 PSYoungGen      total 610816K, used 588288K [0x0000000718900000, 0x0000000746900000, 0x00000007c0000000)
  eden space 588288K, 100% used [0x0000000718900000,0x000000073c780000,0x000000073c780000)
  from space 22528K, 0% used [0x000000073c780000,0x000000073c780000,0x000000073dd80000)
  to   space 29184K, 0% used [0x0000000744c80000,0x0000000744c80000,0x0000000746900000)
 ParOldGen       total 430592K, used 49526K [0x00000005c9a00000, 0x00000005e3e80000, 0x0000000718900000)
  object space 430592K, 11% used [0x00000005c9a00000,0x00000005cca5d930,0x00000005e3e80000)
 Metaspace       used 68750K, capacity 69744K, committed 69976K, reserved 1110016K
  class space    used 9096K, capacity 9322K, committed 9344K, reserved 1048576K
Event: 32,128 GC heap after
Heap after GC invocations=13 (full 3):
 PSYoungGen      total 725504K, used 15403K [0x0000000718900000, 0x0000000747b00000, 0x00000007c0000000)
  eden space 696320K, 0% used [0x0000000718900000,0x0000000718900000,0x0000000743100000)
  from space 29184K, 52% used [0x0000000744c80000,0x0000000745b8afe0,0x0000000746900000)
  to   space 28160K, 0% used [0x0000000743100000,0x0000000743100000,0x0000000744c80000)
 ParOldGen       total 430592K, used 49534K [0x00000005c9a00000, 0x00000005e3e80000, 0x0000000718900000)
  object space 430592K, 11% used [0x00000005c9a00000,0x00000005cca5f930,0x00000005e3e80000)
 Metaspace       used 68750K, capacity 69744K, committed 69976K, reserved 1110016K
  class space    used 9096K, capacity 9322K, committed 9344K, reserved 1048576K
}
Event: 74,230 GC heap before
{Heap before GC invocations=14 (full 3):
 PSYoungGen      total 725504K, used 711723K [0x0000000718900000, 0x0000000747b00000, 0x00000007c0000000)
  eden space 696320K, 100% used [0x0000000718900000,0x0000000743100000,0x0000000743100000)
  from space 29184K, 52% used [0x0000000744c80000,0x0000000745b8afe0,0x0000000746900000)
  to   space 28160K, 0% used [0x0000000743100000,0x0000000743100000,0x0000000744c80000)
 ParOldGen       total 430592K, used 49534K [0x00000005c9a00000, 0x00000005e3e80000, 0x0000000718900000)
  object space 430592K, 11% used [0x00000005c9a00000,0x00000005cca5f930,0x00000005e3e80000)
 Metaspace       used 84973K, capacity 86362K, committed 86616K, reserved 1124352K
  class space    used 11224K, capacity 11544K, committed 11648K, reserved 1048576K
Event: 74,290 GC heap after
Heap after GC invocations=14 (full 3):
 PSYoungGen      total 724480K, used 28143K [0x0000000718900000, 0x000000074f980000, 0x00000007c0000000)
  eden space 696320K, 0% used [0x0000000718900000,0x0000000718900000,0x0000000743100000)
  from space 28160K, 99% used [0x0000000743100000,0x0000000744c7bd98,0x0000000744c80000)
  to   space 38912K, 0% used [0x000000074d380000,0x000000074d380000,0x000000074f980000)
 ParOldGen       total 430592K, used 70942K [0x00000005c9a00000, 0x00000005e3e80000, 0x0000000718900000)
  object space 430592K, 16% used [0x00000005c9a00000,0x00000005cdf47b70,0x00000005e3e80000)
 Metaspace       used 84973K, capacity 86362K, committed 86616K, reserved 1124352K
  class space    used 11224K, capacity 11544K, committed 11648K, reserved 1048576K
}

